<html>
<head>
<title>TestNG:  Default test</title>
<link href="../testng.css" rel="stylesheet" type="text/css" />
<link href="../my-testng.css" rel="stylesheet" type="text/css" />

<style type="text/css">
.log { display: none;} 
.stack-trace { display: none;} 
</style>
<script type="text/javascript">
<!--
function flip(e) {
  current = e.style.display;
  if (current == 'block') {
    e.style.display = 'none';
    return 0;
  }
  else {
    e.style.display = 'block';
    return 1;
  }
}

function toggleBox(szDivId, elem, msg1, msg2)
{
  var res = -1;  if (document.getElementById) {
    res = flip(document.getElementById(szDivId));
  }
  else if (document.all) {
    // this is the way old msie versions work
    res = flip(document.all[szDivId]);
  }
  if(elem) {
    if(res == 0) elem.innerHTML = msg1; else elem.innerHTML = msg2;
  }

}

function toggleAllBoxes() {
  if (document.getElementsByTagName) {
    d = document.getElementsByTagName('div');
    for (i = 0; i < d.length; i++) {
      if (d[i].className == 'log') {
        flip(d[i]);
      }
    }
  }
}

// -->
</script>

</head>
<body>
<h2 align='center'>Default test</h2><table border='1' align="center">
<tr>
<td>Tests passed/Failed/Skipped:</td><td>64/0/4</td>
</tr><tr>
<td>Started on:</td><td>Sat Jul 25 15:21:33 IST 2020</td>
</tr>
<tr><td>Total time:</td><td>1184 seconds (1184059 ms)</td>
</tr><tr>
<td>Included groups:</td><td></td>
</tr><tr>
<td>Excluded groups:</td><td></td>
</tr>
</table><p/>
<small><i>(Hover the method name to see the test class name)</i></small><p/>
<table width='100%' border='1' class='invocation-failed'>
<tr><td colspan='4' align='center'><b>FAILED CONFIGURATIONS</b></td></tr>
<tr><td><b>Test method</b></td>
<td width="30%"><b>Exception</b></td>
<td width="10%"><b>Time (seconds)</b></td>
<td><b>Instance</b></td>
</tr>
<tr>
<td title='com.quickmove.qa.testcases.VarifyaccountingtypeaddTest.setup()'><b>setup</b><br>Test class: com.quickmove.qa.testcases.VarifyaccountingtypeaddTest</td>
<td><div><pre>org.openqa.selenium.NoSuchElementException: no such element: Unable to locate element: {&quot;method&quot;:&quot;xpath&quot;,&quot;selector&quot;:&quot;//a[@id=&apos;12&apos;]&quot;}
  (Session info: chrome=84.0.4147.89)
For documentation on this error, please visit: https://www.seleniumhq.org/exceptions/no_such_element.html
Build info: version: &apos;3.141.59&apos;, revision: &apos;e82be7d358&apos;, time: &apos;2018-11-14T08:17:03&apos;
System info: host: &apos;DESKTOP-2PTS3ET&apos;, ip: &apos;192.168.0.102&apos;, os.name: &apos;Windows 10&apos;, os.arch: &apos;amd64&apos;, os.version: &apos;10.0&apos;, java.version: &apos;1.8.0_251&apos;
Driver info: org.openqa.selenium.chrome.ChromeDriver
Capabilities {acceptInsecureCerts: false, browserName: chrome, browserVersion: 84.0.4147.89, chrome: {chromedriverVersion: 83.0.4103.39 (ccbf011cb2d2b..., userDataDir: C:\Users\MYPC\AppData\Local...}, goog:chromeOptions: {debuggerAddress: localhost:60874}, javascriptEnabled: true, networkConnectionEnabled: false, pageLoadStrategy: normal, platform: WINDOWS, platformName: WINDOWS, proxy: Proxy(), setWindowRect: true, strictFileInteractability: false, timeouts: {implicit: 0, pageLoad: 300000, script: 30000}, unhandledPromptBehavior: dismiss and notify, webauthn:virtualAuthenticators: true}
Session ID: 3d480cd93b2b0be4e747e446e1b8ac5f
*** Element info: {Using=xpath, value=//a[@id=&apos;12&apos;]}
	at sun.reflect.NativeConstructorAccessorImpl.newInstance0(Native Method)
	at sun.reflect.NativeConstructorAccessorImpl.newInstance(NativeConstructorAccessorImpl.java:62)
	at sun.reflect.DelegatingConstructorAccessorImpl.newInstance(DelegatingConstructorAccessorImpl.java:45)
	at java.lang.reflect.Constructor.newInstance(Constructor.java:423)
	at org.openqa.selenium.remote.http.W3CHttpResponseCodec.createException(W3CHttpResponseCodec.java:187)
	at org.openqa.selenium.remote.http.W3CHttpResponseCodec.decode(W3CHttpResponseCodec.java:122)
	at org.openqa.selenium.remote.http.W3CHttpResponseCodec.decode(W3CHttpResponseCodec.java:49)
	at org.openqa.selenium.remote.HttpCommandExecutor.execute(HttpCommandExecutor.java:158)
	at org.openqa.selenium.remote.service.DriverCommandExecutor.execute(DriverCommandExecutor.java:83)
	at org.openqa.selenium.remote.RemoteWebDriver.execute(RemoteWebDriver.java:552)
	at org.openqa.selenium.remote.RemoteWebDriver.findElement(RemoteWebDriver.java:323)
	at org.openqa.selenium.remote.RemoteWebDriver.findElementByXPath(RemoteWebDriver.java:428)
	at org.openqa.selenium.By$ByXPath.findElement(By.java:353)
	at org.openqa.selenium.remote.RemoteWebDriver.findElement(RemoteWebDriver.java:315)
	at org.openqa.selenium.support.pagefactory.DefaultElementLocator.findElement(DefaultElementLocator.java:69)
	at org.openqa.selenium.support.pagefactory.internal.LocatingElementHandler.invoke(LocatingElementHandler.java:38)
	at com.sun.proxy.$Proxy10.click(Unknown Source)
	at com.quickmove.qa.pages.HomePage.clickonAccountModuleLink(HomePage.java:47)
	at com.quickmove.qa.testcases.VarifyaccountingtypeaddTest.setup(VarifyaccountingtypeaddTest.java:47)
	at sun.reflect.GeneratedMethodAccessor3.invoke(Unknown Source)
	at sun.reflect.DelegatingMethodAccessorImpl.invoke(DelegatingMethodAccessorImpl.java:43)
	at java.lang.reflect.Method.invoke(Method.java:498)
	at org.testng.internal.MethodInvocationHelper.invokeMethod(MethodInvocationHelper.java:135)
	at org.testng.internal.MethodInvocationHelper.invokeMethodConsideringTimeout(MethodInvocationHelper.java:64)
	at org.testng.internal.ConfigInvoker.invokeConfigurationMethod(ConfigInvoker.java:364)
	at org.testng.internal.ConfigInvoker.invokeConfigurations(ConfigInvoker.java:318)
	at org.testng.internal.TestInvoker.runConfigMethods(TestInvoker.java:700)
	at org.testng.internal.TestInvoker.invokeMethod(TestInvoker.java:527)
	at org.testng.internal.TestInvoker.invokeTestMethod(TestInvoker.java:174)
	at org.testng.internal.MethodRunner.runInSequence(MethodRunner.java:46)
	at org.testng.internal.TestInvoker$MethodInvocationAgent.invoke(TestInvoker.java:821)
	at org.testng.internal.TestInvoker.invokeTestMethods(TestInvoker.java:147)
	at org.testng.internal.TestMethodWorker.invokeTestMethods(TestMethodWorker.java:146)
	at org.testng.internal.TestMethodWorker.run(TestMethodWorker.java:128)
	at java.util.ArrayList.forEach(ArrayList.java:1257)
	at org.testng.TestRunner.privateRun(TestRunner.java:767)
	at org.testng.TestRunner.run(TestRunner.java:588)
	at org.testng.SuiteRunner.runTest(SuiteRunner.java:384)
	at org.testng.SuiteRunner.runSequentially(SuiteRunner.java:378)
	at org.testng.SuiteRunner.privateRun(SuiteRunner.java:337)
	at org.testng.SuiteRunner.run(SuiteRunner.java:286)
	at org.testng.SuiteRunnerWorker.runSuite(SuiteRunnerWorker.java:53)
	at org.testng.SuiteRunnerWorker.run(SuiteRunnerWorker.java:96)
	at org.testng.TestNG.runSuitesSequentially(TestNG.java:1214)
	at org.testng.TestNG.runSuitesLocally(TestNG.java:1136)
	at org.testng.TestNG.runSuites(TestNG.java:1066)
	at org.testng.TestNG.run(TestNG.java:1034)
	at org.testng.remote.AbstractRemoteTestNG.run(AbstractRemoteTestNG.java:115)
	at org.testng.remote.RemoteTestNG.initAndRun(RemoteTestNG.java:251)
	at org.testng.remote.RemoteTestNG.main(RemoteTestNG.java:77)
</pre></div><a href='#' onClick='toggleBox("stack-trace921968176", this, "Click to show all stack frames", "Click to hide stack frames")'>Click to show all stack frames</a>
<div class='stack-trace' id='stack-trace921968176'><pre>org.openqa.selenium.NoSuchElementException: no such element: Unable to locate element: {&quot;method&quot;:&quot;xpath&quot;,&quot;selector&quot;:&quot;//a[@id=&apos;12&apos;]&quot;}
  (Session info: chrome=84.0.4147.89)
For documentation on this error, please visit: https://www.seleniumhq.org/exceptions/no_such_element.html
Build info: version: &apos;3.141.59&apos;, revision: &apos;e82be7d358&apos;, time: &apos;2018-11-14T08:17:03&apos;
System info: host: &apos;DESKTOP-2PTS3ET&apos;, ip: &apos;192.168.0.102&apos;, os.name: &apos;Windows 10&apos;, os.arch: &apos;amd64&apos;, os.version: &apos;10.0&apos;, java.version: &apos;1.8.0_251&apos;
Driver info: org.openqa.selenium.chrome.ChromeDriver
Capabilities {acceptInsecureCerts: false, browserName: chrome, browserVersion: 84.0.4147.89, chrome: {chromedriverVersion: 83.0.4103.39 (ccbf011cb2d2b..., userDataDir: C:\Users\MYPC\AppData\Local...}, goog:chromeOptions: {debuggerAddress: localhost:60874}, javascriptEnabled: true, networkConnectionEnabled: false, pageLoadStrategy: normal, platform: WINDOWS, platformName: WINDOWS, proxy: Proxy(), setWindowRect: true, strictFileInteractability: false, timeouts: {implicit: 0, pageLoad: 300000, script: 30000}, unhandledPromptBehavior: dismiss and notify, webauthn:virtualAuthenticators: true}
Session ID: 3d480cd93b2b0be4e747e446e1b8ac5f
*** Element info: {Using=xpath, value=//a[@id=&apos;12&apos;]}
	at sun.reflect.NativeConstructorAccessorImpl.newInstance0(Native Method)
	at sun.reflect.NativeConstructorAccessorImpl.newInstance(NativeConstructorAccessorImpl.java:62)
	at sun.reflect.DelegatingConstructorAccessorImpl.newInstance(DelegatingConstructorAccessorImpl.java:45)
	at java.lang.reflect.Constructor.newInstance(Constructor.java:423)
	at org.openqa.selenium.remote.http.W3CHttpResponseCodec.createException(W3CHttpResponseCodec.java:187)
	at org.openqa.selenium.remote.http.W3CHttpResponseCodec.decode(W3CHttpResponseCodec.java:122)
	at org.openqa.selenium.remote.http.W3CHttpResponseCodec.decode(W3CHttpResponseCodec.java:49)
	at org.openqa.selenium.remote.HttpCommandExecutor.execute(HttpCommandExecutor.java:158)
	at org.openqa.selenium.remote.service.DriverCommandExecutor.execute(DriverCommandExecutor.java:83)
	at org.openqa.selenium.remote.RemoteWebDriver.execute(RemoteWebDriver.java:552)
	at org.openqa.selenium.remote.RemoteWebDriver.findElement(RemoteWebDriver.java:323)
	at org.openqa.selenium.remote.RemoteWebDriver.findElementByXPath(RemoteWebDriver.java:428)
	at org.openqa.selenium.By$ByXPath.findElement(By.java:353)
	at org.openqa.selenium.remote.RemoteWebDriver.findElement(RemoteWebDriver.java:315)
	at org.openqa.selenium.support.pagefactory.DefaultElementLocator.findElement(DefaultElementLocator.java:69)
	at org.openqa.selenium.support.pagefactory.internal.LocatingElementHandler.invoke(LocatingElementHandler.java:38)
	at com.sun.proxy.$Proxy10.click(Unknown Source)
	at com.quickmove.qa.pages.HomePage.clickonAccountModuleLink(HomePage.java:47)
	at com.quickmove.qa.testcases.VarifyaccountingtypeaddTest.setup(VarifyaccountingtypeaddTest.java:47)
	at sun.reflect.GeneratedMethodAccessor3.invoke(Unknown Source)
	at sun.reflect.DelegatingMethodAccessorImpl.invoke(DelegatingMethodAccessorImpl.java:43)
	at java.lang.reflect.Method.invoke(Method.java:498)
	at org.testng.internal.MethodInvocationHelper.invokeMethod(MethodInvocationHelper.java:135)
	at org.testng.internal.MethodInvocationHelper.invokeMethodConsideringTimeout(MethodInvocationHelper.java:64)
	at org.testng.internal.ConfigInvoker.invokeConfigurationMethod(ConfigInvoker.java:364)
	at org.testng.internal.ConfigInvoker.invokeConfigurations(ConfigInvoker.java:318)
	at org.testng.internal.TestInvoker.runConfigMethods(TestInvoker.java:700)
	at org.testng.internal.TestInvoker.invokeMethod(TestInvoker.java:527)
	at org.testng.internal.TestInvoker.invokeTestMethod(TestInvoker.java:174)
	at org.testng.internal.MethodRunner.runInSequence(MethodRunner.java:46)
	at org.testng.internal.TestInvoker$MethodInvocationAgent.invoke(TestInvoker.java:821)
	at org.testng.internal.TestInvoker.invokeTestMethods(TestInvoker.java:147)
	at org.testng.internal.TestMethodWorker.invokeTestMethods(TestMethodWorker.java:146)
	at org.testng.internal.TestMethodWorker.run(TestMethodWorker.java:128)
	at java.util.ArrayList.forEach(ArrayList.java:1257)
	at org.testng.TestRunner.privateRun(TestRunner.java:767)
	at org.testng.TestRunner.run(TestRunner.java:588)
	at org.testng.SuiteRunner.runTest(SuiteRunner.java:384)
	at org.testng.SuiteRunner.runSequentially(SuiteRunner.java:378)
	at org.testng.SuiteRunner.privateRun(SuiteRunner.java:337)
	at org.testng.SuiteRunner.run(SuiteRunner.java:286)
	at org.testng.SuiteRunnerWorker.runSuite(SuiteRunnerWorker.java:53)
	at org.testng.SuiteRunnerWorker.run(SuiteRunnerWorker.java:96)
	at org.testng.TestNG.runSuitesSequentially(TestNG.java:1214)
	at org.testng.TestNG.runSuitesLocally(TestNG.java:1136)
	at org.testng.TestNG.runSuites(TestNG.java:1066)
	at org.testng.TestNG.run(TestNG.java:1034)
	at org.testng.remote.AbstractRemoteTestNG.run(AbstractRemoteTestNG.java:115)
	at org.testng.remote.RemoteTestNG.initAndRun(RemoteTestNG.java:251)
	at org.testng.remote.RemoteTestNG.main(RemoteTestNG.java:77)
</pre></div></td>
<td>19</td>
<td>com.quickmove.qa.testcases.VarifyaccountingtypeaddTest@53f65459</td></tr>
</table><p>
<table width='100%' border='1' class='invocation-skipped'>
<tr><td colspan='4' align='center'><b>SKIPPED CONFIGURATIONS</b></td></tr>
<tr><td><b>Test method</b></td>
<td width="30%"><b>Exception</b></td>
<td width="10%"><b>Time (seconds)</b></td>
<td><b>Instance</b></td>
</tr>
<tr>
<td title='com.quickmove.qa.testcases.VarifyaccountingtypeaddTest.setup()'><b>setup</b><br>Test class: com.quickmove.qa.testcases.VarifyaccountingtypeaddTest</td>
<td></td>
<td>-1595671877</td>
<td>com.quickmove.qa.testcases.VarifyaccountingtypeaddTest@53f65459</td></tr>
<tr>
<td title='com.quickmove.qa.testcases.VarifyaccountingtypeaddTest.setup()'><b>setup</b><br>Test class: com.quickmove.qa.testcases.VarifyaccountingtypeaddTest</td>
<td></td>
<td>-1595671877</td>
<td>com.quickmove.qa.testcases.VarifyaccountingtypeaddTest@53f65459</td></tr>
<tr>
<td title='com.quickmove.qa.testcases.VarifyaccountingtypeaddTest.setup()'><b>setup</b><br>Test class: com.quickmove.qa.testcases.VarifyaccountingtypeaddTest</td>
<td></td>
<td>-1595671877</td>
<td>com.quickmove.qa.testcases.VarifyaccountingtypeaddTest@53f65459</td></tr>
<tr>
<td title='com.quickmove.qa.testcases.VarifyaccountingtypeaddTest.Teardown()'><b>Teardown</b><br>Test class: com.quickmove.qa.testcases.VarifyaccountingtypeaddTest</td>
<td></td>
<td>-1595671877</td>
<td>com.quickmove.qa.testcases.VarifyaccountingtypeaddTest@53f65459</td></tr>
<tr>
<td title='com.quickmove.qa.testcases.VarifyaccountingtypeaddTest.Teardown()'><b>Teardown</b><br>Test class: com.quickmove.qa.testcases.VarifyaccountingtypeaddTest</td>
<td></td>
<td>-1595671877</td>
<td>com.quickmove.qa.testcases.VarifyaccountingtypeaddTest@53f65459</td></tr>
<tr>
<td title='com.quickmove.qa.testcases.VarifyaccountingtypeaddTest.Teardown()'><b>Teardown</b><br>Test class: com.quickmove.qa.testcases.VarifyaccountingtypeaddTest</td>
<td></td>
<td>-1595671877</td>
<td>com.quickmove.qa.testcases.VarifyaccountingtypeaddTest@53f65459</td></tr>
<tr>
<td title='com.quickmove.qa.testcases.VarifyaccountingtypeaddTest.Teardown()'><b>Teardown</b><br>Test class: com.quickmove.qa.testcases.VarifyaccountingtypeaddTest</td>
<td></td>
<td>-1595671877</td>
<td>com.quickmove.qa.testcases.VarifyaccountingtypeaddTest@53f65459</td></tr>
</table><p>
<table width='100%' border='1' class='invocation-passed'>
<tr><td colspan='4' align='center'><b>PASSED TESTS</b></td></tr>
<tr><td><b>Test method</b></td>
<td width="30%"><b>Exception</b></td>
<td width="10%"><b>Time (seconds)</b></td>
<td><b>Instance</b></td>
</tr>
<tr>
<td title='com.quickmove.qa.testcases.VarifyaccountingtypeaddTest.VerifyAccountconfigurationExpense()'><b>VerifyAccountconfigurationExpense</b><br>Test class: com.quickmove.qa.testcases.VarifyaccountingtypeaddTest<br>Parameters: Destination Agent Charges - Export (Expense)</td>
<td></td>
<td>2</td>
<td>com.quickmove.qa.testcases.VarifyaccountingtypeaddTest@53f65459</td></tr>
<tr>
<td title='com.quickmove.qa.testcases.VarifyaccountingtypeaddTest.VerifyAccountconfigurationExpense()'><b>VerifyAccountconfigurationExpense</b><br>Test class: com.quickmove.qa.testcases.VarifyaccountingtypeaddTest<br>Parameters: Shipping Charges / Ocean Freights -  Export(Expense)</td>
<td></td>
<td>2</td>
<td>com.quickmove.qa.testcases.VarifyaccountingtypeaddTest@53f65459</td></tr>
<tr>
<td title='com.quickmove.qa.testcases.VarifyaccountingtypeaddTest.VerifyAccountconfigurationExpense()'><b>VerifyAccountconfigurationExpense</b><br>Test class: com.quickmove.qa.testcases.VarifyaccountingtypeaddTest<br>Parameters: Packing Material- Export (Expense)</td>
<td></td>
<td>2</td>
<td>com.quickmove.qa.testcases.VarifyaccountingtypeaddTest@53f65459</td></tr>
<tr>
<td title='com.quickmove.qa.testcases.VarifyaccountingtypeaddTest.VerifyAccountconfigurationExpense()'><b>VerifyAccountconfigurationExpense</b><br>Test class: com.quickmove.qa.testcases.VarifyaccountingtypeaddTest<br>Parameters: Labor Charges - Export(Expense)</td>
<td></td>
<td>2</td>
<td>com.quickmove.qa.testcases.VarifyaccountingtypeaddTest@53f65459</td></tr>
<tr>
<td title='com.quickmove.qa.testcases.VarifyaccountingtypeaddTest.VerifyAccountconfigurationExpense()'><b>VerifyAccountconfigurationExpense</b><br>Test class: com.quickmove.qa.testcases.VarifyaccountingtypeaddTest<br>Parameters: Transportation Charges- Export (Expense)</td>
<td></td>
<td>2</td>
<td>com.quickmove.qa.testcases.VarifyaccountingtypeaddTest@53f65459</td></tr>
<tr>
<td title='com.quickmove.qa.testcases.VarifyaccountingtypeaddTest.VerifyAccountconfigurationExpense()'><b>VerifyAccountconfigurationExpense</b><br>Test class: com.quickmove.qa.testcases.VarifyaccountingtypeaddTest<br>Parameters: Loading / Unloading Charges- Export (Expense)</td>
<td></td>
<td>3</td>
<td>com.quickmove.qa.testcases.VarifyaccountingtypeaddTest@53f65459</td></tr>
<tr>
<td title='com.quickmove.qa.testcases.VarifyaccountingtypeaddTest.VerifyAccountconfigurationExpense()'><b>VerifyAccountconfigurationExpense</b><br>Test class: com.quickmove.qa.testcases.VarifyaccountingtypeaddTest<br>Parameters: Car Lashing - Export(Expense)</td>
<td></td>
<td>2</td>
<td>com.quickmove.qa.testcases.VarifyaccountingtypeaddTest@53f65459</td></tr>
<tr>
<td title='com.quickmove.qa.testcases.VarifyaccountingtypeaddTest.VerifyAccountconfigurationExpense()'><b>VerifyAccountconfigurationExpense</b><br>Test class: com.quickmove.qa.testcases.VarifyaccountingtypeaddTest<br>Parameters: Crating- Export (Expense)</td>
<td></td>
<td>2</td>
<td>com.quickmove.qa.testcases.VarifyaccountingtypeaddTest@53f65459</td></tr>
<tr>
<td title='com.quickmove.qa.testcases.VarifyaccountingtypeaddTest.VerifyAccountconfigurationExpense()'><b>VerifyAccountconfigurationExpense</b><br>Test class: com.quickmove.qa.testcases.VarifyaccountingtypeaddTest<br>Parameters: DTHC- Export (Expense)</td>
<td></td>
<td>2</td>
<td>com.quickmove.qa.testcases.VarifyaccountingtypeaddTest@53f65459</td></tr>
<tr>
<td title='com.quickmove.qa.testcases.VarifyaccountingtypeaddTest.VerifyAccountconfigurationExpense()'><b>VerifyAccountconfigurationExpense</b><br>Test class: com.quickmove.qa.testcases.VarifyaccountingtypeaddTest<br>Parameters: B/L Fees - Export(Expense)</td>
<td></td>
<td>3</td>
<td>com.quickmove.qa.testcases.VarifyaccountingtypeaddTest@53f65459</td></tr>
<tr>
<td title='com.quickmove.qa.testcases.VarifyaccountingtypeaddTest.VerifyAccountconfigurationExpense()'><b>VerifyAccountconfigurationExpense</b><br>Test class: com.quickmove.qa.testcases.VarifyaccountingtypeaddTest<br>Parameters: Seal Charges- Export (Expense)</td>
<td></td>
<td>3</td>
<td>com.quickmove.qa.testcases.VarifyaccountingtypeaddTest@53f65459</td></tr>
<tr>
<td title='com.quickmove.qa.testcases.VarifyaccountingtypeaddTest.VerifyAccountconfigurationExpense()'><b>VerifyAccountconfigurationExpense</b><br>Test class: com.quickmove.qa.testcases.VarifyaccountingtypeaddTest<br>Parameters: ED Charges- Export (Expense)</td>
<td></td>
<td>2</td>
<td>com.quickmove.qa.testcases.VarifyaccountingtypeaddTest@53f65459</td></tr>
<tr>
<td title='com.quickmove.qa.testcases.VarifyaccountingtypeaddTest.VerifyAccountconfigurationExpense()'><b>VerifyAccountconfigurationExpense</b><br>Test class: com.quickmove.qa.testcases.VarifyaccountingtypeaddTest<br>Parameters: D/O Fees - Export(Expense)</td>
<td></td>
<td>2</td>
<td>com.quickmove.qa.testcases.VarifyaccountingtypeaddTest@53f65459</td></tr>
<tr>
<td title='com.quickmove.qa.testcases.VarifyaccountingtypeaddTest.VerifyAccountconfigurationExpense()'><b>VerifyAccountconfigurationExpense</b><br>Test class: com.quickmove.qa.testcases.VarifyaccountingtypeaddTest<br>Parameters: Local Agent Charges-Export(Expense)</td>
<td></td>
<td>3</td>
<td>com.quickmove.qa.testcases.VarifyaccountingtypeaddTest@53f65459</td></tr>
<tr>
<td title='com.quickmove.qa.testcases.VarifyaccountingtypeaddTest.VerifyAccountconfigurationExpense()'><b>VerifyAccountconfigurationExpense</b><br>Test class: com.quickmove.qa.testcases.VarifyaccountingtypeaddTest<br>Parameters: Transportation of Container- Export (Expense)</td>
<td></td>
<td>2</td>
<td>com.quickmove.qa.testcases.VarifyaccountingtypeaddTest@53f65459</td></tr>
<tr>
<td title='com.quickmove.qa.testcases.VarifyaccountingtypeaddTest.VerifyAccountconfigurationExpense()'><b>VerifyAccountconfigurationExpense</b><br>Test class: com.quickmove.qa.testcases.VarifyaccountingtypeaddTest<br>Parameters: Token / VGM Charges- Export (Expense)</td>
<td></td>
<td>2</td>
<td>com.quickmove.qa.testcases.VarifyaccountingtypeaddTest@53f65459</td></tr>
<tr>
<td title='com.quickmove.qa.testcases.VarifyaccountingtypeaddTest.VerifyAccountconfigurationExpense()'><b>VerifyAccountconfigurationExpense</b><br>Test class: com.quickmove.qa.testcases.VarifyaccountingtypeaddTest<br>Parameters: Miscellaneous Charges-Export (Expense)</td>
<td></td>
<td>2</td>
<td>com.quickmove.qa.testcases.VarifyaccountingtypeaddTest@53f65459</td></tr>
<tr>
<td title='com.quickmove.qa.testcases.VarifyaccountingtypeaddTest.VerifyAccountconfigurationExpense()'><b>VerifyAccountconfigurationExpense</b><br>Test class: com.quickmove.qa.testcases.VarifyaccountingtypeaddTest<br>Parameters: Border Charges - Export (Expense)</td>
<td></td>
<td>2</td>
<td>com.quickmove.qa.testcases.VarifyaccountingtypeaddTest@53f65459</td></tr>
<tr>
<td title='com.quickmove.qa.testcases.VarifyaccountingtypeaddTest.VerifyAccountconfigurationExpense()'><b>VerifyAccountconfigurationExpense</b><br>Test class: com.quickmove.qa.testcases.VarifyaccountingtypeaddTest<br>Parameters: Airline Charges-Export (Expense)</td>
<td></td>
<td>2</td>
<td>com.quickmove.qa.testcases.VarifyaccountingtypeaddTest@53f65459</td></tr>
<tr>
<td title='com.quickmove.qa.testcases.VarifyaccountingtypeaddTest.VerifyAccountconfigurationExpense()'><b>VerifyAccountconfigurationExpense</b><br>Test class: com.quickmove.qa.testcases.VarifyaccountingtypeaddTest<br>Parameters: Packing & Collection -Export (Expense)</td>
<td></td>
<td>2</td>
<td>com.quickmove.qa.testcases.VarifyaccountingtypeaddTest@53f65459</td></tr>
<tr>
<td title='com.quickmove.qa.testcases.VarifyaccountingtypeaddTest.VerifyAccountconfigurationExpense()'><b>VerifyAccountconfigurationExpense</b><br>Test class: com.quickmove.qa.testcases.VarifyaccountingtypeaddTest<br>Parameters: Uncrating- Import  (Expense)</td>
<td></td>
<td>2</td>
<td>com.quickmove.qa.testcases.VarifyaccountingtypeaddTest@53f65459</td></tr>
<tr>
<td title='com.quickmove.qa.testcases.VarifyaccountingtypeaddTest.VerifyAccountconfigurationExpense()'><b>VerifyAccountconfigurationExpense</b><br>Test class: com.quickmove.qa.testcases.VarifyaccountingtypeaddTest<br>Parameters: Labor Charges- Import (Expense)</td>
<td></td>
<td>2</td>
<td>com.quickmove.qa.testcases.VarifyaccountingtypeaddTest@53f65459</td></tr>
<tr>
<td title='com.quickmove.qa.testcases.VarifyaccountingtypeaddTest.VerifyAccountconfigurationExpense()'><b>VerifyAccountconfigurationExpense</b><br>Test class: com.quickmove.qa.testcases.VarifyaccountingtypeaddTest<br>Parameters: Transportation Charges-Import (Expense)</td>
<td></td>
<td>2</td>
<td>com.quickmove.qa.testcases.VarifyaccountingtypeaddTest@53f65459</td></tr>
<tr>
<td title='com.quickmove.qa.testcases.VarifyaccountingtypeaddTest.VerifyAccountconfigurationExpense()'><b>VerifyAccountconfigurationExpense</b><br>Test class: com.quickmove.qa.testcases.VarifyaccountingtypeaddTest<br>Parameters: Loading / Unloading Charges- Import (Expense)</td>
<td></td>
<td>2</td>
<td>com.quickmove.qa.testcases.VarifyaccountingtypeaddTest@53f65459</td></tr>
<tr>
<td title='com.quickmove.qa.testcases.VarifyaccountingtypeaddTest.VerifyAccountconfigurationExpense()'><b>VerifyAccountconfigurationExpense</b><br>Test class: com.quickmove.qa.testcases.VarifyaccountingtypeaddTest<br>Parameters: THC- Import (Expense)</td>
<td></td>
<td>2</td>
<td>com.quickmove.qa.testcases.VarifyaccountingtypeaddTest@53f65459</td></tr>
<tr>
<td title='com.quickmove.qa.testcases.VarifyaccountingtypeaddTest.VerifyAccountconfigurationExpense()'><b>VerifyAccountconfigurationExpense</b><br>Test class: com.quickmove.qa.testcases.VarifyaccountingtypeaddTest<br>Parameters:  D/O Fees - Import (Expense)</td>
<td></td>
<td>2</td>
<td>com.quickmove.qa.testcases.VarifyaccountingtypeaddTest@53f65459</td></tr>
<tr>
<td title='com.quickmove.qa.testcases.VarifyaccountingtypeaddTest.VerifyAccountconfigurationExpense()'><b>VerifyAccountconfigurationExpense</b><br>Test class: com.quickmove.qa.testcases.VarifyaccountingtypeaddTest<br>Parameters: B/L Fees - Import (Expense)</td>
<td></td>
<td>3</td>
<td>com.quickmove.qa.testcases.VarifyaccountingtypeaddTest@53f65459</td></tr>
<tr>
<td title='com.quickmove.qa.testcases.VarifyaccountingtypeaddTest.VerifyAccountconfigurationExpense()'><b>VerifyAccountconfigurationExpense</b><br>Test class: com.quickmove.qa.testcases.VarifyaccountingtypeaddTest<br>Parameters: ED Charges - Import (Expense)</td>
<td></td>
<td>3</td>
<td>com.quickmove.qa.testcases.VarifyaccountingtypeaddTest@53f65459</td></tr>
<tr>
<td title='com.quickmove.qa.testcases.VarifyaccountingtypeaddTest.VerifyAccountconfigurationExpense()'><b>VerifyAccountconfigurationExpense</b><br>Test class: com.quickmove.qa.testcases.VarifyaccountingtypeaddTest<br>Parameters: Transportation of Container - Import(Expense)</td>
<td></td>
<td>2</td>
<td>com.quickmove.qa.testcases.VarifyaccountingtypeaddTest@53f65459</td></tr>
<tr>
<td title='com.quickmove.qa.testcases.VarifyaccountingtypeaddTest.VerifyAccountconfigurationExpense()'><b>VerifyAccountconfigurationExpense</b><br>Test class: com.quickmove.qa.testcases.VarifyaccountingtypeaddTest<br>Parameters: Token / VGM Charges-Import (Expense)</td>
<td></td>
<td>2</td>
<td>com.quickmove.qa.testcases.VarifyaccountingtypeaddTest@53f65459</td></tr>
<tr>
<td title='com.quickmove.qa.testcases.VarifyaccountingtypeaddTest.VerifyAccountconfigurationIncome()'><b>VerifyAccountconfigurationIncome</b><br>Test class: com.quickmove.qa.testcases.VarifyaccountingtypeaddTest<br>Parameters: Destination Agent Charges - Export (Income)</td>
<td></td>
<td>2</td>
<td>com.quickmove.qa.testcases.VarifyaccountingtypeaddTest@53f65459</td></tr>
<tr>
<td title='com.quickmove.qa.testcases.VarifyaccountingtypeaddTest.VerifyAccountconfigurationIncome()'><b>VerifyAccountconfigurationIncome</b><br>Test class: com.quickmove.qa.testcases.VarifyaccountingtypeaddTest<br>Parameters: Shipping Charges / Ocean Freights -  Export(Income)</td>
<td></td>
<td>3</td>
<td>com.quickmove.qa.testcases.VarifyaccountingtypeaddTest@53f65459</td></tr>
<tr>
<td title='com.quickmove.qa.testcases.VarifyaccountingtypeaddTest.VerifyAccountconfigurationIncome()'><b>VerifyAccountconfigurationIncome</b><br>Test class: com.quickmove.qa.testcases.VarifyaccountingtypeaddTest<br>Parameters: Packing Material- Export (Income)</td>
<td></td>
<td>2</td>
<td>com.quickmove.qa.testcases.VarifyaccountingtypeaddTest@53f65459</td></tr>
<tr>
<td title='com.quickmove.qa.testcases.VarifyaccountingtypeaddTest.VerifyAccountconfigurationIncome()'><b>VerifyAccountconfigurationIncome</b><br>Test class: com.quickmove.qa.testcases.VarifyaccountingtypeaddTest<br>Parameters: Labor Charges - Export(Income)</td>
<td></td>
<td>2</td>
<td>com.quickmove.qa.testcases.VarifyaccountingtypeaddTest@53f65459</td></tr>
<tr>
<td title='com.quickmove.qa.testcases.VarifyaccountingtypeaddTest.VerifyAccountconfigurationIncome()'><b>VerifyAccountconfigurationIncome</b><br>Test class: com.quickmove.qa.testcases.VarifyaccountingtypeaddTest<br>Parameters: Transportation Charges- Export (Income)</td>
<td></td>
<td>3</td>
<td>com.quickmove.qa.testcases.VarifyaccountingtypeaddTest@53f65459</td></tr>
<tr>
<td title='com.quickmove.qa.testcases.VarifyaccountingtypeaddTest.VerifyAccountconfigurationIncome()'><b>VerifyAccountconfigurationIncome</b><br>Test class: com.quickmove.qa.testcases.VarifyaccountingtypeaddTest<br>Parameters: Loading / Unloading Charges- Export (Income)</td>
<td></td>
<td>3</td>
<td>com.quickmove.qa.testcases.VarifyaccountingtypeaddTest@53f65459</td></tr>
<tr>
<td title='com.quickmove.qa.testcases.VarifyaccountingtypeaddTest.VerifyAccountconfigurationIncome()'><b>VerifyAccountconfigurationIncome</b><br>Test class: com.quickmove.qa.testcases.VarifyaccountingtypeaddTest<br>Parameters: Car Lashing - Export(Income)</td>
<td></td>
<td>2</td>
<td>com.quickmove.qa.testcases.VarifyaccountingtypeaddTest@53f65459</td></tr>
<tr>
<td title='com.quickmove.qa.testcases.VarifyaccountingtypeaddTest.VerifyAccountconfigurationIncome()'><b>VerifyAccountconfigurationIncome</b><br>Test class: com.quickmove.qa.testcases.VarifyaccountingtypeaddTest<br>Parameters: Crating- Export (Income)</td>
<td></td>
<td>2</td>
<td>com.quickmove.qa.testcases.VarifyaccountingtypeaddTest@53f65459</td></tr>
<tr>
<td title='com.quickmove.qa.testcases.VarifyaccountingtypeaddTest.VerifyAccountconfigurationIncome()'><b>VerifyAccountconfigurationIncome</b><br>Test class: com.quickmove.qa.testcases.VarifyaccountingtypeaddTest<br>Parameters: DTHC- Export (Income)</td>
<td></td>
<td>3</td>
<td>com.quickmove.qa.testcases.VarifyaccountingtypeaddTest@53f65459</td></tr>
<tr>
<td title='com.quickmove.qa.testcases.VarifyaccountingtypeaddTest.VerifyAccountconfigurationIncome()'><b>VerifyAccountconfigurationIncome</b><br>Test class: com.quickmove.qa.testcases.VarifyaccountingtypeaddTest<br>Parameters: B/L Fees - Export(Income)</td>
<td></td>
<td>2</td>
<td>com.quickmove.qa.testcases.VarifyaccountingtypeaddTest@53f65459</td></tr>
<tr>
<td title='com.quickmove.qa.testcases.VarifyaccountingtypeaddTest.VerifyAccountconfigurationIncome()'><b>VerifyAccountconfigurationIncome</b><br>Test class: com.quickmove.qa.testcases.VarifyaccountingtypeaddTest<br>Parameters: Seal Charges- Export (Income)</td>
<td></td>
<td>2</td>
<td>com.quickmove.qa.testcases.VarifyaccountingtypeaddTest@53f65459</td></tr>
<tr>
<td title='com.quickmove.qa.testcases.VarifyaccountingtypeaddTest.VerifyAccountconfigurationIncome()'><b>VerifyAccountconfigurationIncome</b><br>Test class: com.quickmove.qa.testcases.VarifyaccountingtypeaddTest<br>Parameters: ED Charges- Export (Income)</td>
<td></td>
<td>2</td>
<td>com.quickmove.qa.testcases.VarifyaccountingtypeaddTest@53f65459</td></tr>
<tr>
<td title='com.quickmove.qa.testcases.VarifyaccountingtypeaddTest.VerifyAccountconfigurationIncome()'><b>VerifyAccountconfigurationIncome</b><br>Test class: com.quickmove.qa.testcases.VarifyaccountingtypeaddTest<br>Parameters: D/O Fees - Export(Income)</td>
<td></td>
<td>2</td>
<td>com.quickmove.qa.testcases.VarifyaccountingtypeaddTest@53f65459</td></tr>
<tr>
<td title='com.quickmove.qa.testcases.VarifyaccountingtypeaddTest.VerifyAccountconfigurationIncome()'><b>VerifyAccountconfigurationIncome</b><br>Test class: com.quickmove.qa.testcases.VarifyaccountingtypeaddTest<br>Parameters: Local Agent Charges-Export(Income)</td>
<td></td>
<td>2</td>
<td>com.quickmove.qa.testcases.VarifyaccountingtypeaddTest@53f65459</td></tr>
<tr>
<td title='com.quickmove.qa.testcases.VarifyaccountingtypeaddTest.VerifyAccountconfigurationIncome()'><b>VerifyAccountconfigurationIncome</b><br>Test class: com.quickmove.qa.testcases.VarifyaccountingtypeaddTest<br>Parameters: Transportation of Container- Export (Income)</td>
<td></td>
<td>3</td>
<td>com.quickmove.qa.testcases.VarifyaccountingtypeaddTest@53f65459</td></tr>
<tr>
<td title='com.quickmove.qa.testcases.VarifyaccountingtypeaddTest.VerifyAccountconfigurationIncome()'><b>VerifyAccountconfigurationIncome</b><br>Test class: com.quickmove.qa.testcases.VarifyaccountingtypeaddTest<br>Parameters: Token / VGM Charges- Export (Income)</td>
<td></td>
<td>3</td>
<td>com.quickmove.qa.testcases.VarifyaccountingtypeaddTest@53f65459</td></tr>
<tr>
<td title='com.quickmove.qa.testcases.VarifyaccountingtypeaddTest.VerifyAccountconfigurationIncome()'><b>VerifyAccountconfigurationIncome</b><br>Test class: com.quickmove.qa.testcases.VarifyaccountingtypeaddTest<br>Parameters: Miscellaneous Charges-Export (Income)</td>
<td></td>
<td>2</td>
<td>com.quickmove.qa.testcases.VarifyaccountingtypeaddTest@53f65459</td></tr>
<tr>
<td title='com.quickmove.qa.testcases.VarifyaccountingtypeaddTest.VerifyAccountconfigurationIncome()'><b>VerifyAccountconfigurationIncome</b><br>Test class: com.quickmove.qa.testcases.VarifyaccountingtypeaddTest<br>Parameters: Border Charges - Export (Income)</td>
<td></td>
<td>2</td>
<td>com.quickmove.qa.testcases.VarifyaccountingtypeaddTest@53f65459</td></tr>
<tr>
<td title='com.quickmove.qa.testcases.VarifyaccountingtypeaddTest.VerifyAccountconfigurationIncome()'><b>VerifyAccountconfigurationIncome</b><br>Test class: com.quickmove.qa.testcases.VarifyaccountingtypeaddTest<br>Parameters: Airline Charges-Export (Income)</td>
<td></td>
<td>2</td>
<td>com.quickmove.qa.testcases.VarifyaccountingtypeaddTest@53f65459</td></tr>
<tr>
<td title='com.quickmove.qa.testcases.VarifyaccountingtypeaddTest.VerifyAccountconfigurationIncome()'><b>VerifyAccountconfigurationIncome</b><br>Test class: com.quickmove.qa.testcases.VarifyaccountingtypeaddTest<br>Parameters: Packing & Collection -Export (Income)</td>
<td></td>
<td>2</td>
<td>com.quickmove.qa.testcases.VarifyaccountingtypeaddTest@53f65459</td></tr>
<tr>
<td title='com.quickmove.qa.testcases.VarifyaccountingtypeaddTest.VerifyAccountconfigurationIncome()'><b>VerifyAccountconfigurationIncome</b><br>Test class: com.quickmove.qa.testcases.VarifyaccountingtypeaddTest<br>Parameters: Uncrating- Import  (Income)</td>
<td></td>
<td>2</td>
<td>com.quickmove.qa.testcases.VarifyaccountingtypeaddTest@53f65459</td></tr>
<tr>
<td title='com.quickmove.qa.testcases.VarifyaccountingtypeaddTest.VerifyAccountconfigurationIncome()'><b>VerifyAccountconfigurationIncome</b><br>Test class: com.quickmove.qa.testcases.VarifyaccountingtypeaddTest<br>Parameters: Labor Charges- Import (Income)</td>
<td></td>
<td>3</td>
<td>com.quickmove.qa.testcases.VarifyaccountingtypeaddTest@53f65459</td></tr>
<tr>
<td title='com.quickmove.qa.testcases.VarifyaccountingtypeaddTest.VerifyAccountconfigurationIncome()'><b>VerifyAccountconfigurationIncome</b><br>Test class: com.quickmove.qa.testcases.VarifyaccountingtypeaddTest<br>Parameters: Transportation Charges-Import (Income)</td>
<td></td>
<td>2</td>
<td>com.quickmove.qa.testcases.VarifyaccountingtypeaddTest@53f65459</td></tr>
<tr>
<td title='com.quickmove.qa.testcases.VarifyaccountingtypeaddTest.VerifyAccountconfigurationIncome()'><b>VerifyAccountconfigurationIncome</b><br>Test class: com.quickmove.qa.testcases.VarifyaccountingtypeaddTest<br>Parameters: Loading / Unloading Charges- Import (Income)</td>
<td></td>
<td>2</td>
<td>com.quickmove.qa.testcases.VarifyaccountingtypeaddTest@53f65459</td></tr>
<tr>
<td title='com.quickmove.qa.testcases.VarifyaccountingtypeaddTest.VerifyAccountconfigurationIncome()'><b>VerifyAccountconfigurationIncome</b><br>Test class: com.quickmove.qa.testcases.VarifyaccountingtypeaddTest<br>Parameters: THC- Import (Income)</td>
<td></td>
<td>2</td>
<td>com.quickmove.qa.testcases.VarifyaccountingtypeaddTest@53f65459</td></tr>
<tr>
<td title='com.quickmove.qa.testcases.VarifyaccountingtypeaddTest.VerifyAccountconfigurationIncome()'><b>VerifyAccountconfigurationIncome</b><br>Test class: com.quickmove.qa.testcases.VarifyaccountingtypeaddTest<br>Parameters:  D/O Fees - Import (Income)</td>
<td></td>
<td>2</td>
<td>com.quickmove.qa.testcases.VarifyaccountingtypeaddTest@53f65459</td></tr>
<tr>
<td title='com.quickmove.qa.testcases.VarifyaccountingtypeaddTest.VerifyAccountconfigurationIncome()'><b>VerifyAccountconfigurationIncome</b><br>Test class: com.quickmove.qa.testcases.VarifyaccountingtypeaddTest<br>Parameters: B/L Fees - Import (Income)</td>
<td></td>
<td>2</td>
<td>com.quickmove.qa.testcases.VarifyaccountingtypeaddTest@53f65459</td></tr>
<tr>
<td title='com.quickmove.qa.testcases.VarifyaccountingtypeaddTest.VerifyAccountconfigurationIncome()'><b>VerifyAccountconfigurationIncome</b><br>Test class: com.quickmove.qa.testcases.VarifyaccountingtypeaddTest<br>Parameters: ED Charges - Import (Income)</td>
<td></td>
<td>2</td>
<td>com.quickmove.qa.testcases.VarifyaccountingtypeaddTest@53f65459</td></tr>
<tr>
<td title='com.quickmove.qa.testcases.VarifyaccountingtypeaddTest.VerifyAccountconfigurationIncome()'><b>VerifyAccountconfigurationIncome</b><br>Test class: com.quickmove.qa.testcases.VarifyaccountingtypeaddTest<br>Parameters: Transportation of Container - Import(Income)</td>
<td></td>
<td>2</td>
<td>com.quickmove.qa.testcases.VarifyaccountingtypeaddTest@53f65459</td></tr>
<tr>
<td title='com.quickmove.qa.testcases.VarifyaccountingtypeaddTest.VerifyAccountconfigurationIncome()'><b>VerifyAccountconfigurationIncome</b><br>Test class: com.quickmove.qa.testcases.VarifyaccountingtypeaddTest<br>Parameters: Token / VGM Charges-Import (Income)</td>
<td></td>
<td>2</td>
<td>com.quickmove.qa.testcases.VarifyaccountingtypeaddTest@53f65459</td></tr>
<tr>
<td title='com.quickmove.qa.testcases.VarifyaccountingtypeaddTest.VerifyAccountconfigurationIncome()'><b>VerifyAccountconfigurationIncome</b><br>Test class: com.quickmove.qa.testcases.VarifyaccountingtypeaddTest<br>Parameters: Packing Material- Local (Income)</td>
<td></td>
<td>2</td>
<td>com.quickmove.qa.testcases.VarifyaccountingtypeaddTest@53f65459</td></tr>
<tr>
<td title='com.quickmove.qa.testcases.VarifyaccountingtypeaddTest.VerifyAccountconfigurationIncome()'><b>VerifyAccountconfigurationIncome</b><br>Test class: com.quickmove.qa.testcases.VarifyaccountingtypeaddTest<br>Parameters: Labor Charges-Local (Income)</td>
<td></td>
<td>2</td>
<td>com.quickmove.qa.testcases.VarifyaccountingtypeaddTest@53f65459</td></tr>
<tr>
<td title='com.quickmove.qa.testcases.VarifyaccountingtypeaddTest.VerifyAccountconfigurationIncome()'><b>VerifyAccountconfigurationIncome</b><br>Test class: com.quickmove.qa.testcases.VarifyaccountingtypeaddTest<br>Parameters: Transportation Charges-Local (Income)</td>
<td></td>
<td>2</td>
<td>com.quickmove.qa.testcases.VarifyaccountingtypeaddTest@53f65459</td></tr>
<tr>
<td title='com.quickmove.qa.testcases.VarifyaccountingtypeaddTest.VerifyAccountconfigurationIncome()'><b>VerifyAccountconfigurationIncome</b><br>Test class: com.quickmove.qa.testcases.VarifyaccountingtypeaddTest<br>Parameters: Miscellaneous Charges-Local (Income)</td>
<td></td>
<td>2</td>
<td>com.quickmove.qa.testcases.VarifyaccountingtypeaddTest@53f65459</td></tr>
</table><p>
<table width='100%' border='1' class='invocation-skipped'>
<tr><td colspan='4' align='center'><b>SKIPPED TESTS</b></td></tr>
<tr><td><b>Test method</b></td>
<td width="30%"><b>Exception</b></td>
<td width="10%"><b>Time (seconds)</b></td>
<td><b>Instance</b></td>
</tr>
<tr>
<td title='com.quickmove.qa.testcases.VarifyaccountingtypeaddTest.VerifyAccountconfigurationExpense()'><b>VerifyAccountconfigurationExpense</b><br>Test class: com.quickmove.qa.testcases.VarifyaccountingtypeaddTest</td>
<td><div><pre>org.openqa.selenium.NoSuchElementException: no such element: Unable to locate element: {&quot;method&quot;:&quot;xpath&quot;,&quot;selector&quot;:&quot;//a[@id=&apos;12&apos;]&quot;}
  (Session info: chrome=84.0.4147.89)
For documentation on this error, please visit: https://www.seleniumhq.org/exceptions/no_such_element.html
Build info: version: &apos;3.141.59&apos;, revision: &apos;e82be7d358&apos;, time: &apos;2018-11-14T08:17:03&apos;
System info: host: &apos;DESKTOP-2PTS3ET&apos;, ip: &apos;192.168.0.102&apos;, os.name: &apos;Windows 10&apos;, os.arch: &apos;amd64&apos;, os.version: &apos;10.0&apos;, java.version: &apos;1.8.0_251&apos;
Driver info: org.openqa.selenium.chrome.ChromeDriver
Capabilities {acceptInsecureCerts: false, browserName: chrome, browserVersion: 84.0.4147.89, chrome: {chromedriverVersion: 83.0.4103.39 (ccbf011cb2d2b..., userDataDir: C:\Users\MYPC\AppData\Local...}, goog:chromeOptions: {debuggerAddress: localhost:60874}, javascriptEnabled: true, networkConnectionEnabled: false, pageLoadStrategy: normal, platform: WINDOWS, platformName: WINDOWS, proxy: Proxy(), setWindowRect: true, strictFileInteractability: false, timeouts: {implicit: 0, pageLoad: 300000, script: 30000}, unhandledPromptBehavior: dismiss and notify, webauthn:virtualAuthenticators: true}
Session ID: 3d480cd93b2b0be4e747e446e1b8ac5f
*** Element info: {Using=xpath, value=//a[@id=&apos;12&apos;]}
	at sun.reflect.NativeConstructorAccessorImpl.newInstance0(Native Method)
	at sun.reflect.NativeConstructorAccessorImpl.newInstance(NativeConstructorAccessorImpl.java:62)
	at sun.reflect.DelegatingConstructorAccessorImpl.newInstance(DelegatingConstructorAccessorImpl.java:45)
	at java.lang.reflect.Constructor.newInstance(Constructor.java:423)
	at org.openqa.selenium.remote.http.W3CHttpResponseCodec.createException(W3CHttpResponseCodec.java:187)
	at org.openqa.selenium.remote.http.W3CHttpResponseCodec.decode(W3CHttpResponseCodec.java:122)
	at org.openqa.selenium.remote.http.W3CHttpResponseCodec.decode(W3CHttpResponseCodec.java:49)
	at org.openqa.selenium.remote.HttpCommandExecutor.execute(HttpCommandExecutor.java:158)
	at org.openqa.selenium.remote.service.DriverCommandExecutor.execute(DriverCommandExecutor.java:83)
	at org.openqa.selenium.remote.RemoteWebDriver.execute(RemoteWebDriver.java:552)
	at org.openqa.selenium.remote.RemoteWebDriver.findElement(RemoteWebDriver.java:323)
	at org.openqa.selenium.remote.RemoteWebDriver.findElementByXPath(RemoteWebDriver.java:428)
	at org.openqa.selenium.By$ByXPath.findElement(By.java:353)
	at org.openqa.selenium.remote.RemoteWebDriver.findElement(RemoteWebDriver.java:315)
	at org.openqa.selenium.support.pagefactory.DefaultElementLocator.findElement(DefaultElementLocator.java:69)
	at org.openqa.selenium.support.pagefactory.internal.LocatingElementHandler.invoke(LocatingElementHandler.java:38)
	at com.sun.proxy.$Proxy10.click(Unknown Source)
	at com.quickmove.qa.pages.HomePage.clickonAccountModuleLink(HomePage.java:47)
	at com.quickmove.qa.testcases.VarifyaccountingtypeaddTest.setup(VarifyaccountingtypeaddTest.java:47)
	at sun.reflect.GeneratedMethodAccessor3.invoke(Unknown Source)
	at sun.reflect.DelegatingMethodAccessorImpl.invoke(DelegatingMethodAccessorImpl.java:43)
	at java.lang.reflect.Method.invoke(Method.java:498)
	at org.testng.internal.MethodInvocationHelper.invokeMethod(MethodInvocationHelper.java:135)
	at org.testng.internal.MethodInvocationHelper.invokeMethodConsideringTimeout(MethodInvocationHelper.java:64)
	at org.testng.internal.ConfigInvoker.invokeConfigurationMethod(ConfigInvoker.java:364)
	at org.testng.internal.ConfigInvoker.invokeConfigurations(ConfigInvoker.java:318)
	at org.testng.internal.TestInvoker.runConfigMethods(TestInvoker.java:700)
	at org.testng.internal.TestInvoker.invokeMethod(TestInvoker.java:527)
	at org.testng.internal.TestInvoker.invokeTestMethod(TestInvoker.java:174)
	at org.testng.internal.MethodRunner.runInSequence(MethodRunner.java:46)
	at org.testng.internal.TestInvoker$MethodInvocationAgent.invoke(TestInvoker.java:821)
	at org.testng.internal.TestInvoker.invokeTestMethods(TestInvoker.java:147)
	at org.testng.internal.TestMethodWorker.invokeTestMethods(TestMethodWorker.java:146)
	at org.testng.internal.TestMethodWorker.run(TestMethodWorker.java:128)
	at java.util.ArrayList.forEach(ArrayList.java:1257)
	at org.testng.TestRunner.privateRun(TestRunner.java:767)
	at org.testng.TestRunner.run(TestRunner.java:588)
	at org.testng.SuiteRunner.runTest(SuiteRunner.java:384)
	at org.testng.SuiteRunner.runSequentially(SuiteRunner.java:378)
	at org.testng.SuiteRunner.privateRun(SuiteRunner.java:337)
	at org.testng.SuiteRunner.run(SuiteRunner.java:286)
	at org.testng.SuiteRunnerWorker.runSuite(SuiteRunnerWorker.java:53)
	at org.testng.SuiteRunnerWorker.run(SuiteRunnerWorker.java:96)
	at org.testng.TestNG.runSuitesSequentially(TestNG.java:1214)
	at org.testng.TestNG.runSuitesLocally(TestNG.java:1136)
	at org.testng.TestNG.runSuites(TestNG.java:1066)
	at org.testng.TestNG.run(TestNG.java:1034)
	at org.testng.remote.AbstractRemoteTestNG.run(AbstractRemoteTestNG.java:115)
	at org.testng.remote.RemoteTestNG.initAndRun(RemoteTestNG.java:251)
	at org.testng.remote.RemoteTestNG.main(RemoteTestNG.java:77)
</pre></div><a href='#' onClick='toggleBox("stack-trace1659694257", this, "Click to show all stack frames", "Click to hide stack frames")'>Click to show all stack frames</a>
<div class='stack-trace' id='stack-trace1659694257'><pre>org.openqa.selenium.NoSuchElementException: no such element: Unable to locate element: {&quot;method&quot;:&quot;xpath&quot;,&quot;selector&quot;:&quot;//a[@id=&apos;12&apos;]&quot;}
  (Session info: chrome=84.0.4147.89)
For documentation on this error, please visit: https://www.seleniumhq.org/exceptions/no_such_element.html
Build info: version: &apos;3.141.59&apos;, revision: &apos;e82be7d358&apos;, time: &apos;2018-11-14T08:17:03&apos;
System info: host: &apos;DESKTOP-2PTS3ET&apos;, ip: &apos;192.168.0.102&apos;, os.name: &apos;Windows 10&apos;, os.arch: &apos;amd64&apos;, os.version: &apos;10.0&apos;, java.version: &apos;1.8.0_251&apos;
Driver info: org.openqa.selenium.chrome.ChromeDriver
Capabilities {acceptInsecureCerts: false, browserName: chrome, browserVersion: 84.0.4147.89, chrome: {chromedriverVersion: 83.0.4103.39 (ccbf011cb2d2b..., userDataDir: C:\Users\MYPC\AppData\Local...}, goog:chromeOptions: {debuggerAddress: localhost:60874}, javascriptEnabled: true, networkConnectionEnabled: false, pageLoadStrategy: normal, platform: WINDOWS, platformName: WINDOWS, proxy: Proxy(), setWindowRect: true, strictFileInteractability: false, timeouts: {implicit: 0, pageLoad: 300000, script: 30000}, unhandledPromptBehavior: dismiss and notify, webauthn:virtualAuthenticators: true}
Session ID: 3d480cd93b2b0be4e747e446e1b8ac5f
*** Element info: {Using=xpath, value=//a[@id=&apos;12&apos;]}
	at sun.reflect.NativeConstructorAccessorImpl.newInstance0(Native Method)
	at sun.reflect.NativeConstructorAccessorImpl.newInstance(NativeConstructorAccessorImpl.java:62)
	at sun.reflect.DelegatingConstructorAccessorImpl.newInstance(DelegatingConstructorAccessorImpl.java:45)
	at java.lang.reflect.Constructor.newInstance(Constructor.java:423)
	at org.openqa.selenium.remote.http.W3CHttpResponseCodec.createException(W3CHttpResponseCodec.java:187)
	at org.openqa.selenium.remote.http.W3CHttpResponseCodec.decode(W3CHttpResponseCodec.java:122)
	at org.openqa.selenium.remote.http.W3CHttpResponseCodec.decode(W3CHttpResponseCodec.java:49)
	at org.openqa.selenium.remote.HttpCommandExecutor.execute(HttpCommandExecutor.java:158)
	at org.openqa.selenium.remote.service.DriverCommandExecutor.execute(DriverCommandExecutor.java:83)
	at org.openqa.selenium.remote.RemoteWebDriver.execute(RemoteWebDriver.java:552)
	at org.openqa.selenium.remote.RemoteWebDriver.findElement(RemoteWebDriver.java:323)
	at org.openqa.selenium.remote.RemoteWebDriver.findElementByXPath(RemoteWebDriver.java:428)
	at org.openqa.selenium.By$ByXPath.findElement(By.java:353)
	at org.openqa.selenium.remote.RemoteWebDriver.findElement(RemoteWebDriver.java:315)
	at org.openqa.selenium.support.pagefactory.DefaultElementLocator.findElement(DefaultElementLocator.java:69)
	at org.openqa.selenium.support.pagefactory.internal.LocatingElementHandler.invoke(LocatingElementHandler.java:38)
	at com.sun.proxy.$Proxy10.click(Unknown Source)
	at com.quickmove.qa.pages.HomePage.clickonAccountModuleLink(HomePage.java:47)
	at com.quickmove.qa.testcases.VarifyaccountingtypeaddTest.setup(VarifyaccountingtypeaddTest.java:47)
	at sun.reflect.GeneratedMethodAccessor3.invoke(Unknown Source)
	at sun.reflect.DelegatingMethodAccessorImpl.invoke(DelegatingMethodAccessorImpl.java:43)
	at java.lang.reflect.Method.invoke(Method.java:498)
	at org.testng.internal.MethodInvocationHelper.invokeMethod(MethodInvocationHelper.java:135)
	at org.testng.internal.MethodInvocationHelper.invokeMethodConsideringTimeout(MethodInvocationHelper.java:64)
	at org.testng.internal.ConfigInvoker.invokeConfigurationMethod(ConfigInvoker.java:364)
	at org.testng.internal.ConfigInvoker.invokeConfigurations(ConfigInvoker.java:318)
	at org.testng.internal.TestInvoker.runConfigMethods(TestInvoker.java:700)
	at org.testng.internal.TestInvoker.invokeMethod(TestInvoker.java:527)
	at org.testng.internal.TestInvoker.invokeTestMethod(TestInvoker.java:174)
	at org.testng.internal.MethodRunner.runInSequence(MethodRunner.java:46)
	at org.testng.internal.TestInvoker$MethodInvocationAgent.invoke(TestInvoker.java:821)
	at org.testng.internal.TestInvoker.invokeTestMethods(TestInvoker.java:147)
	at org.testng.internal.TestMethodWorker.invokeTestMethods(TestMethodWorker.java:146)
	at org.testng.internal.TestMethodWorker.run(TestMethodWorker.java:128)
	at java.util.ArrayList.forEach(ArrayList.java:1257)
	at org.testng.TestRunner.privateRun(TestRunner.java:767)
	at org.testng.TestRunner.run(TestRunner.java:588)
	at org.testng.SuiteRunner.runTest(SuiteRunner.java:384)
	at org.testng.SuiteRunner.runSequentially(SuiteRunner.java:378)
	at org.testng.SuiteRunner.privateRun(SuiteRunner.java:337)
	at org.testng.SuiteRunner.run(SuiteRunner.java:286)
	at org.testng.SuiteRunnerWorker.runSuite(SuiteRunnerWorker.java:53)
	at org.testng.SuiteRunnerWorker.run(SuiteRunnerWorker.java:96)
	at org.testng.TestNG.runSuitesSequentially(TestNG.java:1214)
	at org.testng.TestNG.runSuitesLocally(TestNG.java:1136)
	at org.testng.TestNG.runSuites(TestNG.java:1066)
	at org.testng.TestNG.run(TestNG.java:1034)
	at org.testng.remote.AbstractRemoteTestNG.run(AbstractRemoteTestNG.java:115)
	at org.testng.remote.RemoteTestNG.initAndRun(RemoteTestNG.java:251)
	at org.testng.remote.RemoteTestNG.main(RemoteTestNG.java:77)
</pre></div></td>
<td>0</td>
<td>com.quickmove.qa.testcases.VarifyaccountingtypeaddTest@53f65459</td></tr>
<tr>
<td title='com.quickmove.qa.testcases.VarifyaccountingtypeaddTest.VerifyAccountconfigurationExpense()'><b>VerifyAccountconfigurationExpense</b><br>Test class: com.quickmove.qa.testcases.VarifyaccountingtypeaddTest</td>
<td><div><pre>org.openqa.selenium.NoSuchElementException: no such element: Unable to locate element: {&quot;method&quot;:&quot;xpath&quot;,&quot;selector&quot;:&quot;//a[@id=&apos;12&apos;]&quot;}
  (Session info: chrome=84.0.4147.89)
For documentation on this error, please visit: https://www.seleniumhq.org/exceptions/no_such_element.html
Build info: version: &apos;3.141.59&apos;, revision: &apos;e82be7d358&apos;, time: &apos;2018-11-14T08:17:03&apos;
System info: host: &apos;DESKTOP-2PTS3ET&apos;, ip: &apos;192.168.0.102&apos;, os.name: &apos;Windows 10&apos;, os.arch: &apos;amd64&apos;, os.version: &apos;10.0&apos;, java.version: &apos;1.8.0_251&apos;
Driver info: org.openqa.selenium.chrome.ChromeDriver
Capabilities {acceptInsecureCerts: false, browserName: chrome, browserVersion: 84.0.4147.89, chrome: {chromedriverVersion: 83.0.4103.39 (ccbf011cb2d2b..., userDataDir: C:\Users\MYPC\AppData\Local...}, goog:chromeOptions: {debuggerAddress: localhost:60874}, javascriptEnabled: true, networkConnectionEnabled: false, pageLoadStrategy: normal, platform: WINDOWS, platformName: WINDOWS, proxy: Proxy(), setWindowRect: true, strictFileInteractability: false, timeouts: {implicit: 0, pageLoad: 300000, script: 30000}, unhandledPromptBehavior: dismiss and notify, webauthn:virtualAuthenticators: true}
Session ID: 3d480cd93b2b0be4e747e446e1b8ac5f
*** Element info: {Using=xpath, value=//a[@id=&apos;12&apos;]}
	at sun.reflect.NativeConstructorAccessorImpl.newInstance0(Native Method)
	at sun.reflect.NativeConstructorAccessorImpl.newInstance(NativeConstructorAccessorImpl.java:62)
	at sun.reflect.DelegatingConstructorAccessorImpl.newInstance(DelegatingConstructorAccessorImpl.java:45)
	at java.lang.reflect.Constructor.newInstance(Constructor.java:423)
	at org.openqa.selenium.remote.http.W3CHttpResponseCodec.createException(W3CHttpResponseCodec.java:187)
	at org.openqa.selenium.remote.http.W3CHttpResponseCodec.decode(W3CHttpResponseCodec.java:122)
	at org.openqa.selenium.remote.http.W3CHttpResponseCodec.decode(W3CHttpResponseCodec.java:49)
	at org.openqa.selenium.remote.HttpCommandExecutor.execute(HttpCommandExecutor.java:158)
	at org.openqa.selenium.remote.service.DriverCommandExecutor.execute(DriverCommandExecutor.java:83)
	at org.openqa.selenium.remote.RemoteWebDriver.execute(RemoteWebDriver.java:552)
	at org.openqa.selenium.remote.RemoteWebDriver.findElement(RemoteWebDriver.java:323)
	at org.openqa.selenium.remote.RemoteWebDriver.findElementByXPath(RemoteWebDriver.java:428)
	at org.openqa.selenium.By$ByXPath.findElement(By.java:353)
	at org.openqa.selenium.remote.RemoteWebDriver.findElement(RemoteWebDriver.java:315)
	at org.openqa.selenium.support.pagefactory.DefaultElementLocator.findElement(DefaultElementLocator.java:69)
	at org.openqa.selenium.support.pagefactory.internal.LocatingElementHandler.invoke(LocatingElementHandler.java:38)
	at com.sun.proxy.$Proxy10.click(Unknown Source)
	at com.quickmove.qa.pages.HomePage.clickonAccountModuleLink(HomePage.java:47)
	at com.quickmove.qa.testcases.VarifyaccountingtypeaddTest.setup(VarifyaccountingtypeaddTest.java:47)
	at sun.reflect.GeneratedMethodAccessor3.invoke(Unknown Source)
	at sun.reflect.DelegatingMethodAccessorImpl.invoke(DelegatingMethodAccessorImpl.java:43)
	at java.lang.reflect.Method.invoke(Method.java:498)
	at org.testng.internal.MethodInvocationHelper.invokeMethod(MethodInvocationHelper.java:135)
	at org.testng.internal.MethodInvocationHelper.invokeMethodConsideringTimeout(MethodInvocationHelper.java:64)
	at org.testng.internal.ConfigInvoker.invokeConfigurationMethod(ConfigInvoker.java:364)
	at org.testng.internal.ConfigInvoker.invokeConfigurations(ConfigInvoker.java:318)
	at org.testng.internal.TestInvoker.runConfigMethods(TestInvoker.java:700)
	at org.testng.internal.TestInvoker.invokeMethod(TestInvoker.java:527)
	at org.testng.internal.TestInvoker.invokeTestMethod(TestInvoker.java:174)
	at org.testng.internal.MethodRunner.runInSequence(MethodRunner.java:46)
	at org.testng.internal.TestInvoker$MethodInvocationAgent.invoke(TestInvoker.java:821)
	at org.testng.internal.TestInvoker.invokeTestMethods(TestInvoker.java:147)
	at org.testng.internal.TestMethodWorker.invokeTestMethods(TestMethodWorker.java:146)
	at org.testng.internal.TestMethodWorker.run(TestMethodWorker.java:128)
	at java.util.ArrayList.forEach(ArrayList.java:1257)
	at org.testng.TestRunner.privateRun(TestRunner.java:767)
	at org.testng.TestRunner.run(TestRunner.java:588)
	at org.testng.SuiteRunner.runTest(SuiteRunner.java:384)
	at org.testng.SuiteRunner.runSequentially(SuiteRunner.java:378)
	at org.testng.SuiteRunner.privateRun(SuiteRunner.java:337)
	at org.testng.SuiteRunner.run(SuiteRunner.java:286)
	at org.testng.SuiteRunnerWorker.runSuite(SuiteRunnerWorker.java:53)
	at org.testng.SuiteRunnerWorker.run(SuiteRunnerWorker.java:96)
	at org.testng.TestNG.runSuitesSequentially(TestNG.java:1214)
	at org.testng.TestNG.runSuitesLocally(TestNG.java:1136)
	at org.testng.TestNG.runSuites(TestNG.java:1066)
	at org.testng.TestNG.run(TestNG.java:1034)
	at org.testng.remote.AbstractRemoteTestNG.run(AbstractRemoteTestNG.java:115)
	at org.testng.remote.RemoteTestNG.initAndRun(RemoteTestNG.java:251)
	at org.testng.remote.RemoteTestNG.main(RemoteTestNG.java:77)
</pre></div><a href='#' onClick='toggleBox("stack-trace1760149976", this, "Click to show all stack frames", "Click to hide stack frames")'>Click to show all stack frames</a>
<div class='stack-trace' id='stack-trace1760149976'><pre>org.openqa.selenium.NoSuchElementException: no such element: Unable to locate element: {&quot;method&quot;:&quot;xpath&quot;,&quot;selector&quot;:&quot;//a[@id=&apos;12&apos;]&quot;}
  (Session info: chrome=84.0.4147.89)
For documentation on this error, please visit: https://www.seleniumhq.org/exceptions/no_such_element.html
Build info: version: &apos;3.141.59&apos;, revision: &apos;e82be7d358&apos;, time: &apos;2018-11-14T08:17:03&apos;
System info: host: &apos;DESKTOP-2PTS3ET&apos;, ip: &apos;192.168.0.102&apos;, os.name: &apos;Windows 10&apos;, os.arch: &apos;amd64&apos;, os.version: &apos;10.0&apos;, java.version: &apos;1.8.0_251&apos;
Driver info: org.openqa.selenium.chrome.ChromeDriver
Capabilities {acceptInsecureCerts: false, browserName: chrome, browserVersion: 84.0.4147.89, chrome: {chromedriverVersion: 83.0.4103.39 (ccbf011cb2d2b..., userDataDir: C:\Users\MYPC\AppData\Local...}, goog:chromeOptions: {debuggerAddress: localhost:60874}, javascriptEnabled: true, networkConnectionEnabled: false, pageLoadStrategy: normal, platform: WINDOWS, platformName: WINDOWS, proxy: Proxy(), setWindowRect: true, strictFileInteractability: false, timeouts: {implicit: 0, pageLoad: 300000, script: 30000}, unhandledPromptBehavior: dismiss and notify, webauthn:virtualAuthenticators: true}
Session ID: 3d480cd93b2b0be4e747e446e1b8ac5f
*** Element info: {Using=xpath, value=//a[@id=&apos;12&apos;]}
	at sun.reflect.NativeConstructorAccessorImpl.newInstance0(Native Method)
	at sun.reflect.NativeConstructorAccessorImpl.newInstance(NativeConstructorAccessorImpl.java:62)
	at sun.reflect.DelegatingConstructorAccessorImpl.newInstance(DelegatingConstructorAccessorImpl.java:45)
	at java.lang.reflect.Constructor.newInstance(Constructor.java:423)
	at org.openqa.selenium.remote.http.W3CHttpResponseCodec.createException(W3CHttpResponseCodec.java:187)
	at org.openqa.selenium.remote.http.W3CHttpResponseCodec.decode(W3CHttpResponseCodec.java:122)
	at org.openqa.selenium.remote.http.W3CHttpResponseCodec.decode(W3CHttpResponseCodec.java:49)
	at org.openqa.selenium.remote.HttpCommandExecutor.execute(HttpCommandExecutor.java:158)
	at org.openqa.selenium.remote.service.DriverCommandExecutor.execute(DriverCommandExecutor.java:83)
	at org.openqa.selenium.remote.RemoteWebDriver.execute(RemoteWebDriver.java:552)
	at org.openqa.selenium.remote.RemoteWebDriver.findElement(RemoteWebDriver.java:323)
	at org.openqa.selenium.remote.RemoteWebDriver.findElementByXPath(RemoteWebDriver.java:428)
	at org.openqa.selenium.By$ByXPath.findElement(By.java:353)
	at org.openqa.selenium.remote.RemoteWebDriver.findElement(RemoteWebDriver.java:315)
	at org.openqa.selenium.support.pagefactory.DefaultElementLocator.findElement(DefaultElementLocator.java:69)
	at org.openqa.selenium.support.pagefactory.internal.LocatingElementHandler.invoke(LocatingElementHandler.java:38)
	at com.sun.proxy.$Proxy10.click(Unknown Source)
	at com.quickmove.qa.pages.HomePage.clickonAccountModuleLink(HomePage.java:47)
	at com.quickmove.qa.testcases.VarifyaccountingtypeaddTest.setup(VarifyaccountingtypeaddTest.java:47)
	at sun.reflect.GeneratedMethodAccessor3.invoke(Unknown Source)
	at sun.reflect.DelegatingMethodAccessorImpl.invoke(DelegatingMethodAccessorImpl.java:43)
	at java.lang.reflect.Method.invoke(Method.java:498)
	at org.testng.internal.MethodInvocationHelper.invokeMethod(MethodInvocationHelper.java:135)
	at org.testng.internal.MethodInvocationHelper.invokeMethodConsideringTimeout(MethodInvocationHelper.java:64)
	at org.testng.internal.ConfigInvoker.invokeConfigurationMethod(ConfigInvoker.java:364)
	at org.testng.internal.ConfigInvoker.invokeConfigurations(ConfigInvoker.java:318)
	at org.testng.internal.TestInvoker.runConfigMethods(TestInvoker.java:700)
	at org.testng.internal.TestInvoker.invokeMethod(TestInvoker.java:527)
	at org.testng.internal.TestInvoker.invokeTestMethod(TestInvoker.java:174)
	at org.testng.internal.MethodRunner.runInSequence(MethodRunner.java:46)
	at org.testng.internal.TestInvoker$MethodInvocationAgent.invoke(TestInvoker.java:821)
	at org.testng.internal.TestInvoker.invokeTestMethods(TestInvoker.java:147)
	at org.testng.internal.TestMethodWorker.invokeTestMethods(TestMethodWorker.java:146)
	at org.testng.internal.TestMethodWorker.run(TestMethodWorker.java:128)
	at java.util.ArrayList.forEach(ArrayList.java:1257)
	at org.testng.TestRunner.privateRun(TestRunner.java:767)
	at org.testng.TestRunner.run(TestRunner.java:588)
	at org.testng.SuiteRunner.runTest(SuiteRunner.java:384)
	at org.testng.SuiteRunner.runSequentially(SuiteRunner.java:378)
	at org.testng.SuiteRunner.privateRun(SuiteRunner.java:337)
	at org.testng.SuiteRunner.run(SuiteRunner.java:286)
	at org.testng.SuiteRunnerWorker.runSuite(SuiteRunnerWorker.java:53)
	at org.testng.SuiteRunnerWorker.run(SuiteRunnerWorker.java:96)
	at org.testng.TestNG.runSuitesSequentially(TestNG.java:1214)
	at org.testng.TestNG.runSuitesLocally(TestNG.java:1136)
	at org.testng.TestNG.runSuites(TestNG.java:1066)
	at org.testng.TestNG.run(TestNG.java:1034)
	at org.testng.remote.AbstractRemoteTestNG.run(AbstractRemoteTestNG.java:115)
	at org.testng.remote.RemoteTestNG.initAndRun(RemoteTestNG.java:251)
	at org.testng.remote.RemoteTestNG.main(RemoteTestNG.java:77)
</pre></div></td>
<td>0</td>
<td>com.quickmove.qa.testcases.VarifyaccountingtypeaddTest@53f65459</td></tr>
<tr>
<td title='com.quickmove.qa.testcases.VarifyaccountingtypeaddTest.VerifyAccountconfigurationExpense()'><b>VerifyAccountconfigurationExpense</b><br>Test class: com.quickmove.qa.testcases.VarifyaccountingtypeaddTest</td>
<td><div><pre>org.openqa.selenium.NoSuchElementException: no such element: Unable to locate element: {&quot;method&quot;:&quot;xpath&quot;,&quot;selector&quot;:&quot;//a[@id=&apos;12&apos;]&quot;}
  (Session info: chrome=84.0.4147.89)
For documentation on this error, please visit: https://www.seleniumhq.org/exceptions/no_such_element.html
Build info: version: &apos;3.141.59&apos;, revision: &apos;e82be7d358&apos;, time: &apos;2018-11-14T08:17:03&apos;
System info: host: &apos;DESKTOP-2PTS3ET&apos;, ip: &apos;192.168.0.102&apos;, os.name: &apos;Windows 10&apos;, os.arch: &apos;amd64&apos;, os.version: &apos;10.0&apos;, java.version: &apos;1.8.0_251&apos;
Driver info: org.openqa.selenium.chrome.ChromeDriver
Capabilities {acceptInsecureCerts: false, browserName: chrome, browserVersion: 84.0.4147.89, chrome: {chromedriverVersion: 83.0.4103.39 (ccbf011cb2d2b..., userDataDir: C:\Users\MYPC\AppData\Local...}, goog:chromeOptions: {debuggerAddress: localhost:60874}, javascriptEnabled: true, networkConnectionEnabled: false, pageLoadStrategy: normal, platform: WINDOWS, platformName: WINDOWS, proxy: Proxy(), setWindowRect: true, strictFileInteractability: false, timeouts: {implicit: 0, pageLoad: 300000, script: 30000}, unhandledPromptBehavior: dismiss and notify, webauthn:virtualAuthenticators: true}
Session ID: 3d480cd93b2b0be4e747e446e1b8ac5f
*** Element info: {Using=xpath, value=//a[@id=&apos;12&apos;]}
	at sun.reflect.NativeConstructorAccessorImpl.newInstance0(Native Method)
	at sun.reflect.NativeConstructorAccessorImpl.newInstance(NativeConstructorAccessorImpl.java:62)
	at sun.reflect.DelegatingConstructorAccessorImpl.newInstance(DelegatingConstructorAccessorImpl.java:45)
	at java.lang.reflect.Constructor.newInstance(Constructor.java:423)
	at org.openqa.selenium.remote.http.W3CHttpResponseCodec.createException(W3CHttpResponseCodec.java:187)
	at org.openqa.selenium.remote.http.W3CHttpResponseCodec.decode(W3CHttpResponseCodec.java:122)
	at org.openqa.selenium.remote.http.W3CHttpResponseCodec.decode(W3CHttpResponseCodec.java:49)
	at org.openqa.selenium.remote.HttpCommandExecutor.execute(HttpCommandExecutor.java:158)
	at org.openqa.selenium.remote.service.DriverCommandExecutor.execute(DriverCommandExecutor.java:83)
	at org.openqa.selenium.remote.RemoteWebDriver.execute(RemoteWebDriver.java:552)
	at org.openqa.selenium.remote.RemoteWebDriver.findElement(RemoteWebDriver.java:323)
	at org.openqa.selenium.remote.RemoteWebDriver.findElementByXPath(RemoteWebDriver.java:428)
	at org.openqa.selenium.By$ByXPath.findElement(By.java:353)
	at org.openqa.selenium.remote.RemoteWebDriver.findElement(RemoteWebDriver.java:315)
	at org.openqa.selenium.support.pagefactory.DefaultElementLocator.findElement(DefaultElementLocator.java:69)
	at org.openqa.selenium.support.pagefactory.internal.LocatingElementHandler.invoke(LocatingElementHandler.java:38)
	at com.sun.proxy.$Proxy10.click(Unknown Source)
	at com.quickmove.qa.pages.HomePage.clickonAccountModuleLink(HomePage.java:47)
	at com.quickmove.qa.testcases.VarifyaccountingtypeaddTest.setup(VarifyaccountingtypeaddTest.java:47)
	at sun.reflect.GeneratedMethodAccessor3.invoke(Unknown Source)
	at sun.reflect.DelegatingMethodAccessorImpl.invoke(DelegatingMethodAccessorImpl.java:43)
	at java.lang.reflect.Method.invoke(Method.java:498)
	at org.testng.internal.MethodInvocationHelper.invokeMethod(MethodInvocationHelper.java:135)
	at org.testng.internal.MethodInvocationHelper.invokeMethodConsideringTimeout(MethodInvocationHelper.java:64)
	at org.testng.internal.ConfigInvoker.invokeConfigurationMethod(ConfigInvoker.java:364)
	at org.testng.internal.ConfigInvoker.invokeConfigurations(ConfigInvoker.java:318)
	at org.testng.internal.TestInvoker.runConfigMethods(TestInvoker.java:700)
	at org.testng.internal.TestInvoker.invokeMethod(TestInvoker.java:527)
	at org.testng.internal.TestInvoker.invokeTestMethod(TestInvoker.java:174)
	at org.testng.internal.MethodRunner.runInSequence(MethodRunner.java:46)
	at org.testng.internal.TestInvoker$MethodInvocationAgent.invoke(TestInvoker.java:821)
	at org.testng.internal.TestInvoker.invokeTestMethods(TestInvoker.java:147)
	at org.testng.internal.TestMethodWorker.invokeTestMethods(TestMethodWorker.java:146)
	at org.testng.internal.TestMethodWorker.run(TestMethodWorker.java:128)
	at java.util.ArrayList.forEach(ArrayList.java:1257)
	at org.testng.TestRunner.privateRun(TestRunner.java:767)
	at org.testng.TestRunner.run(TestRunner.java:588)
	at org.testng.SuiteRunner.runTest(SuiteRunner.java:384)
	at org.testng.SuiteRunner.runSequentially(SuiteRunner.java:378)
	at org.testng.SuiteRunner.privateRun(SuiteRunner.java:337)
	at org.testng.SuiteRunner.run(SuiteRunner.java:286)
	at org.testng.SuiteRunnerWorker.runSuite(SuiteRunnerWorker.java:53)
	at org.testng.SuiteRunnerWorker.run(SuiteRunnerWorker.java:96)
	at org.testng.TestNG.runSuitesSequentially(TestNG.java:1214)
	at org.testng.TestNG.runSuitesLocally(TestNG.java:1136)
	at org.testng.TestNG.runSuites(TestNG.java:1066)
	at org.testng.TestNG.run(TestNG.java:1034)
	at org.testng.remote.AbstractRemoteTestNG.run(AbstractRemoteTestNG.java:115)
	at org.testng.remote.RemoteTestNG.initAndRun(RemoteTestNG.java:251)
	at org.testng.remote.RemoteTestNG.main(RemoteTestNG.java:77)
</pre></div><a href='#' onClick='toggleBox("stack-trace2139328969", this, "Click to show all stack frames", "Click to hide stack frames")'>Click to show all stack frames</a>
<div class='stack-trace' id='stack-trace2139328969'><pre>org.openqa.selenium.NoSuchElementException: no such element: Unable to locate element: {&quot;method&quot;:&quot;xpath&quot;,&quot;selector&quot;:&quot;//a[@id=&apos;12&apos;]&quot;}
  (Session info: chrome=84.0.4147.89)
For documentation on this error, please visit: https://www.seleniumhq.org/exceptions/no_such_element.html
Build info: version: &apos;3.141.59&apos;, revision: &apos;e82be7d358&apos;, time: &apos;2018-11-14T08:17:03&apos;
System info: host: &apos;DESKTOP-2PTS3ET&apos;, ip: &apos;192.168.0.102&apos;, os.name: &apos;Windows 10&apos;, os.arch: &apos;amd64&apos;, os.version: &apos;10.0&apos;, java.version: &apos;1.8.0_251&apos;
Driver info: org.openqa.selenium.chrome.ChromeDriver
Capabilities {acceptInsecureCerts: false, browserName: chrome, browserVersion: 84.0.4147.89, chrome: {chromedriverVersion: 83.0.4103.39 (ccbf011cb2d2b..., userDataDir: C:\Users\MYPC\AppData\Local...}, goog:chromeOptions: {debuggerAddress: localhost:60874}, javascriptEnabled: true, networkConnectionEnabled: false, pageLoadStrategy: normal, platform: WINDOWS, platformName: WINDOWS, proxy: Proxy(), setWindowRect: true, strictFileInteractability: false, timeouts: {implicit: 0, pageLoad: 300000, script: 30000}, unhandledPromptBehavior: dismiss and notify, webauthn:virtualAuthenticators: true}
Session ID: 3d480cd93b2b0be4e747e446e1b8ac5f
*** Element info: {Using=xpath, value=//a[@id=&apos;12&apos;]}
	at sun.reflect.NativeConstructorAccessorImpl.newInstance0(Native Method)
	at sun.reflect.NativeConstructorAccessorImpl.newInstance(NativeConstructorAccessorImpl.java:62)
	at sun.reflect.DelegatingConstructorAccessorImpl.newInstance(DelegatingConstructorAccessorImpl.java:45)
	at java.lang.reflect.Constructor.newInstance(Constructor.java:423)
	at org.openqa.selenium.remote.http.W3CHttpResponseCodec.createException(W3CHttpResponseCodec.java:187)
	at org.openqa.selenium.remote.http.W3CHttpResponseCodec.decode(W3CHttpResponseCodec.java:122)
	at org.openqa.selenium.remote.http.W3CHttpResponseCodec.decode(W3CHttpResponseCodec.java:49)
	at org.openqa.selenium.remote.HttpCommandExecutor.execute(HttpCommandExecutor.java:158)
	at org.openqa.selenium.remote.service.DriverCommandExecutor.execute(DriverCommandExecutor.java:83)
	at org.openqa.selenium.remote.RemoteWebDriver.execute(RemoteWebDriver.java:552)
	at org.openqa.selenium.remote.RemoteWebDriver.findElement(RemoteWebDriver.java:323)
	at org.openqa.selenium.remote.RemoteWebDriver.findElementByXPath(RemoteWebDriver.java:428)
	at org.openqa.selenium.By$ByXPath.findElement(By.java:353)
	at org.openqa.selenium.remote.RemoteWebDriver.findElement(RemoteWebDriver.java:315)
	at org.openqa.selenium.support.pagefactory.DefaultElementLocator.findElement(DefaultElementLocator.java:69)
	at org.openqa.selenium.support.pagefactory.internal.LocatingElementHandler.invoke(LocatingElementHandler.java:38)
	at com.sun.proxy.$Proxy10.click(Unknown Source)
	at com.quickmove.qa.pages.HomePage.clickonAccountModuleLink(HomePage.java:47)
	at com.quickmove.qa.testcases.VarifyaccountingtypeaddTest.setup(VarifyaccountingtypeaddTest.java:47)
	at sun.reflect.GeneratedMethodAccessor3.invoke(Unknown Source)
	at sun.reflect.DelegatingMethodAccessorImpl.invoke(DelegatingMethodAccessorImpl.java:43)
	at java.lang.reflect.Method.invoke(Method.java:498)
	at org.testng.internal.MethodInvocationHelper.invokeMethod(MethodInvocationHelper.java:135)
	at org.testng.internal.MethodInvocationHelper.invokeMethodConsideringTimeout(MethodInvocationHelper.java:64)
	at org.testng.internal.ConfigInvoker.invokeConfigurationMethod(ConfigInvoker.java:364)
	at org.testng.internal.ConfigInvoker.invokeConfigurations(ConfigInvoker.java:318)
	at org.testng.internal.TestInvoker.runConfigMethods(TestInvoker.java:700)
	at org.testng.internal.TestInvoker.invokeMethod(TestInvoker.java:527)
	at org.testng.internal.TestInvoker.invokeTestMethod(TestInvoker.java:174)
	at org.testng.internal.MethodRunner.runInSequence(MethodRunner.java:46)
	at org.testng.internal.TestInvoker$MethodInvocationAgent.invoke(TestInvoker.java:821)
	at org.testng.internal.TestInvoker.invokeTestMethods(TestInvoker.java:147)
	at org.testng.internal.TestMethodWorker.invokeTestMethods(TestMethodWorker.java:146)
	at org.testng.internal.TestMethodWorker.run(TestMethodWorker.java:128)
	at java.util.ArrayList.forEach(ArrayList.java:1257)
	at org.testng.TestRunner.privateRun(TestRunner.java:767)
	at org.testng.TestRunner.run(TestRunner.java:588)
	at org.testng.SuiteRunner.runTest(SuiteRunner.java:384)
	at org.testng.SuiteRunner.runSequentially(SuiteRunner.java:378)
	at org.testng.SuiteRunner.privateRun(SuiteRunner.java:337)
	at org.testng.SuiteRunner.run(SuiteRunner.java:286)
	at org.testng.SuiteRunnerWorker.runSuite(SuiteRunnerWorker.java:53)
	at org.testng.SuiteRunnerWorker.run(SuiteRunnerWorker.java:96)
	at org.testng.TestNG.runSuitesSequentially(TestNG.java:1214)
	at org.testng.TestNG.runSuitesLocally(TestNG.java:1136)
	at org.testng.TestNG.runSuites(TestNG.java:1066)
	at org.testng.TestNG.run(TestNG.java:1034)
	at org.testng.remote.AbstractRemoteTestNG.run(AbstractRemoteTestNG.java:115)
	at org.testng.remote.RemoteTestNG.initAndRun(RemoteTestNG.java:251)
	at org.testng.remote.RemoteTestNG.main(RemoteTestNG.java:77)
</pre></div></td>
<td>0</td>
<td>com.quickmove.qa.testcases.VarifyaccountingtypeaddTest@53f65459</td></tr>
<tr>
<td title='com.quickmove.qa.testcases.VarifyaccountingtypeaddTest.VerifyAccountconfigurationExpense()'><b>VerifyAccountconfigurationExpense</b><br>Test class: com.quickmove.qa.testcases.VarifyaccountingtypeaddTest</td>
<td><div><pre>org.openqa.selenium.NoSuchElementException: no such element: Unable to locate element: {&quot;method&quot;:&quot;xpath&quot;,&quot;selector&quot;:&quot;//a[@id=&apos;12&apos;]&quot;}
  (Session info: chrome=84.0.4147.89)
For documentation on this error, please visit: https://www.seleniumhq.org/exceptions/no_such_element.html
Build info: version: &apos;3.141.59&apos;, revision: &apos;e82be7d358&apos;, time: &apos;2018-11-14T08:17:03&apos;
System info: host: &apos;DESKTOP-2PTS3ET&apos;, ip: &apos;192.168.0.102&apos;, os.name: &apos;Windows 10&apos;, os.arch: &apos;amd64&apos;, os.version: &apos;10.0&apos;, java.version: &apos;1.8.0_251&apos;
Driver info: org.openqa.selenium.chrome.ChromeDriver
Capabilities {acceptInsecureCerts: false, browserName: chrome, browserVersion: 84.0.4147.89, chrome: {chromedriverVersion: 83.0.4103.39 (ccbf011cb2d2b..., userDataDir: C:\Users\MYPC\AppData\Local...}, goog:chromeOptions: {debuggerAddress: localhost:60874}, javascriptEnabled: true, networkConnectionEnabled: false, pageLoadStrategy: normal, platform: WINDOWS, platformName: WINDOWS, proxy: Proxy(), setWindowRect: true, strictFileInteractability: false, timeouts: {implicit: 0, pageLoad: 300000, script: 30000}, unhandledPromptBehavior: dismiss and notify, webauthn:virtualAuthenticators: true}
Session ID: 3d480cd93b2b0be4e747e446e1b8ac5f
*** Element info: {Using=xpath, value=//a[@id=&apos;12&apos;]}
	at sun.reflect.NativeConstructorAccessorImpl.newInstance0(Native Method)
	at sun.reflect.NativeConstructorAccessorImpl.newInstance(NativeConstructorAccessorImpl.java:62)
	at sun.reflect.DelegatingConstructorAccessorImpl.newInstance(DelegatingConstructorAccessorImpl.java:45)
	at java.lang.reflect.Constructor.newInstance(Constructor.java:423)
	at org.openqa.selenium.remote.http.W3CHttpResponseCodec.createException(W3CHttpResponseCodec.java:187)
	at org.openqa.selenium.remote.http.W3CHttpResponseCodec.decode(W3CHttpResponseCodec.java:122)
	at org.openqa.selenium.remote.http.W3CHttpResponseCodec.decode(W3CHttpResponseCodec.java:49)
	at org.openqa.selenium.remote.HttpCommandExecutor.execute(HttpCommandExecutor.java:158)
	at org.openqa.selenium.remote.service.DriverCommandExecutor.execute(DriverCommandExecutor.java:83)
	at org.openqa.selenium.remote.RemoteWebDriver.execute(RemoteWebDriver.java:552)
	at org.openqa.selenium.remote.RemoteWebDriver.findElement(RemoteWebDriver.java:323)
	at org.openqa.selenium.remote.RemoteWebDriver.findElementByXPath(RemoteWebDriver.java:428)
	at org.openqa.selenium.By$ByXPath.findElement(By.java:353)
	at org.openqa.selenium.remote.RemoteWebDriver.findElement(RemoteWebDriver.java:315)
	at org.openqa.selenium.support.pagefactory.DefaultElementLocator.findElement(DefaultElementLocator.java:69)
	at org.openqa.selenium.support.pagefactory.internal.LocatingElementHandler.invoke(LocatingElementHandler.java:38)
	at com.sun.proxy.$Proxy10.click(Unknown Source)
	at com.quickmove.qa.pages.HomePage.clickonAccountModuleLink(HomePage.java:47)
	at com.quickmove.qa.testcases.VarifyaccountingtypeaddTest.setup(VarifyaccountingtypeaddTest.java:47)
	at sun.reflect.GeneratedMethodAccessor3.invoke(Unknown Source)
	at sun.reflect.DelegatingMethodAccessorImpl.invoke(DelegatingMethodAccessorImpl.java:43)
	at java.lang.reflect.Method.invoke(Method.java:498)
	at org.testng.internal.MethodInvocationHelper.invokeMethod(MethodInvocationHelper.java:135)
	at org.testng.internal.MethodInvocationHelper.invokeMethodConsideringTimeout(MethodInvocationHelper.java:64)
	at org.testng.internal.ConfigInvoker.invokeConfigurationMethod(ConfigInvoker.java:364)
	at org.testng.internal.ConfigInvoker.invokeConfigurations(ConfigInvoker.java:318)
	at org.testng.internal.TestInvoker.runConfigMethods(TestInvoker.java:700)
	at org.testng.internal.TestInvoker.invokeMethod(TestInvoker.java:527)
	at org.testng.internal.TestInvoker.invokeTestMethod(TestInvoker.java:174)
	at org.testng.internal.MethodRunner.runInSequence(MethodRunner.java:46)
	at org.testng.internal.TestInvoker$MethodInvocationAgent.invoke(TestInvoker.java:821)
	at org.testng.internal.TestInvoker.invokeTestMethods(TestInvoker.java:147)
	at org.testng.internal.TestMethodWorker.invokeTestMethods(TestMethodWorker.java:146)
	at org.testng.internal.TestMethodWorker.run(TestMethodWorker.java:128)
	at java.util.ArrayList.forEach(ArrayList.java:1257)
	at org.testng.TestRunner.privateRun(TestRunner.java:767)
	at org.testng.TestRunner.run(TestRunner.java:588)
	at org.testng.SuiteRunner.runTest(SuiteRunner.java:384)
	at org.testng.SuiteRunner.runSequentially(SuiteRunner.java:378)
	at org.testng.SuiteRunner.privateRun(SuiteRunner.java:337)
	at org.testng.SuiteRunner.run(SuiteRunner.java:286)
	at org.testng.SuiteRunnerWorker.runSuite(SuiteRunnerWorker.java:53)
	at org.testng.SuiteRunnerWorker.run(SuiteRunnerWorker.java:96)
	at org.testng.TestNG.runSuitesSequentially(TestNG.java:1214)
	at org.testng.TestNG.runSuitesLocally(TestNG.java:1136)
	at org.testng.TestNG.runSuites(TestNG.java:1066)
	at org.testng.TestNG.run(TestNG.java:1034)
	at org.testng.remote.AbstractRemoteTestNG.run(AbstractRemoteTestNG.java:115)
	at org.testng.remote.RemoteTestNG.initAndRun(RemoteTestNG.java:251)
	at org.testng.remote.RemoteTestNG.main(RemoteTestNG.java:77)
</pre></div><a href='#' onClick='toggleBox("stack-trace819939954", this, "Click to show all stack frames", "Click to hide stack frames")'>Click to show all stack frames</a>
<div class='stack-trace' id='stack-trace819939954'><pre>org.openqa.selenium.NoSuchElementException: no such element: Unable to locate element: {&quot;method&quot;:&quot;xpath&quot;,&quot;selector&quot;:&quot;//a[@id=&apos;12&apos;]&quot;}
  (Session info: chrome=84.0.4147.89)
For documentation on this error, please visit: https://www.seleniumhq.org/exceptions/no_such_element.html
Build info: version: &apos;3.141.59&apos;, revision: &apos;e82be7d358&apos;, time: &apos;2018-11-14T08:17:03&apos;
System info: host: &apos;DESKTOP-2PTS3ET&apos;, ip: &apos;192.168.0.102&apos;, os.name: &apos;Windows 10&apos;, os.arch: &apos;amd64&apos;, os.version: &apos;10.0&apos;, java.version: &apos;1.8.0_251&apos;
Driver info: org.openqa.selenium.chrome.ChromeDriver
Capabilities {acceptInsecureCerts: false, browserName: chrome, browserVersion: 84.0.4147.89, chrome: {chromedriverVersion: 83.0.4103.39 (ccbf011cb2d2b..., userDataDir: C:\Users\MYPC\AppData\Local...}, goog:chromeOptions: {debuggerAddress: localhost:60874}, javascriptEnabled: true, networkConnectionEnabled: false, pageLoadStrategy: normal, platform: WINDOWS, platformName: WINDOWS, proxy: Proxy(), setWindowRect: true, strictFileInteractability: false, timeouts: {implicit: 0, pageLoad: 300000, script: 30000}, unhandledPromptBehavior: dismiss and notify, webauthn:virtualAuthenticators: true}
Session ID: 3d480cd93b2b0be4e747e446e1b8ac5f
*** Element info: {Using=xpath, value=//a[@id=&apos;12&apos;]}
	at sun.reflect.NativeConstructorAccessorImpl.newInstance0(Native Method)
	at sun.reflect.NativeConstructorAccessorImpl.newInstance(NativeConstructorAccessorImpl.java:62)
	at sun.reflect.DelegatingConstructorAccessorImpl.newInstance(DelegatingConstructorAccessorImpl.java:45)
	at java.lang.reflect.Constructor.newInstance(Constructor.java:423)
	at org.openqa.selenium.remote.http.W3CHttpResponseCodec.createException(W3CHttpResponseCodec.java:187)
	at org.openqa.selenium.remote.http.W3CHttpResponseCodec.decode(W3CHttpResponseCodec.java:122)
	at org.openqa.selenium.remote.http.W3CHttpResponseCodec.decode(W3CHttpResponseCodec.java:49)
	at org.openqa.selenium.remote.HttpCommandExecutor.execute(HttpCommandExecutor.java:158)
	at org.openqa.selenium.remote.service.DriverCommandExecutor.execute(DriverCommandExecutor.java:83)
	at org.openqa.selenium.remote.RemoteWebDriver.execute(RemoteWebDriver.java:552)
	at org.openqa.selenium.remote.RemoteWebDriver.findElement(RemoteWebDriver.java:323)
	at org.openqa.selenium.remote.RemoteWebDriver.findElementByXPath(RemoteWebDriver.java:428)
	at org.openqa.selenium.By$ByXPath.findElement(By.java:353)
	at org.openqa.selenium.remote.RemoteWebDriver.findElement(RemoteWebDriver.java:315)
	at org.openqa.selenium.support.pagefactory.DefaultElementLocator.findElement(DefaultElementLocator.java:69)
	at org.openqa.selenium.support.pagefactory.internal.LocatingElementHandler.invoke(LocatingElementHandler.java:38)
	at com.sun.proxy.$Proxy10.click(Unknown Source)
	at com.quickmove.qa.pages.HomePage.clickonAccountModuleLink(HomePage.java:47)
	at com.quickmove.qa.testcases.VarifyaccountingtypeaddTest.setup(VarifyaccountingtypeaddTest.java:47)
	at sun.reflect.GeneratedMethodAccessor3.invoke(Unknown Source)
	at sun.reflect.DelegatingMethodAccessorImpl.invoke(DelegatingMethodAccessorImpl.java:43)
	at java.lang.reflect.Method.invoke(Method.java:498)
	at org.testng.internal.MethodInvocationHelper.invokeMethod(MethodInvocationHelper.java:135)
	at org.testng.internal.MethodInvocationHelper.invokeMethodConsideringTimeout(MethodInvocationHelper.java:64)
	at org.testng.internal.ConfigInvoker.invokeConfigurationMethod(ConfigInvoker.java:364)
	at org.testng.internal.ConfigInvoker.invokeConfigurations(ConfigInvoker.java:318)
	at org.testng.internal.TestInvoker.runConfigMethods(TestInvoker.java:700)
	at org.testng.internal.TestInvoker.invokeMethod(TestInvoker.java:527)
	at org.testng.internal.TestInvoker.invokeTestMethod(TestInvoker.java:174)
	at org.testng.internal.MethodRunner.runInSequence(MethodRunner.java:46)
	at org.testng.internal.TestInvoker$MethodInvocationAgent.invoke(TestInvoker.java:821)
	at org.testng.internal.TestInvoker.invokeTestMethods(TestInvoker.java:147)
	at org.testng.internal.TestMethodWorker.invokeTestMethods(TestMethodWorker.java:146)
	at org.testng.internal.TestMethodWorker.run(TestMethodWorker.java:128)
	at java.util.ArrayList.forEach(ArrayList.java:1257)
	at org.testng.TestRunner.privateRun(TestRunner.java:767)
	at org.testng.TestRunner.run(TestRunner.java:588)
	at org.testng.SuiteRunner.runTest(SuiteRunner.java:384)
	at org.testng.SuiteRunner.runSequentially(SuiteRunner.java:378)
	at org.testng.SuiteRunner.privateRun(SuiteRunner.java:337)
	at org.testng.SuiteRunner.run(SuiteRunner.java:286)
	at org.testng.SuiteRunnerWorker.runSuite(SuiteRunnerWorker.java:53)
	at org.testng.SuiteRunnerWorker.run(SuiteRunnerWorker.java:96)
	at org.testng.TestNG.runSuitesSequentially(TestNG.java:1214)
	at org.testng.TestNG.runSuitesLocally(TestNG.java:1136)
	at org.testng.TestNG.runSuites(TestNG.java:1066)
	at org.testng.TestNG.run(TestNG.java:1034)
	at org.testng.remote.AbstractRemoteTestNG.run(AbstractRemoteTestNG.java:115)
	at org.testng.remote.RemoteTestNG.initAndRun(RemoteTestNG.java:251)
	at org.testng.remote.RemoteTestNG.main(RemoteTestNG.java:77)
</pre></div></td>
<td>0</td>
<td>com.quickmove.qa.testcases.VarifyaccountingtypeaddTest@53f65459</td></tr>
</table><p>
</body>
</html>