<?xml version="1.0" encoding="UTF-8"?>
<!-- Generated by org.testng.reporters.JUnitReportReporter -->
<testsuite skipped="0" hostname="DESKTOP-2PTS3ET" name="com.quickmove.qa.testcases.Costingpagetest" tests="63" failures="0" timestamp="2020-07-24T17:09:38 IST" time="2793.136" errors="3">
  <testcase name="setup" time="19.021" classname="com.quickmove.qa.testcases.Costingpagetest"/>
  <system-out/>
  <testcase name="AddCostingprofile" time="45.089" classname="com.quickmove.qa.testcases.Costingpagetest"/>
  <system-out/>
  <testcase name="AddCostingprofile" time="45.512" classname="com.quickmove.qa.testcases.Costingpagetest"/>
  <system-out/>
  <testcase name="AddCostingprofile" time="45.556" classname="com.quickmove.qa.testcases.Costingpagetest"/>
  <system-out/>
  <testcase name="AddCostingprofile" time="46.101" classname="com.quickmove.qa.testcases.Costingpagetest"/>
  <system-out/>
  <testcase name="AddCostingprofile" time="47.248" classname="com.quickmove.qa.testcases.Costingpagetest"/>
  <system-out/>
  <testcase name="AddCostingprofile" time="46.740" classname="com.quickmove.qa.testcases.Costingpagetest"/>
  <system-out/>
  <testcase name="AddCostingprofile" time="46.641" classname="com.quickmove.qa.testcases.Costingpagetest"/>
  <system-out/>
  <testcase name="AddCostingprofile" time="47.784" classname="com.quickmove.qa.testcases.Costingpagetest"/>
  <system-out/>
  <testcase name="AddCostingprofile" time="44.975" classname="com.quickmove.qa.testcases.Costingpagetest"/>
  <system-out/>
  <testcase name="AddCostingprofile" time="47.516" classname="com.quickmove.qa.testcases.Costingpagetest"/>
  <system-out/>
  <testcase name="AddCostingprofile" time="48.684" classname="com.quickmove.qa.testcases.Costingpagetest"/>
  <system-out/>
  <testcase name="AddCostingprofile" time="49.829" classname="com.quickmove.qa.testcases.Costingpagetest"/>
  <system-out/>
  <testcase name="AddCostingprofile" time="48.905" classname="com.quickmove.qa.testcases.Costingpagetest"/>
  <system-out/>
  <testcase name="AddCostingprofile" time="10.149" classname="com.quickmove.qa.testcases.Costingpagetest">
    <error type="org.openqa.selenium.ElementNotInteractableException" message="element not interactable
  (Session info: chrome=84.0.4147.89)
Build info: version: &#039;3.141.59&#039;, revision: &#039;e82be7d358&#039;, time: &#039;2018-11-14T08:17:03&#039;
System info: host: &#039;DESKTOP-2PTS3ET&#039;, ip: &#039;192.168.0.102&#039;, os.name: &#039;Windows 10&#039;, os.arch: &#039;amd64&#039;, os.version: &#039;10.0&#039;, java.version: &#039;1.8.0_251&#039;
Driver info: org.openqa.selenium.chrome.ChromeDriver
Capabilities {acceptInsecureCerts: false, browserName: chrome, browserVersion: 84.0.4147.89, chrome: {chromedriverVersion: 83.0.4103.39 (ccbf011cb2d2b..., userDataDir: C:\Users\MYPC\AppData\Local...}, goog:chromeOptions: {debuggerAddress: localhost:53040}, javascriptEnabled: true, networkConnectionEnabled: false, pageLoadStrategy: normal, platform: WINDOWS, platformName: WINDOWS, proxy: Proxy(), setWindowRect: true, strictFileInteractability: false, timeouts: {implicit: 0, pageLoad: 300000, script: 30000}, unhandledPromptBehavior: dismiss and notify, webauthn:virtualAuthenticators: true}
Session ID: 877a01c4f91698e9c7c9f5091fc53fae">
      <![CDATA[org.openqa.selenium.ElementNotInteractableException: element not interactable
  (Session info: chrome=84.0.4147.89)
Build info: version: '3.141.59', revision: 'e82be7d358', time: '2018-11-14T08:17:03'
System info: host: 'DESKTOP-2PTS3ET', ip: '192.168.0.102', os.name: 'Windows 10', os.arch: 'amd64', os.version: '10.0', java.version: '1.8.0_251'
Driver info: org.openqa.selenium.chrome.ChromeDriver
Capabilities {acceptInsecureCerts: false, browserName: chrome, browserVersion: 84.0.4147.89, chrome: {chromedriverVersion: 83.0.4103.39 (ccbf011cb2d2b..., userDataDir: C:\Users\MYPC\AppData\Local...}, goog:chromeOptions: {debuggerAddress: localhost:53040}, javascriptEnabled: true, networkConnectionEnabled: false, pageLoadStrategy: normal, platform: WINDOWS, platformName: WINDOWS, proxy: Proxy(), setWindowRect: true, strictFileInteractability: false, timeouts: {implicit: 0, pageLoad: 300000, script: 30000}, unhandledPromptBehavior: dismiss and notify, webauthn:virtualAuthenticators: true}
Session ID: 877a01c4f91698e9c7c9f5091fc53fae
at sun.reflect.NativeConstructorAccessorImpl.newInstance0(Native Method)
at sun.reflect.NativeConstructorAccessorImpl.newInstance(NativeConstructorAccessorImpl.java:62)
at sun.reflect.DelegatingConstructorAccessorImpl.newInstance(DelegatingConstructorAccessorImpl.java:45)
at java.lang.reflect.Constructor.newInstance(Constructor.java:423)
at org.openqa.selenium.remote.http.W3CHttpResponseCodec.createException(W3CHttpResponseCodec.java:187)
at org.openqa.selenium.remote.http.W3CHttpResponseCodec.decode(W3CHttpResponseCodec.java:122)
at org.openqa.selenium.remote.http.W3CHttpResponseCodec.decode(W3CHttpResponseCodec.java:49)
at org.openqa.selenium.remote.HttpCommandExecutor.execute(HttpCommandExecutor.java:158)
at org.openqa.selenium.remote.service.DriverCommandExecutor.execute(DriverCommandExecutor.java:83)
at org.openqa.selenium.remote.RemoteWebDriver.execute(RemoteWebDriver.java:552)
at org.openqa.selenium.remote.RemoteWebElement.execute(RemoteWebElement.java:285)
at org.openqa.selenium.remote.RemoteWebElement.sendKeys(RemoteWebElement.java:106)
at sun.reflect.GeneratedMethodAccessor2.invoke(Unknown Source)
at sun.reflect.DelegatingMethodAccessorImpl.invoke(DelegatingMethodAccessorImpl.java:43)
at java.lang.reflect.Method.invoke(Method.java:498)
at org.openqa.selenium.support.pagefactory.internal.LocatingElementHandler.invoke(LocatingElementHandler.java:51)
at com.sun.proxy.$Proxy9.sendKeys(Unknown Source)
at com.quickmove.qa.pages.CostingProfilePage.EnterSubactivityName(CostingProfilePage.java:49)
at com.quickmove.qa.testcases.Costingpagetest.AddCostingprofile(Costingpagetest.java:71)
at sun.reflect.GeneratedMethodAccessor4.invoke(Unknown Source)
at sun.reflect.DelegatingMethodAccessorImpl.invoke(DelegatingMethodAccessorImpl.java:43)
at java.lang.reflect.Method.invoke(Method.java:498)
at org.testng.internal.MethodInvocationHelper.invokeMethod(MethodInvocationHelper.java:135)
at org.testng.internal.TestInvoker.invokeMethod(TestInvoker.java:598)
at org.testng.internal.TestInvoker.invokeTestMethod(TestInvoker.java:174)
at org.testng.internal.MethodRunner.runInSequence(MethodRunner.java:46)
at org.testng.internal.TestInvoker$MethodInvocationAgent.invoke(TestInvoker.java:821)
at org.testng.internal.TestInvoker.invokeTestMethods(TestInvoker.java:147)
at org.testng.internal.TestMethodWorker.invokeTestMethods(TestMethodWorker.java:146)
at org.testng.internal.TestMethodWorker.run(TestMethodWorker.java:128)
at java.util.ArrayList.forEach(ArrayList.java:1257)
at org.testng.TestRunner.privateRun(TestRunner.java:767)
at org.testng.TestRunner.run(TestRunner.java:588)
at org.testng.SuiteRunner.runTest(SuiteRunner.java:384)
at org.testng.SuiteRunner.runSequentially(SuiteRunner.java:378)
at org.testng.SuiteRunner.privateRun(SuiteRunner.java:337)
at org.testng.SuiteRunner.run(SuiteRunner.java:286)
at org.testng.SuiteRunnerWorker.runSuite(SuiteRunnerWorker.java:53)
at org.testng.SuiteRunnerWorker.run(SuiteRunnerWorker.java:96)
at org.testng.TestNG.runSuitesSequentially(TestNG.java:1214)
at org.testng.TestNG.runSuitesLocally(TestNG.java:1136)
at org.testng.TestNG.runSuites(TestNG.java:1066)
at org.testng.TestNG.run(TestNG.java:1034)
at org.testng.remote.AbstractRemoteTestNG.run(AbstractRemoteTestNG.java:115)
at org.testng.remote.RemoteTestNG.initAndRun(RemoteTestNG.java:251)
at org.testng.remote.RemoteTestNG.main(RemoteTestNG.java:77)
]]>
    </error>
  </testcase> <!-- AddCostingprofile -->
  <system-out/>
  <testcase name="AddCostingprofile" time="46.061" classname="com.quickmove.qa.testcases.Costingpagetest"/>
  <system-out/>
  <testcase name="AddCostingprofile" time="45.155" classname="com.quickmove.qa.testcases.Costingpagetest"/>
  <system-out/>
  <testcase name="AddCostingprofile" time="47.030" classname="com.quickmove.qa.testcases.Costingpagetest"/>
  <system-out/>
  <testcase name="AddCostingprofile" time="50.751" classname="com.quickmove.qa.testcases.Costingpagetest"/>
  <system-out/>
  <testcase name="AddCostingprofile" time="45.978" classname="com.quickmove.qa.testcases.Costingpagetest"/>
  <system-out/>
  <testcase name="AddCostingprofile" time="44.828" classname="com.quickmove.qa.testcases.Costingpagetest"/>
  <system-out/>
  <testcase name="AddCostingprofile" time="0.651" classname="com.quickmove.qa.testcases.Costingpagetest">
    <error type="org.openqa.selenium.StaleElementReferenceException" message="stale element reference: element is not attached to the page document
  (Session info: chrome=84.0.4147.89)
For documentation on this error, please visit: https://www.seleniumhq.org/exceptions/stale_element_reference.html
Build info: version: &#039;3.141.59&#039;, revision: &#039;e82be7d358&#039;, time: &#039;2018-11-14T08:17:03&#039;
System info: host: &#039;DESKTOP-2PTS3ET&#039;, ip: &#039;192.168.0.102&#039;, os.name: &#039;Windows 10&#039;, os.arch: &#039;amd64&#039;, os.version: &#039;10.0&#039;, java.version: &#039;1.8.0_251&#039;
Driver info: org.openqa.selenium.chrome.ChromeDriver
Capabilities {acceptInsecureCerts: false, browserName: chrome, browserVersion: 84.0.4147.89, chrome: {chromedriverVersion: 83.0.4103.39 (ccbf011cb2d2b..., userDataDir: C:\Users\MYPC\AppData\Local...}, goog:chromeOptions: {debuggerAddress: localhost:53040}, javascriptEnabled: true, networkConnectionEnabled: false, pageLoadStrategy: normal, platform: WINDOWS, platformName: WINDOWS, proxy: Proxy(), setWindowRect: true, strictFileInteractability: false, timeouts: {implicit: 0, pageLoad: 300000, script: 30000}, unhandledPromptBehavior: dismiss and notify, webauthn:virtualAuthenticators: true}
Session ID: 877a01c4f91698e9c7c9f5091fc53fae">
      <![CDATA[org.openqa.selenium.StaleElementReferenceException: stale element reference: element is not attached to the page document
  (Session info: chrome=84.0.4147.89)
For documentation on this error, please visit: https://www.seleniumhq.org/exceptions/stale_element_reference.html
Build info: version: '3.141.59', revision: 'e82be7d358', time: '2018-11-14T08:17:03'
System info: host: 'DESKTOP-2PTS3ET', ip: '192.168.0.102', os.name: 'Windows 10', os.arch: 'amd64', os.version: '10.0', java.version: '1.8.0_251'
Driver info: org.openqa.selenium.chrome.ChromeDriver
Capabilities {acceptInsecureCerts: false, browserName: chrome, browserVersion: 84.0.4147.89, chrome: {chromedriverVersion: 83.0.4103.39 (ccbf011cb2d2b..., userDataDir: C:\Users\MYPC\AppData\Local...}, goog:chromeOptions: {debuggerAddress: localhost:53040}, javascriptEnabled: true, networkConnectionEnabled: false, pageLoadStrategy: normal, platform: WINDOWS, platformName: WINDOWS, proxy: Proxy(), setWindowRect: true, strictFileInteractability: false, timeouts: {implicit: 0, pageLoad: 300000, script: 30000}, unhandledPromptBehavior: dismiss and notify, webauthn:virtualAuthenticators: true}
Session ID: 877a01c4f91698e9c7c9f5091fc53fae
at sun.reflect.NativeConstructorAccessorImpl.newInstance0(Native Method)
at sun.reflect.NativeConstructorAccessorImpl.newInstance(NativeConstructorAccessorImpl.java:62)
at sun.reflect.DelegatingConstructorAccessorImpl.newInstance(DelegatingConstructorAccessorImpl.java:45)
at java.lang.reflect.Constructor.newInstance(Constructor.java:423)
at org.openqa.selenium.remote.http.W3CHttpResponseCodec.createException(W3CHttpResponseCodec.java:187)
at org.openqa.selenium.remote.http.W3CHttpResponseCodec.decode(W3CHttpResponseCodec.java:122)
at org.openqa.selenium.remote.http.W3CHttpResponseCodec.decode(W3CHttpResponseCodec.java:49)
at org.openqa.selenium.remote.HttpCommandExecutor.execute(HttpCommandExecutor.java:158)
at org.openqa.selenium.remote.service.DriverCommandExecutor.execute(DriverCommandExecutor.java:83)
at org.openqa.selenium.remote.RemoteWebDriver.execute(RemoteWebDriver.java:552)
at org.openqa.selenium.remote.RemoteWebElement.execute(RemoteWebElement.java:285)
at org.openqa.selenium.remote.RemoteWebElement.click(RemoteWebElement.java:84)
at sun.reflect.GeneratedMethodAccessor1.invoke(Unknown Source)
at sun.reflect.DelegatingMethodAccessorImpl.invoke(DelegatingMethodAccessorImpl.java:43)
at java.lang.reflect.Method.invoke(Method.java:498)
at org.openqa.selenium.support.pagefactory.internal.LocatingElementHandler.invoke(LocatingElementHandler.java:51)
at com.sun.proxy.$Proxy9.click(Unknown Source)
at com.quickmove.qa.pages.CostingProfilePage.ClickonAddcostingBtton(CostingProfilePage.java:209)
at com.quickmove.qa.testcases.Costingpagetest.AddCostingprofile(Costingpagetest.java:64)
at sun.reflect.NativeMethodAccessorImpl.invoke0(Native Method)
at sun.reflect.NativeMethodAccessorImpl.invoke(NativeMethodAccessorImpl.java:62)
at sun.reflect.DelegatingMethodAccessorImpl.invoke(DelegatingMethodAccessorImpl.java:43)
at java.lang.reflect.Method.invoke(Method.java:498)
at org.testng.internal.MethodInvocationHelper.invokeMethod(MethodInvocationHelper.java:135)
at org.testng.internal.TestInvoker.invokeMethod(TestInvoker.java:598)
at org.testng.internal.TestInvoker.invokeTestMethod(TestInvoker.java:174)
at org.testng.internal.MethodRunner.runInSequence(MethodRunner.java:46)
at org.testng.internal.TestInvoker$MethodInvocationAgent.invoke(TestInvoker.java:821)
at org.testng.internal.TestInvoker.invokeTestMethods(TestInvoker.java:147)
at org.testng.internal.TestMethodWorker.invokeTestMethods(TestMethodWorker.java:146)
at org.testng.internal.TestMethodWorker.run(TestMethodWorker.java:128)
at java.util.ArrayList.forEach(ArrayList.java:1257)
at org.testng.TestRunner.privateRun(TestRunner.java:767)
at org.testng.TestRunner.run(TestRunner.java:588)
at org.testng.SuiteRunner.runTest(SuiteRunner.java:384)
at org.testng.SuiteRunner.runSequentially(SuiteRunner.java:378)
at org.testng.SuiteRunner.privateRun(SuiteRunner.java:337)
at org.testng.SuiteRunner.run(SuiteRunner.java:286)
at org.testng.SuiteRunnerWorker.runSuite(SuiteRunnerWorker.java:53)
at org.testng.SuiteRunnerWorker.run(SuiteRunnerWorker.java:96)
at org.testng.TestNG.runSuitesSequentially(TestNG.java:1214)
at org.testng.TestNG.runSuitesLocally(TestNG.java:1136)
at org.testng.TestNG.runSuites(TestNG.java:1066)
at org.testng.TestNG.run(TestNG.java:1034)
at org.testng.remote.AbstractRemoteTestNG.run(AbstractRemoteTestNG.java:115)
at org.testng.remote.RemoteTestNG.initAndRun(RemoteTestNG.java:251)
at org.testng.remote.RemoteTestNG.main(RemoteTestNG.java:77)
]]>
    </error>
  </testcase> <!-- AddCostingprofile -->
  <system-out/>
  <testcase name="AddCostingprofile" time="47.604" classname="com.quickmove.qa.testcases.Costingpagetest"/>
  <system-out/>
  <testcase name="AddCostingprofile" time="46.623" classname="com.quickmove.qa.testcases.Costingpagetest"/>
  <system-out/>
  <testcase name="AddCostingprofile" time="48.180" classname="com.quickmove.qa.testcases.Costingpagetest"/>
  <system-out/>
  <testcase name="AddCostingprofile" time="44.436" classname="com.quickmove.qa.testcases.Costingpagetest"/>
  <system-out/>
  <testcase name="AddCostingprofile" time="49.845" classname="com.quickmove.qa.testcases.Costingpagetest"/>
  <system-out/>
  <testcase name="AddCostingprofile" time="47.478" classname="com.quickmove.qa.testcases.Costingpagetest"/>
  <system-out/>
  <testcase name="AddCostingprofile" time="16.572" classname="com.quickmove.qa.testcases.Costingpagetest">
    <error type="org.openqa.selenium.ElementClickInterceptedException" message="element click intercepted: Element &lt;select name=&quot;ctl00$ContentPlaceHolder1$ddlShippingType&quot; id=&quot;ctl00_ContentPlaceHolder1_ddlShippingType&quot; class=&quot;ddl txtddlCommon&quot; tabindex=&quot;-1&quot;&gt;...&lt;/select&gt; is not clickable at point (1014, 191). Other element would receive the click: &lt;div id=&quot;ctl00_ContentPlaceHolder1_modalPopup_backgroundElement&quot; style=&quot;position: fixed; left: 0px; top: 0px; z-index: 10000; width: 1366px; height: 613px;&quot;&gt;&lt;/div&gt;
  (Session info: chrome=84.0.4147.89)
Build info: version: &#039;3.141.59&#039;, revision: &#039;e82be7d358&#039;, time: &#039;2018-11-14T08:17:03&#039;
System info: host: &#039;DESKTOP-2PTS3ET&#039;, ip: &#039;192.168.0.102&#039;, os.name: &#039;Windows 10&#039;, os.arch: &#039;amd64&#039;, os.version: &#039;10.0&#039;, java.version: &#039;1.8.0_251&#039;
Driver info: org.openqa.selenium.chrome.ChromeDriver
Capabilities {acceptInsecureCerts: false, browserName: chrome, browserVersion: 84.0.4147.89, chrome: {chromedriverVersion: 83.0.4103.39 (ccbf011cb2d2b..., userDataDir: C:\Users\MYPC\AppData\Local...}, goog:chromeOptions: {debuggerAddress: localhost:53040}, javascriptEnabled: true, networkConnectionEnabled: false, pageLoadStrategy: normal, platform: WINDOWS, platformName: WINDOWS, proxy: Proxy(), setWindowRect: true, strictFileInteractability: false, timeouts: {implicit: 0, pageLoad: 300000, script: 30000}, unhandledPromptBehavior: dismiss and notify, webauthn:virtualAuthenticators: true}
Session ID: 877a01c4f91698e9c7c9f5091fc53fae">
      <![CDATA[org.openqa.selenium.ElementClickInterceptedException: element click intercepted: Element <select name="ctl00$ContentPlaceHolder1$ddlShippingType" id="ctl00_ContentPlaceHolder1_ddlShippingType" class="ddl txtddlCommon" tabindex="-1">...</select> is not clickable at point (1014, 191). Other element would receive the click: <div id="ctl00_ContentPlaceHolder1_modalPopup_backgroundElement" style="position: fixed; left: 0px; top: 0px; z-index: 10000; width: 1366px; height: 613px;"></div>
  (Session info: chrome=84.0.4147.89)
Build info: version: '3.141.59', revision: 'e82be7d358', time: '2018-11-14T08:17:03'
System info: host: 'DESKTOP-2PTS3ET', ip: '192.168.0.102', os.name: 'Windows 10', os.arch: 'amd64', os.version: '10.0', java.version: '1.8.0_251'
Driver info: org.openqa.selenium.chrome.ChromeDriver
Capabilities {acceptInsecureCerts: false, browserName: chrome, browserVersion: 84.0.4147.89, chrome: {chromedriverVersion: 83.0.4103.39 (ccbf011cb2d2b..., userDataDir: C:\Users\MYPC\AppData\Local...}, goog:chromeOptions: {debuggerAddress: localhost:53040}, javascriptEnabled: true, networkConnectionEnabled: false, pageLoadStrategy: normal, platform: WINDOWS, platformName: WINDOWS, proxy: Proxy(), setWindowRect: true, strictFileInteractability: false, timeouts: {implicit: 0, pageLoad: 300000, script: 30000}, unhandledPromptBehavior: dismiss and notify, webauthn:virtualAuthenticators: true}
Session ID: 877a01c4f91698e9c7c9f5091fc53fae
at sun.reflect.NativeConstructorAccessorImpl.newInstance0(Native Method)
at sun.reflect.NativeConstructorAccessorImpl.newInstance(NativeConstructorAccessorImpl.java:62)
at sun.reflect.DelegatingConstructorAccessorImpl.newInstance(DelegatingConstructorAccessorImpl.java:45)
at java.lang.reflect.Constructor.newInstance(Constructor.java:423)
at org.openqa.selenium.remote.http.W3CHttpResponseCodec.createException(W3CHttpResponseCodec.java:187)
at org.openqa.selenium.remote.http.W3CHttpResponseCodec.decode(W3CHttpResponseCodec.java:122)
at org.openqa.selenium.remote.http.W3CHttpResponseCodec.decode(W3CHttpResponseCodec.java:49)
at org.openqa.selenium.remote.HttpCommandExecutor.execute(HttpCommandExecutor.java:158)
at org.openqa.selenium.remote.service.DriverCommandExecutor.execute(DriverCommandExecutor.java:83)
at org.openqa.selenium.remote.RemoteWebDriver.execute(RemoteWebDriver.java:552)
at org.openqa.selenium.remote.RemoteWebElement.execute(RemoteWebElement.java:285)
at org.openqa.selenium.remote.RemoteWebElement.click(RemoteWebElement.java:84)
at sun.reflect.GeneratedMethodAccessor1.invoke(Unknown Source)
at sun.reflect.DelegatingMethodAccessorImpl.invoke(DelegatingMethodAccessorImpl.java:43)
at java.lang.reflect.Method.invoke(Method.java:498)
at org.openqa.selenium.support.pagefactory.internal.LocatingElementHandler.invoke(LocatingElementHandler.java:51)
at com.sun.proxy.$Proxy9.click(Unknown Source)
at com.quickmove.qa.pages.CostingProfilePage.SelectShipmentype(CostingProfilePage.java:141)
at com.quickmove.qa.testcases.Costingpagetest.AddCostingprofile(Costingpagetest.java:78)
at sun.reflect.NativeMethodAccessorImpl.invoke0(Native Method)
at sun.reflect.NativeMethodAccessorImpl.invoke(NativeMethodAccessorImpl.java:62)
at sun.reflect.DelegatingMethodAccessorImpl.invoke(DelegatingMethodAccessorImpl.java:43)
at java.lang.reflect.Method.invoke(Method.java:498)
at org.testng.internal.MethodInvocationHelper.invokeMethod(MethodInvocationHelper.java:135)
at org.testng.internal.TestInvoker.invokeMethod(TestInvoker.java:598)
at org.testng.internal.TestInvoker.invokeTestMethod(TestInvoker.java:174)
at org.testng.internal.MethodRunner.runInSequence(MethodRunner.java:46)
at org.testng.internal.TestInvoker$MethodInvocationAgent.invoke(TestInvoker.java:821)
at org.testng.internal.TestInvoker.invokeTestMethods(TestInvoker.java:147)
at org.testng.internal.TestMethodWorker.invokeTestMethods(TestMethodWorker.java:146)
at org.testng.internal.TestMethodWorker.run(TestMethodWorker.java:128)
at java.util.ArrayList.forEach(ArrayList.java:1257)
at org.testng.TestRunner.privateRun(TestRunner.java:767)
at org.testng.TestRunner.run(TestRunner.java:588)
at org.testng.SuiteRunner.runTest(SuiteRunner.java:384)
at org.testng.SuiteRunner.runSequentially(SuiteRunner.java:378)
at org.testng.SuiteRunner.privateRun(SuiteRunner.java:337)
at org.testng.SuiteRunner.run(SuiteRunner.java:286)
at org.testng.SuiteRunnerWorker.runSuite(SuiteRunnerWorker.java:53)
at org.testng.SuiteRunnerWorker.run(SuiteRunnerWorker.java:96)
at org.testng.TestNG.runSuitesSequentially(TestNG.java:1214)
at org.testng.TestNG.runSuitesLocally(TestNG.java:1136)
at org.testng.TestNG.runSuites(TestNG.java:1066)
at org.testng.TestNG.run(TestNG.java:1034)
at org.testng.remote.AbstractRemoteTestNG.run(AbstractRemoteTestNG.java:115)
at org.testng.remote.RemoteTestNG.initAndRun(RemoteTestNG.java:251)
at org.testng.remote.RemoteTestNG.main(RemoteTestNG.java:77)
]]>
    </error>
  </testcase> <!-- AddCostingprofile -->
  <system-out/>
  <testcase name="AddCostingprofile" time="45.919" classname="com.quickmove.qa.testcases.Costingpagetest"/>
  <system-out/>
  <testcase name="AddCostingprofile" time="44.838" classname="com.quickmove.qa.testcases.Costingpagetest"/>
  <system-out/>
  <testcase name="AddCostingprofile" time="48.375" classname="com.quickmove.qa.testcases.Costingpagetest"/>
  <system-out/>
  <testcase name="AddCostingprofile" time="45.077" classname="com.quickmove.qa.testcases.Costingpagetest"/>
  <system-out/>
  <testcase name="AddCostingprofile" time="45.331" classname="com.quickmove.qa.testcases.Costingpagetest"/>
  <system-out/>
  <testcase name="AddCostingprofile" time="46.938" classname="com.quickmove.qa.testcases.Costingpagetest"/>
  <system-out/>
  <testcase name="AddCostingprofile" time="45.007" classname="com.quickmove.qa.testcases.Costingpagetest"/>
  <system-out/>
  <testcase name="AddCostingprofile" time="48.144" classname="com.quickmove.qa.testcases.Costingpagetest"/>
  <system-out/>
  <testcase name="AddCostingprofile" time="45.822" classname="com.quickmove.qa.testcases.Costingpagetest"/>
  <system-out/>
  <testcase name="AddCostingprofile" time="49.659" classname="com.quickmove.qa.testcases.Costingpagetest"/>
  <system-out/>
  <testcase name="AddCostingprofile" time="47.602" classname="com.quickmove.qa.testcases.Costingpagetest"/>
  <system-out/>
  <testcase name="AddCostingprofile" time="45.510" classname="com.quickmove.qa.testcases.Costingpagetest"/>
  <system-out/>
  <testcase name="AddCostingprofile" time="47.363" classname="com.quickmove.qa.testcases.Costingpagetest"/>
  <system-out/>
  <testcase name="AddCostingprofile" time="45.875" classname="com.quickmove.qa.testcases.Costingpagetest"/>
  <system-out/>
  <testcase name="AddCostingprofile" time="46.602" classname="com.quickmove.qa.testcases.Costingpagetest"/>
  <system-out/>
  <testcase name="AddCostingprofile" time="44.352" classname="com.quickmove.qa.testcases.Costingpagetest"/>
  <system-out/>
  <testcase name="AddCostingprofile" time="45.608" classname="com.quickmove.qa.testcases.Costingpagetest"/>
  <system-out/>
  <testcase name="AddCostingprofile" time="47.230" classname="com.quickmove.qa.testcases.Costingpagetest"/>
  <system-out/>
  <testcase name="AddCostingprofile" time="46.331" classname="com.quickmove.qa.testcases.Costingpagetest"/>
  <system-out/>
  <testcase name="AddCostingprofile" time="47.311" classname="com.quickmove.qa.testcases.Costingpagetest"/>
  <system-out/>
  <testcase name="AddCostingprofile" time="45.494" classname="com.quickmove.qa.testcases.Costingpagetest"/>
  <system-out/>
  <testcase name="AddCostingprofile" time="46.169" classname="com.quickmove.qa.testcases.Costingpagetest"/>
  <system-out/>
  <testcase name="AddCostingprofile" time="44.867" classname="com.quickmove.qa.testcases.Costingpagetest"/>
  <system-out/>
  <testcase name="AddCostingprofile" time="45.124" classname="com.quickmove.qa.testcases.Costingpagetest"/>
  <system-out/>
  <testcase name="AddCostingprofile" time="44.946" classname="com.quickmove.qa.testcases.Costingpagetest"/>
  <system-out/>
  <testcase name="AddCostingprofile" time="45.470" classname="com.quickmove.qa.testcases.Costingpagetest"/>
  <system-out/>
  <testcase name="AddCostingprofile" time="45.935" classname="com.quickmove.qa.testcases.Costingpagetest"/>
  <system-out/>
  <testcase name="AddCostingprofile" time="45.883" classname="com.quickmove.qa.testcases.Costingpagetest"/>
  <system-out/>
  <testcase name="AddCostingprofile" time="44.631" classname="com.quickmove.qa.testcases.Costingpagetest"/>
  <system-out/>
  <testcase name="AddCostingprofile" time="46.034" classname="com.quickmove.qa.testcases.Costingpagetest"/>
  <system-out/>
  <testcase name="AddCostingprofile" time="46.347" classname="com.quickmove.qa.testcases.Costingpagetest"/>
  <system-out/>
  <testcase name="AddCostingprofile" time="46.425" classname="com.quickmove.qa.testcases.Costingpagetest"/>
  <system-out/>
  <testcase name="AddCostingprofile" time="49.330" classname="com.quickmove.qa.testcases.Costingpagetest"/>
  <system-out/>
  <testcase name="AddCostingprofile" time="46.645" classname="com.quickmove.qa.testcases.Costingpagetest"/>
  <system-out/>
</testsuite> <!-- com.quickmove.qa.testcases.Costingpagetest -->
