<?xml version="1.0" encoding="UTF-8"?>
<!-- Generated by org.testng.reporters.JUnitReportReporter -->
<testsuite skipped="0" hostname="DESKTOP-2PTS3ET" name="com.quickmove.qa.testcases.MasterPrefixTest" tests="73" failures="0" timestamp="2020-07-02T18:45:34 IST" time="1443.204" errors="7">
  <testcase name="varifymasterprefix" time="21.283" classname="com.quickmove.qa.testcases.MasterPrefixTest"/>
  <system-out/>
  <testcase name="varifymasterprefix" time="20.411" classname="com.quickmove.qa.testcases.MasterPrefixTest"/>
  <system-out/>
  <testcase name="varifymasterprefix" time="21.846" classname="com.quickmove.qa.testcases.MasterPrefixTest"/>
  <system-out/>
  <testcase name="varifymasterprefix" time="21.365" classname="com.quickmove.qa.testcases.MasterPrefixTest"/>
  <system-out/>
  <testcase name="varifymasterprefix" time="20.790" classname="com.quickmove.qa.testcases.MasterPrefixTest">
    <error type="org.openqa.selenium.ElementClickInterceptedException" message="element click intercepted: Element &lt;a id=&quot;ctl00_ContentPlaceHolder1_ibtnRefresh&quot; title=&quot;Search&quot; class=&quot;icon-SearchIcon&quot; href=&quot;javascript:__doPostBack(&#039;ctl00$ContentPlaceHolder1$ibtnRefresh&#039;,&#039;&#039;)&quot; style=&quot;display:inline-block;height:20px;width:20px;&quot;&gt;&lt;/a&gt; is not clickable at point (896, 90). Other element would receive the click: &lt;input name=&quot;ctl00$ContentPlaceHolder1$txtSearch&quot; type=&quot;text&quot; id=&quot;ctl00_ContentPlaceHolder1_txtSearch&quot; class=&quot;txtBox&quot; autocomplete=&quot;off&quot; placeholder=&quot;Search&quot;&gt;
  (Session info: chrome=83.0.4103.116)
Build info: version: &#039;3.141.59&#039;, revision: &#039;e82be7d358&#039;, time: &#039;2018-11-14T08:17:03&#039;
System info: host: &#039;DESKTOP-2PTS3ET&#039;, ip: &#039;192.168.0.105&#039;, os.name: &#039;Windows 10&#039;, os.arch: &#039;amd64&#039;, os.version: &#039;10.0&#039;, java.version: &#039;1.8.0_251&#039;
Driver info: org.openqa.selenium.chrome.ChromeDriver
Capabilities {acceptInsecureCerts: false, browserName: chrome, browserVersion: 83.0.4103.116, chrome: {chromedriverVersion: 83.0.4103.39 (ccbf011cb2d2b..., userDataDir: C:\Users\MYPC\AppData\Local...}, goog:chromeOptions: {debuggerAddress: localhost:60095}, javascriptEnabled: true, networkConnectionEnabled: false, pageLoadStrategy: normal, platform: WINDOWS, platformName: WINDOWS, proxy: Proxy(), setWindowRect: true, strictFileInteractability: false, timeouts: {implicit: 0, pageLoad: 300000, script: 30000}, unhandledPromptBehavior: dismiss and notify, webauthn:virtualAuthenticators: true}
Session ID: 39ab918c4a29e48222d028cede8b02ef">
      <![CDATA[org.openqa.selenium.ElementClickInterceptedException: element click intercepted: Element <a id="ctl00_ContentPlaceHolder1_ibtnRefresh" title="Search" class="icon-SearchIcon" href="javascript:__doPostBack('ctl00$ContentPlaceHolder1$ibtnRefresh','')" style="display:inline-block;height:20px;width:20px;"></a> is not clickable at point (896, 90). Other element would receive the click: <input name="ctl00$ContentPlaceHolder1$txtSearch" type="text" id="ctl00_ContentPlaceHolder1_txtSearch" class="txtBox" autocomplete="off" placeholder="Search">
  (Session info: chrome=83.0.4103.116)
Build info: version: '3.141.59', revision: 'e82be7d358', time: '2018-11-14T08:17:03'
System info: host: 'DESKTOP-2PTS3ET', ip: '192.168.0.105', os.name: 'Windows 10', os.arch: 'amd64', os.version: '10.0', java.version: '1.8.0_251'
Driver info: org.openqa.selenium.chrome.ChromeDriver
Capabilities {acceptInsecureCerts: false, browserName: chrome, browserVersion: 83.0.4103.116, chrome: {chromedriverVersion: 83.0.4103.39 (ccbf011cb2d2b..., userDataDir: C:\Users\MYPC\AppData\Local...}, goog:chromeOptions: {debuggerAddress: localhost:60095}, javascriptEnabled: true, networkConnectionEnabled: false, pageLoadStrategy: normal, platform: WINDOWS, platformName: WINDOWS, proxy: Proxy(), setWindowRect: true, strictFileInteractability: false, timeouts: {implicit: 0, pageLoad: 300000, script: 30000}, unhandledPromptBehavior: dismiss and notify, webauthn:virtualAuthenticators: true}
Session ID: 39ab918c4a29e48222d028cede8b02ef
at sun.reflect.NativeConstructorAccessorImpl.newInstance0(Native Method)
at sun.reflect.NativeConstructorAccessorImpl.newInstance(Unknown Source)
at sun.reflect.DelegatingConstructorAccessorImpl.newInstance(Unknown Source)
at java.lang.reflect.Constructor.newInstance(Unknown Source)
at org.openqa.selenium.remote.http.W3CHttpResponseCodec.createException(W3CHttpResponseCodec.java:187)
at org.openqa.selenium.remote.http.W3CHttpResponseCodec.decode(W3CHttpResponseCodec.java:122)
at org.openqa.selenium.remote.http.W3CHttpResponseCodec.decode(W3CHttpResponseCodec.java:49)
at org.openqa.selenium.remote.HttpCommandExecutor.execute(HttpCommandExecutor.java:158)
at org.openqa.selenium.remote.service.DriverCommandExecutor.execute(DriverCommandExecutor.java:83)
at org.openqa.selenium.remote.RemoteWebDriver.execute(RemoteWebDriver.java:552)
at org.openqa.selenium.remote.RemoteWebElement.execute(RemoteWebElement.java:285)
at org.openqa.selenium.remote.RemoteWebElement.click(RemoteWebElement.java:84)
at sun.reflect.GeneratedMethodAccessor1.invoke(Unknown Source)
at sun.reflect.DelegatingMethodAccessorImpl.invoke(Unknown Source)
at java.lang.reflect.Method.invoke(Unknown Source)
at org.openqa.selenium.support.pagefactory.internal.LocatingElementHandler.invoke(LocatingElementHandler.java:51)
at com.sun.proxy.$Proxy10.click(Unknown Source)
at com.quickmove.qa.pages.MasterPrefixPage.ClickonSearch(MasterPrefixPage.java:43)
at com.quickmove.qa.testcases.MasterPrefixTest.varifymasterprefix(MasterPrefixTest.java:56)
at sun.reflect.GeneratedMethodAccessor4.invoke(Unknown Source)
at sun.reflect.DelegatingMethodAccessorImpl.invoke(Unknown Source)
at java.lang.reflect.Method.invoke(Unknown Source)
at org.testng.internal.MethodInvocationHelper.invokeMethod(MethodInvocationHelper.java:135)
at org.testng.internal.TestInvoker.invokeMethod(TestInvoker.java:598)
at org.testng.internal.TestInvoker.invokeTestMethod(TestInvoker.java:174)
at org.testng.internal.MethodRunner.runInSequence(MethodRunner.java:46)
at org.testng.internal.TestInvoker$MethodInvocationAgent.invoke(TestInvoker.java:821)
at org.testng.internal.TestInvoker.invokeTestMethods(TestInvoker.java:147)
at org.testng.internal.TestMethodWorker.invokeTestMethods(TestMethodWorker.java:146)
at org.testng.internal.TestMethodWorker.run(TestMethodWorker.java:128)
at java.util.ArrayList.forEach(Unknown Source)
at org.testng.TestRunner.privateRun(TestRunner.java:767)
at org.testng.TestRunner.run(TestRunner.java:588)
at org.testng.SuiteRunner.runTest(SuiteRunner.java:384)
at org.testng.SuiteRunner.runSequentially(SuiteRunner.java:378)
at org.testng.SuiteRunner.privateRun(SuiteRunner.java:337)
at org.testng.SuiteRunner.run(SuiteRunner.java:286)
at org.testng.SuiteRunnerWorker.runSuite(SuiteRunnerWorker.java:53)
at org.testng.SuiteRunnerWorker.run(SuiteRunnerWorker.java:96)
at org.testng.TestNG.runSuitesSequentially(TestNG.java:1214)
at org.testng.TestNG.runSuitesLocally(TestNG.java:1136)
at org.testng.TestNG.runSuites(TestNG.java:1066)
at org.testng.TestNG.run(TestNG.java:1034)
at org.testng.remote.AbstractRemoteTestNG.run(AbstractRemoteTestNG.java:115)
at org.testng.remote.RemoteTestNG.initAndRun(RemoteTestNG.java:251)
at org.testng.remote.RemoteTestNG.main(RemoteTestNG.java:77)
]]>
    </error>
  </testcase> <!-- varifymasterprefix -->
  <system-out/>
  <testcase name="varifymasterprefix" time="19.594" classname="com.quickmove.qa.testcases.MasterPrefixTest"/>
  <system-out/>
  <testcase name="varifymasterprefix" time="19.718" classname="com.quickmove.qa.testcases.MasterPrefixTest"/>
  <system-out/>
  <testcase name="varifymasterprefix" time="20.768" classname="com.quickmove.qa.testcases.MasterPrefixTest"/>
  <system-out/>
  <testcase name="varifymasterprefix" time="19.533" classname="com.quickmove.qa.testcases.MasterPrefixTest"/>
  <system-out/>
  <testcase name="varifymasterprefix" time="19.894" classname="com.quickmove.qa.testcases.MasterPrefixTest"/>
  <system-out/>
  <testcase name="varifymasterprefix" time="19.082" classname="com.quickmove.qa.testcases.MasterPrefixTest"/>
  <system-out/>
  <testcase name="varifymasterprefix" time="19.635" classname="com.quickmove.qa.testcases.MasterPrefixTest"/>
  <system-out/>
  <testcase name="varifymasterprefix" time="20.224" classname="com.quickmove.qa.testcases.MasterPrefixTest"/>
  <system-out/>
  <testcase name="varifymasterprefix" time="19.654" classname="com.quickmove.qa.testcases.MasterPrefixTest"/>
  <system-out/>
  <testcase name="varifymasterprefix" time="19.485" classname="com.quickmove.qa.testcases.MasterPrefixTest"/>
  <system-out/>
  <testcase name="varifymasterprefix" time="19.473" classname="com.quickmove.qa.testcases.MasterPrefixTest"/>
  <system-out/>
  <testcase name="varifymasterprefix" time="19.703" classname="com.quickmove.qa.testcases.MasterPrefixTest"/>
  <system-out/>
  <testcase name="varifymasterprefix" time="20.251" classname="com.quickmove.qa.testcases.MasterPrefixTest"/>
  <system-out/>
  <testcase name="varifymasterprefix" time="20.617" classname="com.quickmove.qa.testcases.MasterPrefixTest"/>
  <system-out/>
  <testcase name="varifymasterprefix" time="20.430" classname="com.quickmove.qa.testcases.MasterPrefixTest"/>
  <system-out/>
  <testcase name="varifymasterprefix" time="19.608" classname="com.quickmove.qa.testcases.MasterPrefixTest"/>
  <system-out/>
  <testcase name="varifymasterprefix" time="20.081" classname="com.quickmove.qa.testcases.MasterPrefixTest"/>
  <system-out/>
  <testcase name="varifymasterprefix" time="19.433" classname="com.quickmove.qa.testcases.MasterPrefixTest"/>
  <system-out/>
  <testcase name="varifymasterprefix" time="20.400" classname="com.quickmove.qa.testcases.MasterPrefixTest"/>
  <system-out/>
  <testcase name="varifymasterprefix" time="18.574" classname="com.quickmove.qa.testcases.MasterPrefixTest"/>
  <system-out/>
  <testcase name="varifymasterprefix" time="18.389" classname="com.quickmove.qa.testcases.MasterPrefixTest">
    <error type="org.openqa.selenium.ElementClickInterceptedException" message="element click intercepted: Element &lt;a id=&quot;ctl00_ContentPlaceHolder1_ibtnRefresh&quot; title=&quot;Search&quot; class=&quot;icon-SearchIcon&quot; href=&quot;javascript:__doPostBack(&#039;ctl00$ContentPlaceHolder1$ibtnRefresh&#039;,&#039;&#039;)&quot; style=&quot;display:inline-block;height:20px;width:20px;&quot;&gt;&lt;/a&gt; is not clickable at point (896, 90). Other element would receive the click: &lt;input name=&quot;ctl00$ContentPlaceHolder1$txtSearch&quot; type=&quot;text&quot; id=&quot;ctl00_ContentPlaceHolder1_txtSearch&quot; class=&quot;txtBox&quot; autocomplete=&quot;off&quot; placeholder=&quot;Search&quot;&gt;
  (Session info: chrome=83.0.4103.116)
Build info: version: &#039;3.141.59&#039;, revision: &#039;e82be7d358&#039;, time: &#039;2018-11-14T08:17:03&#039;
System info: host: &#039;DESKTOP-2PTS3ET&#039;, ip: &#039;192.168.0.105&#039;, os.name: &#039;Windows 10&#039;, os.arch: &#039;amd64&#039;, os.version: &#039;10.0&#039;, java.version: &#039;1.8.0_251&#039;
Driver info: org.openqa.selenium.chrome.ChromeDriver
Capabilities {acceptInsecureCerts: false, browserName: chrome, browserVersion: 83.0.4103.116, chrome: {chromedriverVersion: 83.0.4103.39 (ccbf011cb2d2b..., userDataDir: C:\Users\MYPC\AppData\Local...}, goog:chromeOptions: {debuggerAddress: localhost:59341}, javascriptEnabled: true, networkConnectionEnabled: false, pageLoadStrategy: normal, platform: WINDOWS, platformName: WINDOWS, proxy: Proxy(), setWindowRect: true, strictFileInteractability: false, timeouts: {implicit: 0, pageLoad: 300000, script: 30000}, unhandledPromptBehavior: dismiss and notify, webauthn:virtualAuthenticators: true}
Session ID: 42923b7e507f1e16d922fcc3d00879a7">
      <![CDATA[org.openqa.selenium.ElementClickInterceptedException: element click intercepted: Element <a id="ctl00_ContentPlaceHolder1_ibtnRefresh" title="Search" class="icon-SearchIcon" href="javascript:__doPostBack('ctl00$ContentPlaceHolder1$ibtnRefresh','')" style="display:inline-block;height:20px;width:20px;"></a> is not clickable at point (896, 90). Other element would receive the click: <input name="ctl00$ContentPlaceHolder1$txtSearch" type="text" id="ctl00_ContentPlaceHolder1_txtSearch" class="txtBox" autocomplete="off" placeholder="Search">
  (Session info: chrome=83.0.4103.116)
Build info: version: '3.141.59', revision: 'e82be7d358', time: '2018-11-14T08:17:03'
System info: host: 'DESKTOP-2PTS3ET', ip: '192.168.0.105', os.name: 'Windows 10', os.arch: 'amd64', os.version: '10.0', java.version: '1.8.0_251'
Driver info: org.openqa.selenium.chrome.ChromeDriver
Capabilities {acceptInsecureCerts: false, browserName: chrome, browserVersion: 83.0.4103.116, chrome: {chromedriverVersion: 83.0.4103.39 (ccbf011cb2d2b..., userDataDir: C:\Users\MYPC\AppData\Local...}, goog:chromeOptions: {debuggerAddress: localhost:59341}, javascriptEnabled: true, networkConnectionEnabled: false, pageLoadStrategy: normal, platform: WINDOWS, platformName: WINDOWS, proxy: Proxy(), setWindowRect: true, strictFileInteractability: false, timeouts: {implicit: 0, pageLoad: 300000, script: 30000}, unhandledPromptBehavior: dismiss and notify, webauthn:virtualAuthenticators: true}
Session ID: 42923b7e507f1e16d922fcc3d00879a7
at sun.reflect.NativeConstructorAccessorImpl.newInstance0(Native Method)
at sun.reflect.NativeConstructorAccessorImpl.newInstance(Unknown Source)
at sun.reflect.DelegatingConstructorAccessorImpl.newInstance(Unknown Source)
at java.lang.reflect.Constructor.newInstance(Unknown Source)
at org.openqa.selenium.remote.http.W3CHttpResponseCodec.createException(W3CHttpResponseCodec.java:187)
at org.openqa.selenium.remote.http.W3CHttpResponseCodec.decode(W3CHttpResponseCodec.java:122)
at org.openqa.selenium.remote.http.W3CHttpResponseCodec.decode(W3CHttpResponseCodec.java:49)
at org.openqa.selenium.remote.HttpCommandExecutor.execute(HttpCommandExecutor.java:158)
at org.openqa.selenium.remote.service.DriverCommandExecutor.execute(DriverCommandExecutor.java:83)
at org.openqa.selenium.remote.RemoteWebDriver.execute(RemoteWebDriver.java:552)
at org.openqa.selenium.remote.RemoteWebElement.execute(RemoteWebElement.java:285)
at org.openqa.selenium.remote.RemoteWebElement.click(RemoteWebElement.java:84)
at sun.reflect.GeneratedMethodAccessor1.invoke(Unknown Source)
at sun.reflect.DelegatingMethodAccessorImpl.invoke(Unknown Source)
at java.lang.reflect.Method.invoke(Unknown Source)
at org.openqa.selenium.support.pagefactory.internal.LocatingElementHandler.invoke(LocatingElementHandler.java:51)
at com.sun.proxy.$Proxy10.click(Unknown Source)
at com.quickmove.qa.pages.MasterPrefixPage.ClickonSearch(MasterPrefixPage.java:43)
at com.quickmove.qa.testcases.MasterPrefixTest.varifymasterprefix(MasterPrefixTest.java:56)
at sun.reflect.GeneratedMethodAccessor4.invoke(Unknown Source)
at sun.reflect.DelegatingMethodAccessorImpl.invoke(Unknown Source)
at java.lang.reflect.Method.invoke(Unknown Source)
at org.testng.internal.MethodInvocationHelper.invokeMethod(MethodInvocationHelper.java:135)
at org.testng.internal.TestInvoker.invokeMethod(TestInvoker.java:598)
at org.testng.internal.TestInvoker.invokeTestMethod(TestInvoker.java:174)
at org.testng.internal.MethodRunner.runInSequence(MethodRunner.java:46)
at org.testng.internal.TestInvoker$MethodInvocationAgent.invoke(TestInvoker.java:821)
at org.testng.internal.TestInvoker.invokeTestMethods(TestInvoker.java:147)
at org.testng.internal.TestMethodWorker.invokeTestMethods(TestMethodWorker.java:146)
at org.testng.internal.TestMethodWorker.run(TestMethodWorker.java:128)
at java.util.ArrayList.forEach(Unknown Source)
at org.testng.TestRunner.privateRun(TestRunner.java:767)
at org.testng.TestRunner.run(TestRunner.java:588)
at org.testng.SuiteRunner.runTest(SuiteRunner.java:384)
at org.testng.SuiteRunner.runSequentially(SuiteRunner.java:378)
at org.testng.SuiteRunner.privateRun(SuiteRunner.java:337)
at org.testng.SuiteRunner.run(SuiteRunner.java:286)
at org.testng.SuiteRunnerWorker.runSuite(SuiteRunnerWorker.java:53)
at org.testng.SuiteRunnerWorker.run(SuiteRunnerWorker.java:96)
at org.testng.TestNG.runSuitesSequentially(TestNG.java:1214)
at org.testng.TestNG.runSuitesLocally(TestNG.java:1136)
at org.testng.TestNG.runSuites(TestNG.java:1066)
at org.testng.TestNG.run(TestNG.java:1034)
at org.testng.remote.AbstractRemoteTestNG.run(AbstractRemoteTestNG.java:115)
at org.testng.remote.RemoteTestNG.initAndRun(RemoteTestNG.java:251)
at org.testng.remote.RemoteTestNG.main(RemoteTestNG.java:77)
]]>
    </error>
  </testcase> <!-- varifymasterprefix -->
  <system-out/>
  <testcase name="varifymasterprefix" time="19.157" classname="com.quickmove.qa.testcases.MasterPrefixTest">
    <error type="org.openqa.selenium.ElementClickInterceptedException" message="element click intercepted: Element &lt;a id=&quot;ctl00_ContentPlaceHolder1_ibtnRefresh&quot; title=&quot;Search&quot; class=&quot;icon-SearchIcon&quot; href=&quot;javascript:__doPostBack(&#039;ctl00$ContentPlaceHolder1$ibtnRefresh&#039;,&#039;&#039;)&quot; style=&quot;display:inline-block;height:20px;width:20px;&quot;&gt;&lt;/a&gt; is not clickable at point (896, 90). Other element would receive the click: &lt;input name=&quot;ctl00$ContentPlaceHolder1$txtSearch&quot; type=&quot;text&quot; id=&quot;ctl00_ContentPlaceHolder1_txtSearch&quot; class=&quot;txtBox&quot; autocomplete=&quot;off&quot; placeholder=&quot;Search&quot;&gt;
  (Session info: chrome=83.0.4103.116)
Build info: version: &#039;3.141.59&#039;, revision: &#039;e82be7d358&#039;, time: &#039;2018-11-14T08:17:03&#039;
System info: host: &#039;DESKTOP-2PTS3ET&#039;, ip: &#039;192.168.0.105&#039;, os.name: &#039;Windows 10&#039;, os.arch: &#039;amd64&#039;, os.version: &#039;10.0&#039;, java.version: &#039;1.8.0_251&#039;
Driver info: org.openqa.selenium.chrome.ChromeDriver
Capabilities {acceptInsecureCerts: false, browserName: chrome, browserVersion: 83.0.4103.116, chrome: {chromedriverVersion: 83.0.4103.39 (ccbf011cb2d2b..., userDataDir: C:\Users\MYPC\AppData\Local...}, goog:chromeOptions: {debuggerAddress: localhost:59371}, javascriptEnabled: true, networkConnectionEnabled: false, pageLoadStrategy: normal, platform: WINDOWS, platformName: WINDOWS, proxy: Proxy(), setWindowRect: true, strictFileInteractability: false, timeouts: {implicit: 0, pageLoad: 300000, script: 30000}, unhandledPromptBehavior: dismiss and notify, webauthn:virtualAuthenticators: true}
Session ID: d32719f100ca35b4538501a2ecfa9b7e">
      <![CDATA[org.openqa.selenium.ElementClickInterceptedException: element click intercepted: Element <a id="ctl00_ContentPlaceHolder1_ibtnRefresh" title="Search" class="icon-SearchIcon" href="javascript:__doPostBack('ctl00$ContentPlaceHolder1$ibtnRefresh','')" style="display:inline-block;height:20px;width:20px;"></a> is not clickable at point (896, 90). Other element would receive the click: <input name="ctl00$ContentPlaceHolder1$txtSearch" type="text" id="ctl00_ContentPlaceHolder1_txtSearch" class="txtBox" autocomplete="off" placeholder="Search">
  (Session info: chrome=83.0.4103.116)
Build info: version: '3.141.59', revision: 'e82be7d358', time: '2018-11-14T08:17:03'
System info: host: 'DESKTOP-2PTS3ET', ip: '192.168.0.105', os.name: 'Windows 10', os.arch: 'amd64', os.version: '10.0', java.version: '1.8.0_251'
Driver info: org.openqa.selenium.chrome.ChromeDriver
Capabilities {acceptInsecureCerts: false, browserName: chrome, browserVersion: 83.0.4103.116, chrome: {chromedriverVersion: 83.0.4103.39 (ccbf011cb2d2b..., userDataDir: C:\Users\MYPC\AppData\Local...}, goog:chromeOptions: {debuggerAddress: localhost:59371}, javascriptEnabled: true, networkConnectionEnabled: false, pageLoadStrategy: normal, platform: WINDOWS, platformName: WINDOWS, proxy: Proxy(), setWindowRect: true, strictFileInteractability: false, timeouts: {implicit: 0, pageLoad: 300000, script: 30000}, unhandledPromptBehavior: dismiss and notify, webauthn:virtualAuthenticators: true}
Session ID: d32719f100ca35b4538501a2ecfa9b7e
at sun.reflect.NativeConstructorAccessorImpl.newInstance0(Native Method)
at sun.reflect.NativeConstructorAccessorImpl.newInstance(Unknown Source)
at sun.reflect.DelegatingConstructorAccessorImpl.newInstance(Unknown Source)
at java.lang.reflect.Constructor.newInstance(Unknown Source)
at org.openqa.selenium.remote.http.W3CHttpResponseCodec.createException(W3CHttpResponseCodec.java:187)
at org.openqa.selenium.remote.http.W3CHttpResponseCodec.decode(W3CHttpResponseCodec.java:122)
at org.openqa.selenium.remote.http.W3CHttpResponseCodec.decode(W3CHttpResponseCodec.java:49)
at org.openqa.selenium.remote.HttpCommandExecutor.execute(HttpCommandExecutor.java:158)
at org.openqa.selenium.remote.service.DriverCommandExecutor.execute(DriverCommandExecutor.java:83)
at org.openqa.selenium.remote.RemoteWebDriver.execute(RemoteWebDriver.java:552)
at org.openqa.selenium.remote.RemoteWebElement.execute(RemoteWebElement.java:285)
at org.openqa.selenium.remote.RemoteWebElement.click(RemoteWebElement.java:84)
at sun.reflect.GeneratedMethodAccessor1.invoke(Unknown Source)
at sun.reflect.DelegatingMethodAccessorImpl.invoke(Unknown Source)
at java.lang.reflect.Method.invoke(Unknown Source)
at org.openqa.selenium.support.pagefactory.internal.LocatingElementHandler.invoke(LocatingElementHandler.java:51)
at com.sun.proxy.$Proxy10.click(Unknown Source)
at com.quickmove.qa.pages.MasterPrefixPage.ClickonSearch(MasterPrefixPage.java:43)
at com.quickmove.qa.testcases.MasterPrefixTest.varifymasterprefix(MasterPrefixTest.java:56)
at sun.reflect.GeneratedMethodAccessor4.invoke(Unknown Source)
at sun.reflect.DelegatingMethodAccessorImpl.invoke(Unknown Source)
at java.lang.reflect.Method.invoke(Unknown Source)
at org.testng.internal.MethodInvocationHelper.invokeMethod(MethodInvocationHelper.java:135)
at org.testng.internal.TestInvoker.invokeMethod(TestInvoker.java:598)
at org.testng.internal.TestInvoker.invokeTestMethod(TestInvoker.java:174)
at org.testng.internal.MethodRunner.runInSequence(MethodRunner.java:46)
at org.testng.internal.TestInvoker$MethodInvocationAgent.invoke(TestInvoker.java:821)
at org.testng.internal.TestInvoker.invokeTestMethods(TestInvoker.java:147)
at org.testng.internal.TestMethodWorker.invokeTestMethods(TestMethodWorker.java:146)
at org.testng.internal.TestMethodWorker.run(TestMethodWorker.java:128)
at java.util.ArrayList.forEach(Unknown Source)
at org.testng.TestRunner.privateRun(TestRunner.java:767)
at org.testng.TestRunner.run(TestRunner.java:588)
at org.testng.SuiteRunner.runTest(SuiteRunner.java:384)
at org.testng.SuiteRunner.runSequentially(SuiteRunner.java:378)
at org.testng.SuiteRunner.privateRun(SuiteRunner.java:337)
at org.testng.SuiteRunner.run(SuiteRunner.java:286)
at org.testng.SuiteRunnerWorker.runSuite(SuiteRunnerWorker.java:53)
at org.testng.SuiteRunnerWorker.run(SuiteRunnerWorker.java:96)
at org.testng.TestNG.runSuitesSequentially(TestNG.java:1214)
at org.testng.TestNG.runSuitesLocally(TestNG.java:1136)
at org.testng.TestNG.runSuites(TestNG.java:1066)
at org.testng.TestNG.run(TestNG.java:1034)
at org.testng.remote.AbstractRemoteTestNG.run(AbstractRemoteTestNG.java:115)
at org.testng.remote.RemoteTestNG.initAndRun(RemoteTestNG.java:251)
at org.testng.remote.RemoteTestNG.main(RemoteTestNG.java:77)
]]>
    </error>
  </testcase> <!-- varifymasterprefix -->
  <system-out/>
  <testcase name="varifymasterprefix" time="20.902" classname="com.quickmove.qa.testcases.MasterPrefixTest"/>
  <system-out/>
  <testcase name="varifymasterprefix" time="19.285" classname="com.quickmove.qa.testcases.MasterPrefixTest"/>
  <system-out/>
  <testcase name="varifymasterprefix" time="19.592" classname="com.quickmove.qa.testcases.MasterPrefixTest"/>
  <system-out/>
  <testcase name="varifymasterprefix" time="19.218" classname="com.quickmove.qa.testcases.MasterPrefixTest"/>
  <system-out/>
  <testcase name="varifymasterprefix" time="20.097" classname="com.quickmove.qa.testcases.MasterPrefixTest"/>
  <system-out/>
  <testcase name="varifymasterprefix" time="19.696" classname="com.quickmove.qa.testcases.MasterPrefixTest"/>
  <system-out/>
  <testcase name="varifymasterprefix" time="19.768" classname="com.quickmove.qa.testcases.MasterPrefixTest"/>
  <system-out/>
  <testcase name="varifymasterprefix" time="19.685" classname="com.quickmove.qa.testcases.MasterPrefixTest"/>
  <system-out/>
  <testcase name="varifymasterprefix" time="19.656" classname="com.quickmove.qa.testcases.MasterPrefixTest"/>
  <system-out/>
  <testcase name="varifymasterprefix" time="19.364" classname="com.quickmove.qa.testcases.MasterPrefixTest"/>
  <system-out/>
  <testcase name="varifymasterprefix" time="19.722" classname="com.quickmove.qa.testcases.MasterPrefixTest"/>
  <system-out/>
  <testcase name="varifymasterprefix" time="19.927" classname="com.quickmove.qa.testcases.MasterPrefixTest"/>
  <system-out/>
  <testcase name="varifymasterprefix" time="17.968" classname="com.quickmove.qa.testcases.MasterPrefixTest">
    <error type="org.openqa.selenium.ElementClickInterceptedException" message="element click intercepted: Element &lt;a id=&quot;ctl00_ContentPlaceHolder1_ibtnRefresh&quot; title=&quot;Search&quot; class=&quot;icon-SearchIcon&quot; href=&quot;javascript:__doPostBack(&#039;ctl00$ContentPlaceHolder1$ibtnRefresh&#039;,&#039;&#039;)&quot; style=&quot;display:inline-block;height:20px;width:20px;&quot;&gt;&lt;/a&gt; is not clickable at point (896, 90). Other element would receive the click: &lt;input name=&quot;ctl00$ContentPlaceHolder1$txtSearch&quot; type=&quot;text&quot; id=&quot;ctl00_ContentPlaceHolder1_txtSearch&quot; class=&quot;txtBox&quot; autocomplete=&quot;off&quot; placeholder=&quot;Search&quot;&gt;
  (Session info: chrome=83.0.4103.116)
Build info: version: &#039;3.141.59&#039;, revision: &#039;e82be7d358&#039;, time: &#039;2018-11-14T08:17:03&#039;
System info: host: &#039;DESKTOP-2PTS3ET&#039;, ip: &#039;192.168.0.105&#039;, os.name: &#039;Windows 10&#039;, os.arch: &#039;amd64&#039;, os.version: &#039;10.0&#039;, java.version: &#039;1.8.0_251&#039;
Driver info: org.openqa.selenium.chrome.ChromeDriver
Capabilities {acceptInsecureCerts: false, browserName: chrome, browserVersion: 83.0.4103.116, chrome: {chromedriverVersion: 83.0.4103.39 (ccbf011cb2d2b..., userDataDir: C:\Users\MYPC\AppData\Local...}, goog:chromeOptions: {debuggerAddress: localhost:60066}, javascriptEnabled: true, networkConnectionEnabled: false, pageLoadStrategy: normal, platform: WINDOWS, platformName: WINDOWS, proxy: Proxy(), setWindowRect: true, strictFileInteractability: false, timeouts: {implicit: 0, pageLoad: 300000, script: 30000}, unhandledPromptBehavior: dismiss and notify, webauthn:virtualAuthenticators: true}
Session ID: 9ff134e4919de0dba2eda24fd19d8c66">
      <![CDATA[org.openqa.selenium.ElementClickInterceptedException: element click intercepted: Element <a id="ctl00_ContentPlaceHolder1_ibtnRefresh" title="Search" class="icon-SearchIcon" href="javascript:__doPostBack('ctl00$ContentPlaceHolder1$ibtnRefresh','')" style="display:inline-block;height:20px;width:20px;"></a> is not clickable at point (896, 90). Other element would receive the click: <input name="ctl00$ContentPlaceHolder1$txtSearch" type="text" id="ctl00_ContentPlaceHolder1_txtSearch" class="txtBox" autocomplete="off" placeholder="Search">
  (Session info: chrome=83.0.4103.116)
Build info: version: '3.141.59', revision: 'e82be7d358', time: '2018-11-14T08:17:03'
System info: host: 'DESKTOP-2PTS3ET', ip: '192.168.0.105', os.name: 'Windows 10', os.arch: 'amd64', os.version: '10.0', java.version: '1.8.0_251'
Driver info: org.openqa.selenium.chrome.ChromeDriver
Capabilities {acceptInsecureCerts: false, browserName: chrome, browserVersion: 83.0.4103.116, chrome: {chromedriverVersion: 83.0.4103.39 (ccbf011cb2d2b..., userDataDir: C:\Users\MYPC\AppData\Local...}, goog:chromeOptions: {debuggerAddress: localhost:60066}, javascriptEnabled: true, networkConnectionEnabled: false, pageLoadStrategy: normal, platform: WINDOWS, platformName: WINDOWS, proxy: Proxy(), setWindowRect: true, strictFileInteractability: false, timeouts: {implicit: 0, pageLoad: 300000, script: 30000}, unhandledPromptBehavior: dismiss and notify, webauthn:virtualAuthenticators: true}
Session ID: 9ff134e4919de0dba2eda24fd19d8c66
at sun.reflect.NativeConstructorAccessorImpl.newInstance0(Native Method)
at sun.reflect.NativeConstructorAccessorImpl.newInstance(Unknown Source)
at sun.reflect.DelegatingConstructorAccessorImpl.newInstance(Unknown Source)
at java.lang.reflect.Constructor.newInstance(Unknown Source)
at org.openqa.selenium.remote.http.W3CHttpResponseCodec.createException(W3CHttpResponseCodec.java:187)
at org.openqa.selenium.remote.http.W3CHttpResponseCodec.decode(W3CHttpResponseCodec.java:122)
at org.openqa.selenium.remote.http.W3CHttpResponseCodec.decode(W3CHttpResponseCodec.java:49)
at org.openqa.selenium.remote.HttpCommandExecutor.execute(HttpCommandExecutor.java:158)
at org.openqa.selenium.remote.service.DriverCommandExecutor.execute(DriverCommandExecutor.java:83)
at org.openqa.selenium.remote.RemoteWebDriver.execute(RemoteWebDriver.java:552)
at org.openqa.selenium.remote.RemoteWebElement.execute(RemoteWebElement.java:285)
at org.openqa.selenium.remote.RemoteWebElement.click(RemoteWebElement.java:84)
at sun.reflect.GeneratedMethodAccessor1.invoke(Unknown Source)
at sun.reflect.DelegatingMethodAccessorImpl.invoke(Unknown Source)
at java.lang.reflect.Method.invoke(Unknown Source)
at org.openqa.selenium.support.pagefactory.internal.LocatingElementHandler.invoke(LocatingElementHandler.java:51)
at com.sun.proxy.$Proxy10.click(Unknown Source)
at com.quickmove.qa.pages.MasterPrefixPage.ClickonSearch(MasterPrefixPage.java:43)
at com.quickmove.qa.testcases.MasterPrefixTest.varifymasterprefix(MasterPrefixTest.java:56)
at sun.reflect.GeneratedMethodAccessor4.invoke(Unknown Source)
at sun.reflect.DelegatingMethodAccessorImpl.invoke(Unknown Source)
at java.lang.reflect.Method.invoke(Unknown Source)
at org.testng.internal.MethodInvocationHelper.invokeMethod(MethodInvocationHelper.java:135)
at org.testng.internal.TestInvoker.invokeMethod(TestInvoker.java:598)
at org.testng.internal.TestInvoker.invokeTestMethod(TestInvoker.java:174)
at org.testng.internal.MethodRunner.runInSequence(MethodRunner.java:46)
at org.testng.internal.TestInvoker$MethodInvocationAgent.invoke(TestInvoker.java:821)
at org.testng.internal.TestInvoker.invokeTestMethods(TestInvoker.java:147)
at org.testng.internal.TestMethodWorker.invokeTestMethods(TestMethodWorker.java:146)
at org.testng.internal.TestMethodWorker.run(TestMethodWorker.java:128)
at java.util.ArrayList.forEach(Unknown Source)
at org.testng.TestRunner.privateRun(TestRunner.java:767)
at org.testng.TestRunner.run(TestRunner.java:588)
at org.testng.SuiteRunner.runTest(SuiteRunner.java:384)
at org.testng.SuiteRunner.runSequentially(SuiteRunner.java:378)
at org.testng.SuiteRunner.privateRun(SuiteRunner.java:337)
at org.testng.SuiteRunner.run(SuiteRunner.java:286)
at org.testng.SuiteRunnerWorker.runSuite(SuiteRunnerWorker.java:53)
at org.testng.SuiteRunnerWorker.run(SuiteRunnerWorker.java:96)
at org.testng.TestNG.runSuitesSequentially(TestNG.java:1214)
at org.testng.TestNG.runSuitesLocally(TestNG.java:1136)
at org.testng.TestNG.runSuites(TestNG.java:1066)
at org.testng.TestNG.run(TestNG.java:1034)
at org.testng.remote.AbstractRemoteTestNG.run(AbstractRemoteTestNG.java:115)
at org.testng.remote.RemoteTestNG.initAndRun(RemoteTestNG.java:251)
at org.testng.remote.RemoteTestNG.main(RemoteTestNG.java:77)
]]>
    </error>
  </testcase> <!-- varifymasterprefix -->
  <system-out/>
  <testcase name="varifymasterprefix" time="19.147" classname="com.quickmove.qa.testcases.MasterPrefixTest"/>
  <system-out/>
  <testcase name="varifymasterprefix" time="19.082" classname="com.quickmove.qa.testcases.MasterPrefixTest"/>
  <system-out/>
  <testcase name="varifymasterprefix" time="18.090" classname="com.quickmove.qa.testcases.MasterPrefixTest">
    <error type="org.openqa.selenium.ElementClickInterceptedException" message="element click intercepted: Element &lt;a id=&quot;ctl00_ContentPlaceHolder1_ibtnRefresh&quot; title=&quot;Search&quot; class=&quot;icon-SearchIcon&quot; href=&quot;javascript:__doPostBack(&#039;ctl00$ContentPlaceHolder1$ibtnRefresh&#039;,&#039;&#039;)&quot; style=&quot;display:inline-block;height:20px;width:20px;&quot;&gt;&lt;/a&gt; is not clickable at point (896, 90). Other element would receive the click: &lt;input name=&quot;ctl00$ContentPlaceHolder1$txtSearch&quot; type=&quot;text&quot; id=&quot;ctl00_ContentPlaceHolder1_txtSearch&quot; class=&quot;txtBox&quot; autocomplete=&quot;off&quot; placeholder=&quot;Search&quot;&gt;
  (Session info: chrome=83.0.4103.116)
Build info: version: &#039;3.141.59&#039;, revision: &#039;e82be7d358&#039;, time: &#039;2018-11-14T08:17:03&#039;
System info: host: &#039;DESKTOP-2PTS3ET&#039;, ip: &#039;192.168.0.105&#039;, os.name: &#039;Windows 10&#039;, os.arch: &#039;amd64&#039;, os.version: &#039;10.0&#039;, java.version: &#039;1.8.0_251&#039;
Driver info: org.openqa.selenium.chrome.ChromeDriver
Capabilities {acceptInsecureCerts: false, browserName: chrome, browserVersion: 83.0.4103.116, chrome: {chromedriverVersion: 83.0.4103.39 (ccbf011cb2d2b..., userDataDir: C:\Users\MYPC\AppData\Local...}, goog:chromeOptions: {debuggerAddress: localhost:60216}, javascriptEnabled: true, networkConnectionEnabled: false, pageLoadStrategy: normal, platform: WINDOWS, platformName: WINDOWS, proxy: Proxy(), setWindowRect: true, strictFileInteractability: false, timeouts: {implicit: 0, pageLoad: 300000, script: 30000}, unhandledPromptBehavior: dismiss and notify, webauthn:virtualAuthenticators: true}
Session ID: 1e5d9709ad9fe3dce1732f99920dfb52">
      <![CDATA[org.openqa.selenium.ElementClickInterceptedException: element click intercepted: Element <a id="ctl00_ContentPlaceHolder1_ibtnRefresh" title="Search" class="icon-SearchIcon" href="javascript:__doPostBack('ctl00$ContentPlaceHolder1$ibtnRefresh','')" style="display:inline-block;height:20px;width:20px;"></a> is not clickable at point (896, 90). Other element would receive the click: <input name="ctl00$ContentPlaceHolder1$txtSearch" type="text" id="ctl00_ContentPlaceHolder1_txtSearch" class="txtBox" autocomplete="off" placeholder="Search">
  (Session info: chrome=83.0.4103.116)
Build info: version: '3.141.59', revision: 'e82be7d358', time: '2018-11-14T08:17:03'
System info: host: 'DESKTOP-2PTS3ET', ip: '192.168.0.105', os.name: 'Windows 10', os.arch: 'amd64', os.version: '10.0', java.version: '1.8.0_251'
Driver info: org.openqa.selenium.chrome.ChromeDriver
Capabilities {acceptInsecureCerts: false, browserName: chrome, browserVersion: 83.0.4103.116, chrome: {chromedriverVersion: 83.0.4103.39 (ccbf011cb2d2b..., userDataDir: C:\Users\MYPC\AppData\Local...}, goog:chromeOptions: {debuggerAddress: localhost:60216}, javascriptEnabled: true, networkConnectionEnabled: false, pageLoadStrategy: normal, platform: WINDOWS, platformName: WINDOWS, proxy: Proxy(), setWindowRect: true, strictFileInteractability: false, timeouts: {implicit: 0, pageLoad: 300000, script: 30000}, unhandledPromptBehavior: dismiss and notify, webauthn:virtualAuthenticators: true}
Session ID: 1e5d9709ad9fe3dce1732f99920dfb52
at sun.reflect.NativeConstructorAccessorImpl.newInstance0(Native Method)
at sun.reflect.NativeConstructorAccessorImpl.newInstance(Unknown Source)
at sun.reflect.DelegatingConstructorAccessorImpl.newInstance(Unknown Source)
at java.lang.reflect.Constructor.newInstance(Unknown Source)
at org.openqa.selenium.remote.http.W3CHttpResponseCodec.createException(W3CHttpResponseCodec.java:187)
at org.openqa.selenium.remote.http.W3CHttpResponseCodec.decode(W3CHttpResponseCodec.java:122)
at org.openqa.selenium.remote.http.W3CHttpResponseCodec.decode(W3CHttpResponseCodec.java:49)
at org.openqa.selenium.remote.HttpCommandExecutor.execute(HttpCommandExecutor.java:158)
at org.openqa.selenium.remote.service.DriverCommandExecutor.execute(DriverCommandExecutor.java:83)
at org.openqa.selenium.remote.RemoteWebDriver.execute(RemoteWebDriver.java:552)
at org.openqa.selenium.remote.RemoteWebElement.execute(RemoteWebElement.java:285)
at org.openqa.selenium.remote.RemoteWebElement.click(RemoteWebElement.java:84)
at sun.reflect.GeneratedMethodAccessor1.invoke(Unknown Source)
at sun.reflect.DelegatingMethodAccessorImpl.invoke(Unknown Source)
at java.lang.reflect.Method.invoke(Unknown Source)
at org.openqa.selenium.support.pagefactory.internal.LocatingElementHandler.invoke(LocatingElementHandler.java:51)
at com.sun.proxy.$Proxy10.click(Unknown Source)
at com.quickmove.qa.pages.MasterPrefixPage.ClickonSearch(MasterPrefixPage.java:43)
at com.quickmove.qa.testcases.MasterPrefixTest.varifymasterprefix(MasterPrefixTest.java:56)
at sun.reflect.GeneratedMethodAccessor4.invoke(Unknown Source)
at sun.reflect.DelegatingMethodAccessorImpl.invoke(Unknown Source)
at java.lang.reflect.Method.invoke(Unknown Source)
at org.testng.internal.MethodInvocationHelper.invokeMethod(MethodInvocationHelper.java:135)
at org.testng.internal.TestInvoker.invokeMethod(TestInvoker.java:598)
at org.testng.internal.TestInvoker.invokeTestMethod(TestInvoker.java:174)
at org.testng.internal.MethodRunner.runInSequence(MethodRunner.java:46)
at org.testng.internal.TestInvoker$MethodInvocationAgent.invoke(TestInvoker.java:821)
at org.testng.internal.TestInvoker.invokeTestMethods(TestInvoker.java:147)
at org.testng.internal.TestMethodWorker.invokeTestMethods(TestMethodWorker.java:146)
at org.testng.internal.TestMethodWorker.run(TestMethodWorker.java:128)
at java.util.ArrayList.forEach(Unknown Source)
at org.testng.TestRunner.privateRun(TestRunner.java:767)
at org.testng.TestRunner.run(TestRunner.java:588)
at org.testng.SuiteRunner.runTest(SuiteRunner.java:384)
at org.testng.SuiteRunner.runSequentially(SuiteRunner.java:378)
at org.testng.SuiteRunner.privateRun(SuiteRunner.java:337)
at org.testng.SuiteRunner.run(SuiteRunner.java:286)
at org.testng.SuiteRunnerWorker.runSuite(SuiteRunnerWorker.java:53)
at org.testng.SuiteRunnerWorker.run(SuiteRunnerWorker.java:96)
at org.testng.TestNG.runSuitesSequentially(TestNG.java:1214)
at org.testng.TestNG.runSuitesLocally(TestNG.java:1136)
at org.testng.TestNG.runSuites(TestNG.java:1066)
at org.testng.TestNG.run(TestNG.java:1034)
at org.testng.remote.AbstractRemoteTestNG.run(AbstractRemoteTestNG.java:115)
at org.testng.remote.RemoteTestNG.initAndRun(RemoteTestNG.java:251)
at org.testng.remote.RemoteTestNG.main(RemoteTestNG.java:77)
]]>
    </error>
  </testcase> <!-- varifymasterprefix -->
  <system-out/>
  <testcase name="varifymasterprefix" time="18.805" classname="com.quickmove.qa.testcases.MasterPrefixTest"/>
  <system-out/>
  <testcase name="varifymasterprefix" time="19.223" classname="com.quickmove.qa.testcases.MasterPrefixTest"/>
  <system-out/>
  <testcase name="varifymasterprefix" time="19.706" classname="com.quickmove.qa.testcases.MasterPrefixTest"/>
  <system-out/>
  <testcase name="varifymasterprefix" time="19.773" classname="com.quickmove.qa.testcases.MasterPrefixTest"/>
  <system-out/>
  <testcase name="varifymasterprefix" time="19.458" classname="com.quickmove.qa.testcases.MasterPrefixTest"/>
  <system-out/>
  <testcase name="varifymasterprefix" time="18.718" classname="com.quickmove.qa.testcases.MasterPrefixTest"/>
  <system-out/>
  <testcase name="varifymasterprefix" time="19.196" classname="com.quickmove.qa.testcases.MasterPrefixTest"/>
  <system-out/>
  <testcase name="varifymasterprefix" time="20.537" classname="com.quickmove.qa.testcases.MasterPrefixTest"/>
  <system-out/>
  <testcase name="varifymasterprefix" time="19.625" classname="com.quickmove.qa.testcases.MasterPrefixTest"/>
  <system-out/>
  <testcase name="varifymasterprefix" time="19.449" classname="com.quickmove.qa.testcases.MasterPrefixTest"/>
  <system-out/>
  <testcase name="varifymasterprefix" time="21.261" classname="com.quickmove.qa.testcases.MasterPrefixTest"/>
  <system-out/>
  <testcase name="varifymasterprefix" time="19.250" classname="com.quickmove.qa.testcases.MasterPrefixTest">
    <error type="org.openqa.selenium.ElementClickInterceptedException" message="element click intercepted: Element &lt;a id=&quot;ctl00_ContentPlaceHolder1_ibtnRefresh&quot; title=&quot;Search&quot; class=&quot;icon-SearchIcon&quot; href=&quot;javascript:__doPostBack(&#039;ctl00$ContentPlaceHolder1$ibtnRefresh&#039;,&#039;&#039;)&quot; style=&quot;display:inline-block;height:20px;width:20px;&quot;&gt;&lt;/a&gt; is not clickable at point (896, 90). Other element would receive the click: &lt;input name=&quot;ctl00$ContentPlaceHolder1$txtSearch&quot; type=&quot;text&quot; id=&quot;ctl00_ContentPlaceHolder1_txtSearch&quot; class=&quot;txtBox&quot; autocomplete=&quot;off&quot; placeholder=&quot;Search&quot;&gt;
  (Session info: chrome=83.0.4103.116)
Build info: version: &#039;3.141.59&#039;, revision: &#039;e82be7d358&#039;, time: &#039;2018-11-14T08:17:03&#039;
System info: host: &#039;DESKTOP-2PTS3ET&#039;, ip: &#039;192.168.0.105&#039;, os.name: &#039;Windows 10&#039;, os.arch: &#039;amd64&#039;, os.version: &#039;10.0&#039;, java.version: &#039;1.8.0_251&#039;
Driver info: org.openqa.selenium.chrome.ChromeDriver
Capabilities {acceptInsecureCerts: false, browserName: chrome, browserVersion: 83.0.4103.116, chrome: {chromedriverVersion: 83.0.4103.39 (ccbf011cb2d2b..., userDataDir: C:\Users\MYPC\AppData\Local...}, goog:chromeOptions: {debuggerAddress: localhost:60006}, javascriptEnabled: true, networkConnectionEnabled: false, pageLoadStrategy: normal, platform: WINDOWS, platformName: WINDOWS, proxy: Proxy(), setWindowRect: true, strictFileInteractability: false, timeouts: {implicit: 0, pageLoad: 300000, script: 30000}, unhandledPromptBehavior: dismiss and notify, webauthn:virtualAuthenticators: true}
Session ID: 0d367cd60c77314efec5457ce886c58d">
      <![CDATA[org.openqa.selenium.ElementClickInterceptedException: element click intercepted: Element <a id="ctl00_ContentPlaceHolder1_ibtnRefresh" title="Search" class="icon-SearchIcon" href="javascript:__doPostBack('ctl00$ContentPlaceHolder1$ibtnRefresh','')" style="display:inline-block;height:20px;width:20px;"></a> is not clickable at point (896, 90). Other element would receive the click: <input name="ctl00$ContentPlaceHolder1$txtSearch" type="text" id="ctl00_ContentPlaceHolder1_txtSearch" class="txtBox" autocomplete="off" placeholder="Search">
  (Session info: chrome=83.0.4103.116)
Build info: version: '3.141.59', revision: 'e82be7d358', time: '2018-11-14T08:17:03'
System info: host: 'DESKTOP-2PTS3ET', ip: '192.168.0.105', os.name: 'Windows 10', os.arch: 'amd64', os.version: '10.0', java.version: '1.8.0_251'
Driver info: org.openqa.selenium.chrome.ChromeDriver
Capabilities {acceptInsecureCerts: false, browserName: chrome, browserVersion: 83.0.4103.116, chrome: {chromedriverVersion: 83.0.4103.39 (ccbf011cb2d2b..., userDataDir: C:\Users\MYPC\AppData\Local...}, goog:chromeOptions: {debuggerAddress: localhost:60006}, javascriptEnabled: true, networkConnectionEnabled: false, pageLoadStrategy: normal, platform: WINDOWS, platformName: WINDOWS, proxy: Proxy(), setWindowRect: true, strictFileInteractability: false, timeouts: {implicit: 0, pageLoad: 300000, script: 30000}, unhandledPromptBehavior: dismiss and notify, webauthn:virtualAuthenticators: true}
Session ID: 0d367cd60c77314efec5457ce886c58d
at sun.reflect.NativeConstructorAccessorImpl.newInstance0(Native Method)
at sun.reflect.NativeConstructorAccessorImpl.newInstance(Unknown Source)
at sun.reflect.DelegatingConstructorAccessorImpl.newInstance(Unknown Source)
at java.lang.reflect.Constructor.newInstance(Unknown Source)
at org.openqa.selenium.remote.http.W3CHttpResponseCodec.createException(W3CHttpResponseCodec.java:187)
at org.openqa.selenium.remote.http.W3CHttpResponseCodec.decode(W3CHttpResponseCodec.java:122)
at org.openqa.selenium.remote.http.W3CHttpResponseCodec.decode(W3CHttpResponseCodec.java:49)
at org.openqa.selenium.remote.HttpCommandExecutor.execute(HttpCommandExecutor.java:158)
at org.openqa.selenium.remote.service.DriverCommandExecutor.execute(DriverCommandExecutor.java:83)
at org.openqa.selenium.remote.RemoteWebDriver.execute(RemoteWebDriver.java:552)
at org.openqa.selenium.remote.RemoteWebElement.execute(RemoteWebElement.java:285)
at org.openqa.selenium.remote.RemoteWebElement.click(RemoteWebElement.java:84)
at sun.reflect.GeneratedMethodAccessor1.invoke(Unknown Source)
at sun.reflect.DelegatingMethodAccessorImpl.invoke(Unknown Source)
at java.lang.reflect.Method.invoke(Unknown Source)
at org.openqa.selenium.support.pagefactory.internal.LocatingElementHandler.invoke(LocatingElementHandler.java:51)
at com.sun.proxy.$Proxy10.click(Unknown Source)
at com.quickmove.qa.pages.MasterPrefixPage.ClickonSearch(MasterPrefixPage.java:43)
at com.quickmove.qa.testcases.MasterPrefixTest.varifymasterprefix(MasterPrefixTest.java:56)
at sun.reflect.GeneratedMethodAccessor4.invoke(Unknown Source)
at sun.reflect.DelegatingMethodAccessorImpl.invoke(Unknown Source)
at java.lang.reflect.Method.invoke(Unknown Source)
at org.testng.internal.MethodInvocationHelper.invokeMethod(MethodInvocationHelper.java:135)
at org.testng.internal.TestInvoker.invokeMethod(TestInvoker.java:598)
at org.testng.internal.TestInvoker.invokeTestMethod(TestInvoker.java:174)
at org.testng.internal.MethodRunner.runInSequence(MethodRunner.java:46)
at org.testng.internal.TestInvoker$MethodInvocationAgent.invoke(TestInvoker.java:821)
at org.testng.internal.TestInvoker.invokeTestMethods(TestInvoker.java:147)
at org.testng.internal.TestMethodWorker.invokeTestMethods(TestMethodWorker.java:146)
at org.testng.internal.TestMethodWorker.run(TestMethodWorker.java:128)
at java.util.ArrayList.forEach(Unknown Source)
at org.testng.TestRunner.privateRun(TestRunner.java:767)
at org.testng.TestRunner.run(TestRunner.java:588)
at org.testng.SuiteRunner.runTest(SuiteRunner.java:384)
at org.testng.SuiteRunner.runSequentially(SuiteRunner.java:378)
at org.testng.SuiteRunner.privateRun(SuiteRunner.java:337)
at org.testng.SuiteRunner.run(SuiteRunner.java:286)
at org.testng.SuiteRunnerWorker.runSuite(SuiteRunnerWorker.java:53)
at org.testng.SuiteRunnerWorker.run(SuiteRunnerWorker.java:96)
at org.testng.TestNG.runSuitesSequentially(TestNG.java:1214)
at org.testng.TestNG.runSuitesLocally(TestNG.java:1136)
at org.testng.TestNG.runSuites(TestNG.java:1066)
at org.testng.TestNG.run(TestNG.java:1034)
at org.testng.remote.AbstractRemoteTestNG.run(AbstractRemoteTestNG.java:115)
at org.testng.remote.RemoteTestNG.initAndRun(RemoteTestNG.java:251)
at org.testng.remote.RemoteTestNG.main(RemoteTestNG.java:77)
]]>
    </error>
  </testcase> <!-- varifymasterprefix -->
  <system-out/>
  <testcase name="varifymasterprefix" time="21.890" classname="com.quickmove.qa.testcases.MasterPrefixTest"/>
  <system-out/>
  <testcase name="varifymasterprefix" time="20.609" classname="com.quickmove.qa.testcases.MasterPrefixTest"/>
  <system-out/>
  <testcase name="varifymasterprefix" time="19.751" classname="com.quickmove.qa.testcases.MasterPrefixTest"/>
  <system-out/>
  <testcase name="varifymasterprefix" time="21.498" classname="com.quickmove.qa.testcases.MasterPrefixTest"/>
  <system-out/>
  <testcase name="varifymasterprefix" time="20.015" classname="com.quickmove.qa.testcases.MasterPrefixTest"/>
  <system-out/>
  <testcase name="varifymasterprefix" time="18.865" classname="com.quickmove.qa.testcases.MasterPrefixTest"/>
  <system-out/>
  <testcase name="varifymasterprefix" time="19.177" classname="com.quickmove.qa.testcases.MasterPrefixTest"/>
  <system-out/>
  <testcase name="varifymasterprefix" time="19.450" classname="com.quickmove.qa.testcases.MasterPrefixTest"/>
  <system-out/>
  <testcase name="varifymasterprefix" time="20.558" classname="com.quickmove.qa.testcases.MasterPrefixTest"/>
  <system-out/>
  <testcase name="varifymasterprefix" time="19.306" classname="com.quickmove.qa.testcases.MasterPrefixTest"/>
  <system-out/>
  <testcase name="varifymasterprefix" time="19.775" classname="com.quickmove.qa.testcases.MasterPrefixTest"/>
  <system-out/>
  <testcase name="varifymasterprefix" time="19.529" classname="com.quickmove.qa.testcases.MasterPrefixTest"/>
  <system-out/>
  <testcase name="varifymasterprefix" time="19.533" classname="com.quickmove.qa.testcases.MasterPrefixTest"/>
  <system-out/>
  <testcase name="varifymasterprefix" time="20.717" classname="com.quickmove.qa.testcases.MasterPrefixTest"/>
  <system-out/>
  <testcase name="varifymasterprefix" time="19.401" classname="com.quickmove.qa.testcases.MasterPrefixTest"/>
  <system-out/>
  <testcase name="varifymasterprefix" time="20.233" classname="com.quickmove.qa.testcases.MasterPrefixTest"/>
  <system-out/>
  <testcase name="varifymasterprefix" time="18.207" classname="com.quickmove.qa.testcases.MasterPrefixTest">
    <error type="org.openqa.selenium.ElementClickInterceptedException" message="element click intercepted: Element &lt;a id=&quot;ctl00_ContentPlaceHolder1_ibtnRefresh&quot; title=&quot;Search&quot; class=&quot;icon-SearchIcon&quot; href=&quot;javascript:__doPostBack(&#039;ctl00$ContentPlaceHolder1$ibtnRefresh&#039;,&#039;&#039;)&quot; style=&quot;display:inline-block;height:20px;width:20px;&quot;&gt;&lt;/a&gt; is not clickable at point (896, 90). Other element would receive the click: &lt;input name=&quot;ctl00$ContentPlaceHolder1$txtSearch&quot; type=&quot;text&quot; id=&quot;ctl00_ContentPlaceHolder1_txtSearch&quot; class=&quot;txtBox&quot; autocomplete=&quot;off&quot; placeholder=&quot;Search&quot;&gt;
  (Session info: chrome=83.0.4103.116)
Build info: version: &#039;3.141.59&#039;, revision: &#039;e82be7d358&#039;, time: &#039;2018-11-14T08:17:03&#039;
System info: host: &#039;DESKTOP-2PTS3ET&#039;, ip: &#039;192.168.0.105&#039;, os.name: &#039;Windows 10&#039;, os.arch: &#039;amd64&#039;, os.version: &#039;10.0&#039;, java.version: &#039;1.8.0_251&#039;
Driver info: org.openqa.selenium.chrome.ChromeDriver
Capabilities {acceptInsecureCerts: false, browserName: chrome, browserVersion: 83.0.4103.116, chrome: {chromedriverVersion: 83.0.4103.39 (ccbf011cb2d2b..., userDataDir: C:\Users\MYPC\AppData\Local...}, goog:chromeOptions: {debuggerAddress: localhost:59402}, javascriptEnabled: true, networkConnectionEnabled: false, pageLoadStrategy: normal, platform: WINDOWS, platformName: WINDOWS, proxy: Proxy(), setWindowRect: true, strictFileInteractability: false, timeouts: {implicit: 0, pageLoad: 300000, script: 30000}, unhandledPromptBehavior: dismiss and notify, webauthn:virtualAuthenticators: true}
Session ID: d5b87caf096682f23d5a39eb575b6aa5">
      <![CDATA[org.openqa.selenium.ElementClickInterceptedException: element click intercepted: Element <a id="ctl00_ContentPlaceHolder1_ibtnRefresh" title="Search" class="icon-SearchIcon" href="javascript:__doPostBack('ctl00$ContentPlaceHolder1$ibtnRefresh','')" style="display:inline-block;height:20px;width:20px;"></a> is not clickable at point (896, 90). Other element would receive the click: <input name="ctl00$ContentPlaceHolder1$txtSearch" type="text" id="ctl00_ContentPlaceHolder1_txtSearch" class="txtBox" autocomplete="off" placeholder="Search">
  (Session info: chrome=83.0.4103.116)
Build info: version: '3.141.59', revision: 'e82be7d358', time: '2018-11-14T08:17:03'
System info: host: 'DESKTOP-2PTS3ET', ip: '192.168.0.105', os.name: 'Windows 10', os.arch: 'amd64', os.version: '10.0', java.version: '1.8.0_251'
Driver info: org.openqa.selenium.chrome.ChromeDriver
Capabilities {acceptInsecureCerts: false, browserName: chrome, browserVersion: 83.0.4103.116, chrome: {chromedriverVersion: 83.0.4103.39 (ccbf011cb2d2b..., userDataDir: C:\Users\MYPC\AppData\Local...}, goog:chromeOptions: {debuggerAddress: localhost:59402}, javascriptEnabled: true, networkConnectionEnabled: false, pageLoadStrategy: normal, platform: WINDOWS, platformName: WINDOWS, proxy: Proxy(), setWindowRect: true, strictFileInteractability: false, timeouts: {implicit: 0, pageLoad: 300000, script: 30000}, unhandledPromptBehavior: dismiss and notify, webauthn:virtualAuthenticators: true}
Session ID: d5b87caf096682f23d5a39eb575b6aa5
at sun.reflect.NativeConstructorAccessorImpl.newInstance0(Native Method)
at sun.reflect.NativeConstructorAccessorImpl.newInstance(Unknown Source)
at sun.reflect.DelegatingConstructorAccessorImpl.newInstance(Unknown Source)
at java.lang.reflect.Constructor.newInstance(Unknown Source)
at org.openqa.selenium.remote.http.W3CHttpResponseCodec.createException(W3CHttpResponseCodec.java:187)
at org.openqa.selenium.remote.http.W3CHttpResponseCodec.decode(W3CHttpResponseCodec.java:122)
at org.openqa.selenium.remote.http.W3CHttpResponseCodec.decode(W3CHttpResponseCodec.java:49)
at org.openqa.selenium.remote.HttpCommandExecutor.execute(HttpCommandExecutor.java:158)
at org.openqa.selenium.remote.service.DriverCommandExecutor.execute(DriverCommandExecutor.java:83)
at org.openqa.selenium.remote.RemoteWebDriver.execute(RemoteWebDriver.java:552)
at org.openqa.selenium.remote.RemoteWebElement.execute(RemoteWebElement.java:285)
at org.openqa.selenium.remote.RemoteWebElement.click(RemoteWebElement.java:84)
at sun.reflect.GeneratedMethodAccessor1.invoke(Unknown Source)
at sun.reflect.DelegatingMethodAccessorImpl.invoke(Unknown Source)
at java.lang.reflect.Method.invoke(Unknown Source)
at org.openqa.selenium.support.pagefactory.internal.LocatingElementHandler.invoke(LocatingElementHandler.java:51)
at com.sun.proxy.$Proxy10.click(Unknown Source)
at com.quickmove.qa.pages.MasterPrefixPage.ClickonSearch(MasterPrefixPage.java:43)
at com.quickmove.qa.testcases.MasterPrefixTest.varifymasterprefix(MasterPrefixTest.java:56)
at sun.reflect.GeneratedMethodAccessor4.invoke(Unknown Source)
at sun.reflect.DelegatingMethodAccessorImpl.invoke(Unknown Source)
at java.lang.reflect.Method.invoke(Unknown Source)
at org.testng.internal.MethodInvocationHelper.invokeMethod(MethodInvocationHelper.java:135)
at org.testng.internal.TestInvoker.invokeMethod(TestInvoker.java:598)
at org.testng.internal.TestInvoker.invokeTestMethod(TestInvoker.java:174)
at org.testng.internal.MethodRunner.runInSequence(MethodRunner.java:46)
at org.testng.internal.TestInvoker$MethodInvocationAgent.invoke(TestInvoker.java:821)
at org.testng.internal.TestInvoker.invokeTestMethods(TestInvoker.java:147)
at org.testng.internal.TestMethodWorker.invokeTestMethods(TestMethodWorker.java:146)
at org.testng.internal.TestMethodWorker.run(TestMethodWorker.java:128)
at java.util.ArrayList.forEach(Unknown Source)
at org.testng.TestRunner.privateRun(TestRunner.java:767)
at org.testng.TestRunner.run(TestRunner.java:588)
at org.testng.SuiteRunner.runTest(SuiteRunner.java:384)
at org.testng.SuiteRunner.runSequentially(SuiteRunner.java:378)
at org.testng.SuiteRunner.privateRun(SuiteRunner.java:337)
at org.testng.SuiteRunner.run(SuiteRunner.java:286)
at org.testng.SuiteRunnerWorker.runSuite(SuiteRunnerWorker.java:53)
at org.testng.SuiteRunnerWorker.run(SuiteRunnerWorker.java:96)
at org.testng.TestNG.runSuitesSequentially(TestNG.java:1214)
at org.testng.TestNG.runSuitesLocally(TestNG.java:1136)
at org.testng.TestNG.runSuites(TestNG.java:1066)
at org.testng.TestNG.run(TestNG.java:1034)
at org.testng.remote.AbstractRemoteTestNG.run(AbstractRemoteTestNG.java:115)
at org.testng.remote.RemoteTestNG.initAndRun(RemoteTestNG.java:251)
at org.testng.remote.RemoteTestNG.main(RemoteTestNG.java:77)
]]>
    </error>
  </testcase> <!-- varifymasterprefix -->
  <system-out/>
  <testcase name="varifymasterprefix" time="19.092" classname="com.quickmove.qa.testcases.MasterPrefixTest"/>
  <system-out/>
</testsuite> <!-- com.quickmove.qa.testcases.MasterPrefixTest -->
