<?xml version="1.0" encoding="UTF-8"?>
<!-- Generated by org.testng.reporters.JUnitReportReporter -->
<testsuite skipped="4" hostname="DESKTOP-2PTS3ET" name="com.quickmove.qa.testcases.VarifyaccountingtypeaddTest" tests="69" failures="0" timestamp="2020-07-25T15:41:18 IST" time="1182.359" errors="1">
  <testcase name="setup" time="33.645" classname="com.quickmove.qa.testcases.VarifyaccountingtypeaddTest">
    <error type="org.openqa.selenium.NoSuchElementException" message="no such element: Unable to locate element: {&quot;method&quot;:&quot;xpath&quot;,&quot;selector&quot;:&quot;//a[@id=&#039;12&#039;]&quot;}
  (Session info: chrome=84.0.4147.89)
For documentation on this error, please visit: https://www.seleniumhq.org/exceptions/no_such_element.html
Build info: version: &#039;3.141.59&#039;, revision: &#039;e82be7d358&#039;, time: &#039;2018-11-14T08:17:03&#039;
System info: host: &#039;DESKTOP-2PTS3ET&#039;, ip: &#039;192.168.0.102&#039;, os.name: &#039;Windows 10&#039;, os.arch: &#039;amd64&#039;, os.version: &#039;10.0&#039;, java.version: &#039;1.8.0_251&#039;
Driver info: org.openqa.selenium.chrome.ChromeDriver
Capabilities {acceptInsecureCerts: false, browserName: chrome, browserVersion: 84.0.4147.89, chrome: {chromedriverVersion: 83.0.4103.39 (ccbf011cb2d2b..., userDataDir: C:\Users\MYPC\AppData\Local...}, goog:chromeOptions: {debuggerAddress: localhost:60874}, javascriptEnabled: true, networkConnectionEnabled: false, pageLoadStrategy: normal, platform: WINDOWS, platformName: WINDOWS, proxy: Proxy(), setWindowRect: true, strictFileInteractability: false, timeouts: {implicit: 0, pageLoad: 300000, script: 30000}, unhandledPromptBehavior: dismiss and notify, webauthn:virtualAuthenticators: true}
Session ID: 3d480cd93b2b0be4e747e446e1b8ac5f
*** Element info: {Using=xpath, value=//a[@id=&#039;12&#039;]}">
      <![CDATA[org.openqa.selenium.NoSuchElementException: no such element: Unable to locate element: {"method":"xpath","selector":"//a[@id='12']"}
  (Session info: chrome=84.0.4147.89)
For documentation on this error, please visit: https://www.seleniumhq.org/exceptions/no_such_element.html
Build info: version: '3.141.59', revision: 'e82be7d358', time: '2018-11-14T08:17:03'
System info: host: 'DESKTOP-2PTS3ET', ip: '192.168.0.102', os.name: 'Windows 10', os.arch: 'amd64', os.version: '10.0', java.version: '1.8.0_251'
Driver info: org.openqa.selenium.chrome.ChromeDriver
Capabilities {acceptInsecureCerts: false, browserName: chrome, browserVersion: 84.0.4147.89, chrome: {chromedriverVersion: 83.0.4103.39 (ccbf011cb2d2b..., userDataDir: C:\Users\MYPC\AppData\Local...}, goog:chromeOptions: {debuggerAddress: localhost:60874}, javascriptEnabled: true, networkConnectionEnabled: false, pageLoadStrategy: normal, platform: WINDOWS, platformName: WINDOWS, proxy: Proxy(), setWindowRect: true, strictFileInteractability: false, timeouts: {implicit: 0, pageLoad: 300000, script: 30000}, unhandledPromptBehavior: dismiss and notify, webauthn:virtualAuthenticators: true}
Session ID: 3d480cd93b2b0be4e747e446e1b8ac5f
*** Element info: {Using=xpath, value=//a[@id='12']}
at sun.reflect.NativeConstructorAccessorImpl.newInstance0(Native Method)
at sun.reflect.NativeConstructorAccessorImpl.newInstance(NativeConstructorAccessorImpl.java:62)
at sun.reflect.DelegatingConstructorAccessorImpl.newInstance(DelegatingConstructorAccessorImpl.java:45)
at java.lang.reflect.Constructor.newInstance(Constructor.java:423)
at org.openqa.selenium.remote.http.W3CHttpResponseCodec.createException(W3CHttpResponseCodec.java:187)
at org.openqa.selenium.remote.http.W3CHttpResponseCodec.decode(W3CHttpResponseCodec.java:122)
at org.openqa.selenium.remote.http.W3CHttpResponseCodec.decode(W3CHttpResponseCodec.java:49)
at org.openqa.selenium.remote.HttpCommandExecutor.execute(HttpCommandExecutor.java:158)
at org.openqa.selenium.remote.service.DriverCommandExecutor.execute(DriverCommandExecutor.java:83)
at org.openqa.selenium.remote.RemoteWebDriver.execute(RemoteWebDriver.java:552)
at org.openqa.selenium.remote.RemoteWebDriver.findElement(RemoteWebDriver.java:323)
at org.openqa.selenium.remote.RemoteWebDriver.findElementByXPath(RemoteWebDriver.java:428)
at org.openqa.selenium.By$ByXPath.findElement(By.java:353)
at org.openqa.selenium.remote.RemoteWebDriver.findElement(RemoteWebDriver.java:315)
at org.openqa.selenium.support.pagefactory.DefaultElementLocator.findElement(DefaultElementLocator.java:69)
at org.openqa.selenium.support.pagefactory.internal.LocatingElementHandler.invoke(LocatingElementHandler.java:38)
at com.sun.proxy.$Proxy10.click(Unknown Source)
at com.quickmove.qa.pages.HomePage.clickonAccountModuleLink(HomePage.java:47)
at com.quickmove.qa.testcases.VarifyaccountingtypeaddTest.setup(VarifyaccountingtypeaddTest.java:47)
at sun.reflect.GeneratedMethodAccessor3.invoke(Unknown Source)
at sun.reflect.DelegatingMethodAccessorImpl.invoke(DelegatingMethodAccessorImpl.java:43)
at java.lang.reflect.Method.invoke(Method.java:498)
at org.testng.internal.MethodInvocationHelper.invokeMethod(MethodInvocationHelper.java:135)
at org.testng.internal.MethodInvocationHelper.invokeMethodConsideringTimeout(MethodInvocationHelper.java:64)
at org.testng.internal.ConfigInvoker.invokeConfigurationMethod(ConfigInvoker.java:364)
at org.testng.internal.ConfigInvoker.invokeConfigurations(ConfigInvoker.java:318)
at org.testng.internal.TestInvoker.runConfigMethods(TestInvoker.java:700)
at org.testng.internal.TestInvoker.invokeMethod(TestInvoker.java:527)
at org.testng.internal.TestInvoker.invokeTestMethod(TestInvoker.java:174)
at org.testng.internal.MethodRunner.runInSequence(MethodRunner.java:46)
at org.testng.internal.TestInvoker$MethodInvocationAgent.invoke(TestInvoker.java:821)
at org.testng.internal.TestInvoker.invokeTestMethods(TestInvoker.java:147)
at org.testng.internal.TestMethodWorker.invokeTestMethods(TestMethodWorker.java:146)
at org.testng.internal.TestMethodWorker.run(TestMethodWorker.java:128)
at java.util.ArrayList.forEach(ArrayList.java:1257)
at org.testng.TestRunner.privateRun(TestRunner.java:767)
at org.testng.TestRunner.run(TestRunner.java:588)
at org.testng.SuiteRunner.runTest(SuiteRunner.java:384)
at org.testng.SuiteRunner.runSequentially(SuiteRunner.java:378)
at org.testng.SuiteRunner.privateRun(SuiteRunner.java:337)
at org.testng.SuiteRunner.run(SuiteRunner.java:286)
at org.testng.SuiteRunnerWorker.runSuite(SuiteRunnerWorker.java:53)
at org.testng.SuiteRunnerWorker.run(SuiteRunnerWorker.java:96)
at org.testng.TestNG.runSuitesSequentially(TestNG.java:1214)
at org.testng.TestNG.runSuitesLocally(TestNG.java:1136)
at org.testng.TestNG.runSuites(TestNG.java:1066)
at org.testng.TestNG.run(TestNG.java:1034)
at org.testng.remote.AbstractRemoteTestNG.run(AbstractRemoteTestNG.java:115)
at org.testng.remote.RemoteTestNG.initAndRun(RemoteTestNG.java:251)
at org.testng.remote.RemoteTestNG.main(RemoteTestNG.java:77)
]]>
    </error>
  </testcase> <!-- setup -->
  <system-out/>
  <testcase name="VerifyAccountconfigurationIncome" time="19.696" classname="com.quickmove.qa.testcases.VarifyaccountingtypeaddTest"/>
  <system-out/>
  <testcase name="VerifyAccountconfigurationIncome" time="17.256" classname="com.quickmove.qa.testcases.VarifyaccountingtypeaddTest"/>
  <system-out/>
  <testcase name="VerifyAccountconfigurationIncome" time="17.665" classname="com.quickmove.qa.testcases.VarifyaccountingtypeaddTest"/>
  <system-out/>
  <testcase name="VerifyAccountconfigurationIncome" time="18.510" classname="com.quickmove.qa.testcases.VarifyaccountingtypeaddTest"/>
  <system-out/>
  <testcase name="VerifyAccountconfigurationIncome" time="19.002" classname="com.quickmove.qa.testcases.VarifyaccountingtypeaddTest"/>
  <system-out/>
  <testcase name="VerifyAccountconfigurationIncome" time="20.258" classname="com.quickmove.qa.testcases.VarifyaccountingtypeaddTest"/>
  <system-out/>
  <testcase name="VerifyAccountconfigurationIncome" time="22.544" classname="com.quickmove.qa.testcases.VarifyaccountingtypeaddTest"/>
  <system-out/>
  <testcase name="VerifyAccountconfigurationIncome" time="17.158" classname="com.quickmove.qa.testcases.VarifyaccountingtypeaddTest"/>
  <system-out/>
  <testcase name="VerifyAccountconfigurationIncome" time="16.690" classname="com.quickmove.qa.testcases.VarifyaccountingtypeaddTest"/>
  <system-out/>
  <testcase name="VerifyAccountconfigurationIncome" time="17.648" classname="com.quickmove.qa.testcases.VarifyaccountingtypeaddTest"/>
  <system-out/>
  <testcase name="VerifyAccountconfigurationIncome" time="18.308" classname="com.quickmove.qa.testcases.VarifyaccountingtypeaddTest"/>
  <system-out/>
  <testcase name="VerifyAccountconfigurationIncome" time="18.005" classname="com.quickmove.qa.testcases.VarifyaccountingtypeaddTest"/>
  <system-out/>
  <testcase name="VerifyAccountconfigurationIncome" time="17.297" classname="com.quickmove.qa.testcases.VarifyaccountingtypeaddTest"/>
  <system-out/>
  <testcase name="VerifyAccountconfigurationIncome" time="17.257" classname="com.quickmove.qa.testcases.VarifyaccountingtypeaddTest"/>
  <system-out/>
  <testcase name="VerifyAccountconfigurationIncome" time="21.581" classname="com.quickmove.qa.testcases.VarifyaccountingtypeaddTest"/>
  <system-out/>
  <testcase name="VerifyAccountconfigurationIncome" time="17.444" classname="com.quickmove.qa.testcases.VarifyaccountingtypeaddTest"/>
  <system-out/>
  <testcase name="VerifyAccountconfigurationIncome" time="16.909" classname="com.quickmove.qa.testcases.VarifyaccountingtypeaddTest"/>
  <system-out/>
  <testcase name="VerifyAccountconfigurationIncome" time="17.742" classname="com.quickmove.qa.testcases.VarifyaccountingtypeaddTest"/>
  <system-out/>
  <testcase name="VerifyAccountconfigurationIncome" time="17.815" classname="com.quickmove.qa.testcases.VarifyaccountingtypeaddTest"/>
  <system-out/>
  <testcase name="VerifyAccountconfigurationIncome" time="18.340" classname="com.quickmove.qa.testcases.VarifyaccountingtypeaddTest"/>
  <system-out/>
  <testcase name="VerifyAccountconfigurationIncome" time="17.239" classname="com.quickmove.qa.testcases.VarifyaccountingtypeaddTest"/>
  <system-out/>
  <testcase name="VerifyAccountconfigurationIncome" time="16.884" classname="com.quickmove.qa.testcases.VarifyaccountingtypeaddTest"/>
  <system-out/>
  <testcase name="VerifyAccountconfigurationIncome" time="22.527" classname="com.quickmove.qa.testcases.VarifyaccountingtypeaddTest"/>
  <system-out/>
  <testcase name="VerifyAccountconfigurationIncome" time="16.805" classname="com.quickmove.qa.testcases.VarifyaccountingtypeaddTest"/>
  <system-out/>
  <testcase name="VerifyAccountconfigurationIncome" time="18.994" classname="com.quickmove.qa.testcases.VarifyaccountingtypeaddTest"/>
  <system-out/>
  <testcase name="VerifyAccountconfigurationIncome" time="19.797" classname="com.quickmove.qa.testcases.VarifyaccountingtypeaddTest"/>
  <system-out/>
  <testcase name="VerifyAccountconfigurationIncome" time="16.503" classname="com.quickmove.qa.testcases.VarifyaccountingtypeaddTest"/>
  <system-out/>
  <testcase name="VerifyAccountconfigurationIncome" time="19.269" classname="com.quickmove.qa.testcases.VarifyaccountingtypeaddTest"/>
  <system-out/>
  <testcase name="VerifyAccountconfigurationIncome" time="17.589" classname="com.quickmove.qa.testcases.VarifyaccountingtypeaddTest"/>
  <system-out/>
  <testcase name="VerifyAccountconfigurationIncome" time="18.146" classname="com.quickmove.qa.testcases.VarifyaccountingtypeaddTest"/>
  <system-out/>
  <testcase name="VerifyAccountconfigurationIncome" time="16.772" classname="com.quickmove.qa.testcases.VarifyaccountingtypeaddTest"/>
  <system-out/>
  <testcase name="VerifyAccountconfigurationIncome" time="19.559" classname="com.quickmove.qa.testcases.VarifyaccountingtypeaddTest"/>
  <system-out/>
  <testcase name="VerifyAccountconfigurationIncome" time="24.085" classname="com.quickmove.qa.testcases.VarifyaccountingtypeaddTest"/>
  <system-out/>
  <testcase name="VerifyAccountconfigurationIncome" time="16.289" classname="com.quickmove.qa.testcases.VarifyaccountingtypeaddTest"/>
  <system-out/>
  <testcase name="VerifyAccountconfigurationExpense" time="18.608" classname="com.quickmove.qa.testcases.VarifyaccountingtypeaddTest"/>
  <system-out/>
  <testcase name="VerifyAccountconfigurationExpense" time="16.847" classname="com.quickmove.qa.testcases.VarifyaccountingtypeaddTest"/>
  <system-out/>
  <testcase name="VerifyAccountconfigurationExpense" time="16.788" classname="com.quickmove.qa.testcases.VarifyaccountingtypeaddTest"/>
  <system-out/>
  <testcase name="VerifyAccountconfigurationExpense" time="16.690" classname="com.quickmove.qa.testcases.VarifyaccountingtypeaddTest"/>
  <system-out/>
  <testcase name="VerifyAccountconfigurationExpense" time="19.078" classname="com.quickmove.qa.testcases.VarifyaccountingtypeaddTest"/>
  <system-out/>
  <testcase name="VerifyAccountconfigurationExpense" time="18.259" classname="com.quickmove.qa.testcases.VarifyaccountingtypeaddTest"/>
  <system-out/>
  <testcase name="VerifyAccountconfigurationExpense" time="16.910" classname="com.quickmove.qa.testcases.VarifyaccountingtypeaddTest"/>
  <system-out/>
  <testcase name="VerifyAccountconfigurationExpense" time="18.177" classname="com.quickmove.qa.testcases.VarifyaccountingtypeaddTest"/>
  <system-out/>
  <testcase name="VerifyAccountconfigurationExpense" time="14.721" classname="com.quickmove.qa.testcases.VarifyaccountingtypeaddTest">
    <skipped/>
  </testcase> <!-- VerifyAccountconfigurationExpense -->
  <system-out/>
  <testcase name="VerifyAccountconfigurationExpense" time="17.865" classname="com.quickmove.qa.testcases.VarifyaccountingtypeaddTest"/>
  <system-out/>
  <testcase name="VerifyAccountconfigurationExpense" time="18.394" classname="com.quickmove.qa.testcases.VarifyaccountingtypeaddTest"/>
  <system-out/>
  <testcase name="VerifyAccountconfigurationExpense" time="17.573" classname="com.quickmove.qa.testcases.VarifyaccountingtypeaddTest"/>
  <system-out/>
  <testcase name="VerifyAccountconfigurationExpense" time="15.977" classname="com.quickmove.qa.testcases.VarifyaccountingtypeaddTest">
    <skipped/>
  </testcase> <!-- VerifyAccountconfigurationExpense -->
  <system-out/>
  <testcase name="VerifyAccountconfigurationExpense" time="17.782" classname="com.quickmove.qa.testcases.VarifyaccountingtypeaddTest"/>
  <system-out/>
  <testcase name="VerifyAccountconfigurationExpense" time="18.220" classname="com.quickmove.qa.testcases.VarifyaccountingtypeaddTest"/>
  <system-out/>
  <testcase name="VerifyAccountconfigurationExpense" time="16.885" classname="com.quickmove.qa.testcases.VarifyaccountingtypeaddTest"/>
  <system-out/>
  <testcase name="VerifyAccountconfigurationExpense" time="17.783" classname="com.quickmove.qa.testcases.VarifyaccountingtypeaddTest"/>
  <system-out/>
  <testcase name="VerifyAccountconfigurationExpense" time="16.888" classname="com.quickmove.qa.testcases.VarifyaccountingtypeaddTest"/>
  <system-out/>
  <testcase name="VerifyAccountconfigurationExpense" time="18.616" classname="com.quickmove.qa.testcases.VarifyaccountingtypeaddTest"/>
  <system-out/>
  <testcase name="VerifyAccountconfigurationExpense" time="19.436" classname="com.quickmove.qa.testcases.VarifyaccountingtypeaddTest"/>
  <system-out/>
  <testcase name="VerifyAccountconfigurationExpense" time="15.205" classname="com.quickmove.qa.testcases.VarifyaccountingtypeaddTest">
    <skipped/>
  </testcase> <!-- VerifyAccountconfigurationExpense -->
  <system-out/>
  <testcase name="VerifyAccountconfigurationExpense" time="19.424" classname="com.quickmove.qa.testcases.VarifyaccountingtypeaddTest"/>
  <system-out/>
  <testcase name="VerifyAccountconfigurationExpense" time="17.154" classname="com.quickmove.qa.testcases.VarifyaccountingtypeaddTest"/>
  <system-out/>
  <testcase name="VerifyAccountconfigurationExpense" time="17.586" classname="com.quickmove.qa.testcases.VarifyaccountingtypeaddTest"/>
  <system-out/>
  <testcase name="VerifyAccountconfigurationExpense" time="18.542" classname="com.quickmove.qa.testcases.VarifyaccountingtypeaddTest"/>
  <system-out/>
  <testcase name="VerifyAccountconfigurationExpense" time="19.471" classname="com.quickmove.qa.testcases.VarifyaccountingtypeaddTest"/>
  <system-out/>
  <testcase name="VerifyAccountconfigurationExpense" time="14.583" classname="com.quickmove.qa.testcases.VarifyaccountingtypeaddTest">
    <skipped/>
  </testcase> <!-- VerifyAccountconfigurationExpense -->
  <system-out/>
  <testcase name="VerifyAccountconfigurationExpense" time="17.636" classname="com.quickmove.qa.testcases.VarifyaccountingtypeaddTest"/>
  <system-out/>
  <testcase name="VerifyAccountconfigurationExpense" time="17.475" classname="com.quickmove.qa.testcases.VarifyaccountingtypeaddTest"/>
  <system-out/>
  <testcase name="VerifyAccountconfigurationExpense" time="2.386" classname="com.quickmove.qa.testcases.VarifyaccountingtypeaddTest"/>
  <system-out/>
  <testcase name="VerifyAccountconfigurationExpense" time="2.446" classname="com.quickmove.qa.testcases.VarifyaccountingtypeaddTest"/>
  <system-out/>
  <testcase name="VerifyAccountconfigurationExpense" time="2.574" classname="com.quickmove.qa.testcases.VarifyaccountingtypeaddTest"/>
  <system-out/>
  <testcase name="VerifyAccountconfigurationExpense" time="2.566" classname="com.quickmove.qa.testcases.VarifyaccountingtypeaddTest"/>
  <system-out/>
  <testcase name="VerifyAccountconfigurationExpense" time="2.586" classname="com.quickmove.qa.testcases.VarifyaccountingtypeaddTest"/>
  <system-out/>
</testsuite> <!-- com.quickmove.qa.testcases.VarifyaccountingtypeaddTest -->
