<?xml version="1.0" encoding="UTF-8"?>
<!-- Generated by org.testng.reporters.JUnitReportReporter -->
<testsuite skipped="130" hostname="DESKTOP-2PTS3ET" name="com.quickmove.qa.testcases.Addroomsettingtest" tests="145" failures="0" timestamp="2020-07-03T16:38:09 IST" time="13162.480" errors="12">
  <testcase name="setup" time="21.840" classname="com.quickmove.qa.testcases.Addroomsettingtest">
    <error type="org.openqa.selenium.WebDriverException" message="unknown error: failed to change window state to maximized, current state is minimized
  (Session info: chrome=83.0.4103.116)
Build info: version: &#039;3.141.59&#039;, revision: &#039;e82be7d358&#039;, time: &#039;2018-11-14T08:17:03&#039;
System info: host: &#039;DESKTOP-2PTS3ET&#039;, ip: &#039;192.168.0.105&#039;, os.name: &#039;Windows 10&#039;, os.arch: &#039;amd64&#039;, os.version: &#039;10.0&#039;, java.version: &#039;1.8.0_251&#039;
Driver info: org.openqa.selenium.chrome.ChromeDriver
Capabilities {acceptInsecureCerts: false, browserName: chrome, browserVersion: 83.0.4103.116, chrome: {chromedriverVersion: 83.0.4103.39 (ccbf011cb2d2b..., userDataDir: C:\Users\MYPC\AppData\Local...}, goog:chromeOptions: {debuggerAddress: localhost:62169}, javascriptEnabled: true, networkConnectionEnabled: false, pageLoadStrategy: normal, platform: WINDOWS, platformName: WINDOWS, proxy: Proxy(), setWindowRect: true, strictFileInteractability: false, timeouts: {implicit: 0, pageLoad: 300000, script: 30000}, unhandledPromptBehavior: dismiss and notify, webauthn:virtualAuthenticators: true}
Session ID: 4d4ec87cde00ac4313ee211fa9107e8c">
      <![CDATA[org.openqa.selenium.WebDriverException: unknown error: failed to change window state to maximized, current state is minimized
  (Session info: chrome=83.0.4103.116)
Build info: version: '3.141.59', revision: 'e82be7d358', time: '2018-11-14T08:17:03'
System info: host: 'DESKTOP-2PTS3ET', ip: '192.168.0.105', os.name: 'Windows 10', os.arch: 'amd64', os.version: '10.0', java.version: '1.8.0_251'
Driver info: org.openqa.selenium.chrome.ChromeDriver
Capabilities {acceptInsecureCerts: false, browserName: chrome, browserVersion: 83.0.4103.116, chrome: {chromedriverVersion: 83.0.4103.39 (ccbf011cb2d2b..., userDataDir: C:\Users\MYPC\AppData\Local...}, goog:chromeOptions: {debuggerAddress: localhost:62169}, javascriptEnabled: true, networkConnectionEnabled: false, pageLoadStrategy: normal, platform: WINDOWS, platformName: WINDOWS, proxy: Proxy(), setWindowRect: true, strictFileInteractability: false, timeouts: {implicit: 0, pageLoad: 300000, script: 30000}, unhandledPromptBehavior: dismiss and notify, webauthn:virtualAuthenticators: true}
Session ID: 4d4ec87cde00ac4313ee211fa9107e8c
at sun.reflect.NativeConstructorAccessorImpl.newInstance0(Native Method)
at sun.reflect.NativeConstructorAccessorImpl.newInstance(Unknown Source)
at sun.reflect.DelegatingConstructorAccessorImpl.newInstance(Unknown Source)
at java.lang.reflect.Constructor.newInstance(Unknown Source)
at org.openqa.selenium.remote.http.W3CHttpResponseCodec.createException(W3CHttpResponseCodec.java:187)
at org.openqa.selenium.remote.http.W3CHttpResponseCodec.decode(W3CHttpResponseCodec.java:122)
at org.openqa.selenium.remote.http.W3CHttpResponseCodec.decode(W3CHttpResponseCodec.java:49)
at org.openqa.selenium.remote.HttpCommandExecutor.execute(HttpCommandExecutor.java:158)
at org.openqa.selenium.remote.service.DriverCommandExecutor.execute(DriverCommandExecutor.java:83)
at org.openqa.selenium.remote.RemoteWebDriver.execute(RemoteWebDriver.java:552)
at org.openqa.selenium.remote.RemoteWebDriver.execute(RemoteWebDriver.java:609)
at org.openqa.selenium.remote.RemoteWebDriver$RemoteWebDriverOptions$RemoteWindow.maximize(RemoteWebDriver.java:837)
at com.quickmove.qa.base.TestBase.initialization(TestBase.java:47)
at com.quickmove.qa.testcases.Addroomsettingtest.setup(Addroomsettingtest.java:36)
at sun.reflect.NativeMethodAccessorImpl.invoke0(Native Method)
at sun.reflect.NativeMethodAccessorImpl.invoke(Unknown Source)
at sun.reflect.DelegatingMethodAccessorImpl.invoke(Unknown Source)
at java.lang.reflect.Method.invoke(Unknown Source)
at org.testng.internal.MethodInvocationHelper.invokeMethod(MethodInvocationHelper.java:135)
at org.testng.internal.MethodInvocationHelper.invokeMethodConsideringTimeout(MethodInvocationHelper.java:64)
at org.testng.internal.ConfigInvoker.invokeConfigurationMethod(ConfigInvoker.java:364)
at org.testng.internal.ConfigInvoker.invokeConfigurations(ConfigInvoker.java:318)
at org.testng.internal.TestInvoker.runConfigMethods(TestInvoker.java:700)
at org.testng.internal.TestInvoker.invokeMethod(TestInvoker.java:527)
at org.testng.internal.TestInvoker.invokeTestMethod(TestInvoker.java:174)
at org.testng.internal.MethodRunner.runInSequence(MethodRunner.java:46)
at org.testng.internal.TestInvoker$MethodInvocationAgent.invoke(TestInvoker.java:821)
at org.testng.internal.TestInvoker.invokeTestMethods(TestInvoker.java:147)
at org.testng.internal.TestMethodWorker.invokeTestMethods(TestMethodWorker.java:146)
at org.testng.internal.TestMethodWorker.run(TestMethodWorker.java:128)
at java.util.ArrayList.forEach(Unknown Source)
at org.testng.TestRunner.privateRun(TestRunner.java:767)
at org.testng.TestRunner.run(TestRunner.java:588)
at org.testng.SuiteRunner.runTest(SuiteRunner.java:384)
at org.testng.SuiteRunner.runSequentially(SuiteRunner.java:378)
at org.testng.SuiteRunner.privateRun(SuiteRunner.java:337)
at org.testng.SuiteRunner.run(SuiteRunner.java:286)
at org.testng.SuiteRunnerWorker.runSuite(SuiteRunnerWorker.java:53)
at org.testng.SuiteRunnerWorker.run(SuiteRunnerWorker.java:96)
at org.testng.TestNG.runSuitesSequentially(TestNG.java:1214)
at org.testng.TestNG.runSuitesLocally(TestNG.java:1136)
at org.testng.TestNG.runSuites(TestNG.java:1066)
at org.testng.TestNG.run(TestNG.java:1034)
at org.testng.remote.AbstractRemoteTestNG.run(AbstractRemoteTestNG.java:115)
at org.testng.remote.RemoteTestNG.initAndRun(RemoteTestNG.java:251)
at org.testng.remote.RemoteTestNG.main(RemoteTestNG.java:77)
]]>
    </error>
  </testcase> <!-- setup -->
  <system-out/>
  <testcase name="varifyaddroom" time="16.075" classname="com.quickmove.qa.testcases.Addroomsettingtest">
    <skipped/>
  </testcase> <!-- varifyaddroom -->
  <system-out/>
  <testcase name="varifyaddroom" time="681.043" classname="com.quickmove.qa.testcases.Addroomsettingtest">
    <error type="org.openqa.selenium.NoSuchElementException" message="no such element: Unable to locate element: {&quot;method&quot;:&quot;xpath&quot;,&quot;selector&quot;:&quot;//select[@id=&#039;ctl00_ContentPlaceHolder1_lstItem&#039;]//option[1]&quot;}
  (Session info: chrome=83.0.4103.116)
For documentation on this error, please visit: https://www.seleniumhq.org/exceptions/no_such_element.html
Build info: version: &#039;3.141.59&#039;, revision: &#039;e82be7d358&#039;, time: &#039;2018-11-14T08:17:03&#039;
System info: host: &#039;DESKTOP-2PTS3ET&#039;, ip: &#039;192.168.0.105&#039;, os.name: &#039;Windows 10&#039;, os.arch: &#039;amd64&#039;, os.version: &#039;10.0&#039;, java.version: &#039;1.8.0_251&#039;
Driver info: org.openqa.selenium.chrome.ChromeDriver
Capabilities {acceptInsecureCerts: false, browserName: chrome, browserVersion: 83.0.4103.116, chrome: {chromedriverVersion: 83.0.4103.39 (ccbf011cb2d2b..., userDataDir: C:\Users\MYPC\AppData\Local...}, goog:chromeOptions: {debuggerAddress: localhost:60768}, javascriptEnabled: true, networkConnectionEnabled: false, pageLoadStrategy: normal, platform: WINDOWS, platformName: WINDOWS, proxy: Proxy(), setWindowRect: true, strictFileInteractability: false, timeouts: {implicit: 0, pageLoad: 300000, script: 30000}, unhandledPromptBehavior: dismiss and notify, webauthn:virtualAuthenticators: true}
Session ID: a6fd276f089589448881597b314238c4
*** Element info: {Using=xpath, value=//select[@id=&#039;ctl00_ContentPlaceHolder1_lstItem&#039;]//option[1]}">
      <![CDATA[org.openqa.selenium.NoSuchElementException: no such element: Unable to locate element: {"method":"xpath","selector":"//select[@id='ctl00_ContentPlaceHolder1_lstItem']//option[1]"}
  (Session info: chrome=83.0.4103.116)
For documentation on this error, please visit: https://www.seleniumhq.org/exceptions/no_such_element.html
Build info: version: '3.141.59', revision: 'e82be7d358', time: '2018-11-14T08:17:03'
System info: host: 'DESKTOP-2PTS3ET', ip: '192.168.0.105', os.name: 'Windows 10', os.arch: 'amd64', os.version: '10.0', java.version: '1.8.0_251'
Driver info: org.openqa.selenium.chrome.ChromeDriver
Capabilities {acceptInsecureCerts: false, browserName: chrome, browserVersion: 83.0.4103.116, chrome: {chromedriverVersion: 83.0.4103.39 (ccbf011cb2d2b..., userDataDir: C:\Users\MYPC\AppData\Local...}, goog:chromeOptions: {debuggerAddress: localhost:60768}, javascriptEnabled: true, networkConnectionEnabled: false, pageLoadStrategy: normal, platform: WINDOWS, platformName: WINDOWS, proxy: Proxy(), setWindowRect: true, strictFileInteractability: false, timeouts: {implicit: 0, pageLoad: 300000, script: 30000}, unhandledPromptBehavior: dismiss and notify, webauthn:virtualAuthenticators: true}
Session ID: a6fd276f089589448881597b314238c4
*** Element info: {Using=xpath, value=//select[@id='ctl00_ContentPlaceHolder1_lstItem']//option[1]}
at sun.reflect.NativeConstructorAccessorImpl.newInstance0(Native Method)
at sun.reflect.NativeConstructorAccessorImpl.newInstance(Unknown Source)
at sun.reflect.DelegatingConstructorAccessorImpl.newInstance(Unknown Source)
at java.lang.reflect.Constructor.newInstance(Unknown Source)
at org.openqa.selenium.remote.http.W3CHttpResponseCodec.createException(W3CHttpResponseCodec.java:187)
at org.openqa.selenium.remote.http.W3CHttpResponseCodec.decode(W3CHttpResponseCodec.java:122)
at org.openqa.selenium.remote.http.W3CHttpResponseCodec.decode(W3CHttpResponseCodec.java:49)
at org.openqa.selenium.remote.HttpCommandExecutor.execute(HttpCommandExecutor.java:158)
at org.openqa.selenium.remote.service.DriverCommandExecutor.execute(DriverCommandExecutor.java:83)
at org.openqa.selenium.remote.RemoteWebDriver.execute(RemoteWebDriver.java:552)
at org.openqa.selenium.remote.RemoteWebDriver.findElement(RemoteWebDriver.java:323)
at org.openqa.selenium.remote.RemoteWebDriver.findElementByXPath(RemoteWebDriver.java:428)
at org.openqa.selenium.By$ByXPath.findElement(By.java:353)
at org.openqa.selenium.remote.RemoteWebDriver.findElement(RemoteWebDriver.java:315)
at org.openqa.selenium.support.pagefactory.DefaultElementLocator.findElement(DefaultElementLocator.java:69)
at org.openqa.selenium.support.pagefactory.internal.LocatingElementHandler.invoke(LocatingElementHandler.java:38)
at com.sun.proxy.$Proxy10.click(Unknown Source)
at com.quickmove.qa.pages.AddRoomSettingpage.clickonfirstelement(AddRoomSettingpage.java:254)
at com.quickmove.qa.pages.AddRoomSettingpage.selectelement(AddRoomSettingpage.java:124)
at com.quickmove.qa.testcases.Addroomsettingtest.varifyaddroom(Addroomsettingtest.java:66)
at sun.reflect.NativeMethodAccessorImpl.invoke0(Native Method)
at sun.reflect.NativeMethodAccessorImpl.invoke(Unknown Source)
at sun.reflect.DelegatingMethodAccessorImpl.invoke(Unknown Source)
at java.lang.reflect.Method.invoke(Unknown Source)
at org.testng.internal.MethodInvocationHelper.invokeMethod(MethodInvocationHelper.java:135)
at org.testng.internal.TestInvoker.invokeMethod(TestInvoker.java:598)
at org.testng.internal.TestInvoker.invokeTestMethod(TestInvoker.java:174)
at org.testng.internal.MethodRunner.runInSequence(MethodRunner.java:46)
at org.testng.internal.TestInvoker$MethodInvocationAgent.invoke(TestInvoker.java:821)
at org.testng.internal.TestInvoker.invokeTestMethods(TestInvoker.java:147)
at org.testng.internal.TestMethodWorker.invokeTestMethods(TestMethodWorker.java:146)
at org.testng.internal.TestMethodWorker.run(TestMethodWorker.java:128)
at java.util.ArrayList.forEach(Unknown Source)
at org.testng.TestRunner.privateRun(TestRunner.java:767)
at org.testng.TestRunner.run(TestRunner.java:588)
at org.testng.SuiteRunner.runTest(SuiteRunner.java:384)
at org.testng.SuiteRunner.runSequentially(SuiteRunner.java:378)
at org.testng.SuiteRunner.privateRun(SuiteRunner.java:337)
at org.testng.SuiteRunner.run(SuiteRunner.java:286)
at org.testng.SuiteRunnerWorker.runSuite(SuiteRunnerWorker.java:53)
at org.testng.SuiteRunnerWorker.run(SuiteRunnerWorker.java:96)
at org.testng.TestNG.runSuitesSequentially(TestNG.java:1214)
at org.testng.TestNG.runSuitesLocally(TestNG.java:1136)
at org.testng.TestNG.runSuites(TestNG.java:1066)
at org.testng.TestNG.run(TestNG.java:1034)
at org.testng.remote.AbstractRemoteTestNG.run(AbstractRemoteTestNG.java:115)
at org.testng.remote.RemoteTestNG.initAndRun(RemoteTestNG.java:251)
at org.testng.remote.RemoteTestNG.main(RemoteTestNG.java:77)
]]>
    </error>
  </testcase> <!-- varifyaddroom -->
  <system-out/>
  <testcase name="varifyaddroom" time="1737.516" classname="com.quickmove.qa.testcases.Addroomsettingtest"/>
  <system-out/>
  <testcase name="varifyaddroom" time="1909.404" classname="com.quickmove.qa.testcases.Addroomsettingtest"/>
  <system-out/>
  <testcase name="varifyaddroom" time="1790.399" classname="com.quickmove.qa.testcases.Addroomsettingtest"/>
  <system-out/>
  <testcase name="varifyaddroom" time="637.820" classname="com.quickmove.qa.testcases.Addroomsettingtest">
    <error type="org.openqa.selenium.NoSuchElementException" message="no such element: Unable to locate element: {&quot;method&quot;:&quot;xpath&quot;,&quot;selector&quot;:&quot;//select[@id=&#039;ctl00_ContentPlaceHolder1_lstItem&#039;]//option[1]&quot;}
  (Session info: chrome=83.0.4103.116)
For documentation on this error, please visit: https://www.seleniumhq.org/exceptions/no_such_element.html
Build info: version: &#039;3.141.59&#039;, revision: &#039;e82be7d358&#039;, time: &#039;2018-11-14T08:17:03&#039;
System info: host: &#039;DESKTOP-2PTS3ET&#039;, ip: &#039;192.168.0.105&#039;, os.name: &#039;Windows 10&#039;, os.arch: &#039;amd64&#039;, os.version: &#039;10.0&#039;, java.version: &#039;1.8.0_251&#039;
Driver info: org.openqa.selenium.chrome.ChromeDriver
Capabilities {acceptInsecureCerts: false, browserName: chrome, browserVersion: 83.0.4103.116, chrome: {chromedriverVersion: 83.0.4103.39 (ccbf011cb2d2b..., userDataDir: C:\Users\MYPC\AppData\Local...}, goog:chromeOptions: {debuggerAddress: localhost:57540}, javascriptEnabled: true, networkConnectionEnabled: false, pageLoadStrategy: normal, platform: WINDOWS, platformName: WINDOWS, proxy: Proxy(), setWindowRect: true, strictFileInteractability: false, timeouts: {implicit: 0, pageLoad: 300000, script: 30000}, unhandledPromptBehavior: dismiss and notify, webauthn:virtualAuthenticators: true}
Session ID: 22c1db6742a738a4a5a4296a1a13692e
*** Element info: {Using=xpath, value=//select[@id=&#039;ctl00_ContentPlaceHolder1_lstItem&#039;]//option[1]}">
      <![CDATA[org.openqa.selenium.NoSuchElementException: no such element: Unable to locate element: {"method":"xpath","selector":"//select[@id='ctl00_ContentPlaceHolder1_lstItem']//option[1]"}
  (Session info: chrome=83.0.4103.116)
For documentation on this error, please visit: https://www.seleniumhq.org/exceptions/no_such_element.html
Build info: version: '3.141.59', revision: 'e82be7d358', time: '2018-11-14T08:17:03'
System info: host: 'DESKTOP-2PTS3ET', ip: '192.168.0.105', os.name: 'Windows 10', os.arch: 'amd64', os.version: '10.0', java.version: '1.8.0_251'
Driver info: org.openqa.selenium.chrome.ChromeDriver
Capabilities {acceptInsecureCerts: false, browserName: chrome, browserVersion: 83.0.4103.116, chrome: {chromedriverVersion: 83.0.4103.39 (ccbf011cb2d2b..., userDataDir: C:\Users\MYPC\AppData\Local...}, goog:chromeOptions: {debuggerAddress: localhost:57540}, javascriptEnabled: true, networkConnectionEnabled: false, pageLoadStrategy: normal, platform: WINDOWS, platformName: WINDOWS, proxy: Proxy(), setWindowRect: true, strictFileInteractability: false, timeouts: {implicit: 0, pageLoad: 300000, script: 30000}, unhandledPromptBehavior: dismiss and notify, webauthn:virtualAuthenticators: true}
Session ID: 22c1db6742a738a4a5a4296a1a13692e
*** Element info: {Using=xpath, value=//select[@id='ctl00_ContentPlaceHolder1_lstItem']//option[1]}
at sun.reflect.NativeConstructorAccessorImpl.newInstance0(Native Method)
at sun.reflect.NativeConstructorAccessorImpl.newInstance(Unknown Source)
at sun.reflect.DelegatingConstructorAccessorImpl.newInstance(Unknown Source)
at java.lang.reflect.Constructor.newInstance(Unknown Source)
at org.openqa.selenium.remote.http.W3CHttpResponseCodec.createException(W3CHttpResponseCodec.java:187)
at org.openqa.selenium.remote.http.W3CHttpResponseCodec.decode(W3CHttpResponseCodec.java:122)
at org.openqa.selenium.remote.http.W3CHttpResponseCodec.decode(W3CHttpResponseCodec.java:49)
at org.openqa.selenium.remote.HttpCommandExecutor.execute(HttpCommandExecutor.java:158)
at org.openqa.selenium.remote.service.DriverCommandExecutor.execute(DriverCommandExecutor.java:83)
at org.openqa.selenium.remote.RemoteWebDriver.execute(RemoteWebDriver.java:552)
at org.openqa.selenium.remote.RemoteWebDriver.findElement(RemoteWebDriver.java:323)
at org.openqa.selenium.remote.RemoteWebDriver.findElementByXPath(RemoteWebDriver.java:428)
at org.openqa.selenium.By$ByXPath.findElement(By.java:353)
at org.openqa.selenium.remote.RemoteWebDriver.findElement(RemoteWebDriver.java:315)
at org.openqa.selenium.support.pagefactory.DefaultElementLocator.findElement(DefaultElementLocator.java:69)
at org.openqa.selenium.support.pagefactory.internal.LocatingElementHandler.invoke(LocatingElementHandler.java:38)
at com.sun.proxy.$Proxy10.click(Unknown Source)
at com.quickmove.qa.pages.AddRoomSettingpage.clickonfirstelement(AddRoomSettingpage.java:254)
at com.quickmove.qa.pages.AddRoomSettingpage.selectelement(AddRoomSettingpage.java:124)
at com.quickmove.qa.testcases.Addroomsettingtest.varifyaddroom(Addroomsettingtest.java:66)
at sun.reflect.NativeMethodAccessorImpl.invoke0(Native Method)
at sun.reflect.NativeMethodAccessorImpl.invoke(Unknown Source)
at sun.reflect.DelegatingMethodAccessorImpl.invoke(Unknown Source)
at java.lang.reflect.Method.invoke(Unknown Source)
at org.testng.internal.MethodInvocationHelper.invokeMethod(MethodInvocationHelper.java:135)
at org.testng.internal.TestInvoker.invokeMethod(TestInvoker.java:598)
at org.testng.internal.TestInvoker.invokeTestMethod(TestInvoker.java:174)
at org.testng.internal.MethodRunner.runInSequence(MethodRunner.java:46)
at org.testng.internal.TestInvoker$MethodInvocationAgent.invoke(TestInvoker.java:821)
at org.testng.internal.TestInvoker.invokeTestMethods(TestInvoker.java:147)
at org.testng.internal.TestMethodWorker.invokeTestMethods(TestMethodWorker.java:146)
at org.testng.internal.TestMethodWorker.run(TestMethodWorker.java:128)
at java.util.ArrayList.forEach(Unknown Source)
at org.testng.TestRunner.privateRun(TestRunner.java:767)
at org.testng.TestRunner.run(TestRunner.java:588)
at org.testng.SuiteRunner.runTest(SuiteRunner.java:384)
at org.testng.SuiteRunner.runSequentially(SuiteRunner.java:378)
at org.testng.SuiteRunner.privateRun(SuiteRunner.java:337)
at org.testng.SuiteRunner.run(SuiteRunner.java:286)
at org.testng.SuiteRunnerWorker.runSuite(SuiteRunnerWorker.java:53)
at org.testng.SuiteRunnerWorker.run(SuiteRunnerWorker.java:96)
at org.testng.TestNG.runSuitesSequentially(TestNG.java:1214)
at org.testng.TestNG.runSuitesLocally(TestNG.java:1136)
at org.testng.TestNG.runSuites(TestNG.java:1066)
at org.testng.TestNG.run(TestNG.java:1034)
at org.testng.remote.AbstractRemoteTestNG.run(AbstractRemoteTestNG.java:115)
at org.testng.remote.RemoteTestNG.initAndRun(RemoteTestNG.java:251)
at org.testng.remote.RemoteTestNG.main(RemoteTestNG.java:77)
]]>
    </error>
  </testcase> <!-- varifyaddroom -->
  <system-out/>
  <testcase name="varifyaddroom" time="1415.721" classname="com.quickmove.qa.testcases.Addroomsettingtest">
    <error type="org.openqa.selenium.StaleElementReferenceException" message="stale element reference: element is not attached to the page document
  (Session info: chrome=83.0.4103.116)
For documentation on this error, please visit: https://www.seleniumhq.org/exceptions/stale_element_reference.html
Build info: version: &#039;3.141.59&#039;, revision: &#039;e82be7d358&#039;, time: &#039;2018-11-14T08:17:03&#039;
System info: host: &#039;DESKTOP-2PTS3ET&#039;, ip: &#039;192.168.0.105&#039;, os.name: &#039;Windows 10&#039;, os.arch: &#039;amd64&#039;, os.version: &#039;10.0&#039;, java.version: &#039;1.8.0_251&#039;
Driver info: org.openqa.selenium.chrome.ChromeDriver
Capabilities {acceptInsecureCerts: false, browserName: chrome, browserVersion: 83.0.4103.116, chrome: {chromedriverVersion: 83.0.4103.39 (ccbf011cb2d2b..., userDataDir: C:\Users\MYPC\AppData\Local...}, goog:chromeOptions: {debuggerAddress: localhost:58978}, javascriptEnabled: true, networkConnectionEnabled: false, pageLoadStrategy: normal, platform: WINDOWS, platformName: WINDOWS, proxy: Proxy(), setWindowRect: true, strictFileInteractability: false, timeouts: {implicit: 0, pageLoad: 300000, script: 30000}, unhandledPromptBehavior: dismiss and notify, webauthn:virtualAuthenticators: true}
Session ID: 046e0154c812f123c4de9d3699a2e746">
      <![CDATA[org.openqa.selenium.StaleElementReferenceException: stale element reference: element is not attached to the page document
  (Session info: chrome=83.0.4103.116)
For documentation on this error, please visit: https://www.seleniumhq.org/exceptions/stale_element_reference.html
Build info: version: '3.141.59', revision: 'e82be7d358', time: '2018-11-14T08:17:03'
System info: host: 'DESKTOP-2PTS3ET', ip: '192.168.0.105', os.name: 'Windows 10', os.arch: 'amd64', os.version: '10.0', java.version: '1.8.0_251'
Driver info: org.openqa.selenium.chrome.ChromeDriver
Capabilities {acceptInsecureCerts: false, browserName: chrome, browserVersion: 83.0.4103.116, chrome: {chromedriverVersion: 83.0.4103.39 (ccbf011cb2d2b..., userDataDir: C:\Users\MYPC\AppData\Local...}, goog:chromeOptions: {debuggerAddress: localhost:58978}, javascriptEnabled: true, networkConnectionEnabled: false, pageLoadStrategy: normal, platform: WINDOWS, platformName: WINDOWS, proxy: Proxy(), setWindowRect: true, strictFileInteractability: false, timeouts: {implicit: 0, pageLoad: 300000, script: 30000}, unhandledPromptBehavior: dismiss and notify, webauthn:virtualAuthenticators: true}
Session ID: 046e0154c812f123c4de9d3699a2e746
at sun.reflect.NativeConstructorAccessorImpl.newInstance0(Native Method)
at sun.reflect.NativeConstructorAccessorImpl.newInstance(Unknown Source)
at sun.reflect.DelegatingConstructorAccessorImpl.newInstance(Unknown Source)
at java.lang.reflect.Constructor.newInstance(Unknown Source)
at org.openqa.selenium.remote.http.W3CHttpResponseCodec.createException(W3CHttpResponseCodec.java:187)
at org.openqa.selenium.remote.http.W3CHttpResponseCodec.decode(W3CHttpResponseCodec.java:122)
at org.openqa.selenium.remote.http.W3CHttpResponseCodec.decode(W3CHttpResponseCodec.java:49)
at org.openqa.selenium.remote.HttpCommandExecutor.execute(HttpCommandExecutor.java:158)
at org.openqa.selenium.remote.service.DriverCommandExecutor.execute(DriverCommandExecutor.java:83)
at org.openqa.selenium.remote.RemoteWebDriver.execute(RemoteWebDriver.java:552)
at org.openqa.selenium.remote.RemoteWebElement.execute(RemoteWebElement.java:285)
at org.openqa.selenium.remote.RemoteWebElement.click(RemoteWebElement.java:84)
at sun.reflect.GeneratedMethodAccessor1.invoke(Unknown Source)
at sun.reflect.DelegatingMethodAccessorImpl.invoke(Unknown Source)
at java.lang.reflect.Method.invoke(Unknown Source)
at org.openqa.selenium.support.pagefactory.internal.LocatingElementHandler.invoke(LocatingElementHandler.java:51)
at com.sun.proxy.$Proxy10.click(Unknown Source)
at com.quickmove.qa.pages.AddRoomSettingpage.clickonenteroom(AddRoomSettingpage.java:74)
at com.quickmove.qa.pages.AddRoomSettingpage.selectelement(AddRoomSettingpage.java:132)
at com.quickmove.qa.testcases.Addroomsettingtest.varifyaddroom(Addroomsettingtest.java:66)
at sun.reflect.NativeMethodAccessorImpl.invoke0(Native Method)
at sun.reflect.NativeMethodAccessorImpl.invoke(Unknown Source)
at sun.reflect.DelegatingMethodAccessorImpl.invoke(Unknown Source)
at java.lang.reflect.Method.invoke(Unknown Source)
at org.testng.internal.MethodInvocationHelper.invokeMethod(MethodInvocationHelper.java:135)
at org.testng.internal.TestInvoker.invokeMethod(TestInvoker.java:598)
at org.testng.internal.TestInvoker.invokeTestMethod(TestInvoker.java:174)
at org.testng.internal.MethodRunner.runInSequence(MethodRunner.java:46)
at org.testng.internal.TestInvoker$MethodInvocationAgent.invoke(TestInvoker.java:821)
at org.testng.internal.TestInvoker.invokeTestMethods(TestInvoker.java:147)
at org.testng.internal.TestMethodWorker.invokeTestMethods(TestMethodWorker.java:146)
at org.testng.internal.TestMethodWorker.run(TestMethodWorker.java:128)
at java.util.ArrayList.forEach(Unknown Source)
at org.testng.TestRunner.privateRun(TestRunner.java:767)
at org.testng.TestRunner.run(TestRunner.java:588)
at org.testng.SuiteRunner.runTest(SuiteRunner.java:384)
at org.testng.SuiteRunner.runSequentially(SuiteRunner.java:378)
at org.testng.SuiteRunner.privateRun(SuiteRunner.java:337)
at org.testng.SuiteRunner.run(SuiteRunner.java:286)
at org.testng.SuiteRunnerWorker.runSuite(SuiteRunnerWorker.java:53)
at org.testng.SuiteRunnerWorker.run(SuiteRunnerWorker.java:96)
at org.testng.TestNG.runSuitesSequentially(TestNG.java:1214)
at org.testng.TestNG.runSuitesLocally(TestNG.java:1136)
at org.testng.TestNG.runSuites(TestNG.java:1066)
at org.testng.TestNG.run(TestNG.java:1034)
at org.testng.remote.AbstractRemoteTestNG.run(AbstractRemoteTestNG.java:115)
at org.testng.remote.RemoteTestNG.initAndRun(RemoteTestNG.java:251)
at org.testng.remote.RemoteTestNG.main(RemoteTestNG.java:77)
]]>
    </error>
  </testcase> <!-- varifyaddroom -->
  <system-out/>
  <testcase name="varifyaddroom" time="1285.167" classname="com.quickmove.qa.testcases.Addroomsettingtest">
    <error type="org.openqa.selenium.NoSuchElementException" message="no such element: Unable to locate element: {&quot;method&quot;:&quot;xpath&quot;,&quot;selector&quot;:&quot;//select[@id=&#039;ctl00_ContentPlaceHolder1_lstItem&#039;]//option[1]&quot;}
  (Session info: chrome=83.0.4103.116)
For documentation on this error, please visit: https://www.seleniumhq.org/exceptions/no_such_element.html
Build info: version: &#039;3.141.59&#039;, revision: &#039;e82be7d358&#039;, time: &#039;2018-11-14T08:17:03&#039;
System info: host: &#039;DESKTOP-2PTS3ET&#039;, ip: &#039;192.168.0.105&#039;, os.name: &#039;Windows 10&#039;, os.arch: &#039;amd64&#039;, os.version: &#039;10.0&#039;, java.version: &#039;1.8.0_251&#039;
Driver info: org.openqa.selenium.chrome.ChromeDriver
Capabilities {acceptInsecureCerts: false, browserName: chrome, browserVersion: 83.0.4103.116, chrome: {chromedriverVersion: 83.0.4103.39 (ccbf011cb2d2b..., userDataDir: C:\Users\MYPC\AppData\Local...}, goog:chromeOptions: {debuggerAddress: localhost:59828}, javascriptEnabled: true, networkConnectionEnabled: false, pageLoadStrategy: normal, platform: WINDOWS, platformName: WINDOWS, proxy: Proxy(), setWindowRect: true, strictFileInteractability: false, timeouts: {implicit: 0, pageLoad: 300000, script: 30000}, unhandledPromptBehavior: dismiss and notify, webauthn:virtualAuthenticators: true}
Session ID: 9e1ee01db53a109872f848ce9ee8f9cf
*** Element info: {Using=xpath, value=//select[@id=&#039;ctl00_ContentPlaceHolder1_lstItem&#039;]//option[1]}">
      <![CDATA[org.openqa.selenium.NoSuchElementException: no such element: Unable to locate element: {"method":"xpath","selector":"//select[@id='ctl00_ContentPlaceHolder1_lstItem']//option[1]"}
  (Session info: chrome=83.0.4103.116)
For documentation on this error, please visit: https://www.seleniumhq.org/exceptions/no_such_element.html
Build info: version: '3.141.59', revision: 'e82be7d358', time: '2018-11-14T08:17:03'
System info: host: 'DESKTOP-2PTS3ET', ip: '192.168.0.105', os.name: 'Windows 10', os.arch: 'amd64', os.version: '10.0', java.version: '1.8.0_251'
Driver info: org.openqa.selenium.chrome.ChromeDriver
Capabilities {acceptInsecureCerts: false, browserName: chrome, browserVersion: 83.0.4103.116, chrome: {chromedriverVersion: 83.0.4103.39 (ccbf011cb2d2b..., userDataDir: C:\Users\MYPC\AppData\Local...}, goog:chromeOptions: {debuggerAddress: localhost:59828}, javascriptEnabled: true, networkConnectionEnabled: false, pageLoadStrategy: normal, platform: WINDOWS, platformName: WINDOWS, proxy: Proxy(), setWindowRect: true, strictFileInteractability: false, timeouts: {implicit: 0, pageLoad: 300000, script: 30000}, unhandledPromptBehavior: dismiss and notify, webauthn:virtualAuthenticators: true}
Session ID: 9e1ee01db53a109872f848ce9ee8f9cf
*** Element info: {Using=xpath, value=//select[@id='ctl00_ContentPlaceHolder1_lstItem']//option[1]}
at sun.reflect.NativeConstructorAccessorImpl.newInstance0(Native Method)
at sun.reflect.NativeConstructorAccessorImpl.newInstance(Unknown Source)
at sun.reflect.DelegatingConstructorAccessorImpl.newInstance(Unknown Source)
at java.lang.reflect.Constructor.newInstance(Unknown Source)
at org.openqa.selenium.remote.http.W3CHttpResponseCodec.createException(W3CHttpResponseCodec.java:187)
at org.openqa.selenium.remote.http.W3CHttpResponseCodec.decode(W3CHttpResponseCodec.java:122)
at org.openqa.selenium.remote.http.W3CHttpResponseCodec.decode(W3CHttpResponseCodec.java:49)
at org.openqa.selenium.remote.HttpCommandExecutor.execute(HttpCommandExecutor.java:158)
at org.openqa.selenium.remote.service.DriverCommandExecutor.execute(DriverCommandExecutor.java:83)
at org.openqa.selenium.remote.RemoteWebDriver.execute(RemoteWebDriver.java:552)
at org.openqa.selenium.remote.RemoteWebDriver.findElement(RemoteWebDriver.java:323)
at org.openqa.selenium.remote.RemoteWebDriver.findElementByXPath(RemoteWebDriver.java:428)
at org.openqa.selenium.By$ByXPath.findElement(By.java:353)
at org.openqa.selenium.remote.RemoteWebDriver.findElement(RemoteWebDriver.java:315)
at org.openqa.selenium.support.pagefactory.DefaultElementLocator.findElement(DefaultElementLocator.java:69)
at org.openqa.selenium.support.pagefactory.internal.LocatingElementHandler.invoke(LocatingElementHandler.java:38)
at com.sun.proxy.$Proxy10.click(Unknown Source)
at com.quickmove.qa.pages.AddRoomSettingpage.clickonfirstelement(AddRoomSettingpage.java:254)
at com.quickmove.qa.pages.AddRoomSettingpage.selectelement(AddRoomSettingpage.java:124)
at com.quickmove.qa.testcases.Addroomsettingtest.varifyaddroom(Addroomsettingtest.java:66)
at sun.reflect.NativeMethodAccessorImpl.invoke0(Native Method)
at sun.reflect.NativeMethodAccessorImpl.invoke(Unknown Source)
at sun.reflect.DelegatingMethodAccessorImpl.invoke(Unknown Source)
at java.lang.reflect.Method.invoke(Unknown Source)
at org.testng.internal.MethodInvocationHelper.invokeMethod(MethodInvocationHelper.java:135)
at org.testng.internal.TestInvoker.invokeMethod(TestInvoker.java:598)
at org.testng.internal.TestInvoker.invokeTestMethod(TestInvoker.java:174)
at org.testng.internal.MethodRunner.runInSequence(MethodRunner.java:46)
at org.testng.internal.TestInvoker$MethodInvocationAgent.invoke(TestInvoker.java:821)
at org.testng.internal.TestInvoker.invokeTestMethods(TestInvoker.java:147)
at org.testng.internal.TestMethodWorker.invokeTestMethods(TestMethodWorker.java:146)
at org.testng.internal.TestMethodWorker.run(TestMethodWorker.java:128)
at java.util.ArrayList.forEach(Unknown Source)
at org.testng.TestRunner.privateRun(TestRunner.java:767)
at org.testng.TestRunner.run(TestRunner.java:588)
at org.testng.SuiteRunner.runTest(SuiteRunner.java:384)
at org.testng.SuiteRunner.runSequentially(SuiteRunner.java:378)
at org.testng.SuiteRunner.privateRun(SuiteRunner.java:337)
at org.testng.SuiteRunner.run(SuiteRunner.java:286)
at org.testng.SuiteRunnerWorker.runSuite(SuiteRunnerWorker.java:53)
at org.testng.SuiteRunnerWorker.run(SuiteRunnerWorker.java:96)
at org.testng.TestNG.runSuitesSequentially(TestNG.java:1214)
at org.testng.TestNG.runSuitesLocally(TestNG.java:1136)
at org.testng.TestNG.runSuites(TestNG.java:1066)
at org.testng.TestNG.run(TestNG.java:1034)
at org.testng.remote.AbstractRemoteTestNG.run(AbstractRemoteTestNG.java:115)
at org.testng.remote.RemoteTestNG.initAndRun(RemoteTestNG.java:251)
at org.testng.remote.RemoteTestNG.main(RemoteTestNG.java:77)
]]>
    </error>
  </testcase> <!-- varifyaddroom -->
  <system-out/>
  <testcase name="varifyaddroom" time="913.122" classname="com.quickmove.qa.testcases.Addroomsettingtest">
    <error type="org.openqa.selenium.ElementClickInterceptedException" message="element click intercepted: Element &lt;input name=&quot;ctl00$ContentPlaceHolder1$txtRoomTypeName&quot; type=&quot;text&quot; value=&quot;Garden&quot; id=&quot;ctl00_ContentPlaceHolder1_txtRoomTypeName&quot; class=&quot;txtBox&quot; style=&quot;Border:1px Solid Red;&quot;&gt; is not clickable at point (693, 131). Other element would receive the click: &lt;div id=&quot;divEnquiryPageHeader&quot; class=&quot;DivPageHeader&quot; style=&quot;height: auto; overflow: auto; max-height: 473px;&quot;&gt;...&lt;/div&gt;
  (Session info: chrome=83.0.4103.116)
Build info: version: &#039;3.141.59&#039;, revision: &#039;e82be7d358&#039;, time: &#039;2018-11-14T08:17:03&#039;
System info: host: &#039;DESKTOP-2PTS3ET&#039;, ip: &#039;192.168.0.105&#039;, os.name: &#039;Windows 10&#039;, os.arch: &#039;amd64&#039;, os.version: &#039;10.0&#039;, java.version: &#039;1.8.0_251&#039;
Driver info: org.openqa.selenium.chrome.ChromeDriver
Capabilities {acceptInsecureCerts: false, browserName: chrome, browserVersion: 83.0.4103.116, chrome: {chromedriverVersion: 83.0.4103.39 (ccbf011cb2d2b..., userDataDir: C:\Users\MYPC\AppData\Local...}, goog:chromeOptions: {debuggerAddress: localhost:60317}, javascriptEnabled: true, networkConnectionEnabled: false, pageLoadStrategy: normal, platform: WINDOWS, platformName: WINDOWS, proxy: Proxy(), setWindowRect: true, strictFileInteractability: false, timeouts: {implicit: 0, pageLoad: 300000, script: 30000}, unhandledPromptBehavior: dismiss and notify, webauthn:virtualAuthenticators: true}
Session ID: 9c32f6c04bc7b90a129cf39d02af9b10">
      <![CDATA[org.openqa.selenium.ElementClickInterceptedException: element click intercepted: Element <input name="ctl00$ContentPlaceHolder1$txtRoomTypeName" type="text" value="Garden" id="ctl00_ContentPlaceHolder1_txtRoomTypeName" class="txtBox" style="Border:1px Solid Red;"> is not clickable at point (693, 131). Other element would receive the click: <div id="divEnquiryPageHeader" class="DivPageHeader" style="height: auto; overflow: auto; max-height: 473px;">...</div>
  (Session info: chrome=83.0.4103.116)
Build info: version: '3.141.59', revision: 'e82be7d358', time: '2018-11-14T08:17:03'
System info: host: 'DESKTOP-2PTS3ET', ip: '192.168.0.105', os.name: 'Windows 10', os.arch: 'amd64', os.version: '10.0', java.version: '1.8.0_251'
Driver info: org.openqa.selenium.chrome.ChromeDriver
Capabilities {acceptInsecureCerts: false, browserName: chrome, browserVersion: 83.0.4103.116, chrome: {chromedriverVersion: 83.0.4103.39 (ccbf011cb2d2b..., userDataDir: C:\Users\MYPC\AppData\Local...}, goog:chromeOptions: {debuggerAddress: localhost:60317}, javascriptEnabled: true, networkConnectionEnabled: false, pageLoadStrategy: normal, platform: WINDOWS, platformName: WINDOWS, proxy: Proxy(), setWindowRect: true, strictFileInteractability: false, timeouts: {implicit: 0, pageLoad: 300000, script: 30000}, unhandledPromptBehavior: dismiss and notify, webauthn:virtualAuthenticators: true}
Session ID: 9c32f6c04bc7b90a129cf39d02af9b10
at sun.reflect.NativeConstructorAccessorImpl.newInstance0(Native Method)
at sun.reflect.NativeConstructorAccessorImpl.newInstance(Unknown Source)
at sun.reflect.DelegatingConstructorAccessorImpl.newInstance(Unknown Source)
at java.lang.reflect.Constructor.newInstance(Unknown Source)
at org.openqa.selenium.remote.http.W3CHttpResponseCodec.createException(W3CHttpResponseCodec.java:187)
at org.openqa.selenium.remote.http.W3CHttpResponseCodec.decode(W3CHttpResponseCodec.java:122)
at org.openqa.selenium.remote.http.W3CHttpResponseCodec.decode(W3CHttpResponseCodec.java:49)
at org.openqa.selenium.remote.HttpCommandExecutor.execute(HttpCommandExecutor.java:158)
at org.openqa.selenium.remote.service.DriverCommandExecutor.execute(DriverCommandExecutor.java:83)
at org.openqa.selenium.remote.RemoteWebDriver.execute(RemoteWebDriver.java:552)
at org.openqa.selenium.remote.RemoteWebElement.execute(RemoteWebElement.java:285)
at org.openqa.selenium.remote.RemoteWebElement.click(RemoteWebElement.java:84)
at sun.reflect.GeneratedMethodAccessor1.invoke(Unknown Source)
at sun.reflect.DelegatingMethodAccessorImpl.invoke(Unknown Source)
at java.lang.reflect.Method.invoke(Unknown Source)
at org.openqa.selenium.support.pagefactory.internal.LocatingElementHandler.invoke(LocatingElementHandler.java:51)
at com.sun.proxy.$Proxy10.click(Unknown Source)
at com.quickmove.qa.pages.AddRoomSettingpage.clickonenteroom(AddRoomSettingpage.java:74)
at com.quickmove.qa.pages.AddRoomSettingpage.selectelement(AddRoomSettingpage.java:132)
at com.quickmove.qa.testcases.Addroomsettingtest.varifyaddroom(Addroomsettingtest.java:66)
at sun.reflect.NativeMethodAccessorImpl.invoke0(Native Method)
at sun.reflect.NativeMethodAccessorImpl.invoke(Unknown Source)
at sun.reflect.DelegatingMethodAccessorImpl.invoke(Unknown Source)
at java.lang.reflect.Method.invoke(Unknown Source)
at org.testng.internal.MethodInvocationHelper.invokeMethod(MethodInvocationHelper.java:135)
at org.testng.internal.TestInvoker.invokeMethod(TestInvoker.java:598)
at org.testng.internal.TestInvoker.invokeTestMethod(TestInvoker.java:174)
at org.testng.internal.MethodRunner.runInSequence(MethodRunner.java:46)
at org.testng.internal.TestInvoker$MethodInvocationAgent.invoke(TestInvoker.java:821)
at org.testng.internal.TestInvoker.invokeTestMethods(TestInvoker.java:147)
at org.testng.internal.TestMethodWorker.invokeTestMethods(TestMethodWorker.java:146)
at org.testng.internal.TestMethodWorker.run(TestMethodWorker.java:128)
at java.util.ArrayList.forEach(Unknown Source)
at org.testng.TestRunner.privateRun(TestRunner.java:767)
at org.testng.TestRunner.run(TestRunner.java:588)
at org.testng.SuiteRunner.runTest(SuiteRunner.java:384)
at org.testng.SuiteRunner.runSequentially(SuiteRunner.java:378)
at org.testng.SuiteRunner.privateRun(SuiteRunner.java:337)
at org.testng.SuiteRunner.run(SuiteRunner.java:286)
at org.testng.SuiteRunnerWorker.runSuite(SuiteRunnerWorker.java:53)
at org.testng.SuiteRunnerWorker.run(SuiteRunnerWorker.java:96)
at org.testng.TestNG.runSuitesSequentially(TestNG.java:1214)
at org.testng.TestNG.runSuitesLocally(TestNG.java:1136)
at org.testng.TestNG.runSuites(TestNG.java:1066)
at org.testng.TestNG.run(TestNG.java:1034)
at org.testng.remote.AbstractRemoteTestNG.run(AbstractRemoteTestNG.java:115)
at org.testng.remote.RemoteTestNG.initAndRun(RemoteTestNG.java:251)
at org.testng.remote.RemoteTestNG.main(RemoteTestNG.java:77)
]]>
    </error>
  </testcase> <!-- varifyaddroom -->
  <system-out/>
  <testcase name="varifyaddroom" time="187.702" classname="com.quickmove.qa.testcases.Addroomsettingtest">
    <error type="org.openqa.selenium.NoSuchElementException" message="no such element: Unable to locate element: {&quot;method&quot;:&quot;xpath&quot;,&quot;selector&quot;:&quot;//select[@id=&#039;ctl00_ContentPlaceHolder1_lstItem&#039;]//option[1]&quot;}
  (Session info: chrome=83.0.4103.116)
For documentation on this error, please visit: https://www.seleniumhq.org/exceptions/no_such_element.html
Build info: version: &#039;3.141.59&#039;, revision: &#039;e82be7d358&#039;, time: &#039;2018-11-14T08:17:03&#039;
System info: host: &#039;DESKTOP-2PTS3ET&#039;, ip: &#039;192.168.0.105&#039;, os.name: &#039;Windows 10&#039;, os.arch: &#039;amd64&#039;, os.version: &#039;10.0&#039;, java.version: &#039;1.8.0_251&#039;
Driver info: org.openqa.selenium.chrome.ChromeDriver
Capabilities {acceptInsecureCerts: false, browserName: chrome, browserVersion: 83.0.4103.116, chrome: {chromedriverVersion: 83.0.4103.39 (ccbf011cb2d2b..., userDataDir: C:\Users\MYPC\AppData\Local...}, goog:chromeOptions: {debuggerAddress: localhost:58740}, javascriptEnabled: true, networkConnectionEnabled: false, pageLoadStrategy: normal, platform: WINDOWS, platformName: WINDOWS, proxy: Proxy(), setWindowRect: true, strictFileInteractability: false, timeouts: {implicit: 0, pageLoad: 300000, script: 30000}, unhandledPromptBehavior: dismiss and notify, webauthn:virtualAuthenticators: true}
Session ID: b4f361616d45b797377947bc133d6aa8
*** Element info: {Using=xpath, value=//select[@id=&#039;ctl00_ContentPlaceHolder1_lstItem&#039;]//option[1]}">
      <![CDATA[org.openqa.selenium.NoSuchElementException: no such element: Unable to locate element: {"method":"xpath","selector":"//select[@id='ctl00_ContentPlaceHolder1_lstItem']//option[1]"}
  (Session info: chrome=83.0.4103.116)
For documentation on this error, please visit: https://www.seleniumhq.org/exceptions/no_such_element.html
Build info: version: '3.141.59', revision: 'e82be7d358', time: '2018-11-14T08:17:03'
System info: host: 'DESKTOP-2PTS3ET', ip: '192.168.0.105', os.name: 'Windows 10', os.arch: 'amd64', os.version: '10.0', java.version: '1.8.0_251'
Driver info: org.openqa.selenium.chrome.ChromeDriver
Capabilities {acceptInsecureCerts: false, browserName: chrome, browserVersion: 83.0.4103.116, chrome: {chromedriverVersion: 83.0.4103.39 (ccbf011cb2d2b..., userDataDir: C:\Users\MYPC\AppData\Local...}, goog:chromeOptions: {debuggerAddress: localhost:58740}, javascriptEnabled: true, networkConnectionEnabled: false, pageLoadStrategy: normal, platform: WINDOWS, platformName: WINDOWS, proxy: Proxy(), setWindowRect: true, strictFileInteractability: false, timeouts: {implicit: 0, pageLoad: 300000, script: 30000}, unhandledPromptBehavior: dismiss and notify, webauthn:virtualAuthenticators: true}
Session ID: b4f361616d45b797377947bc133d6aa8
*** Element info: {Using=xpath, value=//select[@id='ctl00_ContentPlaceHolder1_lstItem']//option[1]}
at sun.reflect.NativeConstructorAccessorImpl.newInstance0(Native Method)
at sun.reflect.NativeConstructorAccessorImpl.newInstance(Unknown Source)
at sun.reflect.DelegatingConstructorAccessorImpl.newInstance(Unknown Source)
at java.lang.reflect.Constructor.newInstance(Unknown Source)
at org.openqa.selenium.remote.http.W3CHttpResponseCodec.createException(W3CHttpResponseCodec.java:187)
at org.openqa.selenium.remote.http.W3CHttpResponseCodec.decode(W3CHttpResponseCodec.java:122)
at org.openqa.selenium.remote.http.W3CHttpResponseCodec.decode(W3CHttpResponseCodec.java:49)
at org.openqa.selenium.remote.HttpCommandExecutor.execute(HttpCommandExecutor.java:158)
at org.openqa.selenium.remote.service.DriverCommandExecutor.execute(DriverCommandExecutor.java:83)
at org.openqa.selenium.remote.RemoteWebDriver.execute(RemoteWebDriver.java:552)
at org.openqa.selenium.remote.RemoteWebDriver.findElement(RemoteWebDriver.java:323)
at org.openqa.selenium.remote.RemoteWebDriver.findElementByXPath(RemoteWebDriver.java:428)
at org.openqa.selenium.By$ByXPath.findElement(By.java:353)
at org.openqa.selenium.remote.RemoteWebDriver.findElement(RemoteWebDriver.java:315)
at org.openqa.selenium.support.pagefactory.DefaultElementLocator.findElement(DefaultElementLocator.java:69)
at org.openqa.selenium.support.pagefactory.internal.LocatingElementHandler.invoke(LocatingElementHandler.java:38)
at com.sun.proxy.$Proxy10.click(Unknown Source)
at com.quickmove.qa.pages.AddRoomSettingpage.clickonfirstelement(AddRoomSettingpage.java:254)
at com.quickmove.qa.pages.AddRoomSettingpage.selectelement(AddRoomSettingpage.java:124)
at com.quickmove.qa.testcases.Addroomsettingtest.varifyaddroom(Addroomsettingtest.java:66)
at sun.reflect.NativeMethodAccessorImpl.invoke0(Native Method)
at sun.reflect.NativeMethodAccessorImpl.invoke(Unknown Source)
at sun.reflect.DelegatingMethodAccessorImpl.invoke(Unknown Source)
at java.lang.reflect.Method.invoke(Unknown Source)
at org.testng.internal.MethodInvocationHelper.invokeMethod(MethodInvocationHelper.java:135)
at org.testng.internal.TestInvoker.invokeMethod(TestInvoker.java:598)
at org.testng.internal.TestInvoker.invokeTestMethod(TestInvoker.java:174)
at org.testng.internal.MethodRunner.runInSequence(MethodRunner.java:46)
at org.testng.internal.TestInvoker$MethodInvocationAgent.invoke(TestInvoker.java:821)
at org.testng.internal.TestInvoker.invokeTestMethods(TestInvoker.java:147)
at org.testng.internal.TestMethodWorker.invokeTestMethods(TestMethodWorker.java:146)
at org.testng.internal.TestMethodWorker.run(TestMethodWorker.java:128)
at java.util.ArrayList.forEach(Unknown Source)
at org.testng.TestRunner.privateRun(TestRunner.java:767)
at org.testng.TestRunner.run(TestRunner.java:588)
at org.testng.SuiteRunner.runTest(SuiteRunner.java:384)
at org.testng.SuiteRunner.runSequentially(SuiteRunner.java:378)
at org.testng.SuiteRunner.privateRun(SuiteRunner.java:337)
at org.testng.SuiteRunner.run(SuiteRunner.java:286)
at org.testng.SuiteRunnerWorker.runSuite(SuiteRunnerWorker.java:53)
at org.testng.SuiteRunnerWorker.run(SuiteRunnerWorker.java:96)
at org.testng.TestNG.runSuitesSequentially(TestNG.java:1214)
at org.testng.TestNG.runSuitesLocally(TestNG.java:1136)
at org.testng.TestNG.runSuites(TestNG.java:1066)
at org.testng.TestNG.run(TestNG.java:1034)
at org.testng.remote.AbstractRemoteTestNG.run(AbstractRemoteTestNG.java:115)
at org.testng.remote.RemoteTestNG.initAndRun(RemoteTestNG.java:251)
at org.testng.remote.RemoteTestNG.main(RemoteTestNG.java:77)
]]>
    </error>
  </testcase> <!-- varifyaddroom -->
  <system-out/>
  <testcase name="varifyaddroom" time="739.929" classname="com.quickmove.qa.testcases.Addroomsettingtest">
    <error type="org.openqa.selenium.StaleElementReferenceException" message="stale element reference: element is not attached to the page document
  (Session info: chrome=83.0.4103.116)
For documentation on this error, please visit: https://www.seleniumhq.org/exceptions/stale_element_reference.html
Build info: version: &#039;3.141.59&#039;, revision: &#039;e82be7d358&#039;, time: &#039;2018-11-14T08:17:03&#039;
System info: host: &#039;DESKTOP-2PTS3ET&#039;, ip: &#039;192.168.0.105&#039;, os.name: &#039;Windows 10&#039;, os.arch: &#039;amd64&#039;, os.version: &#039;10.0&#039;, java.version: &#039;1.8.0_251&#039;
Driver info: org.openqa.selenium.chrome.ChromeDriver
Capabilities {acceptInsecureCerts: false, browserName: chrome, browserVersion: 83.0.4103.116, chrome: {chromedriverVersion: 83.0.4103.39 (ccbf011cb2d2b..., userDataDir: C:\Users\MYPC\AppData\Local...}, goog:chromeOptions: {debuggerAddress: localhost:59375}, javascriptEnabled: true, networkConnectionEnabled: false, pageLoadStrategy: normal, platform: WINDOWS, platformName: WINDOWS, proxy: Proxy(), setWindowRect: true, strictFileInteractability: false, timeouts: {implicit: 0, pageLoad: 300000, script: 30000}, unhandledPromptBehavior: dismiss and notify, webauthn:virtualAuthenticators: true}
Session ID: a90bad7459cd2202c24fb56572081d24">
      <![CDATA[org.openqa.selenium.StaleElementReferenceException: stale element reference: element is not attached to the page document
  (Session info: chrome=83.0.4103.116)
For documentation on this error, please visit: https://www.seleniumhq.org/exceptions/stale_element_reference.html
Build info: version: '3.141.59', revision: 'e82be7d358', time: '2018-11-14T08:17:03'
System info: host: 'DESKTOP-2PTS3ET', ip: '192.168.0.105', os.name: 'Windows 10', os.arch: 'amd64', os.version: '10.0', java.version: '1.8.0_251'
Driver info: org.openqa.selenium.chrome.ChromeDriver
Capabilities {acceptInsecureCerts: false, browserName: chrome, browserVersion: 83.0.4103.116, chrome: {chromedriverVersion: 83.0.4103.39 (ccbf011cb2d2b..., userDataDir: C:\Users\MYPC\AppData\Local...}, goog:chromeOptions: {debuggerAddress: localhost:59375}, javascriptEnabled: true, networkConnectionEnabled: false, pageLoadStrategy: normal, platform: WINDOWS, platformName: WINDOWS, proxy: Proxy(), setWindowRect: true, strictFileInteractability: false, timeouts: {implicit: 0, pageLoad: 300000, script: 30000}, unhandledPromptBehavior: dismiss and notify, webauthn:virtualAuthenticators: true}
Session ID: a90bad7459cd2202c24fb56572081d24
at sun.reflect.NativeConstructorAccessorImpl.newInstance0(Native Method)
at sun.reflect.NativeConstructorAccessorImpl.newInstance(Unknown Source)
at sun.reflect.DelegatingConstructorAccessorImpl.newInstance(Unknown Source)
at java.lang.reflect.Constructor.newInstance(Unknown Source)
at org.openqa.selenium.remote.http.W3CHttpResponseCodec.createException(W3CHttpResponseCodec.java:187)
at org.openqa.selenium.remote.http.W3CHttpResponseCodec.decode(W3CHttpResponseCodec.java:122)
at org.openqa.selenium.remote.http.W3CHttpResponseCodec.decode(W3CHttpResponseCodec.java:49)
at org.openqa.selenium.remote.HttpCommandExecutor.execute(HttpCommandExecutor.java:158)
at org.openqa.selenium.remote.service.DriverCommandExecutor.execute(DriverCommandExecutor.java:83)
at org.openqa.selenium.remote.RemoteWebDriver.execute(RemoteWebDriver.java:552)
at org.openqa.selenium.remote.RemoteWebElement.execute(RemoteWebElement.java:285)
at org.openqa.selenium.remote.RemoteWebElement.click(RemoteWebElement.java:84)
at sun.reflect.GeneratedMethodAccessor1.invoke(Unknown Source)
at sun.reflect.DelegatingMethodAccessorImpl.invoke(Unknown Source)
at java.lang.reflect.Method.invoke(Unknown Source)
at org.openqa.selenium.support.pagefactory.internal.LocatingElementHandler.invoke(LocatingElementHandler.java:51)
at com.sun.proxy.$Proxy10.click(Unknown Source)
at com.quickmove.qa.pages.AddRoomSettingpage.clickonnext(AddRoomSettingpage.java:79)
at com.quickmove.qa.pages.AddRoomSettingpage.selectelement(AddRoomSettingpage.java:135)
at com.quickmove.qa.testcases.Addroomsettingtest.varifyaddroom(Addroomsettingtest.java:66)
at sun.reflect.NativeMethodAccessorImpl.invoke0(Native Method)
at sun.reflect.NativeMethodAccessorImpl.invoke(Unknown Source)
at sun.reflect.DelegatingMethodAccessorImpl.invoke(Unknown Source)
at java.lang.reflect.Method.invoke(Unknown Source)
at org.testng.internal.MethodInvocationHelper.invokeMethod(MethodInvocationHelper.java:135)
at org.testng.internal.TestInvoker.invokeMethod(TestInvoker.java:598)
at org.testng.internal.TestInvoker.invokeTestMethod(TestInvoker.java:174)
at org.testng.internal.MethodRunner.runInSequence(MethodRunner.java:46)
at org.testng.internal.TestInvoker$MethodInvocationAgent.invoke(TestInvoker.java:821)
at org.testng.internal.TestInvoker.invokeTestMethods(TestInvoker.java:147)
at org.testng.internal.TestMethodWorker.invokeTestMethods(TestMethodWorker.java:146)
at org.testng.internal.TestMethodWorker.run(TestMethodWorker.java:128)
at java.util.ArrayList.forEach(Unknown Source)
at org.testng.TestRunner.privateRun(TestRunner.java:767)
at org.testng.TestRunner.run(TestRunner.java:588)
at org.testng.SuiteRunner.runTest(SuiteRunner.java:384)
at org.testng.SuiteRunner.runSequentially(SuiteRunner.java:378)
at org.testng.SuiteRunner.privateRun(SuiteRunner.java:337)
at org.testng.SuiteRunner.run(SuiteRunner.java:286)
at org.testng.SuiteRunnerWorker.runSuite(SuiteRunnerWorker.java:53)
at org.testng.SuiteRunnerWorker.run(SuiteRunnerWorker.java:96)
at org.testng.TestNG.runSuitesSequentially(TestNG.java:1214)
at org.testng.TestNG.runSuitesLocally(TestNG.java:1136)
at org.testng.TestNG.runSuites(TestNG.java:1066)
at org.testng.TestNG.run(TestNG.java:1034)
at org.testng.remote.AbstractRemoteTestNG.run(AbstractRemoteTestNG.java:115)
at org.testng.remote.RemoteTestNG.initAndRun(RemoteTestNG.java:251)
at org.testng.remote.RemoteTestNG.main(RemoteTestNG.java:77)
]]>
    </error>
  </testcase> <!-- varifyaddroom -->
  <system-out/>
  <testcase name="varifyaddroom" time="948.122" classname="com.quickmove.qa.testcases.Addroomsettingtest">
    <error type="org.openqa.selenium.NoSuchElementException" message="no such element: Unable to locate element: {&quot;method&quot;:&quot;xpath&quot;,&quot;selector&quot;:&quot;//select[@id=&#039;ctl00_ContentPlaceHolder1_lstItem&#039;]//option[1]&quot;}
  (Session info: chrome=83.0.4103.116)
For documentation on this error, please visit: https://www.seleniumhq.org/exceptions/no_such_element.html
Build info: version: &#039;3.141.59&#039;, revision: &#039;e82be7d358&#039;, time: &#039;2018-11-14T08:17:03&#039;
System info: host: &#039;DESKTOP-2PTS3ET&#039;, ip: &#039;192.168.0.105&#039;, os.name: &#039;Windows 10&#039;, os.arch: &#039;amd64&#039;, os.version: &#039;10.0&#039;, java.version: &#039;1.8.0_251&#039;
Driver info: org.openqa.selenium.chrome.ChromeDriver
Capabilities {acceptInsecureCerts: false, browserName: chrome, browserVersion: 83.0.4103.116, chrome: {chromedriverVersion: 83.0.4103.39 (ccbf011cb2d2b..., userDataDir: C:\Users\MYPC\AppData\Local...}, goog:chromeOptions: {debuggerAddress: localhost:57187}, javascriptEnabled: true, networkConnectionEnabled: false, pageLoadStrategy: normal, platform: WINDOWS, platformName: WINDOWS, proxy: Proxy(), setWindowRect: true, strictFileInteractability: false, timeouts: {implicit: 0, pageLoad: 300000, script: 30000}, unhandledPromptBehavior: dismiss and notify, webauthn:virtualAuthenticators: true}
Session ID: d63d5e6c3ebd1190d795dfbaf0abe82b
*** Element info: {Using=xpath, value=//select[@id=&#039;ctl00_ContentPlaceHolder1_lstItem&#039;]//option[1]}">
      <![CDATA[org.openqa.selenium.NoSuchElementException: no such element: Unable to locate element: {"method":"xpath","selector":"//select[@id='ctl00_ContentPlaceHolder1_lstItem']//option[1]"}
  (Session info: chrome=83.0.4103.116)
For documentation on this error, please visit: https://www.seleniumhq.org/exceptions/no_such_element.html
Build info: version: '3.141.59', revision: 'e82be7d358', time: '2018-11-14T08:17:03'
System info: host: 'DESKTOP-2PTS3ET', ip: '192.168.0.105', os.name: 'Windows 10', os.arch: 'amd64', os.version: '10.0', java.version: '1.8.0_251'
Driver info: org.openqa.selenium.chrome.ChromeDriver
Capabilities {acceptInsecureCerts: false, browserName: chrome, browserVersion: 83.0.4103.116, chrome: {chromedriverVersion: 83.0.4103.39 (ccbf011cb2d2b..., userDataDir: C:\Users\MYPC\AppData\Local...}, goog:chromeOptions: {debuggerAddress: localhost:57187}, javascriptEnabled: true, networkConnectionEnabled: false, pageLoadStrategy: normal, platform: WINDOWS, platformName: WINDOWS, proxy: Proxy(), setWindowRect: true, strictFileInteractability: false, timeouts: {implicit: 0, pageLoad: 300000, script: 30000}, unhandledPromptBehavior: dismiss and notify, webauthn:virtualAuthenticators: true}
Session ID: d63d5e6c3ebd1190d795dfbaf0abe82b
*** Element info: {Using=xpath, value=//select[@id='ctl00_ContentPlaceHolder1_lstItem']//option[1]}
at sun.reflect.NativeConstructorAccessorImpl.newInstance0(Native Method)
at sun.reflect.NativeConstructorAccessorImpl.newInstance(Unknown Source)
at sun.reflect.DelegatingConstructorAccessorImpl.newInstance(Unknown Source)
at java.lang.reflect.Constructor.newInstance(Unknown Source)
at org.openqa.selenium.remote.http.W3CHttpResponseCodec.createException(W3CHttpResponseCodec.java:187)
at org.openqa.selenium.remote.http.W3CHttpResponseCodec.decode(W3CHttpResponseCodec.java:122)
at org.openqa.selenium.remote.http.W3CHttpResponseCodec.decode(W3CHttpResponseCodec.java:49)
at org.openqa.selenium.remote.HttpCommandExecutor.execute(HttpCommandExecutor.java:158)
at org.openqa.selenium.remote.service.DriverCommandExecutor.execute(DriverCommandExecutor.java:83)
at org.openqa.selenium.remote.RemoteWebDriver.execute(RemoteWebDriver.java:552)
at org.openqa.selenium.remote.RemoteWebDriver.findElement(RemoteWebDriver.java:323)
at org.openqa.selenium.remote.RemoteWebDriver.findElementByXPath(RemoteWebDriver.java:428)
at org.openqa.selenium.By$ByXPath.findElement(By.java:353)
at org.openqa.selenium.remote.RemoteWebDriver.findElement(RemoteWebDriver.java:315)
at org.openqa.selenium.support.pagefactory.DefaultElementLocator.findElement(DefaultElementLocator.java:69)
at org.openqa.selenium.support.pagefactory.internal.LocatingElementHandler.invoke(LocatingElementHandler.java:38)
at com.sun.proxy.$Proxy10.click(Unknown Source)
at com.quickmove.qa.pages.AddRoomSettingpage.clickonfirstelement(AddRoomSettingpage.java:254)
at com.quickmove.qa.pages.AddRoomSettingpage.selectelement(AddRoomSettingpage.java:124)
at com.quickmove.qa.testcases.Addroomsettingtest.varifyaddroom(Addroomsettingtest.java:66)
at sun.reflect.NativeMethodAccessorImpl.invoke0(Native Method)
at sun.reflect.NativeMethodAccessorImpl.invoke(Unknown Source)
at sun.reflect.DelegatingMethodAccessorImpl.invoke(Unknown Source)
at java.lang.reflect.Method.invoke(Unknown Source)
at org.testng.internal.MethodInvocationHelper.invokeMethod(MethodInvocationHelper.java:135)
at org.testng.internal.TestInvoker.invokeMethod(TestInvoker.java:598)
at org.testng.internal.TestInvoker.invokeTestMethod(TestInvoker.java:174)
at org.testng.internal.MethodRunner.runInSequence(MethodRunner.java:46)
at org.testng.internal.TestInvoker$MethodInvocationAgent.invoke(TestInvoker.java:821)
at org.testng.internal.TestInvoker.invokeTestMethods(TestInvoker.java:147)
at org.testng.internal.TestMethodWorker.invokeTestMethods(TestMethodWorker.java:146)
at org.testng.internal.TestMethodWorker.run(TestMethodWorker.java:128)
at java.util.ArrayList.forEach(Unknown Source)
at org.testng.TestRunner.privateRun(TestRunner.java:767)
at org.testng.TestRunner.run(TestRunner.java:588)
at org.testng.SuiteRunner.runTest(SuiteRunner.java:384)
at org.testng.SuiteRunner.runSequentially(SuiteRunner.java:378)
at org.testng.SuiteRunner.privateRun(SuiteRunner.java:337)
at org.testng.SuiteRunner.run(SuiteRunner.java:286)
at org.testng.SuiteRunnerWorker.runSuite(SuiteRunnerWorker.java:53)
at org.testng.SuiteRunnerWorker.run(SuiteRunnerWorker.java:96)
at org.testng.TestNG.runSuitesSequentially(TestNG.java:1214)
at org.testng.TestNG.runSuitesLocally(TestNG.java:1136)
at org.testng.TestNG.runSuites(TestNG.java:1066)
at org.testng.TestNG.run(TestNG.java:1034)
at org.testng.remote.AbstractRemoteTestNG.run(AbstractRemoteTestNG.java:115)
at org.testng.remote.RemoteTestNG.initAndRun(RemoteTestNG.java:251)
at org.testng.remote.RemoteTestNG.main(RemoteTestNG.java:77)
]]>
    </error>
  </testcase> <!-- varifyaddroom -->
  <system-out/>
  <testcase name="varifyaddroom" time="132.228" classname="com.quickmove.qa.testcases.Addroomsettingtest">
    <error type="org.openqa.selenium.NoSuchElementException" message="no such element: Unable to locate element: {&quot;method&quot;:&quot;xpath&quot;,&quot;selector&quot;:&quot;//select[@id=&#039;ctl00_ContentPlaceHolder1_lstItem&#039;]//option[1]&quot;}
  (Session info: chrome=83.0.4103.116)
For documentation on this error, please visit: https://www.seleniumhq.org/exceptions/no_such_element.html
Build info: version: &#039;3.141.59&#039;, revision: &#039;e82be7d358&#039;, time: &#039;2018-11-14T08:17:03&#039;
System info: host: &#039;DESKTOP-2PTS3ET&#039;, ip: &#039;192.168.0.105&#039;, os.name: &#039;Windows 10&#039;, os.arch: &#039;amd64&#039;, os.version: &#039;10.0&#039;, java.version: &#039;1.8.0_251&#039;
Driver info: org.openqa.selenium.chrome.ChromeDriver
Capabilities {acceptInsecureCerts: false, browserName: chrome, browserVersion: 83.0.4103.116, chrome: {chromedriverVersion: 83.0.4103.39 (ccbf011cb2d2b..., userDataDir: C:\Users\MYPC\AppData\Local...}, goog:chromeOptions: {debuggerAddress: localhost:56924}, javascriptEnabled: true, networkConnectionEnabled: false, pageLoadStrategy: normal, platform: WINDOWS, platformName: WINDOWS, proxy: Proxy(), setWindowRect: true, strictFileInteractability: false, timeouts: {implicit: 0, pageLoad: 300000, script: 30000}, unhandledPromptBehavior: dismiss and notify, webauthn:virtualAuthenticators: true}
Session ID: 5285b6d267f208587c0f8baa1d06800f
*** Element info: {Using=xpath, value=//select[@id=&#039;ctl00_ContentPlaceHolder1_lstItem&#039;]//option[1]}">
      <![CDATA[org.openqa.selenium.NoSuchElementException: no such element: Unable to locate element: {"method":"xpath","selector":"//select[@id='ctl00_ContentPlaceHolder1_lstItem']//option[1]"}
  (Session info: chrome=83.0.4103.116)
For documentation on this error, please visit: https://www.seleniumhq.org/exceptions/no_such_element.html
Build info: version: '3.141.59', revision: 'e82be7d358', time: '2018-11-14T08:17:03'
System info: host: 'DESKTOP-2PTS3ET', ip: '192.168.0.105', os.name: 'Windows 10', os.arch: 'amd64', os.version: '10.0', java.version: '1.8.0_251'
Driver info: org.openqa.selenium.chrome.ChromeDriver
Capabilities {acceptInsecureCerts: false, browserName: chrome, browserVersion: 83.0.4103.116, chrome: {chromedriverVersion: 83.0.4103.39 (ccbf011cb2d2b..., userDataDir: C:\Users\MYPC\AppData\Local...}, goog:chromeOptions: {debuggerAddress: localhost:56924}, javascriptEnabled: true, networkConnectionEnabled: false, pageLoadStrategy: normal, platform: WINDOWS, platformName: WINDOWS, proxy: Proxy(), setWindowRect: true, strictFileInteractability: false, timeouts: {implicit: 0, pageLoad: 300000, script: 30000}, unhandledPromptBehavior: dismiss and notify, webauthn:virtualAuthenticators: true}
Session ID: 5285b6d267f208587c0f8baa1d06800f
*** Element info: {Using=xpath, value=//select[@id='ctl00_ContentPlaceHolder1_lstItem']//option[1]}
at sun.reflect.NativeConstructorAccessorImpl.newInstance0(Native Method)
at sun.reflect.NativeConstructorAccessorImpl.newInstance(Unknown Source)
at sun.reflect.DelegatingConstructorAccessorImpl.newInstance(Unknown Source)
at java.lang.reflect.Constructor.newInstance(Unknown Source)
at org.openqa.selenium.remote.http.W3CHttpResponseCodec.createException(W3CHttpResponseCodec.java:187)
at org.openqa.selenium.remote.http.W3CHttpResponseCodec.decode(W3CHttpResponseCodec.java:122)
at org.openqa.selenium.remote.http.W3CHttpResponseCodec.decode(W3CHttpResponseCodec.java:49)
at org.openqa.selenium.remote.HttpCommandExecutor.execute(HttpCommandExecutor.java:158)
at org.openqa.selenium.remote.service.DriverCommandExecutor.execute(DriverCommandExecutor.java:83)
at org.openqa.selenium.remote.RemoteWebDriver.execute(RemoteWebDriver.java:552)
at org.openqa.selenium.remote.RemoteWebDriver.findElement(RemoteWebDriver.java:323)
at org.openqa.selenium.remote.RemoteWebDriver.findElementByXPath(RemoteWebDriver.java:428)
at org.openqa.selenium.By$ByXPath.findElement(By.java:353)
at org.openqa.selenium.remote.RemoteWebDriver.findElement(RemoteWebDriver.java:315)
at org.openqa.selenium.support.pagefactory.DefaultElementLocator.findElement(DefaultElementLocator.java:69)
at org.openqa.selenium.support.pagefactory.internal.LocatingElementHandler.invoke(LocatingElementHandler.java:38)
at com.sun.proxy.$Proxy10.click(Unknown Source)
at com.quickmove.qa.pages.AddRoomSettingpage.clickonfirstelement(AddRoomSettingpage.java:254)
at com.quickmove.qa.pages.AddRoomSettingpage.selectelement(AddRoomSettingpage.java:124)
at com.quickmove.qa.testcases.Addroomsettingtest.varifyaddroom(Addroomsettingtest.java:66)
at sun.reflect.NativeMethodAccessorImpl.invoke0(Native Method)
at sun.reflect.NativeMethodAccessorImpl.invoke(Unknown Source)
at sun.reflect.DelegatingMethodAccessorImpl.invoke(Unknown Source)
at java.lang.reflect.Method.invoke(Unknown Source)
at org.testng.internal.MethodInvocationHelper.invokeMethod(MethodInvocationHelper.java:135)
at org.testng.internal.TestInvoker.invokeMethod(TestInvoker.java:598)
at org.testng.internal.TestInvoker.invokeTestMethod(TestInvoker.java:174)
at org.testng.internal.MethodRunner.runInSequence(MethodRunner.java:46)
at org.testng.internal.TestInvoker$MethodInvocationAgent.invoke(TestInvoker.java:821)
at org.testng.internal.TestInvoker.invokeTestMethods(TestInvoker.java:147)
at org.testng.internal.TestMethodWorker.invokeTestMethods(TestMethodWorker.java:146)
at org.testng.internal.TestMethodWorker.run(TestMethodWorker.java:128)
at java.util.ArrayList.forEach(Unknown Source)
at org.testng.TestRunner.privateRun(TestRunner.java:767)
at org.testng.TestRunner.run(TestRunner.java:588)
at org.testng.SuiteRunner.runTest(SuiteRunner.java:384)
at org.testng.SuiteRunner.runSequentially(SuiteRunner.java:378)
at org.testng.SuiteRunner.privateRun(SuiteRunner.java:337)
at org.testng.SuiteRunner.run(SuiteRunner.java:286)
at org.testng.SuiteRunnerWorker.runSuite(SuiteRunnerWorker.java:53)
at org.testng.SuiteRunnerWorker.run(SuiteRunnerWorker.java:96)
at org.testng.TestNG.runSuitesSequentially(TestNG.java:1214)
at org.testng.TestNG.runSuitesLocally(TestNG.java:1136)
at org.testng.TestNG.runSuites(TestNG.java:1066)
at org.testng.TestNG.run(TestNG.java:1034)
at org.testng.remote.AbstractRemoteTestNG.run(AbstractRemoteTestNG.java:115)
at org.testng.remote.RemoteTestNG.initAndRun(RemoteTestNG.java:251)
at org.testng.remote.RemoteTestNG.main(RemoteTestNG.java:77)
]]>
    </error>
  </testcase> <!-- varifyaddroom -->
  <system-out/>
  <testcase name="varifyaddroom" time="19.672" classname="com.quickmove.qa.testcases.Addroomsettingtest">
    <error type="org.openqa.selenium.ElementClickInterceptedException" message="element click intercepted: Element &lt;span class=&quot;ContentTitle&quot;&gt;...&lt;/span&gt; is not clickable at point (584, 72). Other element would receive the click: &lt;nav&gt;...&lt;/nav&gt;
  (Session info: chrome=83.0.4103.116)
Build info: version: &#039;3.141.59&#039;, revision: &#039;e82be7d358&#039;, time: &#039;2018-11-14T08:17:03&#039;
System info: host: &#039;DESKTOP-2PTS3ET&#039;, ip: &#039;192.168.0.105&#039;, os.name: &#039;Windows 10&#039;, os.arch: &#039;amd64&#039;, os.version: &#039;10.0&#039;, java.version: &#039;1.8.0_251&#039;
Driver info: org.openqa.selenium.chrome.ChromeDriver
Capabilities {acceptInsecureCerts: false, browserName: chrome, browserVersion: 83.0.4103.116, chrome: {chromedriverVersion: 83.0.4103.39 (ccbf011cb2d2b..., userDataDir: C:\Users\MYPC\AppData\Local...}, goog:chromeOptions: {debuggerAddress: localhost:56367}, javascriptEnabled: true, networkConnectionEnabled: false, pageLoadStrategy: normal, platform: WINDOWS, platformName: WINDOWS, proxy: Proxy(), setWindowRect: true, strictFileInteractability: false, timeouts: {implicit: 0, pageLoad: 300000, script: 30000}, unhandledPromptBehavior: dismiss and notify, webauthn:virtualAuthenticators: true}
Session ID: a10fd6f3ca53df2a4c6f804143109656">
      <![CDATA[org.openqa.selenium.ElementClickInterceptedException: element click intercepted: Element <span class="ContentTitle">...</span> is not clickable at point (584, 72). Other element would receive the click: <nav>...</nav>
  (Session info: chrome=83.0.4103.116)
Build info: version: '3.141.59', revision: 'e82be7d358', time: '2018-11-14T08:17:03'
System info: host: 'DESKTOP-2PTS3ET', ip: '192.168.0.105', os.name: 'Windows 10', os.arch: 'amd64', os.version: '10.0', java.version: '1.8.0_251'
Driver info: org.openqa.selenium.chrome.ChromeDriver
Capabilities {acceptInsecureCerts: false, browserName: chrome, browserVersion: 83.0.4103.116, chrome: {chromedriverVersion: 83.0.4103.39 (ccbf011cb2d2b..., userDataDir: C:\Users\MYPC\AppData\Local...}, goog:chromeOptions: {debuggerAddress: localhost:56367}, javascriptEnabled: true, networkConnectionEnabled: false, pageLoadStrategy: normal, platform: WINDOWS, platformName: WINDOWS, proxy: Proxy(), setWindowRect: true, strictFileInteractability: false, timeouts: {implicit: 0, pageLoad: 300000, script: 30000}, unhandledPromptBehavior: dismiss and notify, webauthn:virtualAuthenticators: true}
Session ID: a10fd6f3ca53df2a4c6f804143109656
at sun.reflect.NativeConstructorAccessorImpl.newInstance0(Native Method)
at sun.reflect.NativeConstructorAccessorImpl.newInstance(Unknown Source)
at sun.reflect.DelegatingConstructorAccessorImpl.newInstance(Unknown Source)
at java.lang.reflect.Constructor.newInstance(Unknown Source)
at org.openqa.selenium.remote.http.W3CHttpResponseCodec.createException(W3CHttpResponseCodec.java:187)
at org.openqa.selenium.remote.http.W3CHttpResponseCodec.decode(W3CHttpResponseCodec.java:122)
at org.openqa.selenium.remote.http.W3CHttpResponseCodec.decode(W3CHttpResponseCodec.java:49)
at org.openqa.selenium.remote.HttpCommandExecutor.execute(HttpCommandExecutor.java:158)
at org.openqa.selenium.remote.service.DriverCommandExecutor.execute(DriverCommandExecutor.java:83)
at org.openqa.selenium.remote.RemoteWebDriver.execute(RemoteWebDriver.java:552)
at org.openqa.selenium.remote.RemoteWebElement.execute(RemoteWebElement.java:285)
at org.openqa.selenium.remote.RemoteWebElement.click(RemoteWebElement.java:84)
at sun.reflect.NativeMethodAccessorImpl.invoke0(Native Method)
at sun.reflect.NativeMethodAccessorImpl.invoke(Unknown Source)
at sun.reflect.DelegatingMethodAccessorImpl.invoke(Unknown Source)
at java.lang.reflect.Method.invoke(Unknown Source)
at org.openqa.selenium.support.pagefactory.internal.LocatingElementHandler.invoke(LocatingElementHandler.java:51)
at com.sun.proxy.$Proxy10.click(Unknown Source)
at com.quickmove.qa.pages.AddRoomSettingpage.clickoutside(AddRoomSettingpage.java:88)
at com.quickmove.qa.pages.AddRoomSettingpage.selectelement(AddRoomSettingpage.java:130)
at com.quickmove.qa.testcases.Addroomsettingtest.varifyaddroom(Addroomsettingtest.java:66)
at sun.reflect.NativeMethodAccessorImpl.invoke0(Native Method)
at sun.reflect.NativeMethodAccessorImpl.invoke(Unknown Source)
at sun.reflect.DelegatingMethodAccessorImpl.invoke(Unknown Source)
at java.lang.reflect.Method.invoke(Unknown Source)
at org.testng.internal.MethodInvocationHelper.invokeMethod(MethodInvocationHelper.java:135)
at org.testng.internal.TestInvoker.invokeMethod(TestInvoker.java:598)
at org.testng.internal.TestInvoker.invokeTestMethod(TestInvoker.java:174)
at org.testng.internal.MethodRunner.runInSequence(MethodRunner.java:46)
at org.testng.internal.TestInvoker$MethodInvocationAgent.invoke(TestInvoker.java:821)
at org.testng.internal.TestInvoker.invokeTestMethods(TestInvoker.java:147)
at org.testng.internal.TestMethodWorker.invokeTestMethods(TestMethodWorker.java:146)
at org.testng.internal.TestMethodWorker.run(TestMethodWorker.java:128)
at java.util.ArrayList.forEach(Unknown Source)
at org.testng.TestRunner.privateRun(TestRunner.java:767)
at org.testng.TestRunner.run(TestRunner.java:588)
at org.testng.SuiteRunner.runTest(SuiteRunner.java:384)
at org.testng.SuiteRunner.runSequentially(SuiteRunner.java:378)
at org.testng.SuiteRunner.privateRun(SuiteRunner.java:337)
at org.testng.SuiteRunner.run(SuiteRunner.java:286)
at org.testng.SuiteRunnerWorker.runSuite(SuiteRunnerWorker.java:53)
at org.testng.SuiteRunnerWorker.run(SuiteRunnerWorker.java:96)
at org.testng.TestNG.runSuitesSequentially(TestNG.java:1214)
at org.testng.TestNG.runSuitesLocally(TestNG.java:1136)
at org.testng.TestNG.runSuites(TestNG.java:1066)
at org.testng.TestNG.run(TestNG.java:1034)
at org.testng.remote.AbstractRemoteTestNG.run(AbstractRemoteTestNG.java:115)
at org.testng.remote.RemoteTestNG.initAndRun(RemoteTestNG.java:251)
at org.testng.remote.RemoteTestNG.main(RemoteTestNG.java:77)
]]>
    </error>
  </testcase> <!-- varifyaddroom -->
  <system-out/>
  <testcase name="varifyaddroom" time="726.716" classname="com.quickmove.qa.testcases.Addroomsettingtest">
    <error type="org.openqa.selenium.NoSuchElementException" message="no such element: Unable to locate element: {&quot;method&quot;:&quot;xpath&quot;,&quot;selector&quot;:&quot;//select[@id=&#039;ctl00_ContentPlaceHolder1_lstItem&#039;]//option[1]&quot;}
  (Session info: chrome=83.0.4103.116)
For documentation on this error, please visit: https://www.seleniumhq.org/exceptions/no_such_element.html
Build info: version: &#039;3.141.59&#039;, revision: &#039;e82be7d358&#039;, time: &#039;2018-11-14T08:17:03&#039;
System info: host: &#039;DESKTOP-2PTS3ET&#039;, ip: &#039;192.168.0.105&#039;, os.name: &#039;Windows 10&#039;, os.arch: &#039;amd64&#039;, os.version: &#039;10.0&#039;, java.version: &#039;1.8.0_251&#039;
Driver info: org.openqa.selenium.chrome.ChromeDriver
Capabilities {acceptInsecureCerts: false, browserName: chrome, browserVersion: 83.0.4103.116, chrome: {chromedriverVersion: 83.0.4103.39 (ccbf011cb2d2b..., userDataDir: C:\Users\MYPC\AppData\Local...}, goog:chromeOptions: {debuggerAddress: localhost:61225}, javascriptEnabled: true, networkConnectionEnabled: false, pageLoadStrategy: normal, platform: WINDOWS, platformName: WINDOWS, proxy: Proxy(), setWindowRect: true, strictFileInteractability: false, timeouts: {implicit: 0, pageLoad: 300000, script: 30000}, unhandledPromptBehavior: dismiss and notify, webauthn:virtualAuthenticators: true}
Session ID: 1f6891481af0cbf5312c4e47465c5930
*** Element info: {Using=xpath, value=//select[@id=&#039;ctl00_ContentPlaceHolder1_lstItem&#039;]//option[1]}">
      <![CDATA[org.openqa.selenium.NoSuchElementException: no such element: Unable to locate element: {"method":"xpath","selector":"//select[@id='ctl00_ContentPlaceHolder1_lstItem']//option[1]"}
  (Session info: chrome=83.0.4103.116)
For documentation on this error, please visit: https://www.seleniumhq.org/exceptions/no_such_element.html
Build info: version: '3.141.59', revision: 'e82be7d358', time: '2018-11-14T08:17:03'
System info: host: 'DESKTOP-2PTS3ET', ip: '192.168.0.105', os.name: 'Windows 10', os.arch: 'amd64', os.version: '10.0', java.version: '1.8.0_251'
Driver info: org.openqa.selenium.chrome.ChromeDriver
Capabilities {acceptInsecureCerts: false, browserName: chrome, browserVersion: 83.0.4103.116, chrome: {chromedriverVersion: 83.0.4103.39 (ccbf011cb2d2b..., userDataDir: C:\Users\MYPC\AppData\Local...}, goog:chromeOptions: {debuggerAddress: localhost:61225}, javascriptEnabled: true, networkConnectionEnabled: false, pageLoadStrategy: normal, platform: WINDOWS, platformName: WINDOWS, proxy: Proxy(), setWindowRect: true, strictFileInteractability: false, timeouts: {implicit: 0, pageLoad: 300000, script: 30000}, unhandledPromptBehavior: dismiss and notify, webauthn:virtualAuthenticators: true}
Session ID: 1f6891481af0cbf5312c4e47465c5930
*** Element info: {Using=xpath, value=//select[@id='ctl00_ContentPlaceHolder1_lstItem']//option[1]}
at sun.reflect.NativeConstructorAccessorImpl.newInstance0(Native Method)
at sun.reflect.NativeConstructorAccessorImpl.newInstance(Unknown Source)
at sun.reflect.DelegatingConstructorAccessorImpl.newInstance(Unknown Source)
at java.lang.reflect.Constructor.newInstance(Unknown Source)
at org.openqa.selenium.remote.http.W3CHttpResponseCodec.createException(W3CHttpResponseCodec.java:187)
at org.openqa.selenium.remote.http.W3CHttpResponseCodec.decode(W3CHttpResponseCodec.java:122)
at org.openqa.selenium.remote.http.W3CHttpResponseCodec.decode(W3CHttpResponseCodec.java:49)
at org.openqa.selenium.remote.HttpCommandExecutor.execute(HttpCommandExecutor.java:158)
at org.openqa.selenium.remote.service.DriverCommandExecutor.execute(DriverCommandExecutor.java:83)
at org.openqa.selenium.remote.RemoteWebDriver.execute(RemoteWebDriver.java:552)
at org.openqa.selenium.remote.RemoteWebDriver.findElement(RemoteWebDriver.java:323)
at org.openqa.selenium.remote.RemoteWebDriver.findElementByXPath(RemoteWebDriver.java:428)
at org.openqa.selenium.By$ByXPath.findElement(By.java:353)
at org.openqa.selenium.remote.RemoteWebDriver.findElement(RemoteWebDriver.java:315)
at org.openqa.selenium.support.pagefactory.DefaultElementLocator.findElement(DefaultElementLocator.java:69)
at org.openqa.selenium.support.pagefactory.internal.LocatingElementHandler.invoke(LocatingElementHandler.java:38)
at com.sun.proxy.$Proxy10.click(Unknown Source)
at com.quickmove.qa.pages.AddRoomSettingpage.clickonfirstelement(AddRoomSettingpage.java:254)
at com.quickmove.qa.pages.AddRoomSettingpage.selectelement(AddRoomSettingpage.java:124)
at com.quickmove.qa.testcases.Addroomsettingtest.varifyaddroom(Addroomsettingtest.java:66)
at sun.reflect.NativeMethodAccessorImpl.invoke0(Native Method)
at sun.reflect.NativeMethodAccessorImpl.invoke(Unknown Source)
at sun.reflect.DelegatingMethodAccessorImpl.invoke(Unknown Source)
at java.lang.reflect.Method.invoke(Unknown Source)
at org.testng.internal.MethodInvocationHelper.invokeMethod(MethodInvocationHelper.java:135)
at org.testng.internal.TestInvoker.invokeMethod(TestInvoker.java:598)
at org.testng.internal.TestInvoker.invokeTestMethod(TestInvoker.java:174)
at org.testng.internal.MethodRunner.runInSequence(MethodRunner.java:46)
at org.testng.internal.TestInvoker$MethodInvocationAgent.invoke(TestInvoker.java:821)
at org.testng.internal.TestInvoker.invokeTestMethods(TestInvoker.java:147)
at org.testng.internal.TestMethodWorker.invokeTestMethods(TestMethodWorker.java:146)
at org.testng.internal.TestMethodWorker.run(TestMethodWorker.java:128)
at java.util.ArrayList.forEach(Unknown Source)
at org.testng.TestRunner.privateRun(TestRunner.java:767)
at org.testng.TestRunner.run(TestRunner.java:588)
at org.testng.SuiteRunner.runTest(SuiteRunner.java:384)
at org.testng.SuiteRunner.runSequentially(SuiteRunner.java:378)
at org.testng.SuiteRunner.privateRun(SuiteRunner.java:337)
at org.testng.SuiteRunner.run(SuiteRunner.java:286)
at org.testng.SuiteRunnerWorker.runSuite(SuiteRunnerWorker.java:53)
at org.testng.SuiteRunnerWorker.run(SuiteRunnerWorker.java:96)
at org.testng.TestNG.runSuitesSequentially(TestNG.java:1214)
at org.testng.TestNG.runSuitesLocally(TestNG.java:1136)
at org.testng.TestNG.runSuites(TestNG.java:1066)
at org.testng.TestNG.run(TestNG.java:1034)
at org.testng.remote.AbstractRemoteTestNG.run(AbstractRemoteTestNG.java:115)
at org.testng.remote.RemoteTestNG.initAndRun(RemoteTestNG.java:251)
at org.testng.remote.RemoteTestNG.main(RemoteTestNG.java:77)
]]>
    </error>
  </testcase> <!-- varifyaddroom -->
  <system-out/>
  <testcase name="varifyaddroom" time="0.000" classname="com.quickmove.qa.testcases.Addroomsettingtest">
    <skipped/>
  </testcase> <!-- varifyaddroom -->
  <system-out/>
  <testcase name="varifyaddOffficeRoom" time="0.000" classname="com.quickmove.qa.testcases.Addroomsettingtest">
    <skipped/>
  </testcase> <!-- varifyaddOffficeRoom -->
  <system-out/>
  <testcase name="varifyaddOffficeRoom" time="0.000" classname="com.quickmove.qa.testcases.Addroomsettingtest">
    <skipped/>
  </testcase> <!-- varifyaddOffficeRoom -->
  <system-out/>
  <testcase name="varifyaddOffficeRoom" time="0.000" classname="com.quickmove.qa.testcases.Addroomsettingtest">
    <skipped/>
  </testcase> <!-- varifyaddOffficeRoom -->
  <system-out/>
  <testcase name="varifyaddOffficeRoom" time="0.000" classname="com.quickmove.qa.testcases.Addroomsettingtest">
    <skipped/>
  </testcase> <!-- varifyaddOffficeRoom -->
  <system-out/>
  <testcase name="varifyaddOffficeRoom" time="0.000" classname="com.quickmove.qa.testcases.Addroomsettingtest">
    <skipped/>
  </testcase> <!-- varifyaddOffficeRoom -->
  <system-out/>
  <testcase name="varifyaddOffficeRoom" time="0.000" classname="com.quickmove.qa.testcases.Addroomsettingtest">
    <skipped/>
  </testcase> <!-- varifyaddOffficeRoom -->
  <system-out/>
  <testcase name="varifyaddOffficeRoom" time="0.000" classname="com.quickmove.qa.testcases.Addroomsettingtest">
    <skipped/>
  </testcase> <!-- varifyaddOffficeRoom -->
  <system-out/>
  <testcase name="varifyaddOffficeRoom" time="0.000" classname="com.quickmove.qa.testcases.Addroomsettingtest">
    <skipped/>
  </testcase> <!-- varifyaddOffficeRoom -->
  <system-out/>
  <testcase name="varifyaddOffficeRoom" time="0.000" classname="com.quickmove.qa.testcases.Addroomsettingtest">
    <skipped/>
  </testcase> <!-- varifyaddOffficeRoom -->
  <system-out/>
  <testcase name="varifyaddOffficeRoom" time="0.000" classname="com.quickmove.qa.testcases.Addroomsettingtest">
    <skipped/>
  </testcase> <!-- varifyaddOffficeRoom -->
  <system-out/>
  <testcase name="varifyaddOffficeRoom" time="0.000" classname="com.quickmove.qa.testcases.Addroomsettingtest">
    <skipped/>
  </testcase> <!-- varifyaddOffficeRoom -->
  <system-out/>
  <testcase name="varifyaddOffficeRoom" time="0.000" classname="com.quickmove.qa.testcases.Addroomsettingtest">
    <skipped/>
  </testcase> <!-- varifyaddOffficeRoom -->
  <system-out/>
  <testcase name="varifyaddOffficeRoom" time="0.000" classname="com.quickmove.qa.testcases.Addroomsettingtest">
    <skipped/>
  </testcase> <!-- varifyaddOffficeRoom -->
  <system-out/>
  <testcase name="varifyaddOffficeRoom" time="0.000" classname="com.quickmove.qa.testcases.Addroomsettingtest">
    <skipped/>
  </testcase> <!-- varifyaddOffficeRoom -->
  <system-out/>
  <testcase name="varifyaddOffficeRoom" time="0.001" classname="com.quickmove.qa.testcases.Addroomsettingtest">
    <skipped/>
  </testcase> <!-- varifyaddOffficeRoom -->
  <system-out/>
  <testcase name="varifyaddOffficeRoom" time="0.000" classname="com.quickmove.qa.testcases.Addroomsettingtest">
    <skipped/>
  </testcase> <!-- varifyaddOffficeRoom -->
  <system-out/>
  <testcase name="varifyaddCommerciaGoodsroom" time="0.000" classname="com.quickmove.qa.testcases.Addroomsettingtest">
    <skipped/>
  </testcase> <!-- varifyaddCommerciaGoodsroom -->
  <system-out/>
  <testcase name="varifyaddCommerciaGoodsroom" time="0.000" classname="com.quickmove.qa.testcases.Addroomsettingtest">
    <skipped/>
  </testcase> <!-- varifyaddCommerciaGoodsroom -->
  <system-out/>
  <testcase name="varifyaddCommerciaGoodsroom" time="0.000" classname="com.quickmove.qa.testcases.Addroomsettingtest">
    <skipped/>
  </testcase> <!-- varifyaddCommerciaGoodsroom -->
  <system-out/>
  <testcase name="varifyaddCommerciaGoodsroom" time="0.000" classname="com.quickmove.qa.testcases.Addroomsettingtest">
    <skipped/>
  </testcase> <!-- varifyaddCommerciaGoodsroom -->
  <system-out/>
  <testcase name="varifyaddCommerciaGoodsroom" time="0.000" classname="com.quickmove.qa.testcases.Addroomsettingtest">
    <skipped/>
  </testcase> <!-- varifyaddCommerciaGoodsroom -->
  <system-out/>
  <testcase name="varifyaddCommerciaGoodsroom" time="0.000" classname="com.quickmove.qa.testcases.Addroomsettingtest">
    <skipped/>
  </testcase> <!-- varifyaddCommerciaGoodsroom -->
  <system-out/>
  <testcase name="varifyaddCommerciaGoodsroom" time="0.000" classname="com.quickmove.qa.testcases.Addroomsettingtest">
    <skipped/>
  </testcase> <!-- varifyaddCommerciaGoodsroom -->
  <system-out/>
  <testcase name="varifyaddCommerciaGoodsroom" time="0.000" classname="com.quickmove.qa.testcases.Addroomsettingtest">
    <skipped/>
  </testcase> <!-- varifyaddCommerciaGoodsroom -->
  <system-out/>
  <testcase name="varifyaddCommerciaGoodsroom" time="0.000" classname="com.quickmove.qa.testcases.Addroomsettingtest">
    <skipped/>
  </testcase> <!-- varifyaddCommerciaGoodsroom -->
  <system-out/>
  <testcase name="varifyaddCommerciaGoodsroom" time="0.000" classname="com.quickmove.qa.testcases.Addroomsettingtest">
    <skipped/>
  </testcase> <!-- varifyaddCommerciaGoodsroom -->
  <system-out/>
  <testcase name="varifyaddCommerciaGoodsroom" time="0.000" classname="com.quickmove.qa.testcases.Addroomsettingtest">
    <skipped/>
  </testcase> <!-- varifyaddCommerciaGoodsroom -->
  <system-out/>
  <testcase name="varifyaddCommerciaGoodsroom" time="0.000" classname="com.quickmove.qa.testcases.Addroomsettingtest">
    <skipped/>
  </testcase> <!-- varifyaddCommerciaGoodsroom -->
  <system-out/>
  <testcase name="varifyaddCommerciaGoodsroom" time="0.000" classname="com.quickmove.qa.testcases.Addroomsettingtest">
    <skipped/>
  </testcase> <!-- varifyaddCommerciaGoodsroom -->
  <system-out/>
  <testcase name="varifyaddCommerciaGoodsroom" time="0.000" classname="com.quickmove.qa.testcases.Addroomsettingtest">
    <skipped/>
  </testcase> <!-- varifyaddCommerciaGoodsroom -->
  <system-out/>
  <testcase name="varifyaddCommerciaGoodsroom" time="0.000" classname="com.quickmove.qa.testcases.Addroomsettingtest">
    <skipped/>
  </testcase> <!-- varifyaddCommerciaGoodsroom -->
  <system-out/>
  <testcase name="varifyaddCommerciaGoodsroom" time="0.000" classname="com.quickmove.qa.testcases.Addroomsettingtest">
    <skipped/>
  </testcase> <!-- varifyaddCommerciaGoodsroom -->
  <system-out/>
  <testcase name="varifyaddIndustrialGoodsRoom" time="0.000" classname="com.quickmove.qa.testcases.Addroomsettingtest">
    <skipped/>
  </testcase> <!-- varifyaddIndustrialGoodsRoom -->
  <system-out/>
  <testcase name="varifyaddIndustrialGoodsRoom" time="0.000" classname="com.quickmove.qa.testcases.Addroomsettingtest">
    <skipped/>
  </testcase> <!-- varifyaddIndustrialGoodsRoom -->
  <system-out/>
  <testcase name="varifyaddIndustrialGoodsRoom" time="0.000" classname="com.quickmove.qa.testcases.Addroomsettingtest">
    <skipped/>
  </testcase> <!-- varifyaddIndustrialGoodsRoom -->
  <system-out/>
  <testcase name="varifyaddIndustrialGoodsRoom" time="0.001" classname="com.quickmove.qa.testcases.Addroomsettingtest">
    <skipped/>
  </testcase> <!-- varifyaddIndustrialGoodsRoom -->
  <system-out/>
  <testcase name="varifyaddIndustrialGoodsRoom" time="0.000" classname="com.quickmove.qa.testcases.Addroomsettingtest">
    <skipped/>
  </testcase> <!-- varifyaddIndustrialGoodsRoom -->
  <system-out/>
  <testcase name="varifyaddIndustrialGoodsRoom" time="0.000" classname="com.quickmove.qa.testcases.Addroomsettingtest">
    <skipped/>
  </testcase> <!-- varifyaddIndustrialGoodsRoom -->
  <system-out/>
  <testcase name="varifyaddIndustrialGoodsRoom" time="0.000" classname="com.quickmove.qa.testcases.Addroomsettingtest">
    <skipped/>
  </testcase> <!-- varifyaddIndustrialGoodsRoom -->
  <system-out/>
  <testcase name="varifyaddIndustrialGoodsRoom" time="0.000" classname="com.quickmove.qa.testcases.Addroomsettingtest">
    <skipped/>
  </testcase> <!-- varifyaddIndustrialGoodsRoom -->
  <system-out/>
  <testcase name="varifyaddIndustrialGoodsRoom" time="0.000" classname="com.quickmove.qa.testcases.Addroomsettingtest">
    <skipped/>
  </testcase> <!-- varifyaddIndustrialGoodsRoom -->
  <system-out/>
  <testcase name="varifyaddIndustrialGoodsRoom" time="0.000" classname="com.quickmove.qa.testcases.Addroomsettingtest">
    <skipped/>
  </testcase> <!-- varifyaddIndustrialGoodsRoom -->
  <system-out/>
  <testcase name="varifyaddIndustrialGoodsRoom" time="0.001" classname="com.quickmove.qa.testcases.Addroomsettingtest">
    <skipped/>
  </testcase> <!-- varifyaddIndustrialGoodsRoom -->
  <system-out/>
  <testcase name="varifyaddIndustrialGoodsRoom" time="0.001" classname="com.quickmove.qa.testcases.Addroomsettingtest">
    <skipped/>
  </testcase> <!-- varifyaddIndustrialGoodsRoom -->
  <system-out/>
  <testcase name="varifyaddIndustrialGoodsRoom" time="0.000" classname="com.quickmove.qa.testcases.Addroomsettingtest">
    <skipped/>
  </testcase> <!-- varifyaddIndustrialGoodsRoom -->
  <system-out/>
  <testcase name="varifyaddIndustrialGoodsRoom" time="0.000" classname="com.quickmove.qa.testcases.Addroomsettingtest">
    <skipped/>
  </testcase> <!-- varifyaddIndustrialGoodsRoom -->
  <system-out/>
  <testcase name="varifyaddIndustrialGoodsRoom" time="0.000" classname="com.quickmove.qa.testcases.Addroomsettingtest">
    <skipped/>
  </testcase> <!-- varifyaddIndustrialGoodsRoom -->
  <system-out/>
  <testcase name="varifyaddIndustrialGoodsRoom" time="0.000" classname="com.quickmove.qa.testcases.Addroomsettingtest">
    <skipped/>
  </testcase> <!-- varifyaddIndustrialGoodsRoom -->
  <system-out/>
  <testcase name="varifyaddFIneArtsRoom" time="0.000" classname="com.quickmove.qa.testcases.Addroomsettingtest">
    <skipped/>
  </testcase> <!-- varifyaddFIneArtsRoom -->
  <system-out/>
  <testcase name="varifyaddFIneArtsRoom" time="0.000" classname="com.quickmove.qa.testcases.Addroomsettingtest">
    <skipped/>
  </testcase> <!-- varifyaddFIneArtsRoom -->
  <system-out/>
  <testcase name="varifyaddFIneArtsRoom" time="0.000" classname="com.quickmove.qa.testcases.Addroomsettingtest">
    <skipped/>
  </testcase> <!-- varifyaddFIneArtsRoom -->
  <system-out/>
  <testcase name="varifyaddFIneArtsRoom" time="0.000" classname="com.quickmove.qa.testcases.Addroomsettingtest">
    <skipped/>
  </testcase> <!-- varifyaddFIneArtsRoom -->
  <system-out/>
  <testcase name="varifyaddFIneArtsRoom" time="0.000" classname="com.quickmove.qa.testcases.Addroomsettingtest">
    <skipped/>
  </testcase> <!-- varifyaddFIneArtsRoom -->
  <system-out/>
  <testcase name="varifyaddFIneArtsRoom" time="0.000" classname="com.quickmove.qa.testcases.Addroomsettingtest">
    <skipped/>
  </testcase> <!-- varifyaddFIneArtsRoom -->
  <system-out/>
  <testcase name="varifyaddFIneArtsRoom" time="0.000" classname="com.quickmove.qa.testcases.Addroomsettingtest">
    <skipped/>
  </testcase> <!-- varifyaddFIneArtsRoom -->
  <system-out/>
  <testcase name="varifyaddFIneArtsRoom" time="0.000" classname="com.quickmove.qa.testcases.Addroomsettingtest">
    <skipped/>
  </testcase> <!-- varifyaddFIneArtsRoom -->
  <system-out/>
  <testcase name="varifyaddFIneArtsRoom" time="0.000" classname="com.quickmove.qa.testcases.Addroomsettingtest">
    <skipped/>
  </testcase> <!-- varifyaddFIneArtsRoom -->
  <system-out/>
  <testcase name="varifyaddFIneArtsRoom" time="0.000" classname="com.quickmove.qa.testcases.Addroomsettingtest">
    <skipped/>
  </testcase> <!-- varifyaddFIneArtsRoom -->
  <system-out/>
  <testcase name="varifyaddFIneArtsRoom" time="0.000" classname="com.quickmove.qa.testcases.Addroomsettingtest">
    <skipped/>
  </testcase> <!-- varifyaddFIneArtsRoom -->
  <system-out/>
  <testcase name="varifyaddFIneArtsRoom" time="0.000" classname="com.quickmove.qa.testcases.Addroomsettingtest">
    <skipped/>
  </testcase> <!-- varifyaddFIneArtsRoom -->
  <system-out/>
  <testcase name="varifyaddFIneArtsRoom" time="0.000" classname="com.quickmove.qa.testcases.Addroomsettingtest">
    <skipped/>
  </testcase> <!-- varifyaddFIneArtsRoom -->
  <system-out/>
  <testcase name="varifyaddFIneArtsRoom" time="0.000" classname="com.quickmove.qa.testcases.Addroomsettingtest">
    <skipped/>
  </testcase> <!-- varifyaddFIneArtsRoom -->
  <system-out/>
  <testcase name="varifyaddFIneArtsRoom" time="0.000" classname="com.quickmove.qa.testcases.Addroomsettingtest">
    <skipped/>
  </testcase> <!-- varifyaddFIneArtsRoom -->
  <system-out/>
  <testcase name="varifyaddFIneArtsRoom" time="0.000" classname="com.quickmove.qa.testcases.Addroomsettingtest">
    <skipped/>
  </testcase> <!-- varifyaddFIneArtsRoom -->
  <system-out/>
  <testcase name="varifyaddDataCentreRoom" time="0.000" classname="com.quickmove.qa.testcases.Addroomsettingtest">
    <skipped/>
  </testcase> <!-- varifyaddDataCentreRoom -->
  <system-out/>
  <testcase name="varifyaddDataCentreRoom" time="0.000" classname="com.quickmove.qa.testcases.Addroomsettingtest">
    <skipped/>
  </testcase> <!-- varifyaddDataCentreRoom -->
  <system-out/>
  <testcase name="varifyaddDataCentreRoom" time="0.000" classname="com.quickmove.qa.testcases.Addroomsettingtest">
    <skipped/>
  </testcase> <!-- varifyaddDataCentreRoom -->
  <system-out/>
  <testcase name="varifyaddDataCentreRoom" time="0.000" classname="com.quickmove.qa.testcases.Addroomsettingtest">
    <skipped/>
  </testcase> <!-- varifyaddDataCentreRoom -->
  <system-out/>
  <testcase name="varifyaddDataCentreRoom" time="0.000" classname="com.quickmove.qa.testcases.Addroomsettingtest">
    <skipped/>
  </testcase> <!-- varifyaddDataCentreRoom -->
  <system-out/>
  <testcase name="varifyaddDataCentreRoom" time="0.000" classname="com.quickmove.qa.testcases.Addroomsettingtest">
    <skipped/>
  </testcase> <!-- varifyaddDataCentreRoom -->
  <system-out/>
  <testcase name="varifyaddDataCentreRoom" time="0.000" classname="com.quickmove.qa.testcases.Addroomsettingtest">
    <skipped/>
  </testcase> <!-- varifyaddDataCentreRoom -->
  <system-out/>
  <testcase name="varifyaddDataCentreRoom" time="0.000" classname="com.quickmove.qa.testcases.Addroomsettingtest">
    <skipped/>
  </testcase> <!-- varifyaddDataCentreRoom -->
  <system-out/>
  <testcase name="varifyaddDataCentreRoom" time="0.000" classname="com.quickmove.qa.testcases.Addroomsettingtest">
    <skipped/>
  </testcase> <!-- varifyaddDataCentreRoom -->
  <system-out/>
  <testcase name="varifyaddDataCentreRoom" time="0.000" classname="com.quickmove.qa.testcases.Addroomsettingtest">
    <skipped/>
  </testcase> <!-- varifyaddDataCentreRoom -->
  <system-out/>
  <testcase name="varifyaddDataCentreRoom" time="0.000" classname="com.quickmove.qa.testcases.Addroomsettingtest">
    <skipped/>
  </testcase> <!-- varifyaddDataCentreRoom -->
  <system-out/>
  <testcase name="varifyaddDataCentreRoom" time="0.000" classname="com.quickmove.qa.testcases.Addroomsettingtest">
    <skipped/>
  </testcase> <!-- varifyaddDataCentreRoom -->
  <system-out/>
  <testcase name="varifyaddDataCentreRoom" time="0.000" classname="com.quickmove.qa.testcases.Addroomsettingtest">
    <skipped/>
  </testcase> <!-- varifyaddDataCentreRoom -->
  <system-out/>
  <testcase name="varifyaddDataCentreRoom" time="0.000" classname="com.quickmove.qa.testcases.Addroomsettingtest">
    <skipped/>
  </testcase> <!-- varifyaddDataCentreRoom -->
  <system-out/>
  <testcase name="varifyaddDataCentreRoom" time="0.000" classname="com.quickmove.qa.testcases.Addroomsettingtest">
    <skipped/>
  </testcase> <!-- varifyaddDataCentreRoom -->
  <system-out/>
  <testcase name="varifyaddDataCentreRoom" time="0.000" classname="com.quickmove.qa.testcases.Addroomsettingtest">
    <skipped/>
  </testcase> <!-- varifyaddDataCentreRoom -->
  <system-out/>
  <testcase name="varifyaddITGoodsRoom" time="0.000" classname="com.quickmove.qa.testcases.Addroomsettingtest">
    <skipped/>
  </testcase> <!-- varifyaddITGoodsRoom -->
  <system-out/>
  <testcase name="varifyaddITGoodsRoom" time="0.000" classname="com.quickmove.qa.testcases.Addroomsettingtest">
    <skipped/>
  </testcase> <!-- varifyaddITGoodsRoom -->
  <system-out/>
  <testcase name="varifyaddITGoodsRoom" time="0.000" classname="com.quickmove.qa.testcases.Addroomsettingtest">
    <skipped/>
  </testcase> <!-- varifyaddITGoodsRoom -->
  <system-out/>
  <testcase name="varifyaddITGoodsRoom" time="0.000" classname="com.quickmove.qa.testcases.Addroomsettingtest">
    <skipped/>
  </testcase> <!-- varifyaddITGoodsRoom -->
  <system-out/>
  <testcase name="varifyaddITGoodsRoom" time="0.000" classname="com.quickmove.qa.testcases.Addroomsettingtest">
    <skipped/>
  </testcase> <!-- varifyaddITGoodsRoom -->
  <system-out/>
  <testcase name="varifyaddITGoodsRoom" time="0.000" classname="com.quickmove.qa.testcases.Addroomsettingtest">
    <skipped/>
  </testcase> <!-- varifyaddITGoodsRoom -->
  <system-out/>
  <testcase name="varifyaddITGoodsRoom" time="0.000" classname="com.quickmove.qa.testcases.Addroomsettingtest">
    <skipped/>
  </testcase> <!-- varifyaddITGoodsRoom -->
  <system-out/>
  <testcase name="varifyaddITGoodsRoom" time="0.000" classname="com.quickmove.qa.testcases.Addroomsettingtest">
    <skipped/>
  </testcase> <!-- varifyaddITGoodsRoom -->
  <system-out/>
  <testcase name="varifyaddITGoodsRoom" time="0.000" classname="com.quickmove.qa.testcases.Addroomsettingtest">
    <skipped/>
  </testcase> <!-- varifyaddITGoodsRoom -->
  <system-out/>
  <testcase name="varifyaddITGoodsRoom" time="0.000" classname="com.quickmove.qa.testcases.Addroomsettingtest">
    <skipped/>
  </testcase> <!-- varifyaddITGoodsRoom -->
  <system-out/>
  <testcase name="varifyaddITGoodsRoom" time="0.000" classname="com.quickmove.qa.testcases.Addroomsettingtest">
    <skipped/>
  </testcase> <!-- varifyaddITGoodsRoom -->
  <system-out/>
  <testcase name="varifyaddITGoodsRoom" time="0.000" classname="com.quickmove.qa.testcases.Addroomsettingtest">
    <skipped/>
  </testcase> <!-- varifyaddITGoodsRoom -->
  <system-out/>
  <testcase name="varifyaddITGoodsRoom" time="0.000" classname="com.quickmove.qa.testcases.Addroomsettingtest">
    <skipped/>
  </testcase> <!-- varifyaddITGoodsRoom -->
  <system-out/>
  <testcase name="varifyaddITGoodsRoom" time="0.000" classname="com.quickmove.qa.testcases.Addroomsettingtest">
    <skipped/>
  </testcase> <!-- varifyaddITGoodsRoom -->
  <system-out/>
  <testcase name="varifyaddITGoodsRoom" time="0.000" classname="com.quickmove.qa.testcases.Addroomsettingtest">
    <skipped/>
  </testcase> <!-- varifyaddITGoodsRoom -->
  <system-out/>
  <testcase name="varifyaddITGoodsRoom" time="0.000" classname="com.quickmove.qa.testcases.Addroomsettingtest">
    <skipped/>
  </testcase> <!-- varifyaddITGoodsRoom -->
  <system-out/>
  <testcase name="varifyaddPersonalEffctsRoom" time="0.000" classname="com.quickmove.qa.testcases.Addroomsettingtest">
    <skipped/>
  </testcase> <!-- varifyaddPersonalEffctsRoom -->
  <system-out/>
  <testcase name="varifyaddPersonalEffctsRoom" time="0.000" classname="com.quickmove.qa.testcases.Addroomsettingtest">
    <skipped/>
  </testcase> <!-- varifyaddPersonalEffctsRoom -->
  <system-out/>
  <testcase name="varifyaddPersonalEffctsRoom" time="0.000" classname="com.quickmove.qa.testcases.Addroomsettingtest">
    <skipped/>
  </testcase> <!-- varifyaddPersonalEffctsRoom -->
  <system-out/>
  <testcase name="varifyaddPersonalEffctsRoom" time="0.000" classname="com.quickmove.qa.testcases.Addroomsettingtest">
    <skipped/>
  </testcase> <!-- varifyaddPersonalEffctsRoom -->
  <system-out/>
  <testcase name="varifyaddPersonalEffctsRoom" time="0.000" classname="com.quickmove.qa.testcases.Addroomsettingtest">
    <skipped/>
  </testcase> <!-- varifyaddPersonalEffctsRoom -->
  <system-out/>
  <testcase name="varifyaddPersonalEffctsRoom" time="0.000" classname="com.quickmove.qa.testcases.Addroomsettingtest">
    <skipped/>
  </testcase> <!-- varifyaddPersonalEffctsRoom -->
  <system-out/>
  <testcase name="varifyaddPersonalEffctsRoom" time="0.000" classname="com.quickmove.qa.testcases.Addroomsettingtest">
    <skipped/>
  </testcase> <!-- varifyaddPersonalEffctsRoom -->
  <system-out/>
  <testcase name="varifyaddPersonalEffctsRoom" time="0.000" classname="com.quickmove.qa.testcases.Addroomsettingtest">
    <skipped/>
  </testcase> <!-- varifyaddPersonalEffctsRoom -->
  <system-out/>
  <testcase name="varifyaddPersonalEffctsRoom" time="0.000" classname="com.quickmove.qa.testcases.Addroomsettingtest">
    <skipped/>
  </testcase> <!-- varifyaddPersonalEffctsRoom -->
  <system-out/>
  <testcase name="varifyaddPersonalEffctsRoom" time="0.000" classname="com.quickmove.qa.testcases.Addroomsettingtest">
    <skipped/>
  </testcase> <!-- varifyaddPersonalEffctsRoom -->
  <system-out/>
  <testcase name="varifyaddPersonalEffctsRoom" time="0.000" classname="com.quickmove.qa.testcases.Addroomsettingtest">
    <skipped/>
  </testcase> <!-- varifyaddPersonalEffctsRoom -->
  <system-out/>
  <testcase name="varifyaddPersonalEffctsRoom" time="0.000" classname="com.quickmove.qa.testcases.Addroomsettingtest">
    <skipped/>
  </testcase> <!-- varifyaddPersonalEffctsRoom -->
  <system-out/>
  <testcase name="varifyaddPersonalEffctsRoom" time="0.000" classname="com.quickmove.qa.testcases.Addroomsettingtest">
    <skipped/>
  </testcase> <!-- varifyaddPersonalEffctsRoom -->
  <system-out/>
  <testcase name="varifyaddPersonalEffctsRoom" time="0.000" classname="com.quickmove.qa.testcases.Addroomsettingtest">
    <skipped/>
  </testcase> <!-- varifyaddPersonalEffctsRoom -->
  <system-out/>
  <testcase name="varifyaddPersonalEffctsRoom" time="0.000" classname="com.quickmove.qa.testcases.Addroomsettingtest">
    <skipped/>
  </testcase> <!-- varifyaddPersonalEffctsRoom -->
  <system-out/>
  <testcase name="varifyaddPersonalEffctsRoom" time="0.000" classname="com.quickmove.qa.testcases.Addroomsettingtest">
    <skipped/>
  </testcase> <!-- varifyaddPersonalEffctsRoom -->
  <system-out/>
  <testcase name="varifyaddPershiableGoodsRoom" time="0.000" classname="com.quickmove.qa.testcases.Addroomsettingtest">
    <skipped/>
  </testcase> <!-- varifyaddPershiableGoodsRoom -->
  <system-out/>
  <testcase name="varifyaddPershiableGoodsRoom" time="0.000" classname="com.quickmove.qa.testcases.Addroomsettingtest">
    <skipped/>
  </testcase> <!-- varifyaddPershiableGoodsRoom -->
  <system-out/>
  <testcase name="varifyaddPershiableGoodsRoom" time="0.000" classname="com.quickmove.qa.testcases.Addroomsettingtest">
    <skipped/>
  </testcase> <!-- varifyaddPershiableGoodsRoom -->
  <system-out/>
  <testcase name="varifyaddPershiableGoodsRoom" time="0.000" classname="com.quickmove.qa.testcases.Addroomsettingtest">
    <skipped/>
  </testcase> <!-- varifyaddPershiableGoodsRoom -->
  <system-out/>
  <testcase name="varifyaddPershiableGoodsRoom" time="0.000" classname="com.quickmove.qa.testcases.Addroomsettingtest">
    <skipped/>
  </testcase> <!-- varifyaddPershiableGoodsRoom -->
  <system-out/>
  <testcase name="varifyaddPershiableGoodsRoom" time="0.000" classname="com.quickmove.qa.testcases.Addroomsettingtest">
    <skipped/>
  </testcase> <!-- varifyaddPershiableGoodsRoom -->
  <system-out/>
  <testcase name="varifyaddPershiableGoodsRoom" time="0.000" classname="com.quickmove.qa.testcases.Addroomsettingtest">
    <skipped/>
  </testcase> <!-- varifyaddPershiableGoodsRoom -->
  <system-out/>
  <testcase name="varifyaddPershiableGoodsRoom" time="0.000" classname="com.quickmove.qa.testcases.Addroomsettingtest">
    <skipped/>
  </testcase> <!-- varifyaddPershiableGoodsRoom -->
  <system-out/>
  <testcase name="varifyaddPershiableGoodsRoom" time="0.000" classname="com.quickmove.qa.testcases.Addroomsettingtest">
    <skipped/>
  </testcase> <!-- varifyaddPershiableGoodsRoom -->
  <system-out/>
  <testcase name="varifyaddPershiableGoodsRoom" time="0.000" classname="com.quickmove.qa.testcases.Addroomsettingtest">
    <skipped/>
  </testcase> <!-- varifyaddPershiableGoodsRoom -->
  <system-out/>
  <testcase name="varifyaddPershiableGoodsRoom" time="0.000" classname="com.quickmove.qa.testcases.Addroomsettingtest">
    <skipped/>
  </testcase> <!-- varifyaddPershiableGoodsRoom -->
  <system-out/>
  <testcase name="varifyaddPershiableGoodsRoom" time="0.000" classname="com.quickmove.qa.testcases.Addroomsettingtest">
    <skipped/>
  </testcase> <!-- varifyaddPershiableGoodsRoom -->
  <system-out/>
  <testcase name="varifyaddPershiableGoodsRoom" time="0.000" classname="com.quickmove.qa.testcases.Addroomsettingtest">
    <skipped/>
  </testcase> <!-- varifyaddPershiableGoodsRoom -->
  <system-out/>
  <testcase name="varifyaddPershiableGoodsRoom" time="0.000" classname="com.quickmove.qa.testcases.Addroomsettingtest">
    <skipped/>
  </testcase> <!-- varifyaddPershiableGoodsRoom -->
  <system-out/>
  <testcase name="varifyaddPershiableGoodsRoom" time="0.000" classname="com.quickmove.qa.testcases.Addroomsettingtest">
    <skipped/>
  </testcase> <!-- varifyaddPershiableGoodsRoom -->
  <system-out/>
  <testcase name="varifyaddPershiableGoodsRoom" time="0.000" classname="com.quickmove.qa.testcases.Addroomsettingtest">
    <skipped/>
  </testcase> <!-- varifyaddPershiableGoodsRoom -->
  <system-out/>
</testsuite> <!-- com.quickmove.qa.testcases.Addroomsettingtest -->
