<!DOCTYPE html>

<html>
  <head>
  <meta charset='utf-8'>
  <title>TestNG reports</title>

    <link type="text/css" href="testng-reports1.css" rel="stylesheet" id="ultra" />
    <link type="text/css" href="testng-reports.css" rel="stylesheet" id="retro" disabled="false"/>
    <script type="text/javascript" src="jquery-3.4.1.min.js"></script>
    <script type="text/javascript" src="testng-reports.js"></script>
    <script type="text/javascript" src="https://www.google.com/jsapi"></script>
    <script type='text/javascript'>
      google.load('visualization', '1', {packages:['table']});
      google.setOnLoadCallback(drawTable);
      var suiteTableInitFunctions = new Array();
      var suiteTableData = new Array();
    </script>
    <!--
      <script type="text/javascript" src="jquery-ui/js/jquery-ui-1.8.16.custom.min.js"></script>
     -->
  </head>

  <body>
    <div class="top-banner-root">
      <span class="top-banner-title-font">Test results</span>
      <button class="button" id="button">Switch Retro Theme</button> <!-- button -->
      <br/>
      <span class="top-banner-font-1">1 suite, 9 failed tests</span>
    </div> <!-- top-banner-root -->
    <div class="navigator-root">
      <div class="navigator-suite-header">
        <span>All suites</span>
        <a href="#" class="collapse-all-link" title="Collapse/expand all the suites">
          <img class="collapse-all-icon" src="collapseall.gif">
          </img> <!-- collapse-all-icon -->
        </a> <!-- collapse-all-link -->
      </div> <!-- navigator-suite-header -->
      <div class="suite">
        <div class="rounded-window">
          <div class="suite-header light-rounded-window-top">
            <a href="#" class="navigator-link" panel-name="suite-Default_suite">
              <span class="suite-name border-failed">Default suite</span>
            </a> <!-- navigator-link -->
          </div> <!-- suite-header light-rounded-window-top -->
          <div class="navigator-suite-content">
            <div class="suite-section-title">
              <span>Info</span>
            </div> <!-- suite-section-title -->
            <div class="suite-section-content">
              <ul>
                <li>
                  <a href="#" class="navigator-link " panel-name="test-xml-Default_suite">
                    <span>C:\Users\MYPC\AppData\Local\Temp\testng-eclipse--596284788\testng-customsuite.xml</span>
                  </a> <!-- navigator-link  -->
                </li>
                <li>
                  <a href="#" class="navigator-link " panel-name="testlist-Default_suite">
                    <span class="test-stats">1 test</span>
                  </a> <!-- navigator-link  -->
                </li>
                <li>
                  <a href="#" class="navigator-link " panel-name="group-Default_suite">
                    <span>0 groups</span>
                  </a> <!-- navigator-link  -->
                </li>
                <li>
                  <a href="#" class="navigator-link " panel-name="times-Default_suite">
                    <span>Times</span>
                  </a> <!-- navigator-link  -->
                </li>
                <li>
                  <a href="#" class="navigator-link " panel-name="reporter-Default_suite">
                    <span>Reporter output</span>
                  </a> <!-- navigator-link  -->
                </li>
                <li>
                  <a href="#" class="navigator-link " panel-name="ignored-methods-Default_suite">
                    <span>Ignored methods</span>
                  </a> <!-- navigator-link  -->
                </li>
                <li>
                  <a href="#" class="navigator-link " panel-name="chronological-Default_suite">
                    <span>Chronological view</span>
                  </a> <!-- navigator-link  -->
                </li>
              </ul>
            </div> <!-- suite-section-content -->
            <div class="result-section">
              <div class="suite-section-title">
                <span>Results</span>
              </div> <!-- suite-section-title -->
              <div class="suite-section-content">
                <ul>
                  <li>
                    <span class="method-stats">45 methods, 9 failed,   36 passed</span>
                  </li>
                  <li>
                    <span class="method-list-title failed">Failed methods</span>
                    <span class="show-or-hide-methods failed">
                      <a href="#" panel-name="suite-Default_suite" class="hide-methods failed suite-Default_suite"> (hide)</a> <!-- hide-methods failed suite-Default_suite -->
                      <a href="#" panel-name="suite-Default_suite" class="show-methods failed suite-Default_suite"> (show)</a> <!-- show-methods failed suite-Default_suite -->
                    </span>
                    <div class="method-list-content failed suite-Default_suite">
                      <span>
                        <img width="3%" src="failed.png"/>
                        <a href="#" class="method navigator-link" panel-name="suite-Default_suite" title="com.quickmove.qa.testcases.Add_all_article" hash-for-method="validateaddarticle(ggg, 0.3996005657708628)">validateaddarticle(ggg, 0.3996005657708628)</a> <!-- method navigator-link -->
                      </span>
                      <br/>
                      <span>
                        <img width="3%" src="failed.png"/>
                        <a href="#" class="method navigator-link" panel-name="suite-Default_suite" title="com.quickmove.qa.testcases.Add_all_article" hash-for-method="validateaddarticle(Wine Cooler S, 0.23976033946251768)">validateaddarticle(Wine Cooler S, 0.23976033946251768)</a> <!-- method navigator-link -->
                      </span>
                      <br/>
                      <span>
                        <img width="3%" src="failed.png"/>
                        <a href="#" class="method navigator-link" panel-name="suite-Default_suite" title="com.quickmove.qa.testcases.Add_all_article" hash-for-method="validateaddarticle(Water Despencer , 0.11538466336633663)">validateaddarticle(Water Despencer , 0.11538466336633663)</a> <!-- method navigator-link -->
                      </span>
                      <br/>
                      <span>
                        <img width="3%" src="failed.png"/>
                        <a href="#" class="method navigator-link" panel-name="suite-Default_suite" title="com.quickmove.qa.testcases.Add_all_article" hash-for-method="validateaddarticle(dfsdf, 0.24975035360678927)">validateaddarticle(dfsdf, 0.24975035360678927)</a> <!-- method navigator-link -->
                      </span>
                      <br/>
                      <span>
                        <img width="3%" src="failed.png"/>
                        <a href="#" class="method navigator-link" panel-name="suite-Default_suite" title="com.quickmove.qa.testcases.Add_all_article" hash-for-method="validateaddarticle(Wine Rack, 9.99001414427157E-5)">validateaddarticle(Wine Rack, 9.99001414427157E-5)</a> <!-- method navigator-link -->
                      </span>
                      <br/>
                      <span>
                        <img width="3%" src="failed.png"/>
                        <a href="#" class="method navigator-link" panel-name="suite-Default_suite" title="com.quickmove.qa.testcases.Add_all_article" hash-for-method="validateaddarticle(Wine Cooler L, 0.7092910042432814)">validateaddarticle(Wine Cooler L, 0.7092910042432814)</a> <!-- method navigator-link -->
                      </span>
                      <br/>
                      <span>
                        <img width="3%" src="failed.png"/>
                        <a href="#" class="method navigator-link" panel-name="suite-Default_suite" title="com.quickmove.qa.testcases.Add_all_article" hash-for-method="validateaddarticle(dfy5, 2.4975035360678923)">validateaddarticle(dfy5, 2.4975035360678923)</a> <!-- method navigator-link -->
                      </span>
                      <br/>
                      <span>
                        <img width="3%" src="failed.png"/>
                        <a href="#" class="method navigator-link" panel-name="suite-Default_suite" title="com.quickmove.qa.testcases.Add_all_article" hash-for-method="validateaddarticle(sdg, 0.49950070721357853)">validateaddarticle(sdg, 0.49950070721357853)</a> <!-- method navigator-link -->
                      </span>
                      <br/>
                      <span>
                        <img width="3%" src="failed.png"/>
                        <a href="#" class="method navigator-link" panel-name="suite-Default_suite" title="com.quickmove.qa.testcases.Add_all_article" hash-for-method="validateaddarticle(TV 60&quot;, 0.3496504950495049)">validateaddarticle(TV 60", 0.3496504950495049)</a> <!-- method navigator-link -->
                      </span>
                      <br/>
                    </div> <!-- method-list-content failed suite-Default_suite -->
                  </li>
                  <li>
                    <span class="method-list-title passed">Passed methods</span>
                    <span class="show-or-hide-methods passed">
                      <a href="#" panel-name="suite-Default_suite" class="hide-methods passed suite-Default_suite"> (hide)</a> <!-- hide-methods passed suite-Default_suite -->
                      <a href="#" panel-name="suite-Default_suite" class="show-methods passed suite-Default_suite"> (show)</a> <!-- show-methods passed suite-Default_suite -->
                    </span>
                    <div class="method-list-content passed suite-Default_suite">
                      <span>
                        <img width="3%" src="passed.png"/>
                        <a href="#" class="method navigator-link" panel-name="suite-Default_suite" title="com.quickmove.qa.testcases.Add_all_article" hash-for-method="setup">setup</a> <!-- method navigator-link -->
                      </span>
                      <br/>
                      <span>
                        <img width="3%" src="passed.png"/>
                        <a href="#" class="method navigator-link" panel-name="suite-Default_suite" title="com.quickmove.qa.testcases.Add_all_article" hash-for-method="validateaddarticle(geegh, 0.1998002828854314)">validateaddarticle(geegh, 0.1998002828854314)</a> <!-- method navigator-link -->
                      </span>
                      <br/>
                      <span>
                        <img width="3%" src="passed.png"/>
                        <a href="#" class="method navigator-link" panel-name="suite-Default_suite" title="com.quickmove.qa.testcases.Add_all_article" hash-for-method="validateaddarticle(Wardrobe 6 dr, 0.649350919377652)">validateaddarticle(Wardrobe 6 dr, 0.649350919377652)</a> <!-- method navigator-link -->
                      </span>
                      <br/>
                      <span>
                        <img width="3%" src="passed.png"/>
                        <a href="#" class="method navigator-link" panel-name="suite-Default_suite" title="com.quickmove.qa.testcases.Add_all_article" hash-for-method="validateaddarticle(df54, 0.14985021216407354)">validateaddarticle(df54, 0.14985021216407354)</a> <!-- method navigator-link -->
                      </span>
                      <br/>
                      <span>
                        <img width="3%" src="passed.png"/>
                        <a href="#" class="method navigator-link" panel-name="suite-Default_suite" title="com.quickmove.qa.testcases.Add_all_article" hash-for-method="validateaddarticle(Wardrobe 4 dr, 0.49950070721357853)">validateaddarticle(Wardrobe 4 dr, 0.49950070721357853)</a> <!-- method navigator-link -->
                      </span>
                      <br/>
                      <span>
                        <img width="3%" src="passed.png"/>
                        <a href="#" class="method navigator-link" panel-name="suite-Default_suite" title="com.quickmove.qa.testcases.Add_all_article" hash-for-method="validateaddarticle(Tv Unit Large , 0.9990014144271571)">validateaddarticle(Tv Unit Large , 0.9990014144271571)</a> <!-- method navigator-link -->
                      </span>
                      <br/>
                      <span>
                        <img width="3%" src="passed.png"/>
                        <a href="#" class="method navigator-link" panel-name="suite-Default_suite" title="com.quickmove.qa.testcases.Add_all_article" hash-for-method="validateaddarticle(Wall Unit, 0.1998002828854314)">validateaddarticle(Wall Unit, 0.1998002828854314)</a> <!-- method navigator-link -->
                      </span>
                      <br/>
                      <span>
                        <img width="3%" src="passed.png"/>
                        <a href="#" class="method navigator-link" panel-name="suite-Default_suite" title="com.quickmove.qa.testcases.Add_all_article" hash-for-method="validateaddarticle(Tv Unit Medium , 0.49950070721357853)">validateaddarticle(Tv Unit Medium , 0.49950070721357853)</a> <!-- method navigator-link -->
                      </span>
                      <br/>
                      <span>
                        <img width="3%" src="passed.png"/>
                        <a href="#" class="method navigator-link" panel-name="suite-Default_suite" title="com.quickmove.qa.testcases.Add_all_article" hash-for-method="validateaddarticle(agag, 0.1998002828854314)">validateaddarticle(agag, 0.1998002828854314)</a> <!-- method navigator-link -->
                      </span>
                      <br/>
                      <span>
                        <img width="3%" src="passed.png"/>
                        <a href="#" class="method navigator-link" panel-name="suite-Default_suite" title="com.quickmove.qa.testcases.Add_all_article" hash-for-method="validateaddarticle(edt, 9.99001414427157E-5)">validateaddarticle(edt, 9.99001414427157E-5)</a> <!-- method navigator-link -->
                      </span>
                      <br/>
                      <span>
                        <img width="3%" src="passed.png"/>
                        <a href="#" class="method navigator-link" panel-name="suite-Default_suite" title="com.quickmove.qa.testcases.Add_all_article" hash-for-method="validateaddarticle(Wardrobe 2 dr, 0.24975035360678927)">validateaddarticle(Wardrobe 2 dr, 0.24975035360678927)</a> <!-- method navigator-link -->
                      </span>
                      <br/>
                      <span>
                        <img width="3%" src="passed.png"/>
                        <a href="#" class="method navigator-link" panel-name="suite-Default_suite" title="com.quickmove.qa.testcases.Add_all_article" hash-for-method="validateaddarticle(Vacume Cleaner, 0.08991012729844412)">validateaddarticle(Vacume Cleaner, 0.08991012729844412)</a> <!-- method navigator-link -->
                      </span>
                      <br/>
                      <span>
                        <img width="3%" src="passed.png"/>
                        <a href="#" class="method navigator-link" panel-name="suite-Default_suite" title="com.quickmove.qa.testcases.Add_all_article" hash-for-method="validateaddarticle(dfh, 0.9990014144271571)">validateaddarticle(dfh, 0.9990014144271571)</a> <!-- method navigator-link -->
                      </span>
                      <br/>
                      <span>
                        <img width="3%" src="passed.png"/>
                        <a href="#" class="method navigator-link" panel-name="suite-Default_suite" title="com.quickmove.qa.testcases.Add_all_article" hash-for-method="validateaddarticle(Umbrella, 0.3496504950495049)">validateaddarticle(Umbrella, 0.3496504950495049)</a> <!-- method navigator-link -->
                      </span>
                      <br/>
                      <span>
                        <img width="3%" src="passed.png"/>
                        <a href="#" class="method navigator-link" panel-name="suite-Default_suite" title="com.quickmove.qa.testcases.Add_all_article" hash-for-method="validateaddarticle(Wardrobe 5 dr, 0.5494507779349364)">validateaddarticle(Wardrobe 5 dr, 0.5494507779349364)</a> <!-- method navigator-link -->
                      </span>
                      <br/>
                      <span>
                        <img width="3%" src="passed.png"/>
                        <a href="#" class="method navigator-link" panel-name="suite-Default_suite" title="com.quickmove.qa.testcases.Add_all_article" hash-for-method="validateaddarticle(dfs, 0.9990014144271571)">validateaddarticle(dfs, 0.9990014144271571)</a> <!-- method navigator-link -->
                      </span>
                      <br/>
                      <span>
                        <img width="3%" src="passed.png"/>
                        <a href="#" class="method navigator-link" panel-name="suite-Default_suite" title="com.quickmove.qa.testcases.Add_all_article" hash-for-method="validateaddarticle(Wardrobe 3 dr, 0.3496504950495049)">validateaddarticle(Wardrobe 3 dr, 0.3496504950495049)</a> <!-- method navigator-link -->
                      </span>
                      <br/>
                      <span>
                        <img width="3%" src="passed.png"/>
                        <a href="#" class="method navigator-link" panel-name="suite-Default_suite" title="com.quickmove.qa.testcases.Add_all_article" hash-for-method="validateaddarticle(Wall Art, 0.0999001414427157)">validateaddarticle(Wall Art, 0.0999001414427157)</a> <!-- method navigator-link -->
                      </span>
                      <br/>
                      <span>
                        <img width="3%" src="passed.png"/>
                        <a href="#" class="method navigator-link" panel-name="suite-Default_suite" title="com.quickmove.qa.testcases.Add_all_article" hash-for-method="validateaddarticle(dfsdgg, 0.14985021216407354)">validateaddarticle(dfsdgg, 0.14985021216407354)</a> <!-- method navigator-link -->
                      </span>
                      <br/>
                      <span>
                        <img width="3%" src="passed.png"/>
                        <a href="#" class="method navigator-link" panel-name="suite-Default_suite" title="com.quickmove.qa.testcases.Add_all_article" hash-for-method="validateaddarticle(th6, 0.1414426162602546)">validateaddarticle(th6, 0.1414426162602546)</a> <!-- method navigator-link -->
                      </span>
                      <br/>
                      <span>
                        <img width="3%" src="passed.png"/>
                        <a href="#" class="method navigator-link" panel-name="suite-Default_suite" title="com.quickmove.qa.testcases.Add_all_article" hash-for-method="validateaddarticle(TV 70&quot;, 0.4495506364922206)">validateaddarticle(TV 70", 0.4495506364922206)</a> <!-- method navigator-link -->
                      </span>
                      <br/>
                      <span>
                        <img width="3%" src="passed.png"/>
                        <a href="#" class="method navigator-link" panel-name="suite-Default_suite" title="com.quickmove.qa.testcases.Add_all_article" hash-for-method="validateaddarticle(Wall Unit 2 dr, 0.6293708910891088)">validateaddarticle(Wall Unit 2 dr, 0.6293708910891088)</a> <!-- method navigator-link -->
                      </span>
                      <br/>
                      <span>
                        <img width="3%" src="passed.png"/>
                        <a href="#" class="method navigator-link" panel-name="suite-Default_suite" title="com.quickmove.qa.testcases.Add_all_article" hash-for-method="validateaddarticle(Vase / Pots, 0.14985021216407354)">validateaddarticle(Vase / Pots, 0.14985021216407354)</a> <!-- method navigator-link -->
                      </span>
                      <br/>
                      <span>
                        <img width="3%" src="passed.png"/>
                        <a href="#" class="method navigator-link" panel-name="suite-Default_suite" title="com.quickmove.qa.testcases.Add_all_article" hash-for-method="validateaddarticle(hdh54, 0.08991012729844412)">validateaddarticle(hdh54, 0.08991012729844412)</a> <!-- method navigator-link -->
                      </span>
                      <br/>
                      <span>
                        <img width="3%" src="passed.png"/>
                        <a href="#" class="method navigator-link" panel-name="suite-Default_suite" title="com.quickmove.qa.testcases.Add_all_article" hash-for-method="validateaddarticle(gaga, 0.1998002828854314)">validateaddarticle(gaga, 0.1998002828854314)</a> <!-- method navigator-link -->
                      </span>
                      <br/>
                      <span>
                        <img width="3%" src="passed.png"/>
                        <a href="#" class="method navigator-link" panel-name="suite-Default_suite" title="com.quickmove.qa.testcases.Add_all_article" hash-for-method="validateaddarticle(af, 0.3496504950495049)">validateaddarticle(af, 0.3496504950495049)</a> <!-- method navigator-link -->
                      </span>
                      <br/>
                      <span>
                        <img width="3%" src="passed.png"/>
                        <a href="#" class="method navigator-link" panel-name="suite-Default_suite" title="com.quickmove.qa.testcases.Add_all_article" hash-for-method="validateaddarticle(Wall Unit 4 dr, 1.2187817256011315)">validateaddarticle(Wall Unit 4 dr, 1.2187817256011315)</a> <!-- method navigator-link -->
                      </span>
                      <br/>
                      <span>
                        <img width="3%" src="passed.png"/>
                        <a href="#" class="method navigator-link" panel-name="suite-Default_suite" title="com.quickmove.qa.testcases.Add_all_article" hash-for-method="validateaddarticle(TV 50&quot;, 0.24975035360678927)">validateaddarticle(TV 50", 0.24975035360678927)</a> <!-- method navigator-link -->
                      </span>
                      <br/>
                      <span>
                        <img width="3%" src="passed.png"/>
                        <a href="#" class="method navigator-link" panel-name="suite-Default_suite" title="com.quickmove.qa.testcases.Add_all_article" hash-for-method="validateaddarticle(rheh, 0.2997004243281471)">validateaddarticle(rheh, 0.2997004243281471)</a> <!-- method navigator-link -->
                      </span>
                      <br/>
                      <span>
                        <img width="3%" src="passed.png"/>
                        <a href="#" class="method navigator-link" panel-name="suite-Default_suite" title="com.quickmove.qa.testcases.Add_all_article" hash-for-method="validateaddarticle(Wardrobe Sliding, 0.49950070721357853)">validateaddarticle(Wardrobe Sliding, 0.49950070721357853)</a> <!-- method navigator-link -->
                      </span>
                      <br/>
                      <span>
                        <img width="3%" src="passed.png"/>
                        <a href="#" class="method navigator-link" panel-name="suite-Default_suite" title="com.quickmove.qa.testcases.Add_all_article" hash-for-method="validateaddarticle(Waterfall / Fountains , 0.24975035360678927)">validateaddarticle(Waterfall / Fountains , 0.24975035360678927)</a> <!-- method navigator-link -->
                      </span>
                      <br/>
                      <span>
                        <img width="3%" src="passed.png"/>
                        <a href="#" class="method navigator-link" panel-name="suite-Default_suite" title="com.quickmove.qa.testcases.Add_all_article" hash-for-method="validateaddarticle(Wall Unit 3 dr, 0.9190813012729845)">validateaddarticle(Wall Unit 3 dr, 0.9190813012729845)</a> <!-- method navigator-link -->
                      </span>
                      <br/>
                      <span>
                        <img width="3%" src="passed.png"/>
                        <a href="#" class="method navigator-link" panel-name="suite-Default_suite" title="com.quickmove.qa.testcases.Add_all_article" hash-for-method="validateaddarticle(TV Unit Small, 0.2997004243281471)">validateaddarticle(TV Unit Small, 0.2997004243281471)</a> <!-- method navigator-link -->
                      </span>
                      <br/>
                      <span>
                        <img width="3%" src="passed.png"/>
                        <a href="#" class="method navigator-link" panel-name="suite-Default_suite" title="com.quickmove.qa.testcases.Add_all_article" hash-for-method="validateaddarticle(Washing Machine , 0.3196804526166902)">validateaddarticle(Washing Machine , 0.3196804526166902)</a> <!-- method navigator-link -->
                      </span>
                      <br/>
                      <span>
                        <img width="3%" src="passed.png"/>
                        <a href="#" class="method navigator-link" panel-name="suite-Default_suite" title="com.quickmove.qa.testcases.Add_all_article" hash-for-method="validateaddarticle(Tv Unit - Big Wall Mounted , 1.4985021216407355)">validateaddarticle(Tv Unit - Big Wall Mounted , 1.4985021216407355)</a> <!-- method navigator-link -->
                      </span>
                      <br/>
                      <span>
                        <img width="3%" src="passed.png"/>
                        <a href="#" class="method navigator-link" panel-name="suite-Default_suite" title="com.quickmove.qa.testcases.Add_all_article" hash-for-method="validateaddarticle(Window AC, 0.1998002828854314)">validateaddarticle(Window AC, 0.1998002828854314)</a> <!-- method navigator-link -->
                      </span>
                      <br/>
                    </div> <!-- method-list-content passed suite-Default_suite -->
                  </li>
                </ul>
              </div> <!-- suite-section-content -->
            </div> <!-- result-section -->
          </div> <!-- navigator-suite-content -->
        </div> <!-- rounded-window -->
      </div> <!-- suite -->
    </div> <!-- navigator-root -->
    <div class="wrapper">
      <div class="main-panel-root">
        <div panel-name="suite-Default_suite" class="panel Default_suite">
          <div class="suite-Default_suite-class-failed">
            <div class="main-panel-header rounded-window-top">
              <img src="failed.png"/>
              <span class="class-name">com.quickmove.qa.testcases.Add_all_article</span>
            </div> <!-- main-panel-header rounded-window-top -->
            <div class="main-panel-content rounded-window-bottom">
              <div class="method">
                <div class="method-content">
                  <a name="validateaddarticle(ggg, 0.3996005657708628)">
                  </a> <!-- validateaddarticle(ggg, 0.3996005657708628) -->
                  <span class="method-name">validateaddarticle</span>
                  <span class="parameters">(ggg, 0.3996005657708628)</span>
                  <div class="stack-trace">org.openqa.selenium.StaleElementReferenceException: stale element reference: element is not attached to the page document
  (Session info: chrome=83.0.4103.116)
For documentation on this error, please visit: https://www.seleniumhq.org/exceptions/stale_element_reference.html
Build info: version: &apos;3.141.59&apos;, revision: &apos;e82be7d358&apos;, time: &apos;2018-11-14T08:17:03&apos;
System info: host: &apos;DESKTOP-2PTS3ET&apos;, ip: &apos;192.168.0.105&apos;, os.name: &apos;Windows 10&apos;, os.arch: &apos;amd64&apos;, os.version: &apos;10.0&apos;, java.version: &apos;1.8.0_251&apos;
Driver info: org.openqa.selenium.chrome.ChromeDriver
Capabilities {acceptInsecureCerts: false, browserName: chrome, browserVersion: 83.0.4103.116, chrome: {chromedriverVersion: 83.0.4103.39 (ccbf011cb2d2b..., userDataDir: C:\Users\MYPC\AppData\Local...}, goog:chromeOptions: {debuggerAddress: localhost:52763}, javascriptEnabled: true, networkConnectionEnabled: false, pageLoadStrategy: normal, platform: WINDOWS, platformName: WINDOWS, proxy: Proxy(), setWindowRect: true, strictFileInteractability: false, timeouts: {implicit: 0, pageLoad: 300000, script: 30000}, unhandledPromptBehavior: dismiss and notify, webauthn:virtualAuthenticators: true}
Session ID: 3dc9126ca8afa607b7f2521c2bcfd578
	at sun.reflect.NativeConstructorAccessorImpl.newInstance0(Native Method)
	at sun.reflect.NativeConstructorAccessorImpl.newInstance(Unknown Source)
	at sun.reflect.DelegatingConstructorAccessorImpl.newInstance(Unknown Source)
	at java.lang.reflect.Constructor.newInstance(Unknown Source)
	at org.openqa.selenium.remote.http.W3CHttpResponseCodec.createException(W3CHttpResponseCodec.java:187)
	at org.openqa.selenium.remote.http.W3CHttpResponseCodec.decode(W3CHttpResponseCodec.java:122)
	at org.openqa.selenium.remote.http.W3CHttpResponseCodec.decode(W3CHttpResponseCodec.java:49)
	at org.openqa.selenium.remote.HttpCommandExecutor.execute(HttpCommandExecutor.java:158)
	at org.openqa.selenium.remote.service.DriverCommandExecutor.execute(DriverCommandExecutor.java:83)
	at org.openqa.selenium.remote.RemoteWebDriver.execute(RemoteWebDriver.java:552)
	at org.openqa.selenium.remote.RemoteWebElement.execute(RemoteWebElement.java:285)
	at org.openqa.selenium.remote.RemoteWebElement.click(RemoteWebElement.java:84)
	at sun.reflect.NativeMethodAccessorImpl.invoke0(Native Method)
	at sun.reflect.NativeMethodAccessorImpl.invoke(Unknown Source)
	at sun.reflect.DelegatingMethodAccessorImpl.invoke(Unknown Source)
	at java.lang.reflect.Method.invoke(Unknown Source)
	at org.openqa.selenium.support.pagefactory.internal.LocatingElementHandler.invoke(LocatingElementHandler.java:51)
	at com.sun.proxy.$Proxy8.click(Unknown Source)
	at com.quickmove.qa.pages.ArticleAddSettingPage.ClickonAddarticleicon(ArticleAddSettingPage.java:75)
	at com.quickmove.qa.testcases.Add_all_article.validateaddarticle(Add_all_article.java:58)
	at sun.reflect.NativeMethodAccessorImpl.invoke0(Native Method)
	at sun.reflect.NativeMethodAccessorImpl.invoke(Unknown Source)
	at sun.reflect.DelegatingMethodAccessorImpl.invoke(Unknown Source)
	at java.lang.reflect.Method.invoke(Unknown Source)
	at org.testng.internal.MethodInvocationHelper.invokeMethod(MethodInvocationHelper.java:135)
	at org.testng.internal.TestInvoker.invokeMethod(TestInvoker.java:598)
	at org.testng.internal.TestInvoker.invokeTestMethod(TestInvoker.java:174)
	at org.testng.internal.MethodRunner.runInSequence(MethodRunner.java:46)
	at org.testng.internal.TestInvoker$MethodInvocationAgent.invoke(TestInvoker.java:821)
	at org.testng.internal.TestInvoker.invokeTestMethods(TestInvoker.java:147)
	at org.testng.internal.TestMethodWorker.invokeTestMethods(TestMethodWorker.java:146)
	at org.testng.internal.TestMethodWorker.run(TestMethodWorker.java:128)
	at java.util.ArrayList.forEach(Unknown Source)
	at org.testng.TestRunner.privateRun(TestRunner.java:767)
	at org.testng.TestRunner.run(TestRunner.java:588)
	at org.testng.SuiteRunner.runTest(SuiteRunner.java:384)
	at org.testng.SuiteRunner.runSequentially(SuiteRunner.java:378)
	at org.testng.SuiteRunner.privateRun(SuiteRunner.java:337)
	at org.testng.SuiteRunner.run(SuiteRunner.java:286)
	at org.testng.SuiteRunnerWorker.runSuite(SuiteRunnerWorker.java:53)
	at org.testng.SuiteRunnerWorker.run(SuiteRunnerWorker.java:96)
	at org.testng.TestNG.runSuitesSequentially(TestNG.java:1214)
	at org.testng.TestNG.runSuitesLocally(TestNG.java:1136)
	at org.testng.TestNG.runSuites(TestNG.java:1066)
	at org.testng.TestNG.run(TestNG.java:1034)
	at org.testng.remote.AbstractRemoteTestNG.run(AbstractRemoteTestNG.java:115)
	at org.testng.remote.RemoteTestNG.initAndRun(RemoteTestNG.java:251)
	at org.testng.remote.RemoteTestNG.main(RemoteTestNG.java:77)

</div> <!-- stack-trace -->
                </div> <!-- method-content -->
              </div> <!-- method -->
              <div class="method">
                <div class="method-content">
                  <a name="validateaddarticle(Wine Cooler S, 0.23976033946251768)">
                  </a> <!-- validateaddarticle(Wine Cooler S, 0.23976033946251768) -->
                  <span class="method-name">validateaddarticle</span>
                  <span class="parameters">(Wine Cooler S, 0.23976033946251768)</span>
                  <div class="stack-trace">org.openqa.selenium.ElementNotInteractableException: element not interactable
  (Session info: chrome=83.0.4103.116)
Build info: version: &apos;3.141.59&apos;, revision: &apos;e82be7d358&apos;, time: &apos;2018-11-14T08:17:03&apos;
System info: host: &apos;DESKTOP-2PTS3ET&apos;, ip: &apos;192.168.0.105&apos;, os.name: &apos;Windows 10&apos;, os.arch: &apos;amd64&apos;, os.version: &apos;10.0&apos;, java.version: &apos;1.8.0_251&apos;
Driver info: org.openqa.selenium.chrome.ChromeDriver
Capabilities {acceptInsecureCerts: false, browserName: chrome, browserVersion: 83.0.4103.116, chrome: {chromedriverVersion: 83.0.4103.39 (ccbf011cb2d2b..., userDataDir: C:\Users\MYPC\AppData\Local...}, goog:chromeOptions: {debuggerAddress: localhost:52763}, javascriptEnabled: true, networkConnectionEnabled: false, pageLoadStrategy: normal, platform: WINDOWS, platformName: WINDOWS, proxy: Proxy(), setWindowRect: true, strictFileInteractability: false, timeouts: {implicit: 0, pageLoad: 300000, script: 30000}, unhandledPromptBehavior: dismiss and notify, webauthn:virtualAuthenticators: true}
Session ID: 3dc9126ca8afa607b7f2521c2bcfd578
	at sun.reflect.NativeConstructorAccessorImpl.newInstance0(Native Method)
	at sun.reflect.NativeConstructorAccessorImpl.newInstance(Unknown Source)
	at sun.reflect.DelegatingConstructorAccessorImpl.newInstance(Unknown Source)
	at java.lang.reflect.Constructor.newInstance(Unknown Source)
	at org.openqa.selenium.remote.http.W3CHttpResponseCodec.createException(W3CHttpResponseCodec.java:187)
	at org.openqa.selenium.remote.http.W3CHttpResponseCodec.decode(W3CHttpResponseCodec.java:122)
	at org.openqa.selenium.remote.http.W3CHttpResponseCodec.decode(W3CHttpResponseCodec.java:49)
	at org.openqa.selenium.remote.HttpCommandExecutor.execute(HttpCommandExecutor.java:158)
	at org.openqa.selenium.remote.service.DriverCommandExecutor.execute(DriverCommandExecutor.java:83)
	at org.openqa.selenium.remote.RemoteWebDriver.execute(RemoteWebDriver.java:552)
	at org.openqa.selenium.remote.RemoteWebElement.execute(RemoteWebElement.java:285)
	at org.openqa.selenium.remote.RemoteWebElement.click(RemoteWebElement.java:84)
	at sun.reflect.GeneratedMethodAccessor1.invoke(Unknown Source)
	at sun.reflect.DelegatingMethodAccessorImpl.invoke(Unknown Source)
	at java.lang.reflect.Method.invoke(Unknown Source)
	at org.openqa.selenium.support.pagefactory.internal.LocatingElementHandler.invoke(LocatingElementHandler.java:51)
	at com.sun.proxy.$Proxy8.click(Unknown Source)
	at com.quickmove.qa.pages.ArticleAddSettingPage.ClickonAddarticleicon(ArticleAddSettingPage.java:75)
	at com.quickmove.qa.testcases.Add_all_article.validateaddarticle(Add_all_article.java:58)
	at sun.reflect.GeneratedMethodAccessor3.invoke(Unknown Source)
	at sun.reflect.DelegatingMethodAccessorImpl.invoke(Unknown Source)
	at java.lang.reflect.Method.invoke(Unknown Source)
	at org.testng.internal.MethodInvocationHelper.invokeMethod(MethodInvocationHelper.java:135)
	at org.testng.internal.TestInvoker.invokeMethod(TestInvoker.java:598)
	at org.testng.internal.TestInvoker.invokeTestMethod(TestInvoker.java:174)
	at org.testng.internal.MethodRunner.runInSequence(MethodRunner.java:46)
	at org.testng.internal.TestInvoker$MethodInvocationAgent.invoke(TestInvoker.java:821)
	at org.testng.internal.TestInvoker.invokeTestMethods(TestInvoker.java:147)
	at org.testng.internal.TestMethodWorker.invokeTestMethods(TestMethodWorker.java:146)
	at org.testng.internal.TestMethodWorker.run(TestMethodWorker.java:128)
	at java.util.ArrayList.forEach(Unknown Source)
	at org.testng.TestRunner.privateRun(TestRunner.java:767)
	at org.testng.TestRunner.run(TestRunner.java:588)
	at org.testng.SuiteRunner.runTest(SuiteRunner.java:384)
	at org.testng.SuiteRunner.runSequentially(SuiteRunner.java:378)
	at org.testng.SuiteRunner.privateRun(SuiteRunner.java:337)
	at org.testng.SuiteRunner.run(SuiteRunner.java:286)
	at org.testng.SuiteRunnerWorker.runSuite(SuiteRunnerWorker.java:53)
	at org.testng.SuiteRunnerWorker.run(SuiteRunnerWorker.java:96)
	at org.testng.TestNG.runSuitesSequentially(TestNG.java:1214)
	at org.testng.TestNG.runSuitesLocally(TestNG.java:1136)
	at org.testng.TestNG.runSuites(TestNG.java:1066)
	at org.testng.TestNG.run(TestNG.java:1034)
	at org.testng.remote.AbstractRemoteTestNG.run(AbstractRemoteTestNG.java:115)
	at org.testng.remote.RemoteTestNG.initAndRun(RemoteTestNG.java:251)
	at org.testng.remote.RemoteTestNG.main(RemoteTestNG.java:77)

</div> <!-- stack-trace -->
                </div> <!-- method-content -->
              </div> <!-- method -->
              <div class="method">
                <div class="method-content">
                  <a name="validateaddarticle(Water Despencer , 0.11538466336633663)">
                  </a> <!-- validateaddarticle(Water Despencer , 0.11538466336633663) -->
                  <span class="method-name">validateaddarticle</span>
                  <span class="parameters">(Water Despencer , 0.11538466336633663)</span>
                  <div class="stack-trace">org.openqa.selenium.StaleElementReferenceException: stale element reference: element is not attached to the page document
  (Session info: chrome=83.0.4103.116)
For documentation on this error, please visit: https://www.seleniumhq.org/exceptions/stale_element_reference.html
Build info: version: &apos;3.141.59&apos;, revision: &apos;e82be7d358&apos;, time: &apos;2018-11-14T08:17:03&apos;
System info: host: &apos;DESKTOP-2PTS3ET&apos;, ip: &apos;192.168.0.105&apos;, os.name: &apos;Windows 10&apos;, os.arch: &apos;amd64&apos;, os.version: &apos;10.0&apos;, java.version: &apos;1.8.0_251&apos;
Driver info: org.openqa.selenium.chrome.ChromeDriver
Capabilities {acceptInsecureCerts: false, browserName: chrome, browserVersion: 83.0.4103.116, chrome: {chromedriverVersion: 83.0.4103.39 (ccbf011cb2d2b..., userDataDir: C:\Users\MYPC\AppData\Local...}, goog:chromeOptions: {debuggerAddress: localhost:52763}, javascriptEnabled: true, networkConnectionEnabled: false, pageLoadStrategy: normal, platform: WINDOWS, platformName: WINDOWS, proxy: Proxy(), setWindowRect: true, strictFileInteractability: false, timeouts: {implicit: 0, pageLoad: 300000, script: 30000}, unhandledPromptBehavior: dismiss and notify, webauthn:virtualAuthenticators: true}
Session ID: 3dc9126ca8afa607b7f2521c2bcfd578
	at sun.reflect.NativeConstructorAccessorImpl.newInstance0(Native Method)
	at sun.reflect.NativeConstructorAccessorImpl.newInstance(Unknown Source)
	at sun.reflect.DelegatingConstructorAccessorImpl.newInstance(Unknown Source)
	at java.lang.reflect.Constructor.newInstance(Unknown Source)
	at org.openqa.selenium.remote.http.W3CHttpResponseCodec.createException(W3CHttpResponseCodec.java:187)
	at org.openqa.selenium.remote.http.W3CHttpResponseCodec.decode(W3CHttpResponseCodec.java:122)
	at org.openqa.selenium.remote.http.W3CHttpResponseCodec.decode(W3CHttpResponseCodec.java:49)
	at org.openqa.selenium.remote.HttpCommandExecutor.execute(HttpCommandExecutor.java:158)
	at org.openqa.selenium.remote.service.DriverCommandExecutor.execute(DriverCommandExecutor.java:83)
	at org.openqa.selenium.remote.RemoteWebDriver.execute(RemoteWebDriver.java:552)
	at org.openqa.selenium.remote.RemoteWebElement.execute(RemoteWebElement.java:285)
	at org.openqa.selenium.remote.RemoteWebElement.click(RemoteWebElement.java:84)
	at sun.reflect.GeneratedMethodAccessor1.invoke(Unknown Source)
	at sun.reflect.DelegatingMethodAccessorImpl.invoke(Unknown Source)
	at java.lang.reflect.Method.invoke(Unknown Source)
	at org.openqa.selenium.support.pagefactory.internal.LocatingElementHandler.invoke(LocatingElementHandler.java:51)
	at com.sun.proxy.$Proxy8.click(Unknown Source)
	at com.quickmove.qa.pages.ArticleAddSettingPage.ClickonAddarticleicon(ArticleAddSettingPage.java:75)
	at com.quickmove.qa.testcases.Add_all_article.validateaddarticle(Add_all_article.java:58)
	at sun.reflect.GeneratedMethodAccessor3.invoke(Unknown Source)
	at sun.reflect.DelegatingMethodAccessorImpl.invoke(Unknown Source)
	at java.lang.reflect.Method.invoke(Unknown Source)
	at org.testng.internal.MethodInvocationHelper.invokeMethod(MethodInvocationHelper.java:135)
	at org.testng.internal.TestInvoker.invokeMethod(TestInvoker.java:598)
	at org.testng.internal.TestInvoker.invokeTestMethod(TestInvoker.java:174)
	at org.testng.internal.MethodRunner.runInSequence(MethodRunner.java:46)
	at org.testng.internal.TestInvoker$MethodInvocationAgent.invoke(TestInvoker.java:821)
	at org.testng.internal.TestInvoker.invokeTestMethods(TestInvoker.java:147)
	at org.testng.internal.TestMethodWorker.invokeTestMethods(TestMethodWorker.java:146)
	at org.testng.internal.TestMethodWorker.run(TestMethodWorker.java:128)
	at java.util.ArrayList.forEach(Unknown Source)
	at org.testng.TestRunner.privateRun(TestRunner.java:767)
	at org.testng.TestRunner.run(TestRunner.java:588)
	at org.testng.SuiteRunner.runTest(SuiteRunner.java:384)
	at org.testng.SuiteRunner.runSequentially(SuiteRunner.java:378)
	at org.testng.SuiteRunner.privateRun(SuiteRunner.java:337)
	at org.testng.SuiteRunner.run(SuiteRunner.java:286)
	at org.testng.SuiteRunnerWorker.runSuite(SuiteRunnerWorker.java:53)
	at org.testng.SuiteRunnerWorker.run(SuiteRunnerWorker.java:96)
	at org.testng.TestNG.runSuitesSequentially(TestNG.java:1214)
	at org.testng.TestNG.runSuitesLocally(TestNG.java:1136)
	at org.testng.TestNG.runSuites(TestNG.java:1066)
	at org.testng.TestNG.run(TestNG.java:1034)
	at org.testng.remote.AbstractRemoteTestNG.run(AbstractRemoteTestNG.java:115)
	at org.testng.remote.RemoteTestNG.initAndRun(RemoteTestNG.java:251)
	at org.testng.remote.RemoteTestNG.main(RemoteTestNG.java:77)

</div> <!-- stack-trace -->
                </div> <!-- method-content -->
              </div> <!-- method -->
              <div class="method">
                <div class="method-content">
                  <a name="validateaddarticle(dfsdf, 0.24975035360678927)">
                  </a> <!-- validateaddarticle(dfsdf, 0.24975035360678927) -->
                  <span class="method-name">validateaddarticle</span>
                  <span class="parameters">(dfsdf, 0.24975035360678927)</span>
                  <div class="stack-trace">org.openqa.selenium.StaleElementReferenceException: stale element reference: element is not attached to the page document
  (Session info: chrome=83.0.4103.116)
For documentation on this error, please visit: https://www.seleniumhq.org/exceptions/stale_element_reference.html
Build info: version: &apos;3.141.59&apos;, revision: &apos;e82be7d358&apos;, time: &apos;2018-11-14T08:17:03&apos;
System info: host: &apos;DESKTOP-2PTS3ET&apos;, ip: &apos;192.168.0.105&apos;, os.name: &apos;Windows 10&apos;, os.arch: &apos;amd64&apos;, os.version: &apos;10.0&apos;, java.version: &apos;1.8.0_251&apos;
Driver info: org.openqa.selenium.chrome.ChromeDriver
Capabilities {acceptInsecureCerts: false, browserName: chrome, browserVersion: 83.0.4103.116, chrome: {chromedriverVersion: 83.0.4103.39 (ccbf011cb2d2b..., userDataDir: C:\Users\MYPC\AppData\Local...}, goog:chromeOptions: {debuggerAddress: localhost:52763}, javascriptEnabled: true, networkConnectionEnabled: false, pageLoadStrategy: normal, platform: WINDOWS, platformName: WINDOWS, proxy: Proxy(), setWindowRect: true, strictFileInteractability: false, timeouts: {implicit: 0, pageLoad: 300000, script: 30000}, unhandledPromptBehavior: dismiss and notify, webauthn:virtualAuthenticators: true}
Session ID: 3dc9126ca8afa607b7f2521c2bcfd578
	at sun.reflect.NativeConstructorAccessorImpl.newInstance0(Native Method)
	at sun.reflect.NativeConstructorAccessorImpl.newInstance(Unknown Source)
	at sun.reflect.DelegatingConstructorAccessorImpl.newInstance(Unknown Source)
	at java.lang.reflect.Constructor.newInstance(Unknown Source)
	at org.openqa.selenium.remote.http.W3CHttpResponseCodec.createException(W3CHttpResponseCodec.java:187)
	at org.openqa.selenium.remote.http.W3CHttpResponseCodec.decode(W3CHttpResponseCodec.java:122)
	at org.openqa.selenium.remote.http.W3CHttpResponseCodec.decode(W3CHttpResponseCodec.java:49)
	at org.openqa.selenium.remote.HttpCommandExecutor.execute(HttpCommandExecutor.java:158)
	at org.openqa.selenium.remote.service.DriverCommandExecutor.execute(DriverCommandExecutor.java:83)
	at org.openqa.selenium.remote.RemoteWebDriver.execute(RemoteWebDriver.java:552)
	at org.openqa.selenium.remote.RemoteWebElement.execute(RemoteWebElement.java:285)
	at org.openqa.selenium.remote.RemoteWebElement.click(RemoteWebElement.java:84)
	at sun.reflect.NativeMethodAccessorImpl.invoke0(Native Method)
	at sun.reflect.NativeMethodAccessorImpl.invoke(Unknown Source)
	at sun.reflect.DelegatingMethodAccessorImpl.invoke(Unknown Source)
	at java.lang.reflect.Method.invoke(Unknown Source)
	at org.openqa.selenium.support.pagefactory.internal.LocatingElementHandler.invoke(LocatingElementHandler.java:51)
	at com.sun.proxy.$Proxy8.click(Unknown Source)
	at com.quickmove.qa.pages.ArticleAddSettingPage.ClickonAddarticleicon(ArticleAddSettingPage.java:75)
	at com.quickmove.qa.testcases.Add_all_article.validateaddarticle(Add_all_article.java:58)
	at sun.reflect.NativeMethodAccessorImpl.invoke0(Native Method)
	at sun.reflect.NativeMethodAccessorImpl.invoke(Unknown Source)
	at sun.reflect.DelegatingMethodAccessorImpl.invoke(Unknown Source)
	at java.lang.reflect.Method.invoke(Unknown Source)
	at org.testng.internal.MethodInvocationHelper.invokeMethod(MethodInvocationHelper.java:135)
	at org.testng.internal.TestInvoker.invokeMethod(TestInvoker.java:598)
	at org.testng.internal.TestInvoker.invokeTestMethod(TestInvoker.java:174)
	at org.testng.internal.MethodRunner.runInSequence(MethodRunner.java:46)
	at org.testng.internal.TestInvoker$MethodInvocationAgent.invoke(TestInvoker.java:821)
	at org.testng.internal.TestInvoker.invokeTestMethods(TestInvoker.java:147)
	at org.testng.internal.TestMethodWorker.invokeTestMethods(TestMethodWorker.java:146)
	at org.testng.internal.TestMethodWorker.run(TestMethodWorker.java:128)
	at java.util.ArrayList.forEach(Unknown Source)
	at org.testng.TestRunner.privateRun(TestRunner.java:767)
	at org.testng.TestRunner.run(TestRunner.java:588)
	at org.testng.SuiteRunner.runTest(SuiteRunner.java:384)
	at org.testng.SuiteRunner.runSequentially(SuiteRunner.java:378)
	at org.testng.SuiteRunner.privateRun(SuiteRunner.java:337)
	at org.testng.SuiteRunner.run(SuiteRunner.java:286)
	at org.testng.SuiteRunnerWorker.runSuite(SuiteRunnerWorker.java:53)
	at org.testng.SuiteRunnerWorker.run(SuiteRunnerWorker.java:96)
	at org.testng.TestNG.runSuitesSequentially(TestNG.java:1214)
	at org.testng.TestNG.runSuitesLocally(TestNG.java:1136)
	at org.testng.TestNG.runSuites(TestNG.java:1066)
	at org.testng.TestNG.run(TestNG.java:1034)
	at org.testng.remote.AbstractRemoteTestNG.run(AbstractRemoteTestNG.java:115)
	at org.testng.remote.RemoteTestNG.initAndRun(RemoteTestNG.java:251)
	at org.testng.remote.RemoteTestNG.main(RemoteTestNG.java:77)

</div> <!-- stack-trace -->
                </div> <!-- method-content -->
              </div> <!-- method -->
              <div class="method">
                <div class="method-content">
                  <a name="validateaddarticle(Wine Rack, 9.99001414427157E-5)">
                  </a> <!-- validateaddarticle(Wine Rack, 9.99001414427157E-5) -->
                  <span class="method-name">validateaddarticle</span>
                  <span class="parameters">(Wine Rack, 9.99001414427157E-5)</span>
                  <div class="stack-trace">org.openqa.selenium.ElementNotInteractableException: element not interactable
  (Session info: chrome=83.0.4103.116)
Build info: version: &apos;3.141.59&apos;, revision: &apos;e82be7d358&apos;, time: &apos;2018-11-14T08:17:03&apos;
System info: host: &apos;DESKTOP-2PTS3ET&apos;, ip: &apos;192.168.0.105&apos;, os.name: &apos;Windows 10&apos;, os.arch: &apos;amd64&apos;, os.version: &apos;10.0&apos;, java.version: &apos;1.8.0_251&apos;
Driver info: org.openqa.selenium.chrome.ChromeDriver
Capabilities {acceptInsecureCerts: false, browserName: chrome, browserVersion: 83.0.4103.116, chrome: {chromedriverVersion: 83.0.4103.39 (ccbf011cb2d2b..., userDataDir: C:\Users\MYPC\AppData\Local...}, goog:chromeOptions: {debuggerAddress: localhost:52763}, javascriptEnabled: true, networkConnectionEnabled: false, pageLoadStrategy: normal, platform: WINDOWS, platformName: WINDOWS, proxy: Proxy(), setWindowRect: true, strictFileInteractability: false, timeouts: {implicit: 0, pageLoad: 300000, script: 30000}, unhandledPromptBehavior: dismiss and notify, webauthn:virtualAuthenticators: true}
Session ID: 3dc9126ca8afa607b7f2521c2bcfd578
	at sun.reflect.NativeConstructorAccessorImpl.newInstance0(Native Method)
	at sun.reflect.NativeConstructorAccessorImpl.newInstance(Unknown Source)
	at sun.reflect.DelegatingConstructorAccessorImpl.newInstance(Unknown Source)
	at java.lang.reflect.Constructor.newInstance(Unknown Source)
	at org.openqa.selenium.remote.http.W3CHttpResponseCodec.createException(W3CHttpResponseCodec.java:187)
	at org.openqa.selenium.remote.http.W3CHttpResponseCodec.decode(W3CHttpResponseCodec.java:122)
	at org.openqa.selenium.remote.http.W3CHttpResponseCodec.decode(W3CHttpResponseCodec.java:49)
	at org.openqa.selenium.remote.HttpCommandExecutor.execute(HttpCommandExecutor.java:158)
	at org.openqa.selenium.remote.service.DriverCommandExecutor.execute(DriverCommandExecutor.java:83)
	at org.openqa.selenium.remote.RemoteWebDriver.execute(RemoteWebDriver.java:552)
	at org.openqa.selenium.remote.RemoteWebElement.execute(RemoteWebElement.java:285)
	at org.openqa.selenium.remote.RemoteWebElement.click(RemoteWebElement.java:84)
	at sun.reflect.GeneratedMethodAccessor1.invoke(Unknown Source)
	at sun.reflect.DelegatingMethodAccessorImpl.invoke(Unknown Source)
	at java.lang.reflect.Method.invoke(Unknown Source)
	at org.openqa.selenium.support.pagefactory.internal.LocatingElementHandler.invoke(LocatingElementHandler.java:51)
	at com.sun.proxy.$Proxy8.click(Unknown Source)
	at com.quickmove.qa.pages.ArticleAddSettingPage.ClickonAddarticleicon(ArticleAddSettingPage.java:75)
	at com.quickmove.qa.testcases.Add_all_article.validateaddarticle(Add_all_article.java:58)
	at sun.reflect.GeneratedMethodAccessor3.invoke(Unknown Source)
	at sun.reflect.DelegatingMethodAccessorImpl.invoke(Unknown Source)
	at java.lang.reflect.Method.invoke(Unknown Source)
	at org.testng.internal.MethodInvocationHelper.invokeMethod(MethodInvocationHelper.java:135)
	at org.testng.internal.TestInvoker.invokeMethod(TestInvoker.java:598)
	at org.testng.internal.TestInvoker.invokeTestMethod(TestInvoker.java:174)
	at org.testng.internal.MethodRunner.runInSequence(MethodRunner.java:46)
	at org.testng.internal.TestInvoker$MethodInvocationAgent.invoke(TestInvoker.java:821)
	at org.testng.internal.TestInvoker.invokeTestMethods(TestInvoker.java:147)
	at org.testng.internal.TestMethodWorker.invokeTestMethods(TestMethodWorker.java:146)
	at org.testng.internal.TestMethodWorker.run(TestMethodWorker.java:128)
	at java.util.ArrayList.forEach(Unknown Source)
	at org.testng.TestRunner.privateRun(TestRunner.java:767)
	at org.testng.TestRunner.run(TestRunner.java:588)
	at org.testng.SuiteRunner.runTest(SuiteRunner.java:384)
	at org.testng.SuiteRunner.runSequentially(SuiteRunner.java:378)
	at org.testng.SuiteRunner.privateRun(SuiteRunner.java:337)
	at org.testng.SuiteRunner.run(SuiteRunner.java:286)
	at org.testng.SuiteRunnerWorker.runSuite(SuiteRunnerWorker.java:53)
	at org.testng.SuiteRunnerWorker.run(SuiteRunnerWorker.java:96)
	at org.testng.TestNG.runSuitesSequentially(TestNG.java:1214)
	at org.testng.TestNG.runSuitesLocally(TestNG.java:1136)
	at org.testng.TestNG.runSuites(TestNG.java:1066)
	at org.testng.TestNG.run(TestNG.java:1034)
	at org.testng.remote.AbstractRemoteTestNG.run(AbstractRemoteTestNG.java:115)
	at org.testng.remote.RemoteTestNG.initAndRun(RemoteTestNG.java:251)
	at org.testng.remote.RemoteTestNG.main(RemoteTestNG.java:77)

</div> <!-- stack-trace -->
                </div> <!-- method-content -->
              </div> <!-- method -->
              <div class="method">
                <div class="method-content">
                  <a name="validateaddarticle(Wine Cooler L, 0.7092910042432814)">
                  </a> <!-- validateaddarticle(Wine Cooler L, 0.7092910042432814) -->
                  <span class="method-name">validateaddarticle</span>
                  <span class="parameters">(Wine Cooler L, 0.7092910042432814)</span>
                  <div class="stack-trace">org.openqa.selenium.ElementNotInteractableException: element not interactable
  (Session info: chrome=83.0.4103.116)
Build info: version: &apos;3.141.59&apos;, revision: &apos;e82be7d358&apos;, time: &apos;2018-11-14T08:17:03&apos;
System info: host: &apos;DESKTOP-2PTS3ET&apos;, ip: &apos;192.168.0.105&apos;, os.name: &apos;Windows 10&apos;, os.arch: &apos;amd64&apos;, os.version: &apos;10.0&apos;, java.version: &apos;1.8.0_251&apos;
Driver info: org.openqa.selenium.chrome.ChromeDriver
Capabilities {acceptInsecureCerts: false, browserName: chrome, browserVersion: 83.0.4103.116, chrome: {chromedriverVersion: 83.0.4103.39 (ccbf011cb2d2b..., userDataDir: C:\Users\MYPC\AppData\Local...}, goog:chromeOptions: {debuggerAddress: localhost:52763}, javascriptEnabled: true, networkConnectionEnabled: false, pageLoadStrategy: normal, platform: WINDOWS, platformName: WINDOWS, proxy: Proxy(), setWindowRect: true, strictFileInteractability: false, timeouts: {implicit: 0, pageLoad: 300000, script: 30000}, unhandledPromptBehavior: dismiss and notify, webauthn:virtualAuthenticators: true}
Session ID: 3dc9126ca8afa607b7f2521c2bcfd578
	at sun.reflect.NativeConstructorAccessorImpl.newInstance0(Native Method)
	at sun.reflect.NativeConstructorAccessorImpl.newInstance(Unknown Source)
	at sun.reflect.DelegatingConstructorAccessorImpl.newInstance(Unknown Source)
	at java.lang.reflect.Constructor.newInstance(Unknown Source)
	at org.openqa.selenium.remote.http.W3CHttpResponseCodec.createException(W3CHttpResponseCodec.java:187)
	at org.openqa.selenium.remote.http.W3CHttpResponseCodec.decode(W3CHttpResponseCodec.java:122)
	at org.openqa.selenium.remote.http.W3CHttpResponseCodec.decode(W3CHttpResponseCodec.java:49)
	at org.openqa.selenium.remote.HttpCommandExecutor.execute(HttpCommandExecutor.java:158)
	at org.openqa.selenium.remote.service.DriverCommandExecutor.execute(DriverCommandExecutor.java:83)
	at org.openqa.selenium.remote.RemoteWebDriver.execute(RemoteWebDriver.java:552)
	at org.openqa.selenium.remote.RemoteWebElement.execute(RemoteWebElement.java:285)
	at org.openqa.selenium.remote.RemoteWebElement.click(RemoteWebElement.java:84)
	at sun.reflect.GeneratedMethodAccessor1.invoke(Unknown Source)
	at sun.reflect.DelegatingMethodAccessorImpl.invoke(Unknown Source)
	at java.lang.reflect.Method.invoke(Unknown Source)
	at org.openqa.selenium.support.pagefactory.internal.LocatingElementHandler.invoke(LocatingElementHandler.java:51)
	at com.sun.proxy.$Proxy8.click(Unknown Source)
	at com.quickmove.qa.pages.ArticleAddSettingPage.ClickonAddarticleicon(ArticleAddSettingPage.java:75)
	at com.quickmove.qa.testcases.Add_all_article.validateaddarticle(Add_all_article.java:58)
	at sun.reflect.GeneratedMethodAccessor3.invoke(Unknown Source)
	at sun.reflect.DelegatingMethodAccessorImpl.invoke(Unknown Source)
	at java.lang.reflect.Method.invoke(Unknown Source)
	at org.testng.internal.MethodInvocationHelper.invokeMethod(MethodInvocationHelper.java:135)
	at org.testng.internal.TestInvoker.invokeMethod(TestInvoker.java:598)
	at org.testng.internal.TestInvoker.invokeTestMethod(TestInvoker.java:174)
	at org.testng.internal.MethodRunner.runInSequence(MethodRunner.java:46)
	at org.testng.internal.TestInvoker$MethodInvocationAgent.invoke(TestInvoker.java:821)
	at org.testng.internal.TestInvoker.invokeTestMethods(TestInvoker.java:147)
	at org.testng.internal.TestMethodWorker.invokeTestMethods(TestMethodWorker.java:146)
	at org.testng.internal.TestMethodWorker.run(TestMethodWorker.java:128)
	at java.util.ArrayList.forEach(Unknown Source)
	at org.testng.TestRunner.privateRun(TestRunner.java:767)
	at org.testng.TestRunner.run(TestRunner.java:588)
	at org.testng.SuiteRunner.runTest(SuiteRunner.java:384)
	at org.testng.SuiteRunner.runSequentially(SuiteRunner.java:378)
	at org.testng.SuiteRunner.privateRun(SuiteRunner.java:337)
	at org.testng.SuiteRunner.run(SuiteRunner.java:286)
	at org.testng.SuiteRunnerWorker.runSuite(SuiteRunnerWorker.java:53)
	at org.testng.SuiteRunnerWorker.run(SuiteRunnerWorker.java:96)
	at org.testng.TestNG.runSuitesSequentially(TestNG.java:1214)
	at org.testng.TestNG.runSuitesLocally(TestNG.java:1136)
	at org.testng.TestNG.runSuites(TestNG.java:1066)
	at org.testng.TestNG.run(TestNG.java:1034)
	at org.testng.remote.AbstractRemoteTestNG.run(AbstractRemoteTestNG.java:115)
	at org.testng.remote.RemoteTestNG.initAndRun(RemoteTestNG.java:251)
	at org.testng.remote.RemoteTestNG.main(RemoteTestNG.java:77)

</div> <!-- stack-trace -->
                </div> <!-- method-content -->
              </div> <!-- method -->
              <div class="method">
                <div class="method-content">
                  <a name="validateaddarticle(dfy5, 2.4975035360678923)">
                  </a> <!-- validateaddarticle(dfy5, 2.4975035360678923) -->
                  <span class="method-name">validateaddarticle</span>
                  <span class="parameters">(dfy5, 2.4975035360678923)</span>
                  <div class="stack-trace">org.openqa.selenium.StaleElementReferenceException: stale element reference: element is not attached to the page document
  (Session info: chrome=83.0.4103.116)
For documentation on this error, please visit: https://www.seleniumhq.org/exceptions/stale_element_reference.html
Build info: version: &apos;3.141.59&apos;, revision: &apos;e82be7d358&apos;, time: &apos;2018-11-14T08:17:03&apos;
System info: host: &apos;DESKTOP-2PTS3ET&apos;, ip: &apos;192.168.0.105&apos;, os.name: &apos;Windows 10&apos;, os.arch: &apos;amd64&apos;, os.version: &apos;10.0&apos;, java.version: &apos;1.8.0_251&apos;
Driver info: org.openqa.selenium.chrome.ChromeDriver
Capabilities {acceptInsecureCerts: false, browserName: chrome, browserVersion: 83.0.4103.116, chrome: {chromedriverVersion: 83.0.4103.39 (ccbf011cb2d2b..., userDataDir: C:\Users\MYPC\AppData\Local...}, goog:chromeOptions: {debuggerAddress: localhost:52763}, javascriptEnabled: true, networkConnectionEnabled: false, pageLoadStrategy: normal, platform: WINDOWS, platformName: WINDOWS, proxy: Proxy(), setWindowRect: true, strictFileInteractability: false, timeouts: {implicit: 0, pageLoad: 300000, script: 30000}, unhandledPromptBehavior: dismiss and notify, webauthn:virtualAuthenticators: true}
Session ID: 3dc9126ca8afa607b7f2521c2bcfd578
	at sun.reflect.NativeConstructorAccessorImpl.newInstance0(Native Method)
	at sun.reflect.NativeConstructorAccessorImpl.newInstance(Unknown Source)
	at sun.reflect.DelegatingConstructorAccessorImpl.newInstance(Unknown Source)
	at java.lang.reflect.Constructor.newInstance(Unknown Source)
	at org.openqa.selenium.remote.http.W3CHttpResponseCodec.createException(W3CHttpResponseCodec.java:187)
	at org.openqa.selenium.remote.http.W3CHttpResponseCodec.decode(W3CHttpResponseCodec.java:122)
	at org.openqa.selenium.remote.http.W3CHttpResponseCodec.decode(W3CHttpResponseCodec.java:49)
	at org.openqa.selenium.remote.HttpCommandExecutor.execute(HttpCommandExecutor.java:158)
	at org.openqa.selenium.remote.service.DriverCommandExecutor.execute(DriverCommandExecutor.java:83)
	at org.openqa.selenium.remote.RemoteWebDriver.execute(RemoteWebDriver.java:552)
	at org.openqa.selenium.remote.RemoteWebElement.execute(RemoteWebElement.java:285)
	at org.openqa.selenium.remote.RemoteWebElement.click(RemoteWebElement.java:84)
	at sun.reflect.GeneratedMethodAccessor1.invoke(Unknown Source)
	at sun.reflect.DelegatingMethodAccessorImpl.invoke(Unknown Source)
	at java.lang.reflect.Method.invoke(Unknown Source)
	at org.openqa.selenium.support.pagefactory.internal.LocatingElementHandler.invoke(LocatingElementHandler.java:51)
	at com.sun.proxy.$Proxy8.click(Unknown Source)
	at com.quickmove.qa.pages.ArticleAddSettingPage.ClickonAddarticleicon(ArticleAddSettingPage.java:75)
	at com.quickmove.qa.testcases.Add_all_article.validateaddarticle(Add_all_article.java:58)
	at sun.reflect.NativeMethodAccessorImpl.invoke0(Native Method)
	at sun.reflect.NativeMethodAccessorImpl.invoke(Unknown Source)
	at sun.reflect.DelegatingMethodAccessorImpl.invoke(Unknown Source)
	at java.lang.reflect.Method.invoke(Unknown Source)
	at org.testng.internal.MethodInvocationHelper.invokeMethod(MethodInvocationHelper.java:135)
	at org.testng.internal.TestInvoker.invokeMethod(TestInvoker.java:598)
	at org.testng.internal.TestInvoker.invokeTestMethod(TestInvoker.java:174)
	at org.testng.internal.MethodRunner.runInSequence(MethodRunner.java:46)
	at org.testng.internal.TestInvoker$MethodInvocationAgent.invoke(TestInvoker.java:821)
	at org.testng.internal.TestInvoker.invokeTestMethods(TestInvoker.java:147)
	at org.testng.internal.TestMethodWorker.invokeTestMethods(TestMethodWorker.java:146)
	at org.testng.internal.TestMethodWorker.run(TestMethodWorker.java:128)
	at java.util.ArrayList.forEach(Unknown Source)
	at org.testng.TestRunner.privateRun(TestRunner.java:767)
	at org.testng.TestRunner.run(TestRunner.java:588)
	at org.testng.SuiteRunner.runTest(SuiteRunner.java:384)
	at org.testng.SuiteRunner.runSequentially(SuiteRunner.java:378)
	at org.testng.SuiteRunner.privateRun(SuiteRunner.java:337)
	at org.testng.SuiteRunner.run(SuiteRunner.java:286)
	at org.testng.SuiteRunnerWorker.runSuite(SuiteRunnerWorker.java:53)
	at org.testng.SuiteRunnerWorker.run(SuiteRunnerWorker.java:96)
	at org.testng.TestNG.runSuitesSequentially(TestNG.java:1214)
	at org.testng.TestNG.runSuitesLocally(TestNG.java:1136)
	at org.testng.TestNG.runSuites(TestNG.java:1066)
	at org.testng.TestNG.run(TestNG.java:1034)
	at org.testng.remote.AbstractRemoteTestNG.run(AbstractRemoteTestNG.java:115)
	at org.testng.remote.RemoteTestNG.initAndRun(RemoteTestNG.java:251)
	at org.testng.remote.RemoteTestNG.main(RemoteTestNG.java:77)

</div> <!-- stack-trace -->
                </div> <!-- method-content -->
              </div> <!-- method -->
              <div class="method">
                <div class="method-content">
                  <a name="validateaddarticle(sdg, 0.49950070721357853)">
                  </a> <!-- validateaddarticle(sdg, 0.49950070721357853) -->
                  <span class="method-name">validateaddarticle</span>
                  <span class="parameters">(sdg, 0.49950070721357853)</span>
                  <div class="stack-trace">org.openqa.selenium.StaleElementReferenceException: stale element reference: element is not attached to the page document
  (Session info: chrome=83.0.4103.116)
For documentation on this error, please visit: https://www.seleniumhq.org/exceptions/stale_element_reference.html
Build info: version: &apos;3.141.59&apos;, revision: &apos;e82be7d358&apos;, time: &apos;2018-11-14T08:17:03&apos;
System info: host: &apos;DESKTOP-2PTS3ET&apos;, ip: &apos;192.168.0.105&apos;, os.name: &apos;Windows 10&apos;, os.arch: &apos;amd64&apos;, os.version: &apos;10.0&apos;, java.version: &apos;1.8.0_251&apos;
Driver info: org.openqa.selenium.chrome.ChromeDriver
Capabilities {acceptInsecureCerts: false, browserName: chrome, browserVersion: 83.0.4103.116, chrome: {chromedriverVersion: 83.0.4103.39 (ccbf011cb2d2b..., userDataDir: C:\Users\MYPC\AppData\Local...}, goog:chromeOptions: {debuggerAddress: localhost:52763}, javascriptEnabled: true, networkConnectionEnabled: false, pageLoadStrategy: normal, platform: WINDOWS, platformName: WINDOWS, proxy: Proxy(), setWindowRect: true, strictFileInteractability: false, timeouts: {implicit: 0, pageLoad: 300000, script: 30000}, unhandledPromptBehavior: dismiss and notify, webauthn:virtualAuthenticators: true}
Session ID: 3dc9126ca8afa607b7f2521c2bcfd578
	at sun.reflect.NativeConstructorAccessorImpl.newInstance0(Native Method)
	at sun.reflect.NativeConstructorAccessorImpl.newInstance(Unknown Source)
	at sun.reflect.DelegatingConstructorAccessorImpl.newInstance(Unknown Source)
	at java.lang.reflect.Constructor.newInstance(Unknown Source)
	at org.openqa.selenium.remote.http.W3CHttpResponseCodec.createException(W3CHttpResponseCodec.java:187)
	at org.openqa.selenium.remote.http.W3CHttpResponseCodec.decode(W3CHttpResponseCodec.java:122)
	at org.openqa.selenium.remote.http.W3CHttpResponseCodec.decode(W3CHttpResponseCodec.java:49)
	at org.openqa.selenium.remote.HttpCommandExecutor.execute(HttpCommandExecutor.java:158)
	at org.openqa.selenium.remote.service.DriverCommandExecutor.execute(DriverCommandExecutor.java:83)
	at org.openqa.selenium.remote.RemoteWebDriver.execute(RemoteWebDriver.java:552)
	at org.openqa.selenium.remote.RemoteWebElement.execute(RemoteWebElement.java:285)
	at org.openqa.selenium.remote.RemoteWebElement.click(RemoteWebElement.java:84)
	at sun.reflect.NativeMethodAccessorImpl.invoke0(Native Method)
	at sun.reflect.NativeMethodAccessorImpl.invoke(Unknown Source)
	at sun.reflect.DelegatingMethodAccessorImpl.invoke(Unknown Source)
	at java.lang.reflect.Method.invoke(Unknown Source)
	at org.openqa.selenium.support.pagefactory.internal.LocatingElementHandler.invoke(LocatingElementHandler.java:51)
	at com.sun.proxy.$Proxy8.click(Unknown Source)
	at com.quickmove.qa.pages.ArticleAddSettingPage.ClickonAddarticleicon(ArticleAddSettingPage.java:75)
	at com.quickmove.qa.testcases.Add_all_article.validateaddarticle(Add_all_article.java:58)
	at sun.reflect.NativeMethodAccessorImpl.invoke0(Native Method)
	at sun.reflect.NativeMethodAccessorImpl.invoke(Unknown Source)
	at sun.reflect.DelegatingMethodAccessorImpl.invoke(Unknown Source)
	at java.lang.reflect.Method.invoke(Unknown Source)
	at org.testng.internal.MethodInvocationHelper.invokeMethod(MethodInvocationHelper.java:135)
	at org.testng.internal.TestInvoker.invokeMethod(TestInvoker.java:598)
	at org.testng.internal.TestInvoker.invokeTestMethod(TestInvoker.java:174)
	at org.testng.internal.MethodRunner.runInSequence(MethodRunner.java:46)
	at org.testng.internal.TestInvoker$MethodInvocationAgent.invoke(TestInvoker.java:821)
	at org.testng.internal.TestInvoker.invokeTestMethods(TestInvoker.java:147)
	at org.testng.internal.TestMethodWorker.invokeTestMethods(TestMethodWorker.java:146)
	at org.testng.internal.TestMethodWorker.run(TestMethodWorker.java:128)
	at java.util.ArrayList.forEach(Unknown Source)
	at org.testng.TestRunner.privateRun(TestRunner.java:767)
	at org.testng.TestRunner.run(TestRunner.java:588)
	at org.testng.SuiteRunner.runTest(SuiteRunner.java:384)
	at org.testng.SuiteRunner.runSequentially(SuiteRunner.java:378)
	at org.testng.SuiteRunner.privateRun(SuiteRunner.java:337)
	at org.testng.SuiteRunner.run(SuiteRunner.java:286)
	at org.testng.SuiteRunnerWorker.runSuite(SuiteRunnerWorker.java:53)
	at org.testng.SuiteRunnerWorker.run(SuiteRunnerWorker.java:96)
	at org.testng.TestNG.runSuitesSequentially(TestNG.java:1214)
	at org.testng.TestNG.runSuitesLocally(TestNG.java:1136)
	at org.testng.TestNG.runSuites(TestNG.java:1066)
	at org.testng.TestNG.run(TestNG.java:1034)
	at org.testng.remote.AbstractRemoteTestNG.run(AbstractRemoteTestNG.java:115)
	at org.testng.remote.RemoteTestNG.initAndRun(RemoteTestNG.java:251)
	at org.testng.remote.RemoteTestNG.main(RemoteTestNG.java:77)

</div> <!-- stack-trace -->
                </div> <!-- method-content -->
              </div> <!-- method -->
              <div class="method">
                <div class="method-content">
                  <a name="validateaddarticle(TV 60&quot;, 0.3496504950495049)">
                  </a> <!-- validateaddarticle(TV 60", 0.3496504950495049) -->
                  <span class="method-name">validateaddarticle</span>
                  <span class="parameters">(TV 60", 0.3496504950495049)</span>
                  <div class="stack-trace">org.openqa.selenium.StaleElementReferenceException: stale element reference: element is not attached to the page document
  (Session info: chrome=83.0.4103.116)
For documentation on this error, please visit: https://www.seleniumhq.org/exceptions/stale_element_reference.html
Build info: version: &apos;3.141.59&apos;, revision: &apos;e82be7d358&apos;, time: &apos;2018-11-14T08:17:03&apos;
System info: host: &apos;DESKTOP-2PTS3ET&apos;, ip: &apos;192.168.0.105&apos;, os.name: &apos;Windows 10&apos;, os.arch: &apos;amd64&apos;, os.version: &apos;10.0&apos;, java.version: &apos;1.8.0_251&apos;
Driver info: org.openqa.selenium.chrome.ChromeDriver
Capabilities {acceptInsecureCerts: false, browserName: chrome, browserVersion: 83.0.4103.116, chrome: {chromedriverVersion: 83.0.4103.39 (ccbf011cb2d2b..., userDataDir: C:\Users\MYPC\AppData\Local...}, goog:chromeOptions: {debuggerAddress: localhost:52763}, javascriptEnabled: true, networkConnectionEnabled: false, pageLoadStrategy: normal, platform: WINDOWS, platformName: WINDOWS, proxy: Proxy(), setWindowRect: true, strictFileInteractability: false, timeouts: {implicit: 0, pageLoad: 300000, script: 30000}, unhandledPromptBehavior: dismiss and notify, webauthn:virtualAuthenticators: true}
Session ID: 3dc9126ca8afa607b7f2521c2bcfd578
	at sun.reflect.NativeConstructorAccessorImpl.newInstance0(Native Method)
	at sun.reflect.NativeConstructorAccessorImpl.newInstance(Unknown Source)
	at sun.reflect.DelegatingConstructorAccessorImpl.newInstance(Unknown Source)
	at java.lang.reflect.Constructor.newInstance(Unknown Source)
	at org.openqa.selenium.remote.http.W3CHttpResponseCodec.createException(W3CHttpResponseCodec.java:187)
	at org.openqa.selenium.remote.http.W3CHttpResponseCodec.decode(W3CHttpResponseCodec.java:122)
	at org.openqa.selenium.remote.http.W3CHttpResponseCodec.decode(W3CHttpResponseCodec.java:49)
	at org.openqa.selenium.remote.HttpCommandExecutor.execute(HttpCommandExecutor.java:158)
	at org.openqa.selenium.remote.service.DriverCommandExecutor.execute(DriverCommandExecutor.java:83)
	at org.openqa.selenium.remote.RemoteWebDriver.execute(RemoteWebDriver.java:552)
	at org.openqa.selenium.remote.RemoteWebElement.execute(RemoteWebElement.java:285)
	at org.openqa.selenium.remote.RemoteWebElement.click(RemoteWebElement.java:84)
	at sun.reflect.GeneratedMethodAccessor1.invoke(Unknown Source)
	at sun.reflect.DelegatingMethodAccessorImpl.invoke(Unknown Source)
	at java.lang.reflect.Method.invoke(Unknown Source)
	at org.openqa.selenium.support.pagefactory.internal.LocatingElementHandler.invoke(LocatingElementHandler.java:51)
	at com.sun.proxy.$Proxy8.click(Unknown Source)
	at com.quickmove.qa.pages.ArticleAddSettingPage.ClickonAddarticleicon(ArticleAddSettingPage.java:75)
	at com.quickmove.qa.testcases.Add_all_article.validateaddarticle(Add_all_article.java:58)
	at sun.reflect.GeneratedMethodAccessor3.invoke(Unknown Source)
	at sun.reflect.DelegatingMethodAccessorImpl.invoke(Unknown Source)
	at java.lang.reflect.Method.invoke(Unknown Source)
	at org.testng.internal.MethodInvocationHelper.invokeMethod(MethodInvocationHelper.java:135)
	at org.testng.internal.TestInvoker.invokeMethod(TestInvoker.java:598)
	at org.testng.internal.TestInvoker.invokeTestMethod(TestInvoker.java:174)
	at org.testng.internal.MethodRunner.runInSequence(MethodRunner.java:46)
	at org.testng.internal.TestInvoker$MethodInvocationAgent.invoke(TestInvoker.java:821)
	at org.testng.internal.TestInvoker.invokeTestMethods(TestInvoker.java:147)
	at org.testng.internal.TestMethodWorker.invokeTestMethods(TestMethodWorker.java:146)
	at org.testng.internal.TestMethodWorker.run(TestMethodWorker.java:128)
	at java.util.ArrayList.forEach(Unknown Source)
	at org.testng.TestRunner.privateRun(TestRunner.java:767)
	at org.testng.TestRunner.run(TestRunner.java:588)
	at org.testng.SuiteRunner.runTest(SuiteRunner.java:384)
	at org.testng.SuiteRunner.runSequentially(SuiteRunner.java:378)
	at org.testng.SuiteRunner.privateRun(SuiteRunner.java:337)
	at org.testng.SuiteRunner.run(SuiteRunner.java:286)
	at org.testng.SuiteRunnerWorker.runSuite(SuiteRunnerWorker.java:53)
	at org.testng.SuiteRunnerWorker.run(SuiteRunnerWorker.java:96)
	at org.testng.TestNG.runSuitesSequentially(TestNG.java:1214)
	at org.testng.TestNG.runSuitesLocally(TestNG.java:1136)
	at org.testng.TestNG.runSuites(TestNG.java:1066)
	at org.testng.TestNG.run(TestNG.java:1034)
	at org.testng.remote.AbstractRemoteTestNG.run(AbstractRemoteTestNG.java:115)
	at org.testng.remote.RemoteTestNG.initAndRun(RemoteTestNG.java:251)
	at org.testng.remote.RemoteTestNG.main(RemoteTestNG.java:77)

</div> <!-- stack-trace -->
                </div> <!-- method-content -->
              </div> <!-- method -->
            </div> <!-- main-panel-content rounded-window-bottom -->
          </div> <!-- suite-Default_suite-class-failed -->
          <div class="suite-Default_suite-class-passed">
            <div class="main-panel-header rounded-window-top">
              <img src="passed.png"/>
              <span class="class-name">com.quickmove.qa.testcases.Add_all_article</span>
            </div> <!-- main-panel-header rounded-window-top -->
            <div class="main-panel-content rounded-window-bottom">
              <div class="method">
                <div class="method-content">
                  <a name="setup">
                  </a> <!-- setup -->
                  <span class="method-name">setup</span>
                </div> <!-- method-content -->
              </div> <!-- method -->
              <div class="method">
                <div class="method-content">
                  <a name="validateaddarticle(geegh, 0.1998002828854314)">
                  </a> <!-- validateaddarticle(geegh, 0.1998002828854314) -->
                  <span class="method-name">validateaddarticle</span>
                  <span class="parameters">(geegh, 0.1998002828854314)</span>
                </div> <!-- method-content -->
              </div> <!-- method -->
              <div class="method">
                <div class="method-content">
                  <a name="validateaddarticle(Wardrobe 6 dr, 0.649350919377652)">
                  </a> <!-- validateaddarticle(Wardrobe 6 dr, 0.649350919377652) -->
                  <span class="method-name">validateaddarticle</span>
                  <span class="parameters">(Wardrobe 6 dr, 0.649350919377652)</span>
                </div> <!-- method-content -->
              </div> <!-- method -->
              <div class="method">
                <div class="method-content">
                  <a name="validateaddarticle(df54, 0.14985021216407354)">
                  </a> <!-- validateaddarticle(df54, 0.14985021216407354) -->
                  <span class="method-name">validateaddarticle</span>
                  <span class="parameters">(df54, 0.14985021216407354)</span>
                </div> <!-- method-content -->
              </div> <!-- method -->
              <div class="method">
                <div class="method-content">
                  <a name="validateaddarticle(Wardrobe 4 dr, 0.49950070721357853)">
                  </a> <!-- validateaddarticle(Wardrobe 4 dr, 0.49950070721357853) -->
                  <span class="method-name">validateaddarticle</span>
                  <span class="parameters">(Wardrobe 4 dr, 0.49950070721357853)</span>
                </div> <!-- method-content -->
              </div> <!-- method -->
              <div class="method">
                <div class="method-content">
                  <a name="validateaddarticle(Tv Unit Large , 0.9990014144271571)">
                  </a> <!-- validateaddarticle(Tv Unit Large , 0.9990014144271571) -->
                  <span class="method-name">validateaddarticle</span>
                  <span class="parameters">(Tv Unit Large , 0.9990014144271571)</span>
                </div> <!-- method-content -->
              </div> <!-- method -->
              <div class="method">
                <div class="method-content">
                  <a name="validateaddarticle(Wall Unit, 0.1998002828854314)">
                  </a> <!-- validateaddarticle(Wall Unit, 0.1998002828854314) -->
                  <span class="method-name">validateaddarticle</span>
                  <span class="parameters">(Wall Unit, 0.1998002828854314)</span>
                </div> <!-- method-content -->
              </div> <!-- method -->
              <div class="method">
                <div class="method-content">
                  <a name="validateaddarticle(Tv Unit Medium , 0.49950070721357853)">
                  </a> <!-- validateaddarticle(Tv Unit Medium , 0.49950070721357853) -->
                  <span class="method-name">validateaddarticle</span>
                  <span class="parameters">(Tv Unit Medium , 0.49950070721357853)</span>
                </div> <!-- method-content -->
              </div> <!-- method -->
              <div class="method">
                <div class="method-content">
                  <a name="validateaddarticle(agag, 0.1998002828854314)">
                  </a> <!-- validateaddarticle(agag, 0.1998002828854314) -->
                  <span class="method-name">validateaddarticle</span>
                  <span class="parameters">(agag, 0.1998002828854314)</span>
                </div> <!-- method-content -->
              </div> <!-- method -->
              <div class="method">
                <div class="method-content">
                  <a name="validateaddarticle(edt, 9.99001414427157E-5)">
                  </a> <!-- validateaddarticle(edt, 9.99001414427157E-5) -->
                  <span class="method-name">validateaddarticle</span>
                  <span class="parameters">(edt, 9.99001414427157E-5)</span>
                </div> <!-- method-content -->
              </div> <!-- method -->
              <div class="method">
                <div class="method-content">
                  <a name="validateaddarticle(Wardrobe 2 dr, 0.24975035360678927)">
                  </a> <!-- validateaddarticle(Wardrobe 2 dr, 0.24975035360678927) -->
                  <span class="method-name">validateaddarticle</span>
                  <span class="parameters">(Wardrobe 2 dr, 0.24975035360678927)</span>
                </div> <!-- method-content -->
              </div> <!-- method -->
              <div class="method">
                <div class="method-content">
                  <a name="validateaddarticle(Vacume Cleaner, 0.08991012729844412)">
                  </a> <!-- validateaddarticle(Vacume Cleaner, 0.08991012729844412) -->
                  <span class="method-name">validateaddarticle</span>
                  <span class="parameters">(Vacume Cleaner, 0.08991012729844412)</span>
                </div> <!-- method-content -->
              </div> <!-- method -->
              <div class="method">
                <div class="method-content">
                  <a name="validateaddarticle(dfh, 0.9990014144271571)">
                  </a> <!-- validateaddarticle(dfh, 0.9990014144271571) -->
                  <span class="method-name">validateaddarticle</span>
                  <span class="parameters">(dfh, 0.9990014144271571)</span>
                </div> <!-- method-content -->
              </div> <!-- method -->
              <div class="method">
                <div class="method-content">
                  <a name="validateaddarticle(Umbrella, 0.3496504950495049)">
                  </a> <!-- validateaddarticle(Umbrella, 0.3496504950495049) -->
                  <span class="method-name">validateaddarticle</span>
                  <span class="parameters">(Umbrella, 0.3496504950495049)</span>
                </div> <!-- method-content -->
              </div> <!-- method -->
              <div class="method">
                <div class="method-content">
                  <a name="validateaddarticle(Wardrobe 5 dr, 0.5494507779349364)">
                  </a> <!-- validateaddarticle(Wardrobe 5 dr, 0.5494507779349364) -->
                  <span class="method-name">validateaddarticle</span>
                  <span class="parameters">(Wardrobe 5 dr, 0.5494507779349364)</span>
                </div> <!-- method-content -->
              </div> <!-- method -->
              <div class="method">
                <div class="method-content">
                  <a name="validateaddarticle(dfs, 0.9990014144271571)">
                  </a> <!-- validateaddarticle(dfs, 0.9990014144271571) -->
                  <span class="method-name">validateaddarticle</span>
                  <span class="parameters">(dfs, 0.9990014144271571)</span>
                </div> <!-- method-content -->
              </div> <!-- method -->
              <div class="method">
                <div class="method-content">
                  <a name="validateaddarticle(Wardrobe 3 dr, 0.3496504950495049)">
                  </a> <!-- validateaddarticle(Wardrobe 3 dr, 0.3496504950495049) -->
                  <span class="method-name">validateaddarticle</span>
                  <span class="parameters">(Wardrobe 3 dr, 0.3496504950495049)</span>
                </div> <!-- method-content -->
              </div> <!-- method -->
              <div class="method">
                <div class="method-content">
                  <a name="validateaddarticle(Wall Art, 0.0999001414427157)">
                  </a> <!-- validateaddarticle(Wall Art, 0.0999001414427157) -->
                  <span class="method-name">validateaddarticle</span>
                  <span class="parameters">(Wall Art, 0.0999001414427157)</span>
                </div> <!-- method-content -->
              </div> <!-- method -->
              <div class="method">
                <div class="method-content">
                  <a name="validateaddarticle(dfsdgg, 0.14985021216407354)">
                  </a> <!-- validateaddarticle(dfsdgg, 0.14985021216407354) -->
                  <span class="method-name">validateaddarticle</span>
                  <span class="parameters">(dfsdgg, 0.14985021216407354)</span>
                </div> <!-- method-content -->
              </div> <!-- method -->
              <div class="method">
                <div class="method-content">
                  <a name="validateaddarticle(th6, 0.1414426162602546)">
                  </a> <!-- validateaddarticle(th6, 0.1414426162602546) -->
                  <span class="method-name">validateaddarticle</span>
                  <span class="parameters">(th6, 0.1414426162602546)</span>
                </div> <!-- method-content -->
              </div> <!-- method -->
              <div class="method">
                <div class="method-content">
                  <a name="validateaddarticle(TV 70&quot;, 0.4495506364922206)">
                  </a> <!-- validateaddarticle(TV 70", 0.4495506364922206) -->
                  <span class="method-name">validateaddarticle</span>
                  <span class="parameters">(TV 70", 0.4495506364922206)</span>
                </div> <!-- method-content -->
              </div> <!-- method -->
              <div class="method">
                <div class="method-content">
                  <a name="validateaddarticle(Wall Unit 2 dr, 0.6293708910891088)">
                  </a> <!-- validateaddarticle(Wall Unit 2 dr, 0.6293708910891088) -->
                  <span class="method-name">validateaddarticle</span>
                  <span class="parameters">(Wall Unit 2 dr, 0.6293708910891088)</span>
                </div> <!-- method-content -->
              </div> <!-- method -->
              <div class="method">
                <div class="method-content">
                  <a name="validateaddarticle(Vase / Pots, 0.14985021216407354)">
                  </a> <!-- validateaddarticle(Vase / Pots, 0.14985021216407354) -->
                  <span class="method-name">validateaddarticle</span>
                  <span class="parameters">(Vase / Pots, 0.14985021216407354)</span>
                </div> <!-- method-content -->
              </div> <!-- method -->
              <div class="method">
                <div class="method-content">
                  <a name="validateaddarticle(hdh54, 0.08991012729844412)">
                  </a> <!-- validateaddarticle(hdh54, 0.08991012729844412) -->
                  <span class="method-name">validateaddarticle</span>
                  <span class="parameters">(hdh54, 0.08991012729844412)</span>
                </div> <!-- method-content -->
              </div> <!-- method -->
              <div class="method">
                <div class="method-content">
                  <a name="validateaddarticle(gaga, 0.1998002828854314)">
                  </a> <!-- validateaddarticle(gaga, 0.1998002828854314) -->
                  <span class="method-name">validateaddarticle</span>
                  <span class="parameters">(gaga, 0.1998002828854314)</span>
                </div> <!-- method-content -->
              </div> <!-- method -->
              <div class="method">
                <div class="method-content">
                  <a name="validateaddarticle(af, 0.3496504950495049)">
                  </a> <!-- validateaddarticle(af, 0.3496504950495049) -->
                  <span class="method-name">validateaddarticle</span>
                  <span class="parameters">(af, 0.3496504950495049)</span>
                </div> <!-- method-content -->
              </div> <!-- method -->
              <div class="method">
                <div class="method-content">
                  <a name="validateaddarticle(Wall Unit 4 dr, 1.2187817256011315)">
                  </a> <!-- validateaddarticle(Wall Unit 4 dr, 1.2187817256011315) -->
                  <span class="method-name">validateaddarticle</span>
                  <span class="parameters">(Wall Unit 4 dr, 1.2187817256011315)</span>
                </div> <!-- method-content -->
              </div> <!-- method -->
              <div class="method">
                <div class="method-content">
                  <a name="validateaddarticle(TV 50&quot;, 0.24975035360678927)">
                  </a> <!-- validateaddarticle(TV 50", 0.24975035360678927) -->
                  <span class="method-name">validateaddarticle</span>
                  <span class="parameters">(TV 50", 0.24975035360678927)</span>
                </div> <!-- method-content -->
              </div> <!-- method -->
              <div class="method">
                <div class="method-content">
                  <a name="validateaddarticle(rheh, 0.2997004243281471)">
                  </a> <!-- validateaddarticle(rheh, 0.2997004243281471) -->
                  <span class="method-name">validateaddarticle</span>
                  <span class="parameters">(rheh, 0.2997004243281471)</span>
                </div> <!-- method-content -->
              </div> <!-- method -->
              <div class="method">
                <div class="method-content">
                  <a name="validateaddarticle(Wardrobe Sliding, 0.49950070721357853)">
                  </a> <!-- validateaddarticle(Wardrobe Sliding, 0.49950070721357853) -->
                  <span class="method-name">validateaddarticle</span>
                  <span class="parameters">(Wardrobe Sliding, 0.49950070721357853)</span>
                </div> <!-- method-content -->
              </div> <!-- method -->
              <div class="method">
                <div class="method-content">
                  <a name="validateaddarticle(Waterfall / Fountains , 0.24975035360678927)">
                  </a> <!-- validateaddarticle(Waterfall / Fountains , 0.24975035360678927) -->
                  <span class="method-name">validateaddarticle</span>
                  <span class="parameters">(Waterfall / Fountains , 0.24975035360678927)</span>
                </div> <!-- method-content -->
              </div> <!-- method -->
              <div class="method">
                <div class="method-content">
                  <a name="validateaddarticle(Wall Unit 3 dr, 0.9190813012729845)">
                  </a> <!-- validateaddarticle(Wall Unit 3 dr, 0.9190813012729845) -->
                  <span class="method-name">validateaddarticle</span>
                  <span class="parameters">(Wall Unit 3 dr, 0.9190813012729845)</span>
                </div> <!-- method-content -->
              </div> <!-- method -->
              <div class="method">
                <div class="method-content">
                  <a name="validateaddarticle(TV Unit Small, 0.2997004243281471)">
                  </a> <!-- validateaddarticle(TV Unit Small, 0.2997004243281471) -->
                  <span class="method-name">validateaddarticle</span>
                  <span class="parameters">(TV Unit Small, 0.2997004243281471)</span>
                </div> <!-- method-content -->
              </div> <!-- method -->
              <div class="method">
                <div class="method-content">
                  <a name="validateaddarticle(Washing Machine , 0.3196804526166902)">
                  </a> <!-- validateaddarticle(Washing Machine , 0.3196804526166902) -->
                  <span class="method-name">validateaddarticle</span>
                  <span class="parameters">(Washing Machine , 0.3196804526166902)</span>
                </div> <!-- method-content -->
              </div> <!-- method -->
              <div class="method">
                <div class="method-content">
                  <a name="validateaddarticle(Tv Unit - Big Wall Mounted , 1.4985021216407355)">
                  </a> <!-- validateaddarticle(Tv Unit - Big Wall Mounted , 1.4985021216407355) -->
                  <span class="method-name">validateaddarticle</span>
                  <span class="parameters">(Tv Unit - Big Wall Mounted , 1.4985021216407355)</span>
                </div> <!-- method-content -->
              </div> <!-- method -->
              <div class="method">
                <div class="method-content">
                  <a name="validateaddarticle(Window AC, 0.1998002828854314)">
                  </a> <!-- validateaddarticle(Window AC, 0.1998002828854314) -->
                  <span class="method-name">validateaddarticle</span>
                  <span class="parameters">(Window AC, 0.1998002828854314)</span>
                </div> <!-- method-content -->
              </div> <!-- method -->
            </div> <!-- main-panel-content rounded-window-bottom -->
          </div> <!-- suite-Default_suite-class-passed -->
        </div> <!-- panel Default_suite -->
        <div panel-name="test-xml-Default_suite" class="panel">
          <div class="main-panel-header rounded-window-top">
            <span class="header-content">C:\Users\MYPC\AppData\Local\Temp\testng-eclipse--596284788\testng-customsuite.xml</span>
          </div> <!-- main-panel-header rounded-window-top -->
          <div class="main-panel-content rounded-window-bottom">
            <pre>
&lt;?xml version=&quot;1.0&quot; encoding=&quot;UTF-8&quot;?&gt;
&lt;!DOCTYPE suite SYSTEM &quot;https://testng.org/testng-1.0.dtd&quot;&gt;
&lt;suite guice-stage=&quot;DEVELOPMENT&quot; name=&quot;Default suite&quot;&gt;
  &lt;test thread-count=&quot;5&quot; verbose=&quot;2&quot; name=&quot;Default test&quot;&gt;
    &lt;classes&gt;
      &lt;class name=&quot;com.quickmove.qa.testcases.Add_all_article&quot;/&gt;
    &lt;/classes&gt;
  &lt;/test&gt; &lt;!-- Default test --&gt;
&lt;/suite&gt; &lt;!-- Default suite --&gt;
            </pre>
          </div> <!-- main-panel-content rounded-window-bottom -->
        </div> <!-- panel -->
        <div panel-name="testlist-Default_suite" class="panel">
          <div class="main-panel-header rounded-window-top">
            <span class="header-content">Tests for Default suite</span>
          </div> <!-- main-panel-header rounded-window-top -->
          <div class="main-panel-content rounded-window-bottom">
            <ul>
              <li>
                <span class="test-name">Default test (1 class)</span>
              </li>
            </ul>
          </div> <!-- main-panel-content rounded-window-bottom -->
        </div> <!-- panel -->
        <div panel-name="group-Default_suite" class="panel">
          <div class="main-panel-header rounded-window-top">
            <span class="header-content">Groups for Default suite</span>
          </div> <!-- main-panel-header rounded-window-top -->
          <div class="main-panel-content rounded-window-bottom">
          </div> <!-- main-panel-content rounded-window-bottom -->
        </div> <!-- panel -->
        <div panel-name="times-Default_suite" class="panel">
          <div class="main-panel-header rounded-window-top">
            <span class="header-content">Times for Default suite</span>
          </div> <!-- main-panel-header rounded-window-top -->
          <div class="main-panel-content rounded-window-bottom">
            <div class="times-div">
              <script type="text/javascript">
suiteTableInitFunctions.push('tableData_Default_suite');
function tableData_Default_suite() {
var data = new google.visualization.DataTable();
data.addColumn('number', 'Number');
data.addColumn('string', 'Method');
data.addColumn('string', 'Class');
data.addColumn('number', 'Time (ms)');
data.addRows(45);
data.setCell(0, 0, 0)
data.setCell(0, 1, 'setup')
data.setCell(0, 2, 'com.quickmove.qa.testcases.Add_all_article')
data.setCell(0, 3, 23078);
data.setCell(1, 0, 1)
data.setCell(1, 1, 'validateaddarticle')
data.setCell(1, 2, 'com.quickmove.qa.testcases.Add_all_article')
data.setCell(1, 3, 10152);
data.setCell(2, 0, 2)
data.setCell(2, 1, 'validateaddarticle')
data.setCell(2, 2, 'com.quickmove.qa.testcases.Add_all_article')
data.setCell(2, 3, 10124);
data.setCell(3, 0, 3)
data.setCell(3, 1, 'validateaddarticle')
data.setCell(3, 2, 'com.quickmove.qa.testcases.Add_all_article')
data.setCell(3, 3, 10081);
data.setCell(4, 0, 4)
data.setCell(4, 1, 'validateaddarticle')
data.setCell(4, 2, 'com.quickmove.qa.testcases.Add_all_article')
data.setCell(4, 3, 6009);
data.setCell(5, 0, 5)
data.setCell(5, 1, 'validateaddarticle')
data.setCell(5, 2, 'com.quickmove.qa.testcases.Add_all_article')
data.setCell(5, 3, 4601);
data.setCell(6, 0, 6)
data.setCell(6, 1, 'validateaddarticle')
data.setCell(6, 2, 'com.quickmove.qa.testcases.Add_all_article')
data.setCell(6, 3, 4516);
data.setCell(7, 0, 7)
data.setCell(7, 1, 'validateaddarticle')
data.setCell(7, 2, 'com.quickmove.qa.testcases.Add_all_article')
data.setCell(7, 3, 4413);
data.setCell(8, 0, 8)
data.setCell(8, 1, 'validateaddarticle')
data.setCell(8, 2, 'com.quickmove.qa.testcases.Add_all_article')
data.setCell(8, 3, 4334);
data.setCell(9, 0, 9)
data.setCell(9, 1, 'validateaddarticle')
data.setCell(9, 2, 'com.quickmove.qa.testcases.Add_all_article')
data.setCell(9, 3, 4316);
data.setCell(10, 0, 10)
data.setCell(10, 1, 'validateaddarticle')
data.setCell(10, 2, 'com.quickmove.qa.testcases.Add_all_article')
data.setCell(10, 3, 4294);
data.setCell(11, 0, 11)
data.setCell(11, 1, 'validateaddarticle')
data.setCell(11, 2, 'com.quickmove.qa.testcases.Add_all_article')
data.setCell(11, 3, 4292);
data.setCell(12, 0, 12)
data.setCell(12, 1, 'validateaddarticle')
data.setCell(12, 2, 'com.quickmove.qa.testcases.Add_all_article')
data.setCell(12, 3, 4291);
data.setCell(13, 0, 13)
data.setCell(13, 1, 'validateaddarticle')
data.setCell(13, 2, 'com.quickmove.qa.testcases.Add_all_article')
data.setCell(13, 3, 4273);
data.setCell(14, 0, 14)
data.setCell(14, 1, 'validateaddarticle')
data.setCell(14, 2, 'com.quickmove.qa.testcases.Add_all_article')
data.setCell(14, 3, 4261);
data.setCell(15, 0, 15)
data.setCell(15, 1, 'validateaddarticle')
data.setCell(15, 2, 'com.quickmove.qa.testcases.Add_all_article')
data.setCell(15, 3, 4239);
data.setCell(16, 0, 16)
data.setCell(16, 1, 'validateaddarticle')
data.setCell(16, 2, 'com.quickmove.qa.testcases.Add_all_article')
data.setCell(16, 3, 4237);
data.setCell(17, 0, 17)
data.setCell(17, 1, 'validateaddarticle')
data.setCell(17, 2, 'com.quickmove.qa.testcases.Add_all_article')
data.setCell(17, 3, 4228);
data.setCell(18, 0, 18)
data.setCell(18, 1, 'validateaddarticle')
data.setCell(18, 2, 'com.quickmove.qa.testcases.Add_all_article')
data.setCell(18, 3, 4224);
data.setCell(19, 0, 19)
data.setCell(19, 1, 'validateaddarticle')
data.setCell(19, 2, 'com.quickmove.qa.testcases.Add_all_article')
data.setCell(19, 3, 4217);
data.setCell(20, 0, 20)
data.setCell(20, 1, 'validateaddarticle')
data.setCell(20, 2, 'com.quickmove.qa.testcases.Add_all_article')
data.setCell(20, 3, 4211);
data.setCell(21, 0, 21)
data.setCell(21, 1, 'validateaddarticle')
data.setCell(21, 2, 'com.quickmove.qa.testcases.Add_all_article')
data.setCell(21, 3, 4202);
data.setCell(22, 0, 22)
data.setCell(22, 1, 'validateaddarticle')
data.setCell(22, 2, 'com.quickmove.qa.testcases.Add_all_article')
data.setCell(22, 3, 4190);
data.setCell(23, 0, 23)
data.setCell(23, 1, 'validateaddarticle')
data.setCell(23, 2, 'com.quickmove.qa.testcases.Add_all_article')
data.setCell(23, 3, 4140);
data.setCell(24, 0, 24)
data.setCell(24, 1, 'validateaddarticle')
data.setCell(24, 2, 'com.quickmove.qa.testcases.Add_all_article')
data.setCell(24, 3, 4135);
data.setCell(25, 0, 25)
data.setCell(25, 1, 'validateaddarticle')
data.setCell(25, 2, 'com.quickmove.qa.testcases.Add_all_article')
data.setCell(25, 3, 4135);
data.setCell(26, 0, 26)
data.setCell(26, 1, 'validateaddarticle')
data.setCell(26, 2, 'com.quickmove.qa.testcases.Add_all_article')
data.setCell(26, 3, 4093);
data.setCell(27, 0, 27)
data.setCell(27, 1, 'validateaddarticle')
data.setCell(27, 2, 'com.quickmove.qa.testcases.Add_all_article')
data.setCell(27, 3, 4082);
data.setCell(28, 0, 28)
data.setCell(28, 1, 'validateaddarticle')
data.setCell(28, 2, 'com.quickmove.qa.testcases.Add_all_article')
data.setCell(28, 3, 4076);
data.setCell(29, 0, 29)
data.setCell(29, 1, 'validateaddarticle')
data.setCell(29, 2, 'com.quickmove.qa.testcases.Add_all_article')
data.setCell(29, 3, 4074);
data.setCell(30, 0, 30)
data.setCell(30, 1, 'validateaddarticle')
data.setCell(30, 2, 'com.quickmove.qa.testcases.Add_all_article')
data.setCell(30, 3, 4071);
data.setCell(31, 0, 31)
data.setCell(31, 1, 'validateaddarticle')
data.setCell(31, 2, 'com.quickmove.qa.testcases.Add_all_article')
data.setCell(31, 3, 4051);
data.setCell(32, 0, 32)
data.setCell(32, 1, 'validateaddarticle')
data.setCell(32, 2, 'com.quickmove.qa.testcases.Add_all_article')
data.setCell(32, 3, 4004);
data.setCell(33, 0, 33)
data.setCell(33, 1, 'validateaddarticle')
data.setCell(33, 2, 'com.quickmove.qa.testcases.Add_all_article')
data.setCell(33, 3, 4002);
data.setCell(34, 0, 34)
data.setCell(34, 1, 'validateaddarticle')
data.setCell(34, 2, 'com.quickmove.qa.testcases.Add_all_article')
data.setCell(34, 3, 3986);
data.setCell(35, 0, 35)
data.setCell(35, 1, 'validateaddarticle')
data.setCell(35, 2, 'com.quickmove.qa.testcases.Add_all_article')
data.setCell(35, 3, 3974);
data.setCell(36, 0, 36)
data.setCell(36, 1, 'validateaddarticle')
data.setCell(36, 2, 'com.quickmove.qa.testcases.Add_all_article')
data.setCell(36, 3, 3968);
data.setCell(37, 0, 37)
data.setCell(37, 1, 'validateaddarticle')
data.setCell(37, 2, 'com.quickmove.qa.testcases.Add_all_article')
data.setCell(37, 3, 3952);
data.setCell(38, 0, 38)
data.setCell(38, 1, 'validateaddarticle')
data.setCell(38, 2, 'com.quickmove.qa.testcases.Add_all_article')
data.setCell(38, 3, 3947);
data.setCell(39, 0, 39)
data.setCell(39, 1, 'validateaddarticle')
data.setCell(39, 2, 'com.quickmove.qa.testcases.Add_all_article')
data.setCell(39, 3, 3873);
data.setCell(40, 0, 40)
data.setCell(40, 1, 'validateaddarticle')
data.setCell(40, 2, 'com.quickmove.qa.testcases.Add_all_article')
data.setCell(40, 3, 3808);
data.setCell(41, 0, 41)
data.setCell(41, 1, 'validateaddarticle')
data.setCell(41, 2, 'com.quickmove.qa.testcases.Add_all_article')
data.setCell(41, 3, 2466);
data.setCell(42, 0, 42)
data.setCell(42, 1, 'validateaddarticle')
data.setCell(42, 2, 'com.quickmove.qa.testcases.Add_all_article')
data.setCell(42, 3, 2046);
data.setCell(43, 0, 43)
data.setCell(43, 1, 'validateaddarticle')
data.setCell(43, 2, 'com.quickmove.qa.testcases.Add_all_article')
data.setCell(43, 3, 2033);
data.setCell(44, 0, 44)
data.setCell(44, 1, 'validateaddarticle')
data.setCell(44, 2, 'com.quickmove.qa.testcases.Add_all_article')
data.setCell(44, 3, 1847);
window.suiteTableData['Default_suite']= { tableData: data, tableDiv: 'times-div-Default_suite'}
return data;
}
              </script>
              <span class="suite-total-time">Total running time: 3 minutes</span>
              <div id="times-div-Default_suite">
              </div> <!-- times-div-Default_suite -->
            </div> <!-- times-div -->
          </div> <!-- main-panel-content rounded-window-bottom -->
        </div> <!-- panel -->
        <div panel-name="reporter-Default_suite" class="panel">
          <div class="main-panel-header rounded-window-top">
            <span class="header-content">Reporter output for Default suite</span>
          </div> <!-- main-panel-header rounded-window-top -->
          <div class="main-panel-content rounded-window-bottom">
          </div> <!-- main-panel-content rounded-window-bottom -->
        </div> <!-- panel -->
        <div panel-name="ignored-methods-Default_suite" class="panel">
          <div class="main-panel-header rounded-window-top">
            <span class="header-content">0 ignored methods</span>
          </div> <!-- main-panel-header rounded-window-top -->
          <div class="main-panel-content rounded-window-bottom">
          </div> <!-- main-panel-content rounded-window-bottom -->
        </div> <!-- panel -->
        <div panel-name="chronological-Default_suite" class="panel">
          <div class="main-panel-header rounded-window-top">
            <span class="header-content">Methods in chronological order</span>
          </div> <!-- main-panel-header rounded-window-top -->
          <div class="main-panel-content rounded-window-bottom">
            <div class="chronological-class">
              <div class="chronological-class-name">com.quickmove.qa.testcases.Add_all_article</div> <!-- chronological-class-name -->
              <div class="test-method">
                <span class="method-name">setup</span>
                <span class="method-start">0 ms</span>
              </div> <!-- test-method -->
              <div class="test-method">
                <span class="method-name">validateaddarticle(dfs, 0.9990014144271571)</span>
                <span class="method-start">24327 ms</span>
              </div> <!-- test-method -->
              <div class="test-method">
                <img src="failed.png">
                </img>
                <span class="method-name">validateaddarticle(dfsdf, 0.24975035360678927)</span>
                <span class="method-start">28646 ms</span>
              </div> <!-- test-method -->
              <div class="test-method">
                <span class="method-name">validateaddarticle(dfsdgg, 0.14985021216407354)</span>
                <span class="method-start">31122 ms</span>
              </div> <!-- test-method -->
              <div class="test-method">
                <img src="failed.png">
                </img>
                <span class="method-name">validateaddarticle(sdg, 0.49950070721357853)</span>
                <span class="method-start">34997 ms</span>
              </div> <!-- test-method -->
              <div class="test-method">
                <span class="method-name">validateaddarticle(gaga, 0.1998002828854314)</span>
                <span class="method-start">37045 ms</span>
              </div> <!-- test-method -->
              <div class="test-method">
                <img src="failed.png">
                </img>
                <span class="method-name">validateaddarticle(ggg, 0.3996005657708628)</span>
                <span class="method-start">41002 ms</span>
              </div> <!-- test-method -->
              <div class="test-method">
                <span class="method-name">validateaddarticle(agag, 0.1998002828854314)</span>
                <span class="method-start">42852 ms</span>
              </div> <!-- test-method -->
              <div class="test-method">
                <span class="method-name">validateaddarticle(geegh, 0.1998002828854314)</span>
                <span class="method-start">46665 ms</span>
              </div> <!-- test-method -->
              <div class="test-method">
                <span class="method-name">validateaddarticle(af, 0.3496504950495049)</span>
                <span class="method-start">50859 ms</span>
              </div> <!-- test-method -->
              <div class="test-method">
                <span class="method-name">validateaddarticle(edt, 9.99001414427157E-5)</span>
                <span class="method-start">54937 ms</span>
              </div> <!-- test-method -->
              <div class="test-method">
                <img src="failed.png">
                </img>
                <span class="method-name">validateaddarticle(dfy5, 2.4975035360678923)</span>
                <span class="method-start">58910 ms</span>
              </div> <!-- test-method -->
              <div class="test-method">
                <span class="method-name">validateaddarticle(rheh, 0.2997004243281471)</span>
                <span class="method-start">62888 ms</span>
              </div> <!-- test-method -->
              <div class="test-method">
                <span class="method-name">validateaddarticle(dfh, 0.9990014144271571)</span>
                <span class="method-start">66943 ms</span>
              </div> <!-- test-method -->
              <div class="test-method">
                <span class="method-name">validateaddarticle(df54, 0.14985021216407354)</span>
                <span class="method-start">71026 ms</span>
              </div> <!-- test-method -->
              <div class="test-method">
                <span class="method-name">validateaddarticle(hdh54, 0.08991012729844412)</span>
                <span class="method-start">74974 ms</span>
              </div> <!-- test-method -->
              <div class="test-method">
                <span class="method-name">validateaddarticle(th6, 0.1414426162602546)</span>
                <span class="method-start">79071 ms</span>
              </div> <!-- test-method -->
              <div class="test-method">
                <span class="method-name">validateaddarticle(TV 50", 0.24975035360678927)</span>
                <span class="method-start">83079 ms</span>
              </div> <!-- test-method -->
              <div class="test-method">
                <img src="failed.png">
                </img>
                <span class="method-name">validateaddarticle(TV 60", 0.3496504950495049)</span>
                <span class="method-start">87085 ms</span>
              </div> <!-- test-method -->
              <div class="test-method">
                <span class="method-name">validateaddarticle(TV 70", 0.4495506364922206)</span>
                <span class="method-start">89120 ms</span>
              </div> <!-- test-method -->
              <div class="test-method">
                <span class="method-name">validateaddarticle(Tv Unit - Big Wall Mounted , 1.4985021216407355)</span>
                <span class="method-start">93324 ms</span>
              </div> <!-- test-method -->
              <div class="test-method">
                <span class="method-name">validateaddarticle(Tv Unit Large , 0.9990014144271571)</span>
                <span class="method-start">97928 ms</span>
              </div> <!-- test-method -->
              <div class="test-method">
                <span class="method-name">validateaddarticle(Tv Unit Medium , 0.49950070721357853)</span>
                <span class="method-start">102155 ms</span>
              </div> <!-- test-method -->
              <div class="test-method">
                <span class="method-name">validateaddarticle(TV Unit Small, 0.2997004243281471)</span>
                <span class="method-start">106420 ms</span>
              </div> <!-- test-method -->
              <div class="test-method">
                <span class="method-name">validateaddarticle(Umbrella, 0.3496504950495049)</span>
                <span class="method-start">110722 ms</span>
              </div> <!-- test-method -->
              <div class="test-method">
                <span class="method-name">validateaddarticle(Vacume Cleaner, 0.08991012729844412)</span>
                <span class="method-start">114803 ms</span>
              </div> <!-- test-method -->
              <div class="test-method">
                <span class="method-name">validateaddarticle(Vase / Pots, 0.14985021216407354)</span>
                <span class="method-start">119322 ms</span>
              </div> <!-- test-method -->
              <div class="test-method">
                <span class="method-name">validateaddarticle(Wall Art, 0.0999001414427157)</span>
                <span class="method-start">123460 ms</span>
              </div> <!-- test-method -->
              <div class="test-method">
                <span class="method-name">validateaddarticle(Wall Unit, 0.1998002828854314)</span>
                <span class="method-start">127600 ms</span>
              </div> <!-- test-method -->
              <div class="test-method">
                <span class="method-name">validateaddarticle(Wall Unit 2 dr, 0.6293708910891088)</span>
                <span class="method-start">131877 ms</span>
              </div> <!-- test-method -->
              <div class="test-method">
                <span class="method-name">validateaddarticle(Wall Unit 3 dr, 0.9190813012729845)</span>
                <span class="method-start">136118 ms</span>
              </div> <!-- test-method -->
              <div class="test-method">
                <span class="method-name">validateaddarticle(Wall Unit 4 dr, 1.2187817256011315)</span>
                <span class="method-start">140413 ms</span>
              </div> <!-- test-method -->
              <div class="test-method">
                <span class="method-name">validateaddarticle(Wardrobe 2 dr, 0.24975035360678927)</span>
                <span class="method-start">144645 ms</span>
              </div> <!-- test-method -->
              <div class="test-method">
                <span class="method-name">validateaddarticle(Wardrobe 3 dr, 0.3496504950495049)</span>
                <span class="method-start">148720 ms</span>
              </div> <!-- test-method -->
              <div class="test-method">
                <span class="method-name">validateaddarticle(Wardrobe 4 dr, 0.49950070721357853)</span>
                <span class="method-start">152958 ms</span>
              </div> <!-- test-method -->
              <div class="test-method">
                <span class="method-name">validateaddarticle(Wardrobe 5 dr, 0.5494507779349364)</span>
                <span class="method-start">157100 ms</span>
              </div> <!-- test-method -->
              <div class="test-method">
                <span class="method-name">validateaddarticle(Wardrobe 6 dr, 0.649350919377652)</span>
                <span class="method-start">161088 ms</span>
              </div> <!-- test-method -->
              <div class="test-method">
                <span class="method-name">validateaddarticle(Wardrobe Sliding, 0.49950070721357853)</span>
                <span class="method-start">165504 ms</span>
              </div> <!-- test-method -->
              <div class="test-method">
                <span class="method-name">validateaddarticle(Washing Machine , 0.3196804526166902)</span>
                <span class="method-start">169841 ms</span>
              </div> <!-- test-method -->
              <div class="test-method">
                <img src="failed.png">
                </img>
                <span class="method-name">validateaddarticle(Water Despencer , 0.11538466336633663)</span>
                <span class="method-start">174060 ms</span>
              </div> <!-- test-method -->
              <div class="test-method">
                <span class="method-name">validateaddarticle(Waterfall / Fountains , 0.24975035360678927)</span>
                <span class="method-start">180073 ms</span>
              </div> <!-- test-method -->
              <div class="test-method">
                <span class="method-name">validateaddarticle(Window AC, 0.1998002828854314)</span>
                <span class="method-start">184367 ms</span>
              </div> <!-- test-method -->
              <div class="test-method">
                <img src="failed.png">
                </img>
                <span class="method-name">validateaddarticle(Wine Cooler L, 0.7092910042432814)</span>
                <span class="method-start">188583 ms</span>
              </div> <!-- test-method -->
              <div class="test-method">
                <img src="failed.png">
                </img>
                <span class="method-name">validateaddarticle(Wine Cooler S, 0.23976033946251768)</span>
                <span class="method-start">198737 ms</span>
              </div> <!-- test-method -->
              <div class="test-method">
                <img src="failed.png">
                </img>
                <span class="method-name">validateaddarticle(Wine Rack, 9.99001414427157E-5)</span>
                <span class="method-start">208822 ms</span>
              </div> <!-- test-method -->
          </div> <!-- main-panel-content rounded-window-bottom -->
        </div> <!-- panel -->
      </div> <!-- main-panel-root -->
    </div> <!-- wrapper -->
  </body>
<script type="text/javascript" src="testng-reports2.js"></script>
</html>
