<?xml version="1.0" encoding="UTF-8"?>
<testng-results skipped="0" failed="9" ignored="0" total="45" passed="36">
  <reporter-output>
  </reporter-output>
  <suite name="Default suite" duration-ms="218995" started-at="2020-07-04T00:38:52 IST" finished-at="2020-07-04T00:42:31 IST">
    <groups>
    </groups>
    <test name="Default test" duration-ms="218995" started-at="2020-07-04T00:38:52 IST" finished-at="2020-07-04T00:42:31 IST">
      <class name="com.quickmove.qa.testcases.Add_all_article">
        <test-method status="PASS" signature="setup()[pri:0, instance:com.quickmove.qa.testcases.Add_all_article@1f7030a6]" name="setup" duration-ms="23078" started-at="2020-07-04T00:38:52 IST" finished-at="2020-07-04T00:39:15 IST">
          <reporter-output>
          </reporter-output>
        </test-method> <!-- setup -->
        <test-method status="PASS" signature="validateaddarticle(java.lang.String, java.lang.String)[pri:1, instance:com.quickmove.qa.testcases.Add_all_article@1f7030a6]" name="validateaddarticle" duration-ms="4316" started-at="2020-07-04T00:39:16 IST" data-provider="gettestdataarticle" finished-at="2020-07-04T00:39:21 IST">
          <params>
            <param index="0">
              <value>
                <![CDATA[dfs]]>
              </value>
            </param>
            <param index="1">
              <value>
                <![CDATA[0.9990014144271571]]>
              </value>
            </param>
          </params>
          <reporter-output>
          </reporter-output>
        </test-method> <!-- validateaddarticle -->
        <test-method status="FAIL" signature="validateaddarticle(java.lang.String, java.lang.String)[pri:1, instance:com.quickmove.qa.testcases.Add_all_article@1f7030a6]" name="validateaddarticle" duration-ms="2466" started-at="2020-07-04T00:39:21 IST" data-provider="gettestdataarticle" finished-at="2020-07-04T00:39:23 IST">
          <params>
            <param index="0">
              <value>
                <![CDATA[dfsdf]]>
              </value>
            </param>
            <param index="1">
              <value>
                <![CDATA[0.24975035360678927]]>
              </value>
            </param>
          </params>
          <exception class="org.openqa.selenium.StaleElementReferenceException">
            <message>
              <![CDATA[stale element reference: element is not attached to the page document
  (Session info: chrome=83.0.4103.116)
For documentation on this error, please visit: https://www.seleniumhq.org/exceptions/stale_element_reference.html
Build info: version: '3.141.59', revision: 'e82be7d358', time: '2018-11-14T08:17:03'
System info: host: 'DESKTOP-2PTS3ET', ip: '192.168.0.105', os.name: 'Windows 10', os.arch: 'amd64', os.version: '10.0', java.version: '1.8.0_251'
Driver info: org.openqa.selenium.chrome.ChromeDriver
Capabilities {acceptInsecureCerts: false, browserName: chrome, browserVersion: 83.0.4103.116, chrome: {chromedriverVersion: 83.0.4103.39 (ccbf011cb2d2b..., userDataDir: C:\Users\MYPC\AppData\Local...}, goog:chromeOptions: {debuggerAddress: localhost:52763}, javascriptEnabled: true, networkConnectionEnabled: false, pageLoadStrategy: normal, platform: WINDOWS, platformName: WINDOWS, proxy: Proxy(), setWindowRect: true, strictFileInteractability: false, timeouts: {implicit: 0, pageLoad: 300000, script: 30000}, unhandledPromptBehavior: dismiss and notify, webauthn:virtualAuthenticators: true}
Session ID: 3dc9126ca8afa607b7f2521c2bcfd578]]>
            </message>
            <full-stacktrace>
              <![CDATA[org.openqa.selenium.StaleElementReferenceException: stale element reference: element is not attached to the page document
  (Session info: chrome=83.0.4103.116)
For documentation on this error, please visit: https://www.seleniumhq.org/exceptions/stale_element_reference.html
Build info: version: '3.141.59', revision: 'e82be7d358', time: '2018-11-14T08:17:03'
System info: host: 'DESKTOP-2PTS3ET', ip: '192.168.0.105', os.name: 'Windows 10', os.arch: 'amd64', os.version: '10.0', java.version: '1.8.0_251'
Driver info: org.openqa.selenium.chrome.ChromeDriver
Capabilities {acceptInsecureCerts: false, browserName: chrome, browserVersion: 83.0.4103.116, chrome: {chromedriverVersion: 83.0.4103.39 (ccbf011cb2d2b..., userDataDir: C:\Users\MYPC\AppData\Local...}, goog:chromeOptions: {debuggerAddress: localhost:52763}, javascriptEnabled: true, networkConnectionEnabled: false, pageLoadStrategy: normal, platform: WINDOWS, platformName: WINDOWS, proxy: Proxy(), setWindowRect: true, strictFileInteractability: false, timeouts: {implicit: 0, pageLoad: 300000, script: 30000}, unhandledPromptBehavior: dismiss and notify, webauthn:virtualAuthenticators: true}
Session ID: 3dc9126ca8afa607b7f2521c2bcfd578
at sun.reflect.NativeConstructorAccessorImpl.newInstance0(Native Method)
at sun.reflect.NativeConstructorAccessorImpl.newInstance(Unknown Source)
at sun.reflect.DelegatingConstructorAccessorImpl.newInstance(Unknown Source)
at java.lang.reflect.Constructor.newInstance(Unknown Source)
at org.openqa.selenium.remote.http.W3CHttpResponseCodec.createException(W3CHttpResponseCodec.java:187)
at org.openqa.selenium.remote.http.W3CHttpResponseCodec.decode(W3CHttpResponseCodec.java:122)
at org.openqa.selenium.remote.http.W3CHttpResponseCodec.decode(W3CHttpResponseCodec.java:49)
at org.openqa.selenium.remote.HttpCommandExecutor.execute(HttpCommandExecutor.java:158)
at org.openqa.selenium.remote.service.DriverCommandExecutor.execute(DriverCommandExecutor.java:83)
at org.openqa.selenium.remote.RemoteWebDriver.execute(RemoteWebDriver.java:552)
at org.openqa.selenium.remote.RemoteWebElement.execute(RemoteWebElement.java:285)
at org.openqa.selenium.remote.RemoteWebElement.click(RemoteWebElement.java:84)
at sun.reflect.NativeMethodAccessorImpl.invoke0(Native Method)
at sun.reflect.NativeMethodAccessorImpl.invoke(Unknown Source)
at sun.reflect.DelegatingMethodAccessorImpl.invoke(Unknown Source)
at java.lang.reflect.Method.invoke(Unknown Source)
at org.openqa.selenium.support.pagefactory.internal.LocatingElementHandler.invoke(LocatingElementHandler.java:51)
at com.sun.proxy.$Proxy8.click(Unknown Source)
at com.quickmove.qa.pages.ArticleAddSettingPage.ClickonAddarticleicon(ArticleAddSettingPage.java:75)
at com.quickmove.qa.testcases.Add_all_article.validateaddarticle(Add_all_article.java:58)
at sun.reflect.NativeMethodAccessorImpl.invoke0(Native Method)
at sun.reflect.NativeMethodAccessorImpl.invoke(Unknown Source)
at sun.reflect.DelegatingMethodAccessorImpl.invoke(Unknown Source)
at java.lang.reflect.Method.invoke(Unknown Source)
at org.testng.internal.MethodInvocationHelper.invokeMethod(MethodInvocationHelper.java:135)
at org.testng.internal.TestInvoker.invokeMethod(TestInvoker.java:598)
at org.testng.internal.TestInvoker.invokeTestMethod(TestInvoker.java:174)
at org.testng.internal.MethodRunner.runInSequence(MethodRunner.java:46)
at org.testng.internal.TestInvoker$MethodInvocationAgent.invoke(TestInvoker.java:821)
at org.testng.internal.TestInvoker.invokeTestMethods(TestInvoker.java:147)
at org.testng.internal.TestMethodWorker.invokeTestMethods(TestMethodWorker.java:146)
at org.testng.internal.TestMethodWorker.run(TestMethodWorker.java:128)
at java.util.ArrayList.forEach(Unknown Source)
at org.testng.TestRunner.privateRun(TestRunner.java:767)
at org.testng.TestRunner.run(TestRunner.java:588)
at org.testng.SuiteRunner.runTest(SuiteRunner.java:384)
at org.testng.SuiteRunner.runSequentially(SuiteRunner.java:378)
at org.testng.SuiteRunner.privateRun(SuiteRunner.java:337)
at org.testng.SuiteRunner.run(SuiteRunner.java:286)
at org.testng.SuiteRunnerWorker.runSuite(SuiteRunnerWorker.java:53)
at org.testng.SuiteRunnerWorker.run(SuiteRunnerWorker.java:96)
at org.testng.TestNG.runSuitesSequentially(TestNG.java:1214)
at org.testng.TestNG.runSuitesLocally(TestNG.java:1136)
at org.testng.TestNG.runSuites(TestNG.java:1066)
at org.testng.TestNG.run(TestNG.java:1034)
at org.testng.remote.AbstractRemoteTestNG.run(AbstractRemoteTestNG.java:115)
at org.testng.remote.RemoteTestNG.initAndRun(RemoteTestNG.java:251)
at org.testng.remote.RemoteTestNG.main(RemoteTestNG.java:77)
]]>
            </full-stacktrace>
          </exception> <!-- org.openqa.selenium.StaleElementReferenceException -->
          <reporter-output>
          </reporter-output>
        </test-method> <!-- validateaddarticle -->
        <test-method status="PASS" signature="validateaddarticle(java.lang.String, java.lang.String)[pri:1, instance:com.quickmove.qa.testcases.Add_all_article@1f7030a6]" name="validateaddarticle" duration-ms="3873" started-at="2020-07-04T00:39:23 IST" data-provider="gettestdataarticle" finished-at="2020-07-04T00:39:27 IST">
          <params>
            <param index="0">
              <value>
                <![CDATA[dfsdgg]]>
              </value>
            </param>
            <param index="1">
              <value>
                <![CDATA[0.14985021216407354]]>
              </value>
            </param>
          </params>
          <reporter-output>
          </reporter-output>
        </test-method> <!-- validateaddarticle -->
        <test-method status="FAIL" signature="validateaddarticle(java.lang.String, java.lang.String)[pri:1, instance:com.quickmove.qa.testcases.Add_all_article@1f7030a6]" name="validateaddarticle" duration-ms="2046" started-at="2020-07-04T00:39:27 IST" data-provider="gettestdataarticle" finished-at="2020-07-04T00:39:29 IST">
          <params>
            <param index="0">
              <value>
                <![CDATA[sdg]]>
              </value>
            </param>
            <param index="1">
              <value>
                <![CDATA[0.49950070721357853]]>
              </value>
            </param>
          </params>
          <exception class="org.openqa.selenium.StaleElementReferenceException">
            <message>
              <![CDATA[stale element reference: element is not attached to the page document
  (Session info: chrome=83.0.4103.116)
For documentation on this error, please visit: https://www.seleniumhq.org/exceptions/stale_element_reference.html
Build info: version: '3.141.59', revision: 'e82be7d358', time: '2018-11-14T08:17:03'
System info: host: 'DESKTOP-2PTS3ET', ip: '192.168.0.105', os.name: 'Windows 10', os.arch: 'amd64', os.version: '10.0', java.version: '1.8.0_251'
Driver info: org.openqa.selenium.chrome.ChromeDriver
Capabilities {acceptInsecureCerts: false, browserName: chrome, browserVersion: 83.0.4103.116, chrome: {chromedriverVersion: 83.0.4103.39 (ccbf011cb2d2b..., userDataDir: C:\Users\MYPC\AppData\Local...}, goog:chromeOptions: {debuggerAddress: localhost:52763}, javascriptEnabled: true, networkConnectionEnabled: false, pageLoadStrategy: normal, platform: WINDOWS, platformName: WINDOWS, proxy: Proxy(), setWindowRect: true, strictFileInteractability: false, timeouts: {implicit: 0, pageLoad: 300000, script: 30000}, unhandledPromptBehavior: dismiss and notify, webauthn:virtualAuthenticators: true}
Session ID: 3dc9126ca8afa607b7f2521c2bcfd578]]>
            </message>
            <full-stacktrace>
              <![CDATA[org.openqa.selenium.StaleElementReferenceException: stale element reference: element is not attached to the page document
  (Session info: chrome=83.0.4103.116)
For documentation on this error, please visit: https://www.seleniumhq.org/exceptions/stale_element_reference.html
Build info: version: '3.141.59', revision: 'e82be7d358', time: '2018-11-14T08:17:03'
System info: host: 'DESKTOP-2PTS3ET', ip: '192.168.0.105', os.name: 'Windows 10', os.arch: 'amd64', os.version: '10.0', java.version: '1.8.0_251'
Driver info: org.openqa.selenium.chrome.ChromeDriver
Capabilities {acceptInsecureCerts: false, browserName: chrome, browserVersion: 83.0.4103.116, chrome: {chromedriverVersion: 83.0.4103.39 (ccbf011cb2d2b..., userDataDir: C:\Users\MYPC\AppData\Local...}, goog:chromeOptions: {debuggerAddress: localhost:52763}, javascriptEnabled: true, networkConnectionEnabled: false, pageLoadStrategy: normal, platform: WINDOWS, platformName: WINDOWS, proxy: Proxy(), setWindowRect: true, strictFileInteractability: false, timeouts: {implicit: 0, pageLoad: 300000, script: 30000}, unhandledPromptBehavior: dismiss and notify, webauthn:virtualAuthenticators: true}
Session ID: 3dc9126ca8afa607b7f2521c2bcfd578
at sun.reflect.NativeConstructorAccessorImpl.newInstance0(Native Method)
at sun.reflect.NativeConstructorAccessorImpl.newInstance(Unknown Source)
at sun.reflect.DelegatingConstructorAccessorImpl.newInstance(Unknown Source)
at java.lang.reflect.Constructor.newInstance(Unknown Source)
at org.openqa.selenium.remote.http.W3CHttpResponseCodec.createException(W3CHttpResponseCodec.java:187)
at org.openqa.selenium.remote.http.W3CHttpResponseCodec.decode(W3CHttpResponseCodec.java:122)
at org.openqa.selenium.remote.http.W3CHttpResponseCodec.decode(W3CHttpResponseCodec.java:49)
at org.openqa.selenium.remote.HttpCommandExecutor.execute(HttpCommandExecutor.java:158)
at org.openqa.selenium.remote.service.DriverCommandExecutor.execute(DriverCommandExecutor.java:83)
at org.openqa.selenium.remote.RemoteWebDriver.execute(RemoteWebDriver.java:552)
at org.openqa.selenium.remote.RemoteWebElement.execute(RemoteWebElement.java:285)
at org.openqa.selenium.remote.RemoteWebElement.click(RemoteWebElement.java:84)
at sun.reflect.NativeMethodAccessorImpl.invoke0(Native Method)
at sun.reflect.NativeMethodAccessorImpl.invoke(Unknown Source)
at sun.reflect.DelegatingMethodAccessorImpl.invoke(Unknown Source)
at java.lang.reflect.Method.invoke(Unknown Source)
at org.openqa.selenium.support.pagefactory.internal.LocatingElementHandler.invoke(LocatingElementHandler.java:51)
at com.sun.proxy.$Proxy8.click(Unknown Source)
at com.quickmove.qa.pages.ArticleAddSettingPage.ClickonAddarticleicon(ArticleAddSettingPage.java:75)
at com.quickmove.qa.testcases.Add_all_article.validateaddarticle(Add_all_article.java:58)
at sun.reflect.NativeMethodAccessorImpl.invoke0(Native Method)
at sun.reflect.NativeMethodAccessorImpl.invoke(Unknown Source)
at sun.reflect.DelegatingMethodAccessorImpl.invoke(Unknown Source)
at java.lang.reflect.Method.invoke(Unknown Source)
at org.testng.internal.MethodInvocationHelper.invokeMethod(MethodInvocationHelper.java:135)
at org.testng.internal.TestInvoker.invokeMethod(TestInvoker.java:598)
at org.testng.internal.TestInvoker.invokeTestMethod(TestInvoker.java:174)
at org.testng.internal.MethodRunner.runInSequence(MethodRunner.java:46)
at org.testng.internal.TestInvoker$MethodInvocationAgent.invoke(TestInvoker.java:821)
at org.testng.internal.TestInvoker.invokeTestMethods(TestInvoker.java:147)
at org.testng.internal.TestMethodWorker.invokeTestMethods(TestMethodWorker.java:146)
at org.testng.internal.TestMethodWorker.run(TestMethodWorker.java:128)
at java.util.ArrayList.forEach(Unknown Source)
at org.testng.TestRunner.privateRun(TestRunner.java:767)
at org.testng.TestRunner.run(TestRunner.java:588)
at org.testng.SuiteRunner.runTest(SuiteRunner.java:384)
at org.testng.SuiteRunner.runSequentially(SuiteRunner.java:378)
at org.testng.SuiteRunner.privateRun(SuiteRunner.java:337)
at org.testng.SuiteRunner.run(SuiteRunner.java:286)
at org.testng.SuiteRunnerWorker.runSuite(SuiteRunnerWorker.java:53)
at org.testng.SuiteRunnerWorker.run(SuiteRunnerWorker.java:96)
at org.testng.TestNG.runSuitesSequentially(TestNG.java:1214)
at org.testng.TestNG.runSuitesLocally(TestNG.java:1136)
at org.testng.TestNG.runSuites(TestNG.java:1066)
at org.testng.TestNG.run(TestNG.java:1034)
at org.testng.remote.AbstractRemoteTestNG.run(AbstractRemoteTestNG.java:115)
at org.testng.remote.RemoteTestNG.initAndRun(RemoteTestNG.java:251)
at org.testng.remote.RemoteTestNG.main(RemoteTestNG.java:77)
]]>
            </full-stacktrace>
          </exception> <!-- org.openqa.selenium.StaleElementReferenceException -->
          <reporter-output>
          </reporter-output>
        </test-method> <!-- validateaddarticle -->
        <test-method status="PASS" signature="validateaddarticle(java.lang.String, java.lang.String)[pri:1, instance:com.quickmove.qa.testcases.Add_all_article@1f7030a6]" name="validateaddarticle" duration-ms="3952" started-at="2020-07-04T00:39:29 IST" data-provider="gettestdataarticle" finished-at="2020-07-04T00:39:33 IST">
          <params>
            <param index="0">
              <value>
                <![CDATA[gaga]]>
              </value>
            </param>
            <param index="1">
              <value>
                <![CDATA[0.1998002828854314]]>
              </value>
            </param>
          </params>
          <reporter-output>
          </reporter-output>
        </test-method> <!-- validateaddarticle -->
        <test-method status="FAIL" signature="validateaddarticle(java.lang.String, java.lang.String)[pri:1, instance:com.quickmove.qa.testcases.Add_all_article@1f7030a6]" name="validateaddarticle" duration-ms="1847" started-at="2020-07-04T00:39:33 IST" data-provider="gettestdataarticle" finished-at="2020-07-04T00:39:35 IST">
          <params>
            <param index="0">
              <value>
                <![CDATA[ggg]]>
              </value>
            </param>
            <param index="1">
              <value>
                <![CDATA[0.3996005657708628]]>
              </value>
            </param>
          </params>
          <exception class="org.openqa.selenium.StaleElementReferenceException">
            <message>
              <![CDATA[stale element reference: element is not attached to the page document
  (Session info: chrome=83.0.4103.116)
For documentation on this error, please visit: https://www.seleniumhq.org/exceptions/stale_element_reference.html
Build info: version: '3.141.59', revision: 'e82be7d358', time: '2018-11-14T08:17:03'
System info: host: 'DESKTOP-2PTS3ET', ip: '192.168.0.105', os.name: 'Windows 10', os.arch: 'amd64', os.version: '10.0', java.version: '1.8.0_251'
Driver info: org.openqa.selenium.chrome.ChromeDriver
Capabilities {acceptInsecureCerts: false, browserName: chrome, browserVersion: 83.0.4103.116, chrome: {chromedriverVersion: 83.0.4103.39 (ccbf011cb2d2b..., userDataDir: C:\Users\MYPC\AppData\Local...}, goog:chromeOptions: {debuggerAddress: localhost:52763}, javascriptEnabled: true, networkConnectionEnabled: false, pageLoadStrategy: normal, platform: WINDOWS, platformName: WINDOWS, proxy: Proxy(), setWindowRect: true, strictFileInteractability: false, timeouts: {implicit: 0, pageLoad: 300000, script: 30000}, unhandledPromptBehavior: dismiss and notify, webauthn:virtualAuthenticators: true}
Session ID: 3dc9126ca8afa607b7f2521c2bcfd578]]>
            </message>
            <full-stacktrace>
              <![CDATA[org.openqa.selenium.StaleElementReferenceException: stale element reference: element is not attached to the page document
  (Session info: chrome=83.0.4103.116)
For documentation on this error, please visit: https://www.seleniumhq.org/exceptions/stale_element_reference.html
Build info: version: '3.141.59', revision: 'e82be7d358', time: '2018-11-14T08:17:03'
System info: host: 'DESKTOP-2PTS3ET', ip: '192.168.0.105', os.name: 'Windows 10', os.arch: 'amd64', os.version: '10.0', java.version: '1.8.0_251'
Driver info: org.openqa.selenium.chrome.ChromeDriver
Capabilities {acceptInsecureCerts: false, browserName: chrome, browserVersion: 83.0.4103.116, chrome: {chromedriverVersion: 83.0.4103.39 (ccbf011cb2d2b..., userDataDir: C:\Users\MYPC\AppData\Local...}, goog:chromeOptions: {debuggerAddress: localhost:52763}, javascriptEnabled: true, networkConnectionEnabled: false, pageLoadStrategy: normal, platform: WINDOWS, platformName: WINDOWS, proxy: Proxy(), setWindowRect: true, strictFileInteractability: false, timeouts: {implicit: 0, pageLoad: 300000, script: 30000}, unhandledPromptBehavior: dismiss and notify, webauthn:virtualAuthenticators: true}
Session ID: 3dc9126ca8afa607b7f2521c2bcfd578
at sun.reflect.NativeConstructorAccessorImpl.newInstance0(Native Method)
at sun.reflect.NativeConstructorAccessorImpl.newInstance(Unknown Source)
at sun.reflect.DelegatingConstructorAccessorImpl.newInstance(Unknown Source)
at java.lang.reflect.Constructor.newInstance(Unknown Source)
at org.openqa.selenium.remote.http.W3CHttpResponseCodec.createException(W3CHttpResponseCodec.java:187)
at org.openqa.selenium.remote.http.W3CHttpResponseCodec.decode(W3CHttpResponseCodec.java:122)
at org.openqa.selenium.remote.http.W3CHttpResponseCodec.decode(W3CHttpResponseCodec.java:49)
at org.openqa.selenium.remote.HttpCommandExecutor.execute(HttpCommandExecutor.java:158)
at org.openqa.selenium.remote.service.DriverCommandExecutor.execute(DriverCommandExecutor.java:83)
at org.openqa.selenium.remote.RemoteWebDriver.execute(RemoteWebDriver.java:552)
at org.openqa.selenium.remote.RemoteWebElement.execute(RemoteWebElement.java:285)
at org.openqa.selenium.remote.RemoteWebElement.click(RemoteWebElement.java:84)
at sun.reflect.NativeMethodAccessorImpl.invoke0(Native Method)
at sun.reflect.NativeMethodAccessorImpl.invoke(Unknown Source)
at sun.reflect.DelegatingMethodAccessorImpl.invoke(Unknown Source)
at java.lang.reflect.Method.invoke(Unknown Source)
at org.openqa.selenium.support.pagefactory.internal.LocatingElementHandler.invoke(LocatingElementHandler.java:51)
at com.sun.proxy.$Proxy8.click(Unknown Source)
at com.quickmove.qa.pages.ArticleAddSettingPage.ClickonAddarticleicon(ArticleAddSettingPage.java:75)
at com.quickmove.qa.testcases.Add_all_article.validateaddarticle(Add_all_article.java:58)
at sun.reflect.NativeMethodAccessorImpl.invoke0(Native Method)
at sun.reflect.NativeMethodAccessorImpl.invoke(Unknown Source)
at sun.reflect.DelegatingMethodAccessorImpl.invoke(Unknown Source)
at java.lang.reflect.Method.invoke(Unknown Source)
at org.testng.internal.MethodInvocationHelper.invokeMethod(MethodInvocationHelper.java:135)
at org.testng.internal.TestInvoker.invokeMethod(TestInvoker.java:598)
at org.testng.internal.TestInvoker.invokeTestMethod(TestInvoker.java:174)
at org.testng.internal.MethodRunner.runInSequence(MethodRunner.java:46)
at org.testng.internal.TestInvoker$MethodInvocationAgent.invoke(TestInvoker.java:821)
at org.testng.internal.TestInvoker.invokeTestMethods(TestInvoker.java:147)
at org.testng.internal.TestMethodWorker.invokeTestMethods(TestMethodWorker.java:146)
at org.testng.internal.TestMethodWorker.run(TestMethodWorker.java:128)
at java.util.ArrayList.forEach(Unknown Source)
at org.testng.TestRunner.privateRun(TestRunner.java:767)
at org.testng.TestRunner.run(TestRunner.java:588)
at org.testng.SuiteRunner.runTest(SuiteRunner.java:384)
at org.testng.SuiteRunner.runSequentially(SuiteRunner.java:378)
at org.testng.SuiteRunner.privateRun(SuiteRunner.java:337)
at org.testng.SuiteRunner.run(SuiteRunner.java:286)
at org.testng.SuiteRunnerWorker.runSuite(SuiteRunnerWorker.java:53)
at org.testng.SuiteRunnerWorker.run(SuiteRunnerWorker.java:96)
at org.testng.TestNG.runSuitesSequentially(TestNG.java:1214)
at org.testng.TestNG.runSuitesLocally(TestNG.java:1136)
at org.testng.TestNG.runSuites(TestNG.java:1066)
at org.testng.TestNG.run(TestNG.java:1034)
at org.testng.remote.AbstractRemoteTestNG.run(AbstractRemoteTestNG.java:115)
at org.testng.remote.RemoteTestNG.initAndRun(RemoteTestNG.java:251)
at org.testng.remote.RemoteTestNG.main(RemoteTestNG.java:77)
]]>
            </full-stacktrace>
          </exception> <!-- org.openqa.selenium.StaleElementReferenceException -->
          <reporter-output>
          </reporter-output>
        </test-method> <!-- validateaddarticle -->
        <test-method status="PASS" signature="validateaddarticle(java.lang.String, java.lang.String)[pri:1, instance:com.quickmove.qa.testcases.Add_all_article@1f7030a6]" name="validateaddarticle" duration-ms="3808" started-at="2020-07-04T00:39:35 IST" data-provider="gettestdataarticle" finished-at="2020-07-04T00:39:39 IST">
          <params>
            <param index="0">
              <value>
                <![CDATA[agag]]>
              </value>
            </param>
            <param index="1">
              <value>
                <![CDATA[0.1998002828854314]]>
              </value>
            </param>
          </params>
          <reporter-output>
          </reporter-output>
        </test-method> <!-- validateaddarticle -->
        <test-method status="PASS" signature="validateaddarticle(java.lang.String, java.lang.String)[pri:1, instance:com.quickmove.qa.testcases.Add_all_article@1f7030a6]" name="validateaddarticle" duration-ms="4190" started-at="2020-07-04T00:39:39 IST" data-provider="gettestdataarticle" finished-at="2020-07-04T00:39:43 IST">
          <params>
            <param index="0">
              <value>
                <![CDATA[geegh]]>
              </value>
            </param>
            <param index="1">
              <value>
                <![CDATA[0.1998002828854314]]>
              </value>
            </param>
          </params>
          <reporter-output>
          </reporter-output>
        </test-method> <!-- validateaddarticle -->
        <test-method status="PASS" signature="validateaddarticle(java.lang.String, java.lang.String)[pri:1, instance:com.quickmove.qa.testcases.Add_all_article@1f7030a6]" name="validateaddarticle" duration-ms="4074" started-at="2020-07-04T00:39:43 IST" data-provider="gettestdataarticle" finished-at="2020-07-04T00:39:47 IST">
          <params>
            <param index="0">
              <value>
                <![CDATA[af]]>
              </value>
            </param>
            <param index="1">
              <value>
                <![CDATA[0.3496504950495049]]>
              </value>
            </param>
          </params>
          <reporter-output>
          </reporter-output>
        </test-method> <!-- validateaddarticle -->
        <test-method status="PASS" signature="validateaddarticle(java.lang.String, java.lang.String)[pri:1, instance:com.quickmove.qa.testcases.Add_all_article@1f7030a6]" name="validateaddarticle" duration-ms="3968" started-at="2020-07-04T00:39:47 IST" data-provider="gettestdataarticle" finished-at="2020-07-04T00:39:51 IST">
          <params>
            <param index="0">
              <value>
                <![CDATA[edt]]>
              </value>
            </param>
            <param index="1">
              <value>
                <![CDATA[9.99001414427157E-5]]>
              </value>
            </param>
          </params>
          <reporter-output>
          </reporter-output>
        </test-method> <!-- validateaddarticle -->
        <test-method status="FAIL" signature="validateaddarticle(java.lang.String, java.lang.String)[pri:1, instance:com.quickmove.qa.testcases.Add_all_article@1f7030a6]" name="validateaddarticle" duration-ms="3974" started-at="2020-07-04T00:39:51 IST" data-provider="gettestdataarticle" finished-at="2020-07-04T00:39:55 IST">
          <params>
            <param index="0">
              <value>
                <![CDATA[dfy5]]>
              </value>
            </param>
            <param index="1">
              <value>
                <![CDATA[2.4975035360678923]]>
              </value>
            </param>
          </params>
          <exception class="org.openqa.selenium.StaleElementReferenceException">
            <message>
              <![CDATA[stale element reference: element is not attached to the page document
  (Session info: chrome=83.0.4103.116)
For documentation on this error, please visit: https://www.seleniumhq.org/exceptions/stale_element_reference.html
Build info: version: '3.141.59', revision: 'e82be7d358', time: '2018-11-14T08:17:03'
System info: host: 'DESKTOP-2PTS3ET', ip: '192.168.0.105', os.name: 'Windows 10', os.arch: 'amd64', os.version: '10.0', java.version: '1.8.0_251'
Driver info: org.openqa.selenium.chrome.ChromeDriver
Capabilities {acceptInsecureCerts: false, browserName: chrome, browserVersion: 83.0.4103.116, chrome: {chromedriverVersion: 83.0.4103.39 (ccbf011cb2d2b..., userDataDir: C:\Users\MYPC\AppData\Local...}, goog:chromeOptions: {debuggerAddress: localhost:52763}, javascriptEnabled: true, networkConnectionEnabled: false, pageLoadStrategy: normal, platform: WINDOWS, platformName: WINDOWS, proxy: Proxy(), setWindowRect: true, strictFileInteractability: false, timeouts: {implicit: 0, pageLoad: 300000, script: 30000}, unhandledPromptBehavior: dismiss and notify, webauthn:virtualAuthenticators: true}
Session ID: 3dc9126ca8afa607b7f2521c2bcfd578]]>
            </message>
            <full-stacktrace>
              <![CDATA[org.openqa.selenium.StaleElementReferenceException: stale element reference: element is not attached to the page document
  (Session info: chrome=83.0.4103.116)
For documentation on this error, please visit: https://www.seleniumhq.org/exceptions/stale_element_reference.html
Build info: version: '3.141.59', revision: 'e82be7d358', time: '2018-11-14T08:17:03'
System info: host: 'DESKTOP-2PTS3ET', ip: '192.168.0.105', os.name: 'Windows 10', os.arch: 'amd64', os.version: '10.0', java.version: '1.8.0_251'
Driver info: org.openqa.selenium.chrome.ChromeDriver
Capabilities {acceptInsecureCerts: false, browserName: chrome, browserVersion: 83.0.4103.116, chrome: {chromedriverVersion: 83.0.4103.39 (ccbf011cb2d2b..., userDataDir: C:\Users\MYPC\AppData\Local...}, goog:chromeOptions: {debuggerAddress: localhost:52763}, javascriptEnabled: true, networkConnectionEnabled: false, pageLoadStrategy: normal, platform: WINDOWS, platformName: WINDOWS, proxy: Proxy(), setWindowRect: true, strictFileInteractability: false, timeouts: {implicit: 0, pageLoad: 300000, script: 30000}, unhandledPromptBehavior: dismiss and notify, webauthn:virtualAuthenticators: true}
Session ID: 3dc9126ca8afa607b7f2521c2bcfd578
at sun.reflect.NativeConstructorAccessorImpl.newInstance0(Native Method)
at sun.reflect.NativeConstructorAccessorImpl.newInstance(Unknown Source)
at sun.reflect.DelegatingConstructorAccessorImpl.newInstance(Unknown Source)
at java.lang.reflect.Constructor.newInstance(Unknown Source)
at org.openqa.selenium.remote.http.W3CHttpResponseCodec.createException(W3CHttpResponseCodec.java:187)
at org.openqa.selenium.remote.http.W3CHttpResponseCodec.decode(W3CHttpResponseCodec.java:122)
at org.openqa.selenium.remote.http.W3CHttpResponseCodec.decode(W3CHttpResponseCodec.java:49)
at org.openqa.selenium.remote.HttpCommandExecutor.execute(HttpCommandExecutor.java:158)
at org.openqa.selenium.remote.service.DriverCommandExecutor.execute(DriverCommandExecutor.java:83)
at org.openqa.selenium.remote.RemoteWebDriver.execute(RemoteWebDriver.java:552)
at org.openqa.selenium.remote.RemoteWebElement.execute(RemoteWebElement.java:285)
at org.openqa.selenium.remote.RemoteWebElement.click(RemoteWebElement.java:84)
at sun.reflect.GeneratedMethodAccessor1.invoke(Unknown Source)
at sun.reflect.DelegatingMethodAccessorImpl.invoke(Unknown Source)
at java.lang.reflect.Method.invoke(Unknown Source)
at org.openqa.selenium.support.pagefactory.internal.LocatingElementHandler.invoke(LocatingElementHandler.java:51)
at com.sun.proxy.$Proxy8.click(Unknown Source)
at com.quickmove.qa.pages.ArticleAddSettingPage.ClickonAddarticleicon(ArticleAddSettingPage.java:75)
at com.quickmove.qa.testcases.Add_all_article.validateaddarticle(Add_all_article.java:58)
at sun.reflect.NativeMethodAccessorImpl.invoke0(Native Method)
at sun.reflect.NativeMethodAccessorImpl.invoke(Unknown Source)
at sun.reflect.DelegatingMethodAccessorImpl.invoke(Unknown Source)
at java.lang.reflect.Method.invoke(Unknown Source)
at org.testng.internal.MethodInvocationHelper.invokeMethod(MethodInvocationHelper.java:135)
at org.testng.internal.TestInvoker.invokeMethod(TestInvoker.java:598)
at org.testng.internal.TestInvoker.invokeTestMethod(TestInvoker.java:174)
at org.testng.internal.MethodRunner.runInSequence(MethodRunner.java:46)
at org.testng.internal.TestInvoker$MethodInvocationAgent.invoke(TestInvoker.java:821)
at org.testng.internal.TestInvoker.invokeTestMethods(TestInvoker.java:147)
at org.testng.internal.TestMethodWorker.invokeTestMethods(TestMethodWorker.java:146)
at org.testng.internal.TestMethodWorker.run(TestMethodWorker.java:128)
at java.util.ArrayList.forEach(Unknown Source)
at org.testng.TestRunner.privateRun(TestRunner.java:767)
at org.testng.TestRunner.run(TestRunner.java:588)
at org.testng.SuiteRunner.runTest(SuiteRunner.java:384)
at org.testng.SuiteRunner.runSequentially(SuiteRunner.java:378)
at org.testng.SuiteRunner.privateRun(SuiteRunner.java:337)
at org.testng.SuiteRunner.run(SuiteRunner.java:286)
at org.testng.SuiteRunnerWorker.runSuite(SuiteRunnerWorker.java:53)
at org.testng.SuiteRunnerWorker.run(SuiteRunnerWorker.java:96)
at org.testng.TestNG.runSuitesSequentially(TestNG.java:1214)
at org.testng.TestNG.runSuitesLocally(TestNG.java:1136)
at org.testng.TestNG.runSuites(TestNG.java:1066)
at org.testng.TestNG.run(TestNG.java:1034)
at org.testng.remote.AbstractRemoteTestNG.run(AbstractRemoteTestNG.java:115)
at org.testng.remote.RemoteTestNG.initAndRun(RemoteTestNG.java:251)
at org.testng.remote.RemoteTestNG.main(RemoteTestNG.java:77)
]]>
            </full-stacktrace>
          </exception> <!-- org.openqa.selenium.StaleElementReferenceException -->
          <reporter-output>
          </reporter-output>
        </test-method> <!-- validateaddarticle -->
        <test-method status="PASS" signature="validateaddarticle(java.lang.String, java.lang.String)[pri:1, instance:com.quickmove.qa.testcases.Add_all_article@1f7030a6]" name="validateaddarticle" duration-ms="4051" started-at="2020-07-04T00:39:55 IST" data-provider="gettestdataarticle" finished-at="2020-07-04T00:39:59 IST">
          <params>
            <param index="0">
              <value>
                <![CDATA[rheh]]>
              </value>
            </param>
            <param index="1">
              <value>
                <![CDATA[0.2997004243281471]]>
              </value>
            </param>
          </params>
          <reporter-output>
          </reporter-output>
        </test-method> <!-- validateaddarticle -->
        <test-method status="PASS" signature="validateaddarticle(java.lang.String, java.lang.String)[pri:1, instance:com.quickmove.qa.testcases.Add_all_article@1f7030a6]" name="validateaddarticle" duration-ms="4082" started-at="2020-07-04T00:39:59 IST" data-provider="gettestdataarticle" finished-at="2020-07-04T00:40:03 IST">
          <params>
            <param index="0">
              <value>
                <![CDATA[dfh]]>
              </value>
            </param>
            <param index="1">
              <value>
                <![CDATA[0.9990014144271571]]>
              </value>
            </param>
          </params>
          <reporter-output>
          </reporter-output>
        </test-method> <!-- validateaddarticle -->
        <test-method status="PASS" signature="validateaddarticle(java.lang.String, java.lang.String)[pri:1, instance:com.quickmove.qa.testcases.Add_all_article@1f7030a6]" name="validateaddarticle" duration-ms="3947" started-at="2020-07-04T00:40:03 IST" data-provider="gettestdataarticle" finished-at="2020-07-04T00:40:07 IST">
          <params>
            <param index="0">
              <value>
                <![CDATA[df54]]>
              </value>
            </param>
            <param index="1">
              <value>
                <![CDATA[0.14985021216407354]]>
              </value>
            </param>
          </params>
          <reporter-output>
          </reporter-output>
        </test-method> <!-- validateaddarticle -->
        <test-method status="PASS" signature="validateaddarticle(java.lang.String, java.lang.String)[pri:1, instance:com.quickmove.qa.testcases.Add_all_article@1f7030a6]" name="validateaddarticle" duration-ms="4093" started-at="2020-07-04T00:40:07 IST" data-provider="gettestdataarticle" finished-at="2020-07-04T00:40:11 IST">
          <params>
            <param index="0">
              <value>
                <![CDATA[hdh54]]>
              </value>
            </param>
            <param index="1">
              <value>
                <![CDATA[0.08991012729844412]]>
              </value>
            </param>
          </params>
          <reporter-output>
          </reporter-output>
        </test-method> <!-- validateaddarticle -->
        <test-method status="PASS" signature="validateaddarticle(java.lang.String, java.lang.String)[pri:1, instance:com.quickmove.qa.testcases.Add_all_article@1f7030a6]" name="validateaddarticle" duration-ms="4004" started-at="2020-07-04T00:40:11 IST" data-provider="gettestdataarticle" finished-at="2020-07-04T00:40:15 IST">
          <params>
            <param index="0">
              <value>
                <![CDATA[th6]]>
              </value>
            </param>
            <param index="1">
              <value>
                <![CDATA[0.1414426162602546]]>
              </value>
            </param>
          </params>
          <reporter-output>
          </reporter-output>
        </test-method> <!-- validateaddarticle -->
        <test-method status="PASS" signature="validateaddarticle(java.lang.String, java.lang.String)[pri:1, instance:com.quickmove.qa.testcases.Add_all_article@1f7030a6]" name="validateaddarticle" duration-ms="4002" started-at="2020-07-04T00:40:15 IST" data-provider="gettestdataarticle" finished-at="2020-07-04T00:40:19 IST">
          <params>
            <param index="0">
              <value>
                <![CDATA[TV 50"]]>
              </value>
            </param>
            <param index="1">
              <value>
                <![CDATA[0.24975035360678927]]>
              </value>
            </param>
          </params>
          <reporter-output>
          </reporter-output>
        </test-method> <!-- validateaddarticle -->
        <test-method status="FAIL" signature="validateaddarticle(java.lang.String, java.lang.String)[pri:1, instance:com.quickmove.qa.testcases.Add_all_article@1f7030a6]" name="validateaddarticle" duration-ms="2033" started-at="2020-07-04T00:40:19 IST" data-provider="gettestdataarticle" finished-at="2020-07-04T00:40:21 IST">
          <params>
            <param index="0">
              <value>
                <![CDATA[TV 60"]]>
              </value>
            </param>
            <param index="1">
              <value>
                <![CDATA[0.3496504950495049]]>
              </value>
            </param>
          </params>
          <exception class="org.openqa.selenium.StaleElementReferenceException">
            <message>
              <![CDATA[stale element reference: element is not attached to the page document
  (Session info: chrome=83.0.4103.116)
For documentation on this error, please visit: https://www.seleniumhq.org/exceptions/stale_element_reference.html
Build info: version: '3.141.59', revision: 'e82be7d358', time: '2018-11-14T08:17:03'
System info: host: 'DESKTOP-2PTS3ET', ip: '192.168.0.105', os.name: 'Windows 10', os.arch: 'amd64', os.version: '10.0', java.version: '1.8.0_251'
Driver info: org.openqa.selenium.chrome.ChromeDriver
Capabilities {acceptInsecureCerts: false, browserName: chrome, browserVersion: 83.0.4103.116, chrome: {chromedriverVersion: 83.0.4103.39 (ccbf011cb2d2b..., userDataDir: C:\Users\MYPC\AppData\Local...}, goog:chromeOptions: {debuggerAddress: localhost:52763}, javascriptEnabled: true, networkConnectionEnabled: false, pageLoadStrategy: normal, platform: WINDOWS, platformName: WINDOWS, proxy: Proxy(), setWindowRect: true, strictFileInteractability: false, timeouts: {implicit: 0, pageLoad: 300000, script: 30000}, unhandledPromptBehavior: dismiss and notify, webauthn:virtualAuthenticators: true}
Session ID: 3dc9126ca8afa607b7f2521c2bcfd578]]>
            </message>
            <full-stacktrace>
              <![CDATA[org.openqa.selenium.StaleElementReferenceException: stale element reference: element is not attached to the page document
  (Session info: chrome=83.0.4103.116)
For documentation on this error, please visit: https://www.seleniumhq.org/exceptions/stale_element_reference.html
Build info: version: '3.141.59', revision: 'e82be7d358', time: '2018-11-14T08:17:03'
System info: host: 'DESKTOP-2PTS3ET', ip: '192.168.0.105', os.name: 'Windows 10', os.arch: 'amd64', os.version: '10.0', java.version: '1.8.0_251'
Driver info: org.openqa.selenium.chrome.ChromeDriver
Capabilities {acceptInsecureCerts: false, browserName: chrome, browserVersion: 83.0.4103.116, chrome: {chromedriverVersion: 83.0.4103.39 (ccbf011cb2d2b..., userDataDir: C:\Users\MYPC\AppData\Local...}, goog:chromeOptions: {debuggerAddress: localhost:52763}, javascriptEnabled: true, networkConnectionEnabled: false, pageLoadStrategy: normal, platform: WINDOWS, platformName: WINDOWS, proxy: Proxy(), setWindowRect: true, strictFileInteractability: false, timeouts: {implicit: 0, pageLoad: 300000, script: 30000}, unhandledPromptBehavior: dismiss and notify, webauthn:virtualAuthenticators: true}
Session ID: 3dc9126ca8afa607b7f2521c2bcfd578
at sun.reflect.NativeConstructorAccessorImpl.newInstance0(Native Method)
at sun.reflect.NativeConstructorAccessorImpl.newInstance(Unknown Source)
at sun.reflect.DelegatingConstructorAccessorImpl.newInstance(Unknown Source)
at java.lang.reflect.Constructor.newInstance(Unknown Source)
at org.openqa.selenium.remote.http.W3CHttpResponseCodec.createException(W3CHttpResponseCodec.java:187)
at org.openqa.selenium.remote.http.W3CHttpResponseCodec.decode(W3CHttpResponseCodec.java:122)
at org.openqa.selenium.remote.http.W3CHttpResponseCodec.decode(W3CHttpResponseCodec.java:49)
at org.openqa.selenium.remote.HttpCommandExecutor.execute(HttpCommandExecutor.java:158)
at org.openqa.selenium.remote.service.DriverCommandExecutor.execute(DriverCommandExecutor.java:83)
at org.openqa.selenium.remote.RemoteWebDriver.execute(RemoteWebDriver.java:552)
at org.openqa.selenium.remote.RemoteWebElement.execute(RemoteWebElement.java:285)
at org.openqa.selenium.remote.RemoteWebElement.click(RemoteWebElement.java:84)
at sun.reflect.GeneratedMethodAccessor1.invoke(Unknown Source)
at sun.reflect.DelegatingMethodAccessorImpl.invoke(Unknown Source)
at java.lang.reflect.Method.invoke(Unknown Source)
at org.openqa.selenium.support.pagefactory.internal.LocatingElementHandler.invoke(LocatingElementHandler.java:51)
at com.sun.proxy.$Proxy8.click(Unknown Source)
at com.quickmove.qa.pages.ArticleAddSettingPage.ClickonAddarticleicon(ArticleAddSettingPage.java:75)
at com.quickmove.qa.testcases.Add_all_article.validateaddarticle(Add_all_article.java:58)
at sun.reflect.GeneratedMethodAccessor3.invoke(Unknown Source)
at sun.reflect.DelegatingMethodAccessorImpl.invoke(Unknown Source)
at java.lang.reflect.Method.invoke(Unknown Source)
at org.testng.internal.MethodInvocationHelper.invokeMethod(MethodInvocationHelper.java:135)
at org.testng.internal.TestInvoker.invokeMethod(TestInvoker.java:598)
at org.testng.internal.TestInvoker.invokeTestMethod(TestInvoker.java:174)
at org.testng.internal.MethodRunner.runInSequence(MethodRunner.java:46)
at org.testng.internal.TestInvoker$MethodInvocationAgent.invoke(TestInvoker.java:821)
at org.testng.internal.TestInvoker.invokeTestMethods(TestInvoker.java:147)
at org.testng.internal.TestMethodWorker.invokeTestMethods(TestMethodWorker.java:146)
at org.testng.internal.TestMethodWorker.run(TestMethodWorker.java:128)
at java.util.ArrayList.forEach(Unknown Source)
at org.testng.TestRunner.privateRun(TestRunner.java:767)
at org.testng.TestRunner.run(TestRunner.java:588)
at org.testng.SuiteRunner.runTest(SuiteRunner.java:384)
at org.testng.SuiteRunner.runSequentially(SuiteRunner.java:378)
at org.testng.SuiteRunner.privateRun(SuiteRunner.java:337)
at org.testng.SuiteRunner.run(SuiteRunner.java:286)
at org.testng.SuiteRunnerWorker.runSuite(SuiteRunnerWorker.java:53)
at org.testng.SuiteRunnerWorker.run(SuiteRunnerWorker.java:96)
at org.testng.TestNG.runSuitesSequentially(TestNG.java:1214)
at org.testng.TestNG.runSuitesLocally(TestNG.java:1136)
at org.testng.TestNG.runSuites(TestNG.java:1066)
at org.testng.TestNG.run(TestNG.java:1034)
at org.testng.remote.AbstractRemoteTestNG.run(AbstractRemoteTestNG.java:115)
at org.testng.remote.RemoteTestNG.initAndRun(RemoteTestNG.java:251)
at org.testng.remote.RemoteTestNG.main(RemoteTestNG.java:77)
]]>
            </full-stacktrace>
          </exception> <!-- org.openqa.selenium.StaleElementReferenceException -->
          <reporter-output>
          </reporter-output>
        </test-method> <!-- validateaddarticle -->
        <test-method status="PASS" signature="validateaddarticle(java.lang.String, java.lang.String)[pri:1, instance:com.quickmove.qa.testcases.Add_all_article@1f7030a6]" name="validateaddarticle" duration-ms="4202" started-at="2020-07-04T00:40:21 IST" data-provider="gettestdataarticle" finished-at="2020-07-04T00:40:25 IST">
          <params>
            <param index="0">
              <value>
                <![CDATA[TV 70"]]>
              </value>
            </param>
            <param index="1">
              <value>
                <![CDATA[0.4495506364922206]]>
              </value>
            </param>
          </params>
          <reporter-output>
          </reporter-output>
        </test-method> <!-- validateaddarticle -->
        <test-method status="PASS" signature="validateaddarticle(java.lang.String, java.lang.String)[pri:1, instance:com.quickmove.qa.testcases.Add_all_article@1f7030a6]" name="validateaddarticle" duration-ms="4601" started-at="2020-07-04T00:40:25 IST" data-provider="gettestdataarticle" finished-at="2020-07-04T00:40:30 IST">
          <params>
            <param index="0">
              <value>
                <![CDATA[Tv Unit - Big Wall Mounted ]]>
              </value>
            </param>
            <param index="1">
              <value>
                <![CDATA[1.4985021216407355]]>
              </value>
            </param>
          </params>
          <reporter-output>
          </reporter-output>
        </test-method> <!-- validateaddarticle -->
        <test-method status="PASS" signature="validateaddarticle(java.lang.String, java.lang.String)[pri:1, instance:com.quickmove.qa.testcases.Add_all_article@1f7030a6]" name="validateaddarticle" duration-ms="4224" started-at="2020-07-04T00:40:30 IST" data-provider="gettestdataarticle" finished-at="2020-07-04T00:40:34 IST">
          <params>
            <param index="0">
              <value>
                <![CDATA[Tv Unit Large ]]>
              </value>
            </param>
            <param index="1">
              <value>
                <![CDATA[0.9990014144271571]]>
              </value>
            </param>
          </params>
          <reporter-output>
          </reporter-output>
        </test-method> <!-- validateaddarticle -->
        <test-method status="PASS" signature="validateaddarticle(java.lang.String, java.lang.String)[pri:1, instance:com.quickmove.qa.testcases.Add_all_article@1f7030a6]" name="validateaddarticle" duration-ms="4261" started-at="2020-07-04T00:40:34 IST" data-provider="gettestdataarticle" finished-at="2020-07-04T00:40:39 IST">
          <params>
            <param index="0">
              <value>
                <![CDATA[Tv Unit Medium ]]>
              </value>
            </param>
            <param index="1">
              <value>
                <![CDATA[0.49950070721357853]]>
              </value>
            </param>
          </params>
          <reporter-output>
          </reporter-output>
        </test-method> <!-- validateaddarticle -->
        <test-method status="PASS" signature="validateaddarticle(java.lang.String, java.lang.String)[pri:1, instance:com.quickmove.qa.testcases.Add_all_article@1f7030a6]" name="validateaddarticle" duration-ms="4294" started-at="2020-07-04T00:40:39 IST" data-provider="gettestdataarticle" finished-at="2020-07-04T00:40:43 IST">
          <params>
            <param index="0">
              <value>
                <![CDATA[TV Unit Small]]>
              </value>
            </param>
            <param index="1">
              <value>
                <![CDATA[0.2997004243281471]]>
              </value>
            </param>
          </params>
          <reporter-output>
          </reporter-output>
        </test-method> <!-- validateaddarticle -->
        <test-method status="PASS" signature="validateaddarticle(java.lang.String, java.lang.String)[pri:1, instance:com.quickmove.qa.testcases.Add_all_article@1f7030a6]" name="validateaddarticle" duration-ms="4076" started-at="2020-07-04T00:40:43 IST" data-provider="gettestdataarticle" finished-at="2020-07-04T00:40:47 IST">
          <params>
            <param index="0">
              <value>
                <![CDATA[Umbrella]]>
              </value>
            </param>
            <param index="1">
              <value>
                <![CDATA[0.3496504950495049]]>
              </value>
            </param>
          </params>
          <reporter-output>
          </reporter-output>
        </test-method> <!-- validateaddarticle -->
        <test-method status="PASS" signature="validateaddarticle(java.lang.String, java.lang.String)[pri:1, instance:com.quickmove.qa.testcases.Add_all_article@1f7030a6]" name="validateaddarticle" duration-ms="4516" started-at="2020-07-04T00:40:47 IST" data-provider="gettestdataarticle" finished-at="2020-07-04T00:40:51 IST">
          <params>
            <param index="0">
              <value>
                <![CDATA[Vacume Cleaner]]>
              </value>
            </param>
            <param index="1">
              <value>
                <![CDATA[0.08991012729844412]]>
              </value>
            </param>
          </params>
          <reporter-output>
          </reporter-output>
        </test-method> <!-- validateaddarticle -->
        <test-method status="PASS" signature="validateaddarticle(java.lang.String, java.lang.String)[pri:1, instance:com.quickmove.qa.testcases.Add_all_article@1f7030a6]" name="validateaddarticle" duration-ms="4135" started-at="2020-07-04T00:40:51 IST" data-provider="gettestdataarticle" finished-at="2020-07-04T00:40:56 IST">
          <params>
            <param index="0">
              <value>
                <![CDATA[Vase / Pots]]>
              </value>
            </param>
            <param index="1">
              <value>
                <![CDATA[0.14985021216407354]]>
              </value>
            </param>
          </params>
          <reporter-output>
          </reporter-output>
        </test-method> <!-- validateaddarticle -->
        <test-method status="PASS" signature="validateaddarticle(java.lang.String, java.lang.String)[pri:1, instance:com.quickmove.qa.testcases.Add_all_article@1f7030a6]" name="validateaddarticle" duration-ms="4135" started-at="2020-07-04T00:40:56 IST" data-provider="gettestdataarticle" finished-at="2020-07-04T00:41:00 IST">
          <params>
            <param index="0">
              <value>
                <![CDATA[Wall Art]]>
              </value>
            </param>
            <param index="1">
              <value>
                <![CDATA[0.0999001414427157]]>
              </value>
            </param>
          </params>
          <reporter-output>
          </reporter-output>
        </test-method> <!-- validateaddarticle -->
        <test-method status="PASS" signature="validateaddarticle(java.lang.String, java.lang.String)[pri:1, instance:com.quickmove.qa.testcases.Add_all_article@1f7030a6]" name="validateaddarticle" duration-ms="4273" started-at="2020-07-04T00:41:00 IST" data-provider="gettestdataarticle" finished-at="2020-07-04T00:41:04 IST">
          <params>
            <param index="0">
              <value>
                <![CDATA[Wall Unit]]>
              </value>
            </param>
            <param index="1">
              <value>
                <![CDATA[0.1998002828854314]]>
              </value>
            </param>
          </params>
          <reporter-output>
          </reporter-output>
        </test-method> <!-- validateaddarticle -->
        <test-method status="PASS" signature="validateaddarticle(java.lang.String, java.lang.String)[pri:1, instance:com.quickmove.qa.testcases.Add_all_article@1f7030a6]" name="validateaddarticle" duration-ms="4239" started-at="2020-07-04T00:41:04 IST" data-provider="gettestdataarticle" finished-at="2020-07-04T00:41:08 IST">
          <params>
            <param index="0">
              <value>
                <![CDATA[Wall Unit 2 dr]]>
              </value>
            </param>
            <param index="1">
              <value>
                <![CDATA[0.6293708910891088]]>
              </value>
            </param>
          </params>
          <reporter-output>
          </reporter-output>
        </test-method> <!-- validateaddarticle -->
        <test-method status="PASS" signature="validateaddarticle(java.lang.String, java.lang.String)[pri:1, instance:com.quickmove.qa.testcases.Add_all_article@1f7030a6]" name="validateaddarticle" duration-ms="4292" started-at="2020-07-04T00:41:08 IST" data-provider="gettestdataarticle" finished-at="2020-07-04T00:41:13 IST">
          <params>
            <param index="0">
              <value>
                <![CDATA[Wall Unit 3 dr]]>
              </value>
            </param>
            <param index="1">
              <value>
                <![CDATA[0.9190813012729845]]>
              </value>
            </param>
          </params>
          <reporter-output>
          </reporter-output>
        </test-method> <!-- validateaddarticle -->
        <test-method status="PASS" signature="validateaddarticle(java.lang.String, java.lang.String)[pri:1, instance:com.quickmove.qa.testcases.Add_all_article@1f7030a6]" name="validateaddarticle" duration-ms="4228" started-at="2020-07-04T00:41:13 IST" data-provider="gettestdataarticle" finished-at="2020-07-04T00:41:17 IST">
          <params>
            <param index="0">
              <value>
                <![CDATA[Wall Unit 4 dr]]>
              </value>
            </param>
            <param index="1">
              <value>
                <![CDATA[1.2187817256011315]]>
              </value>
            </param>
          </params>
          <reporter-output>
          </reporter-output>
        </test-method> <!-- validateaddarticle -->
        <test-method status="PASS" signature="validateaddarticle(java.lang.String, java.lang.String)[pri:1, instance:com.quickmove.qa.testcases.Add_all_article@1f7030a6]" name="validateaddarticle" duration-ms="4071" started-at="2020-07-04T00:41:17 IST" data-provider="gettestdataarticle" finished-at="2020-07-04T00:41:21 IST">
          <params>
            <param index="0">
              <value>
                <![CDATA[Wardrobe 2 dr]]>
              </value>
            </param>
            <param index="1">
              <value>
                <![CDATA[0.24975035360678927]]>
              </value>
            </param>
          </params>
          <reporter-output>
          </reporter-output>
        </test-method> <!-- validateaddarticle -->
        <test-method status="PASS" signature="validateaddarticle(java.lang.String, java.lang.String)[pri:1, instance:com.quickmove.qa.testcases.Add_all_article@1f7030a6]" name="validateaddarticle" duration-ms="4237" started-at="2020-07-04T00:41:21 IST" data-provider="gettestdataarticle" finished-at="2020-07-04T00:41:25 IST">
          <params>
            <param index="0">
              <value>
                <![CDATA[Wardrobe 3 dr]]>
              </value>
            </param>
            <param index="1">
              <value>
                <![CDATA[0.3496504950495049]]>
              </value>
            </param>
          </params>
          <reporter-output>
          </reporter-output>
        </test-method> <!-- validateaddarticle -->
        <test-method status="PASS" signature="validateaddarticle(java.lang.String, java.lang.String)[pri:1, instance:com.quickmove.qa.testcases.Add_all_article@1f7030a6]" name="validateaddarticle" duration-ms="4140" started-at="2020-07-04T00:41:25 IST" data-provider="gettestdataarticle" finished-at="2020-07-04T00:41:29 IST">
          <params>
            <param index="0">
              <value>
                <![CDATA[Wardrobe 4 dr]]>
              </value>
            </param>
            <param index="1">
              <value>
                <![CDATA[0.49950070721357853]]>
              </value>
            </param>
          </params>
          <reporter-output>
          </reporter-output>
        </test-method> <!-- validateaddarticle -->
        <test-method status="PASS" signature="validateaddarticle(java.lang.String, java.lang.String)[pri:1, instance:com.quickmove.qa.testcases.Add_all_article@1f7030a6]" name="validateaddarticle" duration-ms="3986" started-at="2020-07-04T00:41:29 IST" data-provider="gettestdataarticle" finished-at="2020-07-04T00:41:33 IST">
          <params>
            <param index="0">
              <value>
                <![CDATA[Wardrobe 5 dr]]>
              </value>
            </param>
            <param index="1">
              <value>
                <![CDATA[0.5494507779349364]]>
              </value>
            </param>
          </params>
          <reporter-output>
          </reporter-output>
        </test-method> <!-- validateaddarticle -->
        <test-method status="PASS" signature="validateaddarticle(java.lang.String, java.lang.String)[pri:1, instance:com.quickmove.qa.testcases.Add_all_article@1f7030a6]" name="validateaddarticle" duration-ms="4413" started-at="2020-07-04T00:41:33 IST" data-provider="gettestdataarticle" finished-at="2020-07-04T00:41:38 IST">
          <params>
            <param index="0">
              <value>
                <![CDATA[Wardrobe 6 dr]]>
              </value>
            </param>
            <param index="1">
              <value>
                <![CDATA[0.649350919377652]]>
              </value>
            </param>
          </params>
          <reporter-output>
          </reporter-output>
        </test-method> <!-- validateaddarticle -->
        <test-method status="PASS" signature="validateaddarticle(java.lang.String, java.lang.String)[pri:1, instance:com.quickmove.qa.testcases.Add_all_article@1f7030a6]" name="validateaddarticle" duration-ms="4334" started-at="2020-07-04T00:41:38 IST" data-provider="gettestdataarticle" finished-at="2020-07-04T00:41:42 IST">
          <params>
            <param index="0">
              <value>
                <![CDATA[Wardrobe Sliding]]>
              </value>
            </param>
            <param index="1">
              <value>
                <![CDATA[0.49950070721357853]]>
              </value>
            </param>
          </params>
          <reporter-output>
          </reporter-output>
        </test-method> <!-- validateaddarticle -->
        <test-method status="PASS" signature="validateaddarticle(java.lang.String, java.lang.String)[pri:1, instance:com.quickmove.qa.testcases.Add_all_article@1f7030a6]" name="validateaddarticle" duration-ms="4217" started-at="2020-07-04T00:41:42 IST" data-provider="gettestdataarticle" finished-at="2020-07-04T00:41:46 IST">
          <params>
            <param index="0">
              <value>
                <![CDATA[Washing Machine ]]>
              </value>
            </param>
            <param index="1">
              <value>
                <![CDATA[0.3196804526166902]]>
              </value>
            </param>
          </params>
          <reporter-output>
          </reporter-output>
        </test-method> <!-- validateaddarticle -->
        <test-method status="FAIL" signature="validateaddarticle(java.lang.String, java.lang.String)[pri:1, instance:com.quickmove.qa.testcases.Add_all_article@1f7030a6]" name="validateaddarticle" duration-ms="6009" started-at="2020-07-04T00:41:46 IST" data-provider="gettestdataarticle" finished-at="2020-07-04T00:41:52 IST">
          <params>
            <param index="0">
              <value>
                <![CDATA[Water Despencer ]]>
              </value>
            </param>
            <param index="1">
              <value>
                <![CDATA[0.11538466336633663]]>
              </value>
            </param>
          </params>
          <exception class="org.openqa.selenium.StaleElementReferenceException">
            <message>
              <![CDATA[stale element reference: element is not attached to the page document
  (Session info: chrome=83.0.4103.116)
For documentation on this error, please visit: https://www.seleniumhq.org/exceptions/stale_element_reference.html
Build info: version: '3.141.59', revision: 'e82be7d358', time: '2018-11-14T08:17:03'
System info: host: 'DESKTOP-2PTS3ET', ip: '192.168.0.105', os.name: 'Windows 10', os.arch: 'amd64', os.version: '10.0', java.version: '1.8.0_251'
Driver info: org.openqa.selenium.chrome.ChromeDriver
Capabilities {acceptInsecureCerts: false, browserName: chrome, browserVersion: 83.0.4103.116, chrome: {chromedriverVersion: 83.0.4103.39 (ccbf011cb2d2b..., userDataDir: C:\Users\MYPC\AppData\Local...}, goog:chromeOptions: {debuggerAddress: localhost:52763}, javascriptEnabled: true, networkConnectionEnabled: false, pageLoadStrategy: normal, platform: WINDOWS, platformName: WINDOWS, proxy: Proxy(), setWindowRect: true, strictFileInteractability: false, timeouts: {implicit: 0, pageLoad: 300000, script: 30000}, unhandledPromptBehavior: dismiss and notify, webauthn:virtualAuthenticators: true}
Session ID: 3dc9126ca8afa607b7f2521c2bcfd578]]>
            </message>
            <full-stacktrace>
              <![CDATA[org.openqa.selenium.StaleElementReferenceException: stale element reference: element is not attached to the page document
  (Session info: chrome=83.0.4103.116)
For documentation on this error, please visit: https://www.seleniumhq.org/exceptions/stale_element_reference.html
Build info: version: '3.141.59', revision: 'e82be7d358', time: '2018-11-14T08:17:03'
System info: host: 'DESKTOP-2PTS3ET', ip: '192.168.0.105', os.name: 'Windows 10', os.arch: 'amd64', os.version: '10.0', java.version: '1.8.0_251'
Driver info: org.openqa.selenium.chrome.ChromeDriver
Capabilities {acceptInsecureCerts: false, browserName: chrome, browserVersion: 83.0.4103.116, chrome: {chromedriverVersion: 83.0.4103.39 (ccbf011cb2d2b..., userDataDir: C:\Users\MYPC\AppData\Local...}, goog:chromeOptions: {debuggerAddress: localhost:52763}, javascriptEnabled: true, networkConnectionEnabled: false, pageLoadStrategy: normal, platform: WINDOWS, platformName: WINDOWS, proxy: Proxy(), setWindowRect: true, strictFileInteractability: false, timeouts: {implicit: 0, pageLoad: 300000, script: 30000}, unhandledPromptBehavior: dismiss and notify, webauthn:virtualAuthenticators: true}
Session ID: 3dc9126ca8afa607b7f2521c2bcfd578
at sun.reflect.NativeConstructorAccessorImpl.newInstance0(Native Method)
at sun.reflect.NativeConstructorAccessorImpl.newInstance(Unknown Source)
at sun.reflect.DelegatingConstructorAccessorImpl.newInstance(Unknown Source)
at java.lang.reflect.Constructor.newInstance(Unknown Source)
at org.openqa.selenium.remote.http.W3CHttpResponseCodec.createException(W3CHttpResponseCodec.java:187)
at org.openqa.selenium.remote.http.W3CHttpResponseCodec.decode(W3CHttpResponseCodec.java:122)
at org.openqa.selenium.remote.http.W3CHttpResponseCodec.decode(W3CHttpResponseCodec.java:49)
at org.openqa.selenium.remote.HttpCommandExecutor.execute(HttpCommandExecutor.java:158)
at org.openqa.selenium.remote.service.DriverCommandExecutor.execute(DriverCommandExecutor.java:83)
at org.openqa.selenium.remote.RemoteWebDriver.execute(RemoteWebDriver.java:552)
at org.openqa.selenium.remote.RemoteWebElement.execute(RemoteWebElement.java:285)
at org.openqa.selenium.remote.RemoteWebElement.click(RemoteWebElement.java:84)
at sun.reflect.GeneratedMethodAccessor1.invoke(Unknown Source)
at sun.reflect.DelegatingMethodAccessorImpl.invoke(Unknown Source)
at java.lang.reflect.Method.invoke(Unknown Source)
at org.openqa.selenium.support.pagefactory.internal.LocatingElementHandler.invoke(LocatingElementHandler.java:51)
at com.sun.proxy.$Proxy8.click(Unknown Source)
at com.quickmove.qa.pages.ArticleAddSettingPage.ClickonAddarticleicon(ArticleAddSettingPage.java:75)
at com.quickmove.qa.testcases.Add_all_article.validateaddarticle(Add_all_article.java:58)
at sun.reflect.GeneratedMethodAccessor3.invoke(Unknown Source)
at sun.reflect.DelegatingMethodAccessorImpl.invoke(Unknown Source)
at java.lang.reflect.Method.invoke(Unknown Source)
at org.testng.internal.MethodInvocationHelper.invokeMethod(MethodInvocationHelper.java:135)
at org.testng.internal.TestInvoker.invokeMethod(TestInvoker.java:598)
at org.testng.internal.TestInvoker.invokeTestMethod(TestInvoker.java:174)
at org.testng.internal.MethodRunner.runInSequence(MethodRunner.java:46)
at org.testng.internal.TestInvoker$MethodInvocationAgent.invoke(TestInvoker.java:821)
at org.testng.internal.TestInvoker.invokeTestMethods(TestInvoker.java:147)
at org.testng.internal.TestMethodWorker.invokeTestMethods(TestMethodWorker.java:146)
at org.testng.internal.TestMethodWorker.run(TestMethodWorker.java:128)
at java.util.ArrayList.forEach(Unknown Source)
at org.testng.TestRunner.privateRun(TestRunner.java:767)
at org.testng.TestRunner.run(TestRunner.java:588)
at org.testng.SuiteRunner.runTest(SuiteRunner.java:384)
at org.testng.SuiteRunner.runSequentially(SuiteRunner.java:378)
at org.testng.SuiteRunner.privateRun(SuiteRunner.java:337)
at org.testng.SuiteRunner.run(SuiteRunner.java:286)
at org.testng.SuiteRunnerWorker.runSuite(SuiteRunnerWorker.java:53)
at org.testng.SuiteRunnerWorker.run(SuiteRunnerWorker.java:96)
at org.testng.TestNG.runSuitesSequentially(TestNG.java:1214)
at org.testng.TestNG.runSuitesLocally(TestNG.java:1136)
at org.testng.TestNG.runSuites(TestNG.java:1066)
at org.testng.TestNG.run(TestNG.java:1034)
at org.testng.remote.AbstractRemoteTestNG.run(AbstractRemoteTestNG.java:115)
at org.testng.remote.RemoteTestNG.initAndRun(RemoteTestNG.java:251)
at org.testng.remote.RemoteTestNG.main(RemoteTestNG.java:77)
]]>
            </full-stacktrace>
          </exception> <!-- org.openqa.selenium.StaleElementReferenceException -->
          <reporter-output>
          </reporter-output>
        </test-method> <!-- validateaddarticle -->
        <test-method status="PASS" signature="validateaddarticle(java.lang.String, java.lang.String)[pri:1, instance:com.quickmove.qa.testcases.Add_all_article@1f7030a6]" name="validateaddarticle" duration-ms="4291" started-at="2020-07-04T00:41:52 IST" data-provider="gettestdataarticle" finished-at="2020-07-04T00:41:56 IST">
          <params>
            <param index="0">
              <value>
                <![CDATA[Waterfall / Fountains ]]>
              </value>
            </param>
            <param index="1">
              <value>
                <![CDATA[0.24975035360678927]]>
              </value>
            </param>
          </params>
          <reporter-output>
          </reporter-output>
        </test-method> <!-- validateaddarticle -->
        <test-method status="PASS" signature="validateaddarticle(java.lang.String, java.lang.String)[pri:1, instance:com.quickmove.qa.testcases.Add_all_article@1f7030a6]" name="validateaddarticle" duration-ms="4211" started-at="2020-07-04T00:41:56 IST" data-provider="gettestdataarticle" finished-at="2020-07-04T00:42:01 IST">
          <params>
            <param index="0">
              <value>
                <![CDATA[Window AC]]>
              </value>
            </param>
            <param index="1">
              <value>
                <![CDATA[0.1998002828854314]]>
              </value>
            </param>
          </params>
          <reporter-output>
          </reporter-output>
        </test-method> <!-- validateaddarticle -->
        <test-method status="FAIL" signature="validateaddarticle(java.lang.String, java.lang.String)[pri:1, instance:com.quickmove.qa.testcases.Add_all_article@1f7030a6]" name="validateaddarticle" duration-ms="10152" started-at="2020-07-04T00:42:01 IST" data-provider="gettestdataarticle" finished-at="2020-07-04T00:42:11 IST">
          <params>
            <param index="0">
              <value>
                <![CDATA[Wine Cooler L]]>
              </value>
            </param>
            <param index="1">
              <value>
                <![CDATA[0.7092910042432814]]>
              </value>
            </param>
          </params>
          <exception class="org.openqa.selenium.ElementNotInteractableException">
            <message>
              <![CDATA[element not interactable
  (Session info: chrome=83.0.4103.116)
Build info: version: '3.141.59', revision: 'e82be7d358', time: '2018-11-14T08:17:03'
System info: host: 'DESKTOP-2PTS3ET', ip: '192.168.0.105', os.name: 'Windows 10', os.arch: 'amd64', os.version: '10.0', java.version: '1.8.0_251'
Driver info: org.openqa.selenium.chrome.ChromeDriver
Capabilities {acceptInsecureCerts: false, browserName: chrome, browserVersion: 83.0.4103.116, chrome: {chromedriverVersion: 83.0.4103.39 (ccbf011cb2d2b..., userDataDir: C:\Users\MYPC\AppData\Local...}, goog:chromeOptions: {debuggerAddress: localhost:52763}, javascriptEnabled: true, networkConnectionEnabled: false, pageLoadStrategy: normal, platform: WINDOWS, platformName: WINDOWS, proxy: Proxy(), setWindowRect: true, strictFileInteractability: false, timeouts: {implicit: 0, pageLoad: 300000, script: 30000}, unhandledPromptBehavior: dismiss and notify, webauthn:virtualAuthenticators: true}
Session ID: 3dc9126ca8afa607b7f2521c2bcfd578]]>
            </message>
            <full-stacktrace>
              <![CDATA[org.openqa.selenium.ElementNotInteractableException: element not interactable
  (Session info: chrome=83.0.4103.116)
Build info: version: '3.141.59', revision: 'e82be7d358', time: '2018-11-14T08:17:03'
System info: host: 'DESKTOP-2PTS3ET', ip: '192.168.0.105', os.name: 'Windows 10', os.arch: 'amd64', os.version: '10.0', java.version: '1.8.0_251'
Driver info: org.openqa.selenium.chrome.ChromeDriver
Capabilities {acceptInsecureCerts: false, browserName: chrome, browserVersion: 83.0.4103.116, chrome: {chromedriverVersion: 83.0.4103.39 (ccbf011cb2d2b..., userDataDir: C:\Users\MYPC\AppData\Local...}, goog:chromeOptions: {debuggerAddress: localhost:52763}, javascriptEnabled: true, networkConnectionEnabled: false, pageLoadStrategy: normal, platform: WINDOWS, platformName: WINDOWS, proxy: Proxy(), setWindowRect: true, strictFileInteractability: false, timeouts: {implicit: 0, pageLoad: 300000, script: 30000}, unhandledPromptBehavior: dismiss and notify, webauthn:virtualAuthenticators: true}
Session ID: 3dc9126ca8afa607b7f2521c2bcfd578
at sun.reflect.NativeConstructorAccessorImpl.newInstance0(Native Method)
at sun.reflect.NativeConstructorAccessorImpl.newInstance(Unknown Source)
at sun.reflect.DelegatingConstructorAccessorImpl.newInstance(Unknown Source)
at java.lang.reflect.Constructor.newInstance(Unknown Source)
at org.openqa.selenium.remote.http.W3CHttpResponseCodec.createException(W3CHttpResponseCodec.java:187)
at org.openqa.selenium.remote.http.W3CHttpResponseCodec.decode(W3CHttpResponseCodec.java:122)
at org.openqa.selenium.remote.http.W3CHttpResponseCodec.decode(W3CHttpResponseCodec.java:49)
at org.openqa.selenium.remote.HttpCommandExecutor.execute(HttpCommandExecutor.java:158)
at org.openqa.selenium.remote.service.DriverCommandExecutor.execute(DriverCommandExecutor.java:83)
at org.openqa.selenium.remote.RemoteWebDriver.execute(RemoteWebDriver.java:552)
at org.openqa.selenium.remote.RemoteWebElement.execute(RemoteWebElement.java:285)
at org.openqa.selenium.remote.RemoteWebElement.click(RemoteWebElement.java:84)
at sun.reflect.GeneratedMethodAccessor1.invoke(Unknown Source)
at sun.reflect.DelegatingMethodAccessorImpl.invoke(Unknown Source)
at java.lang.reflect.Method.invoke(Unknown Source)
at org.openqa.selenium.support.pagefactory.internal.LocatingElementHandler.invoke(LocatingElementHandler.java:51)
at com.sun.proxy.$Proxy8.click(Unknown Source)
at com.quickmove.qa.pages.ArticleAddSettingPage.ClickonAddarticleicon(ArticleAddSettingPage.java:75)
at com.quickmove.qa.testcases.Add_all_article.validateaddarticle(Add_all_article.java:58)
at sun.reflect.GeneratedMethodAccessor3.invoke(Unknown Source)
at sun.reflect.DelegatingMethodAccessorImpl.invoke(Unknown Source)
at java.lang.reflect.Method.invoke(Unknown Source)
at org.testng.internal.MethodInvocationHelper.invokeMethod(MethodInvocationHelper.java:135)
at org.testng.internal.TestInvoker.invokeMethod(TestInvoker.java:598)
at org.testng.internal.TestInvoker.invokeTestMethod(TestInvoker.java:174)
at org.testng.internal.MethodRunner.runInSequence(MethodRunner.java:46)
at org.testng.internal.TestInvoker$MethodInvocationAgent.invoke(TestInvoker.java:821)
at org.testng.internal.TestInvoker.invokeTestMethods(TestInvoker.java:147)
at org.testng.internal.TestMethodWorker.invokeTestMethods(TestMethodWorker.java:146)
at org.testng.internal.TestMethodWorker.run(TestMethodWorker.java:128)
at java.util.ArrayList.forEach(Unknown Source)
at org.testng.TestRunner.privateRun(TestRunner.java:767)
at org.testng.TestRunner.run(TestRunner.java:588)
at org.testng.SuiteRunner.runTest(SuiteRunner.java:384)
at org.testng.SuiteRunner.runSequentially(SuiteRunner.java:378)
at org.testng.SuiteRunner.privateRun(SuiteRunner.java:337)
at org.testng.SuiteRunner.run(SuiteRunner.java:286)
at org.testng.SuiteRunnerWorker.runSuite(SuiteRunnerWorker.java:53)
at org.testng.SuiteRunnerWorker.run(SuiteRunnerWorker.java:96)
at org.testng.TestNG.runSuitesSequentially(TestNG.java:1214)
at org.testng.TestNG.runSuitesLocally(TestNG.java:1136)
at org.testng.TestNG.runSuites(TestNG.java:1066)
at org.testng.TestNG.run(TestNG.java:1034)
at org.testng.remote.AbstractRemoteTestNG.run(AbstractRemoteTestNG.java:115)
at org.testng.remote.RemoteTestNG.initAndRun(RemoteTestNG.java:251)
at org.testng.remote.RemoteTestNG.main(RemoteTestNG.java:77)
]]>
            </full-stacktrace>
          </exception> <!-- org.openqa.selenium.ElementNotInteractableException -->
          <reporter-output>
          </reporter-output>
        </test-method> <!-- validateaddarticle -->
        <test-method status="FAIL" signature="validateaddarticle(java.lang.String, java.lang.String)[pri:1, instance:com.quickmove.qa.testcases.Add_all_article@1f7030a6]" name="validateaddarticle" duration-ms="10081" started-at="2020-07-04T00:42:11 IST" data-provider="gettestdataarticle" finished-at="2020-07-04T00:42:21 IST">
          <params>
            <param index="0">
              <value>
                <![CDATA[Wine Cooler S]]>
              </value>
            </param>
            <param index="1">
              <value>
                <![CDATA[0.23976033946251768]]>
              </value>
            </param>
          </params>
          <exception class="org.openqa.selenium.ElementNotInteractableException">
            <message>
              <![CDATA[element not interactable
  (Session info: chrome=83.0.4103.116)
Build info: version: '3.141.59', revision: 'e82be7d358', time: '2018-11-14T08:17:03'
System info: host: 'DESKTOP-2PTS3ET', ip: '192.168.0.105', os.name: 'Windows 10', os.arch: 'amd64', os.version: '10.0', java.version: '1.8.0_251'
Driver info: org.openqa.selenium.chrome.ChromeDriver
Capabilities {acceptInsecureCerts: false, browserName: chrome, browserVersion: 83.0.4103.116, chrome: {chromedriverVersion: 83.0.4103.39 (ccbf011cb2d2b..., userDataDir: C:\Users\MYPC\AppData\Local...}, goog:chromeOptions: {debuggerAddress: localhost:52763}, javascriptEnabled: true, networkConnectionEnabled: false, pageLoadStrategy: normal, platform: WINDOWS, platformName: WINDOWS, proxy: Proxy(), setWindowRect: true, strictFileInteractability: false, timeouts: {implicit: 0, pageLoad: 300000, script: 30000}, unhandledPromptBehavior: dismiss and notify, webauthn:virtualAuthenticators: true}
Session ID: 3dc9126ca8afa607b7f2521c2bcfd578]]>
            </message>
            <full-stacktrace>
              <![CDATA[org.openqa.selenium.ElementNotInteractableException: element not interactable
  (Session info: chrome=83.0.4103.116)
Build info: version: '3.141.59', revision: 'e82be7d358', time: '2018-11-14T08:17:03'
System info: host: 'DESKTOP-2PTS3ET', ip: '192.168.0.105', os.name: 'Windows 10', os.arch: 'amd64', os.version: '10.0', java.version: '1.8.0_251'
Driver info: org.openqa.selenium.chrome.ChromeDriver
Capabilities {acceptInsecureCerts: false, browserName: chrome, browserVersion: 83.0.4103.116, chrome: {chromedriverVersion: 83.0.4103.39 (ccbf011cb2d2b..., userDataDir: C:\Users\MYPC\AppData\Local...}, goog:chromeOptions: {debuggerAddress: localhost:52763}, javascriptEnabled: true, networkConnectionEnabled: false, pageLoadStrategy: normal, platform: WINDOWS, platformName: WINDOWS, proxy: Proxy(), setWindowRect: true, strictFileInteractability: false, timeouts: {implicit: 0, pageLoad: 300000, script: 30000}, unhandledPromptBehavior: dismiss and notify, webauthn:virtualAuthenticators: true}
Session ID: 3dc9126ca8afa607b7f2521c2bcfd578
at sun.reflect.NativeConstructorAccessorImpl.newInstance0(Native Method)
at sun.reflect.NativeConstructorAccessorImpl.newInstance(Unknown Source)
at sun.reflect.DelegatingConstructorAccessorImpl.newInstance(Unknown Source)
at java.lang.reflect.Constructor.newInstance(Unknown Source)
at org.openqa.selenium.remote.http.W3CHttpResponseCodec.createException(W3CHttpResponseCodec.java:187)
at org.openqa.selenium.remote.http.W3CHttpResponseCodec.decode(W3CHttpResponseCodec.java:122)
at org.openqa.selenium.remote.http.W3CHttpResponseCodec.decode(W3CHttpResponseCodec.java:49)
at org.openqa.selenium.remote.HttpCommandExecutor.execute(HttpCommandExecutor.java:158)
at org.openqa.selenium.remote.service.DriverCommandExecutor.execute(DriverCommandExecutor.java:83)
at org.openqa.selenium.remote.RemoteWebDriver.execute(RemoteWebDriver.java:552)
at org.openqa.selenium.remote.RemoteWebElement.execute(RemoteWebElement.java:285)
at org.openqa.selenium.remote.RemoteWebElement.click(RemoteWebElement.java:84)
at sun.reflect.GeneratedMethodAccessor1.invoke(Unknown Source)
at sun.reflect.DelegatingMethodAccessorImpl.invoke(Unknown Source)
at java.lang.reflect.Method.invoke(Unknown Source)
at org.openqa.selenium.support.pagefactory.internal.LocatingElementHandler.invoke(LocatingElementHandler.java:51)
at com.sun.proxy.$Proxy8.click(Unknown Source)
at com.quickmove.qa.pages.ArticleAddSettingPage.ClickonAddarticleicon(ArticleAddSettingPage.java:75)
at com.quickmove.qa.testcases.Add_all_article.validateaddarticle(Add_all_article.java:58)
at sun.reflect.GeneratedMethodAccessor3.invoke(Unknown Source)
at sun.reflect.DelegatingMethodAccessorImpl.invoke(Unknown Source)
at java.lang.reflect.Method.invoke(Unknown Source)
at org.testng.internal.MethodInvocationHelper.invokeMethod(MethodInvocationHelper.java:135)
at org.testng.internal.TestInvoker.invokeMethod(TestInvoker.java:598)
at org.testng.internal.TestInvoker.invokeTestMethod(TestInvoker.java:174)
at org.testng.internal.MethodRunner.runInSequence(MethodRunner.java:46)
at org.testng.internal.TestInvoker$MethodInvocationAgent.invoke(TestInvoker.java:821)
at org.testng.internal.TestInvoker.invokeTestMethods(TestInvoker.java:147)
at org.testng.internal.TestMethodWorker.invokeTestMethods(TestMethodWorker.java:146)
at org.testng.internal.TestMethodWorker.run(TestMethodWorker.java:128)
at java.util.ArrayList.forEach(Unknown Source)
at org.testng.TestRunner.privateRun(TestRunner.java:767)
at org.testng.TestRunner.run(TestRunner.java:588)
at org.testng.SuiteRunner.runTest(SuiteRunner.java:384)
at org.testng.SuiteRunner.runSequentially(SuiteRunner.java:378)
at org.testng.SuiteRunner.privateRun(SuiteRunner.java:337)
at org.testng.SuiteRunner.run(SuiteRunner.java:286)
at org.testng.SuiteRunnerWorker.runSuite(SuiteRunnerWorker.java:53)
at org.testng.SuiteRunnerWorker.run(SuiteRunnerWorker.java:96)
at org.testng.TestNG.runSuitesSequentially(TestNG.java:1214)
at org.testng.TestNG.runSuitesLocally(TestNG.java:1136)
at org.testng.TestNG.runSuites(TestNG.java:1066)
at org.testng.TestNG.run(TestNG.java:1034)
at org.testng.remote.AbstractRemoteTestNG.run(AbstractRemoteTestNG.java:115)
at org.testng.remote.RemoteTestNG.initAndRun(RemoteTestNG.java:251)
at org.testng.remote.RemoteTestNG.main(RemoteTestNG.java:77)
]]>
            </full-stacktrace>
          </exception> <!-- org.openqa.selenium.ElementNotInteractableException -->
          <reporter-output>
          </reporter-output>
        </test-method> <!-- validateaddarticle -->
        <test-method status="FAIL" signature="validateaddarticle(java.lang.String, java.lang.String)[pri:1, instance:com.quickmove.qa.testcases.Add_all_article@1f7030a6]" name="validateaddarticle" duration-ms="10124" started-at="2020-07-04T00:42:21 IST" data-provider="gettestdataarticle" finished-at="2020-07-04T00:42:31 IST">
          <params>
            <param index="0">
              <value>
                <![CDATA[Wine Rack]]>
              </value>
            </param>
            <param index="1">
              <value>
                <![CDATA[9.99001414427157E-5]]>
              </value>
            </param>
          </params>
          <exception class="org.openqa.selenium.ElementNotInteractableException">
            <message>
              <![CDATA[element not interactable
  (Session info: chrome=83.0.4103.116)
Build info: version: '3.141.59', revision: 'e82be7d358', time: '2018-11-14T08:17:03'
System info: host: 'DESKTOP-2PTS3ET', ip: '192.168.0.105', os.name: 'Windows 10', os.arch: 'amd64', os.version: '10.0', java.version: '1.8.0_251'
Driver info: org.openqa.selenium.chrome.ChromeDriver
Capabilities {acceptInsecureCerts: false, browserName: chrome, browserVersion: 83.0.4103.116, chrome: {chromedriverVersion: 83.0.4103.39 (ccbf011cb2d2b..., userDataDir: C:\Users\MYPC\AppData\Local...}, goog:chromeOptions: {debuggerAddress: localhost:52763}, javascriptEnabled: true, networkConnectionEnabled: false, pageLoadStrategy: normal, platform: WINDOWS, platformName: WINDOWS, proxy: Proxy(), setWindowRect: true, strictFileInteractability: false, timeouts: {implicit: 0, pageLoad: 300000, script: 30000}, unhandledPromptBehavior: dismiss and notify, webauthn:virtualAuthenticators: true}
Session ID: 3dc9126ca8afa607b7f2521c2bcfd578]]>
            </message>
            <full-stacktrace>
              <![CDATA[org.openqa.selenium.ElementNotInteractableException: element not interactable
  (Session info: chrome=83.0.4103.116)
Build info: version: '3.141.59', revision: 'e82be7d358', time: '2018-11-14T08:17:03'
System info: host: 'DESKTOP-2PTS3ET', ip: '192.168.0.105', os.name: 'Windows 10', os.arch: 'amd64', os.version: '10.0', java.version: '1.8.0_251'
Driver info: org.openqa.selenium.chrome.ChromeDriver
Capabilities {acceptInsecureCerts: false, browserName: chrome, browserVersion: 83.0.4103.116, chrome: {chromedriverVersion: 83.0.4103.39 (ccbf011cb2d2b..., userDataDir: C:\Users\MYPC\AppData\Local...}, goog:chromeOptions: {debuggerAddress: localhost:52763}, javascriptEnabled: true, networkConnectionEnabled: false, pageLoadStrategy: normal, platform: WINDOWS, platformName: WINDOWS, proxy: Proxy(), setWindowRect: true, strictFileInteractability: false, timeouts: {implicit: 0, pageLoad: 300000, script: 30000}, unhandledPromptBehavior: dismiss and notify, webauthn:virtualAuthenticators: true}
Session ID: 3dc9126ca8afa607b7f2521c2bcfd578
at sun.reflect.NativeConstructorAccessorImpl.newInstance0(Native Method)
at sun.reflect.NativeConstructorAccessorImpl.newInstance(Unknown Source)
at sun.reflect.DelegatingConstructorAccessorImpl.newInstance(Unknown Source)
at java.lang.reflect.Constructor.newInstance(Unknown Source)
at org.openqa.selenium.remote.http.W3CHttpResponseCodec.createException(W3CHttpResponseCodec.java:187)
at org.openqa.selenium.remote.http.W3CHttpResponseCodec.decode(W3CHttpResponseCodec.java:122)
at org.openqa.selenium.remote.http.W3CHttpResponseCodec.decode(W3CHttpResponseCodec.java:49)
at org.openqa.selenium.remote.HttpCommandExecutor.execute(HttpCommandExecutor.java:158)
at org.openqa.selenium.remote.service.DriverCommandExecutor.execute(DriverCommandExecutor.java:83)
at org.openqa.selenium.remote.RemoteWebDriver.execute(RemoteWebDriver.java:552)
at org.openqa.selenium.remote.RemoteWebElement.execute(RemoteWebElement.java:285)
at org.openqa.selenium.remote.RemoteWebElement.click(RemoteWebElement.java:84)
at sun.reflect.GeneratedMethodAccessor1.invoke(Unknown Source)
at sun.reflect.DelegatingMethodAccessorImpl.invoke(Unknown Source)
at java.lang.reflect.Method.invoke(Unknown Source)
at org.openqa.selenium.support.pagefactory.internal.LocatingElementHandler.invoke(LocatingElementHandler.java:51)
at com.sun.proxy.$Proxy8.click(Unknown Source)
at com.quickmove.qa.pages.ArticleAddSettingPage.ClickonAddarticleicon(ArticleAddSettingPage.java:75)
at com.quickmove.qa.testcases.Add_all_article.validateaddarticle(Add_all_article.java:58)
at sun.reflect.GeneratedMethodAccessor3.invoke(Unknown Source)
at sun.reflect.DelegatingMethodAccessorImpl.invoke(Unknown Source)
at java.lang.reflect.Method.invoke(Unknown Source)
at org.testng.internal.MethodInvocationHelper.invokeMethod(MethodInvocationHelper.java:135)
at org.testng.internal.TestInvoker.invokeMethod(TestInvoker.java:598)
at org.testng.internal.TestInvoker.invokeTestMethod(TestInvoker.java:174)
at org.testng.internal.MethodRunner.runInSequence(MethodRunner.java:46)
at org.testng.internal.TestInvoker$MethodInvocationAgent.invoke(TestInvoker.java:821)
at org.testng.internal.TestInvoker.invokeTestMethods(TestInvoker.java:147)
at org.testng.internal.TestMethodWorker.invokeTestMethods(TestMethodWorker.java:146)
at org.testng.internal.TestMethodWorker.run(TestMethodWorker.java:128)
at java.util.ArrayList.forEach(Unknown Source)
at org.testng.TestRunner.privateRun(TestRunner.java:767)
at org.testng.TestRunner.run(TestRunner.java:588)
at org.testng.SuiteRunner.runTest(SuiteRunner.java:384)
at org.testng.SuiteRunner.runSequentially(SuiteRunner.java:378)
at org.testng.SuiteRunner.privateRun(SuiteRunner.java:337)
at org.testng.SuiteRunner.run(SuiteRunner.java:286)
at org.testng.SuiteRunnerWorker.runSuite(SuiteRunnerWorker.java:53)
at org.testng.SuiteRunnerWorker.run(SuiteRunnerWorker.java:96)
at org.testng.TestNG.runSuitesSequentially(TestNG.java:1214)
at org.testng.TestNG.runSuitesLocally(TestNG.java:1136)
at org.testng.TestNG.runSuites(TestNG.java:1066)
at org.testng.TestNG.run(TestNG.java:1034)
at org.testng.remote.AbstractRemoteTestNG.run(AbstractRemoteTestNG.java:115)
at org.testng.remote.RemoteTestNG.initAndRun(RemoteTestNG.java:251)
at org.testng.remote.RemoteTestNG.main(RemoteTestNG.java:77)
]]>
            </full-stacktrace>
          </exception> <!-- org.openqa.selenium.ElementNotInteractableException -->
          <reporter-output>
          </reporter-output>
        </test-method> <!-- validateaddarticle -->
      </class> <!-- com.quickmove.qa.testcases.Add_all_article -->
    </test> <!-- Default test -->
  </suite> <!-- Default suite -->
</testng-results>
