<?xml version="1.0" encoding="UTF-8"?>
<!-- Generated by org.testng.reporters.JUnitReportReporter -->
<testsuite skipped="153" hostname="DESKTOP-HTSMLT5" name="com.quickmove.qa.testcases.Addroomsettingtest" tests="163" failures="0" timestamp="2020-05-10T12:38:37 IST" time="2862.205" errors="9">
  <testcase name="setup" time="30.922" classname="com.quickmove.qa.testcases.Addroomsettingtest">
    <error type="org.openqa.selenium.NoSuchElementException" message="no such element: Unable to locate element: {&quot;method&quot;:&quot;xpath&quot;,&quot;selector&quot;:&quot;//a[@class=&#039;icon-Setting&#039;]&quot;}
  (Session info: chrome=72.0.3626.121)
  (Driver info: chromedriver=73.0.3683.68 (47787ec04b6e38e22703e856e101e840b65afe72),platform=Windows NT 10.0.10240 x86_64) (WARNING: The server did not provide any stacktrace information)
Command duration or timeout: 0 milliseconds
For documentation on this error, please visit: https://www.seleniumhq.org/exceptions/no_such_element.html
Build info: version: &#039;3.141.59&#039;, revision: &#039;e82be7d358&#039;, time: &#039;2018-11-14T08:17:03&#039;
System info: host: &#039;DESKTOP-HTSMLT5&#039;, ip: &#039;192.168.0.111&#039;, os.name: &#039;Windows 10&#039;, os.arch: &#039;amd64&#039;, os.version: &#039;10.0&#039;, java.version: &#039;1.8.0_171&#039;
Driver info: org.openqa.selenium.chrome.ChromeDriver
Capabilities {acceptInsecureCerts: false, acceptSslCerts: false, applicationCacheEnabled: false, browserConnectionEnabled: false, browserName: chrome, chrome: {chromedriverVersion: 73.0.3683.68 (47787ec04b6e3..., userDataDir: C:\Users\Admin\AppData\Loca...}, cssSelectorsEnabled: true, databaseEnabled: false, goog:chromeOptions: {debuggerAddress: localhost:62973}, handlesAlerts: true, hasTouchScreen: false, javascriptEnabled: true, locationContextEnabled: true, mobileEmulationEnabled: false, nativeEvents: true, networkConnectionEnabled: false, pageLoadStrategy: normal, platform: XP, platformName: XP, proxy: Proxy(), rotatable: false, setWindowRect: true, strictFileInteractability: false, takesHeapSnapshot: true, takesScreenshot: true, timeouts: {implicit: 0, pageLoad: 300000, script: 30000}, unexpectedAlertBehaviour: ignore, unhandledPromptBehavior: ignore, version: 72.0.3626.121, webStorageEnabled: true}
Session ID: 91a6c29dfcf00a9ccaea92b88c7f25eb
*** Element info: {Using=xpath, value=//a[@class=&#039;icon-Setting&#039;]}">
      <![CDATA[org.openqa.selenium.NoSuchElementException: no such element: Unable to locate element: {"method":"xpath","selector":"//a[@class='icon-Setting']"}
  (Session info: chrome=72.0.3626.121)
  (Driver info: chromedriver=73.0.3683.68 (47787ec04b6e38e22703e856e101e840b65afe72),platform=Windows NT 10.0.10240 x86_64) (WARNING: The server did not provide any stacktrace information)
Command duration or timeout: 0 milliseconds
For documentation on this error, please visit: https://www.seleniumhq.org/exceptions/no_such_element.html
Build info: version: '3.141.59', revision: 'e82be7d358', time: '2018-11-14T08:17:03'
System info: host: 'DESKTOP-HTSMLT5', ip: '192.168.0.111', os.name: 'Windows 10', os.arch: 'amd64', os.version: '10.0', java.version: '1.8.0_171'
Driver info: org.openqa.selenium.chrome.ChromeDriver
Capabilities {acceptInsecureCerts: false, acceptSslCerts: false, applicationCacheEnabled: false, browserConnectionEnabled: false, browserName: chrome, chrome: {chromedriverVersion: 73.0.3683.68 (47787ec04b6e3..., userDataDir: C:\Users\Admin\AppData\Loca...}, cssSelectorsEnabled: true, databaseEnabled: false, goog:chromeOptions: {debuggerAddress: localhost:62973}, handlesAlerts: true, hasTouchScreen: false, javascriptEnabled: true, locationContextEnabled: true, mobileEmulationEnabled: false, nativeEvents: true, networkConnectionEnabled: false, pageLoadStrategy: normal, platform: XP, platformName: XP, proxy: Proxy(), rotatable: false, setWindowRect: true, strictFileInteractability: false, takesHeapSnapshot: true, takesScreenshot: true, timeouts: {implicit: 0, pageLoad: 300000, script: 30000}, unexpectedAlertBehaviour: ignore, unhandledPromptBehavior: ignore, version: 72.0.3626.121, webStorageEnabled: true}
Session ID: 91a6c29dfcf00a9ccaea92b88c7f25eb
*** Element info: {Using=xpath, value=//a[@class='icon-Setting']}
at sun.reflect.NativeConstructorAccessorImpl.newInstance0(Native Method)
at sun.reflect.NativeConstructorAccessorImpl.newInstance(Unknown Source)
at sun.reflect.DelegatingConstructorAccessorImpl.newInstance(Unknown Source)
at java.lang.reflect.Constructor.newInstance(Unknown Source)
at org.openqa.selenium.remote.ErrorHandler.createThrowable(ErrorHandler.java:214)
at org.openqa.selenium.remote.ErrorHandler.throwIfResponseFailed(ErrorHandler.java:166)
at org.openqa.selenium.remote.http.JsonHttpResponseCodec.reconstructValue(JsonHttpResponseCodec.java:40)
at org.openqa.selenium.remote.http.AbstractHttpResponseCodec.decode(AbstractHttpResponseCodec.java:80)
at org.openqa.selenium.remote.http.AbstractHttpResponseCodec.decode(AbstractHttpResponseCodec.java:44)
at org.openqa.selenium.remote.HttpCommandExecutor.execute(HttpCommandExecutor.java:158)
at org.openqa.selenium.remote.service.DriverCommandExecutor.execute(DriverCommandExecutor.java:83)
at org.openqa.selenium.remote.RemoteWebDriver.execute(RemoteWebDriver.java:552)
at org.openqa.selenium.remote.RemoteWebDriver.findElement(RemoteWebDriver.java:323)
at org.openqa.selenium.remote.RemoteWebDriver.findElementByXPath(RemoteWebDriver.java:428)
at org.openqa.selenium.By$ByXPath.findElement(By.java:353)
at org.openqa.selenium.remote.RemoteWebDriver.findElement(RemoteWebDriver.java:315)
at org.openqa.selenium.support.pagefactory.DefaultElementLocator.findElement(DefaultElementLocator.java:69)
at org.openqa.selenium.support.pagefactory.internal.LocatingElementHandler.invoke(LocatingElementHandler.java:38)
at com.sun.proxy.$Proxy10.click(Unknown Source)
at com.quickmove.qa.pages.HomePage.clickonsettinglink(HomePage.java:29)
at com.quickmove.qa.testcases.Addroomsettingtest.setup(Addroomsettingtest.java:39)
at sun.reflect.NativeMethodAccessorImpl.invoke0(Native Method)
at sun.reflect.NativeMethodAccessorImpl.invoke(Unknown Source)
at sun.reflect.DelegatingMethodAccessorImpl.invoke(Unknown Source)
at java.lang.reflect.Method.invoke(Unknown Source)
at org.testng.internal.MethodInvocationHelper.invokeMethod(MethodInvocationHelper.java:133)
at org.testng.internal.MethodInvocationHelper.invokeMethodConsideringTimeout(MethodInvocationHelper.java:62)
at org.testng.internal.ConfigInvoker.invokeConfigurationMethod(ConfigInvoker.java:340)
at org.testng.internal.ConfigInvoker.invokeConfigurations(ConfigInvoker.java:294)
at org.testng.internal.TestInvoker.runConfigMethods(TestInvoker.java:683)
at org.testng.internal.TestInvoker.invokeMethod(TestInvoker.java:510)
at org.testng.internal.TestInvoker.invokeTestMethod(TestInvoker.java:172)
at org.testng.internal.MethodRunner.runInSequence(MethodRunner.java:46)
at org.testng.internal.TestInvoker$MethodInvocationAgent.invoke(TestInvoker.java:804)
at org.testng.internal.TestInvoker.invokeTestMethods(TestInvoker.java:145)
at org.testng.internal.TestMethodWorker.invokeTestMethods(TestMethodWorker.java:146)
at org.testng.internal.TestMethodWorker.run(TestMethodWorker.java:128)
at java.util.ArrayList.forEach(Unknown Source)
at org.testng.TestRunner.privateRun(TestRunner.java:770)
at org.testng.TestRunner.run(TestRunner.java:591)
at org.testng.SuiteRunner.runTest(SuiteRunner.java:402)
at org.testng.SuiteRunner.runSequentially(SuiteRunner.java:396)
at org.testng.SuiteRunner.privateRun(SuiteRunner.java:355)
at org.testng.SuiteRunner.run(SuiteRunner.java:304)
at org.testng.SuiteRunnerWorker.runSuite(SuiteRunnerWorker.java:53)
at org.testng.SuiteRunnerWorker.run(SuiteRunnerWorker.java:96)
at org.testng.TestNG.runSuitesSequentially(TestNG.java:1180)
at org.testng.TestNG.runSuitesLocally(TestNG.java:1102)
at org.testng.TestNG.runSuites(TestNG.java:1032)
at org.testng.TestNG.run(TestNG.java:1000)
at org.testng.remote.AbstractRemoteTestNG.run(AbstractRemoteTestNG.java:115)
at org.testng.remote.RemoteTestNG.initAndRun(RemoteTestNG.java:251)
at org.testng.remote.RemoteTestNG.main(RemoteTestNG.java:77)
]]>
    </error>
  </testcase> <!-- setup -->
  <testcase name="varifyaddroom" time="38.113" classname="com.quickmove.qa.testcases.Addroomsettingtest">
    <error type="org.openqa.selenium.NoSuchElementException" message="no such element: Unable to locate element: {&quot;method&quot;:&quot;xpath&quot;,&quot;selector&quot;:&quot;//select[@id=&#039;ctl00_ContentPlaceHolder1_lstItem&#039;]//option[1]&quot;}
  (Session info: chrome=72.0.3626.121)
  (Driver info: chromedriver=73.0.3683.68 (47787ec04b6e38e22703e856e101e840b65afe72),platform=Windows NT 10.0.10240 x86_64) (WARNING: The server did not provide any stacktrace information)
Command duration or timeout: 0 milliseconds
For documentation on this error, please visit: https://www.seleniumhq.org/exceptions/no_such_element.html
Build info: version: &#039;3.141.59&#039;, revision: &#039;e82be7d358&#039;, time: &#039;2018-11-14T08:17:03&#039;
System info: host: &#039;DESKTOP-HTSMLT5&#039;, ip: &#039;192.168.0.111&#039;, os.name: &#039;Windows 10&#039;, os.arch: &#039;amd64&#039;, os.version: &#039;10.0&#039;, java.version: &#039;1.8.0_171&#039;
Driver info: org.openqa.selenium.chrome.ChromeDriver
Capabilities {acceptInsecureCerts: false, acceptSslCerts: false, applicationCacheEnabled: false, browserConnectionEnabled: false, browserName: chrome, chrome: {chromedriverVersion: 73.0.3683.68 (47787ec04b6e3..., userDataDir: C:\Users\Admin\AppData\Loca...}, cssSelectorsEnabled: true, databaseEnabled: false, goog:chromeOptions: {debuggerAddress: localhost:62638}, handlesAlerts: true, hasTouchScreen: false, javascriptEnabled: true, locationContextEnabled: true, mobileEmulationEnabled: false, nativeEvents: true, networkConnectionEnabled: false, pageLoadStrategy: normal, platform: XP, platformName: XP, proxy: Proxy(), rotatable: false, setWindowRect: true, strictFileInteractability: false, takesHeapSnapshot: true, takesScreenshot: true, timeouts: {implicit: 0, pageLoad: 300000, script: 30000}, unexpectedAlertBehaviour: ignore, unhandledPromptBehavior: ignore, version: 72.0.3626.121, webStorageEnabled: true}
Session ID: e66abb3e01bb84b518eee402615ce2b6
*** Element info: {Using=xpath, value=//select[@id=&#039;ctl00_ContentPlaceHolder1_lstItem&#039;]//option[1]}">
      <![CDATA[org.openqa.selenium.NoSuchElementException: no such element: Unable to locate element: {"method":"xpath","selector":"//select[@id='ctl00_ContentPlaceHolder1_lstItem']//option[1]"}
  (Session info: chrome=72.0.3626.121)
  (Driver info: chromedriver=73.0.3683.68 (47787ec04b6e38e22703e856e101e840b65afe72),platform=Windows NT 10.0.10240 x86_64) (WARNING: The server did not provide any stacktrace information)
Command duration or timeout: 0 milliseconds
For documentation on this error, please visit: https://www.seleniumhq.org/exceptions/no_such_element.html
Build info: version: '3.141.59', revision: 'e82be7d358', time: '2018-11-14T08:17:03'
System info: host: 'DESKTOP-HTSMLT5', ip: '192.168.0.111', os.name: 'Windows 10', os.arch: 'amd64', os.version: '10.0', java.version: '1.8.0_171'
Driver info: org.openqa.selenium.chrome.ChromeDriver
Capabilities {acceptInsecureCerts: false, acceptSslCerts: false, applicationCacheEnabled: false, browserConnectionEnabled: false, browserName: chrome, chrome: {chromedriverVersion: 73.0.3683.68 (47787ec04b6e3..., userDataDir: C:\Users\Admin\AppData\Loca...}, cssSelectorsEnabled: true, databaseEnabled: false, goog:chromeOptions: {debuggerAddress: localhost:62638}, handlesAlerts: true, hasTouchScreen: false, javascriptEnabled: true, locationContextEnabled: true, mobileEmulationEnabled: false, nativeEvents: true, networkConnectionEnabled: false, pageLoadStrategy: normal, platform: XP, platformName: XP, proxy: Proxy(), rotatable: false, setWindowRect: true, strictFileInteractability: false, takesHeapSnapshot: true, takesScreenshot: true, timeouts: {implicit: 0, pageLoad: 300000, script: 30000}, unexpectedAlertBehaviour: ignore, unhandledPromptBehavior: ignore, version: 72.0.3626.121, webStorageEnabled: true}
Session ID: e66abb3e01bb84b518eee402615ce2b6
*** Element info: {Using=xpath, value=//select[@id='ctl00_ContentPlaceHolder1_lstItem']//option[1]}
at sun.reflect.NativeConstructorAccessorImpl.newInstance0(Native Method)
at sun.reflect.NativeConstructorAccessorImpl.newInstance(Unknown Source)
at sun.reflect.DelegatingConstructorAccessorImpl.newInstance(Unknown Source)
at java.lang.reflect.Constructor.newInstance(Unknown Source)
at org.openqa.selenium.remote.ErrorHandler.createThrowable(ErrorHandler.java:214)
at org.openqa.selenium.remote.ErrorHandler.throwIfResponseFailed(ErrorHandler.java:166)
at org.openqa.selenium.remote.http.JsonHttpResponseCodec.reconstructValue(JsonHttpResponseCodec.java:40)
at org.openqa.selenium.remote.http.AbstractHttpResponseCodec.decode(AbstractHttpResponseCodec.java:80)
at org.openqa.selenium.remote.http.AbstractHttpResponseCodec.decode(AbstractHttpResponseCodec.java:44)
at org.openqa.selenium.remote.HttpCommandExecutor.execute(HttpCommandExecutor.java:158)
at org.openqa.selenium.remote.service.DriverCommandExecutor.execute(DriverCommandExecutor.java:83)
at org.openqa.selenium.remote.RemoteWebDriver.execute(RemoteWebDriver.java:552)
at org.openqa.selenium.remote.RemoteWebDriver.findElement(RemoteWebDriver.java:323)
at org.openqa.selenium.remote.RemoteWebDriver.findElementByXPath(RemoteWebDriver.java:428)
at org.openqa.selenium.By$ByXPath.findElement(By.java:353)
at org.openqa.selenium.remote.RemoteWebDriver.findElement(RemoteWebDriver.java:315)
at org.openqa.selenium.support.pagefactory.DefaultElementLocator.findElement(DefaultElementLocator.java:69)
at org.openqa.selenium.support.pagefactory.internal.LocatingElementHandler.invoke(LocatingElementHandler.java:38)
at com.sun.proxy.$Proxy10.click(Unknown Source)
at com.quickmove.qa.pages.AddRoomSettingpage.clickonfirstelement(AddRoomSettingpage.java:239)
at com.quickmove.qa.pages.AddRoomSettingpage.selectelement(AddRoomSettingpage.java:109)
at com.quickmove.qa.testcases.Addroomsettingtest.varifyaddroom(Addroomsettingtest.java:66)
at sun.reflect.NativeMethodAccessorImpl.invoke0(Native Method)
at sun.reflect.NativeMethodAccessorImpl.invoke(Unknown Source)
at sun.reflect.DelegatingMethodAccessorImpl.invoke(Unknown Source)
at java.lang.reflect.Method.invoke(Unknown Source)
at org.testng.internal.MethodInvocationHelper.invokeMethod(MethodInvocationHelper.java:133)
at org.testng.internal.TestInvoker.invokeMethod(TestInvoker.java:584)
at org.testng.internal.TestInvoker.invokeTestMethod(TestInvoker.java:172)
at org.testng.internal.MethodRunner.runInSequence(MethodRunner.java:46)
at org.testng.internal.TestInvoker$MethodInvocationAgent.invoke(TestInvoker.java:804)
at org.testng.internal.TestInvoker.invokeTestMethods(TestInvoker.java:145)
at org.testng.internal.TestMethodWorker.invokeTestMethods(TestMethodWorker.java:146)
at org.testng.internal.TestMethodWorker.run(TestMethodWorker.java:128)
at java.util.ArrayList.forEach(Unknown Source)
at org.testng.TestRunner.privateRun(TestRunner.java:770)
at org.testng.TestRunner.run(TestRunner.java:591)
at org.testng.SuiteRunner.runTest(SuiteRunner.java:402)
at org.testng.SuiteRunner.runSequentially(SuiteRunner.java:396)
at org.testng.SuiteRunner.privateRun(SuiteRunner.java:355)
at org.testng.SuiteRunner.run(SuiteRunner.java:304)
at org.testng.SuiteRunnerWorker.runSuite(SuiteRunnerWorker.java:53)
at org.testng.SuiteRunnerWorker.run(SuiteRunnerWorker.java:96)
at org.testng.TestNG.runSuitesSequentially(TestNG.java:1180)
at org.testng.TestNG.runSuitesLocally(TestNG.java:1102)
at org.testng.TestNG.runSuites(TestNG.java:1032)
at org.testng.TestNG.run(TestNG.java:1000)
at org.testng.remote.AbstractRemoteTestNG.run(AbstractRemoteTestNG.java:115)
at org.testng.remote.RemoteTestNG.initAndRun(RemoteTestNG.java:251)
at org.testng.remote.RemoteTestNG.main(RemoteTestNG.java:77)
]]>
    </error>
  </testcase> <!-- varifyaddroom -->
  <testcase name="varifyaddroom" time="13.802" classname="com.quickmove.qa.testcases.Addroomsettingtest">
    <skipped/>
  </testcase> <!-- varifyaddroom -->
  <testcase name="varifyaddroom" time="13.043" classname="com.quickmove.qa.testcases.Addroomsettingtest">
    <skipped/>
  </testcase> <!-- varifyaddroom -->
  <testcase name="varifyaddroom" time="941.385" classname="com.quickmove.qa.testcases.Addroomsettingtest"/>
  <testcase name="varifyaddroom" time="914.493" classname="com.quickmove.qa.testcases.Addroomsettingtest">
    <error type="org.openqa.selenium.NoSuchElementException" message="no such element: Unable to locate element: {&quot;method&quot;:&quot;xpath&quot;,&quot;selector&quot;:&quot;//div[@id=&#039;ctl00_ContentPlaceHolder1_divCategoryClose&#039;]&quot;}
  (Session info: chrome=72.0.3626.121)
  (Driver info: chromedriver=73.0.3683.68 (47787ec04b6e38e22703e856e101e840b65afe72),platform=Windows NT 10.0.10240 x86_64) (WARNING: The server did not provide any stacktrace information)
Command duration or timeout: 0 milliseconds
For documentation on this error, please visit: https://www.seleniumhq.org/exceptions/no_such_element.html
Build info: version: &#039;3.141.59&#039;, revision: &#039;e82be7d358&#039;, time: &#039;2018-11-14T08:17:03&#039;
System info: host: &#039;DESKTOP-HTSMLT5&#039;, ip: &#039;192.168.0.111&#039;, os.name: &#039;Windows 10&#039;, os.arch: &#039;amd64&#039;, os.version: &#039;10.0&#039;, java.version: &#039;1.8.0_171&#039;
Driver info: org.openqa.selenium.chrome.ChromeDriver
Capabilities {acceptInsecureCerts: false, acceptSslCerts: false, applicationCacheEnabled: false, browserConnectionEnabled: false, browserName: chrome, chrome: {chromedriverVersion: 73.0.3683.68 (47787ec04b6e3..., userDataDir: C:\Users\Admin\AppData\Loca...}, cssSelectorsEnabled: true, databaseEnabled: false, goog:chromeOptions: {debuggerAddress: localhost:62847}, handlesAlerts: true, hasTouchScreen: false, javascriptEnabled: true, locationContextEnabled: true, mobileEmulationEnabled: false, nativeEvents: true, networkConnectionEnabled: false, pageLoadStrategy: normal, platform: XP, platformName: XP, proxy: Proxy(), rotatable: false, setWindowRect: true, strictFileInteractability: false, takesHeapSnapshot: true, takesScreenshot: true, timeouts: {implicit: 0, pageLoad: 300000, script: 30000}, unexpectedAlertBehaviour: ignore, unhandledPromptBehavior: ignore, version: 72.0.3626.121, webStorageEnabled: true}
Session ID: 0a369a6c6856af5f1a9cea35b7df5bdd
*** Element info: {Using=xpath, value=//div[@id=&#039;ctl00_ContentPlaceHolder1_divCategoryClose&#039;]}">
      <![CDATA[org.openqa.selenium.NoSuchElementException: no such element: Unable to locate element: {"method":"xpath","selector":"//div[@id='ctl00_ContentPlaceHolder1_divCategoryClose']"}
  (Session info: chrome=72.0.3626.121)
  (Driver info: chromedriver=73.0.3683.68 (47787ec04b6e38e22703e856e101e840b65afe72),platform=Windows NT 10.0.10240 x86_64) (WARNING: The server did not provide any stacktrace information)
Command duration or timeout: 0 milliseconds
For documentation on this error, please visit: https://www.seleniumhq.org/exceptions/no_such_element.html
Build info: version: '3.141.59', revision: 'e82be7d358', time: '2018-11-14T08:17:03'
System info: host: 'DESKTOP-HTSMLT5', ip: '192.168.0.111', os.name: 'Windows 10', os.arch: 'amd64', os.version: '10.0', java.version: '1.8.0_171'
Driver info: org.openqa.selenium.chrome.ChromeDriver
Capabilities {acceptInsecureCerts: false, acceptSslCerts: false, applicationCacheEnabled: false, browserConnectionEnabled: false, browserName: chrome, chrome: {chromedriverVersion: 73.0.3683.68 (47787ec04b6e3..., userDataDir: C:\Users\Admin\AppData\Loca...}, cssSelectorsEnabled: true, databaseEnabled: false, goog:chromeOptions: {debuggerAddress: localhost:62847}, handlesAlerts: true, hasTouchScreen: false, javascriptEnabled: true, locationContextEnabled: true, mobileEmulationEnabled: false, nativeEvents: true, networkConnectionEnabled: false, pageLoadStrategy: normal, platform: XP, platformName: XP, proxy: Proxy(), rotatable: false, setWindowRect: true, strictFileInteractability: false, takesHeapSnapshot: true, takesScreenshot: true, timeouts: {implicit: 0, pageLoad: 300000, script: 30000}, unexpectedAlertBehaviour: ignore, unhandledPromptBehavior: ignore, version: 72.0.3626.121, webStorageEnabled: true}
Session ID: 0a369a6c6856af5f1a9cea35b7df5bdd
*** Element info: {Using=xpath, value=//div[@id='ctl00_ContentPlaceHolder1_divCategoryClose']}
at sun.reflect.NativeConstructorAccessorImpl.newInstance0(Native Method)
at sun.reflect.NativeConstructorAccessorImpl.newInstance(Unknown Source)
at sun.reflect.DelegatingConstructorAccessorImpl.newInstance(Unknown Source)
at java.lang.reflect.Constructor.newInstance(Unknown Source)
at org.openqa.selenium.remote.ErrorHandler.createThrowable(ErrorHandler.java:214)
at org.openqa.selenium.remote.ErrorHandler.throwIfResponseFailed(ErrorHandler.java:166)
at org.openqa.selenium.remote.http.JsonHttpResponseCodec.reconstructValue(JsonHttpResponseCodec.java:40)
at org.openqa.selenium.remote.http.AbstractHttpResponseCodec.decode(AbstractHttpResponseCodec.java:80)
at org.openqa.selenium.remote.http.AbstractHttpResponseCodec.decode(AbstractHttpResponseCodec.java:44)
at org.openqa.selenium.remote.HttpCommandExecutor.execute(HttpCommandExecutor.java:158)
at org.openqa.selenium.remote.service.DriverCommandExecutor.execute(DriverCommandExecutor.java:83)
at org.openqa.selenium.remote.RemoteWebDriver.execute(RemoteWebDriver.java:552)
at org.openqa.selenium.remote.RemoteWebDriver.findElement(RemoteWebDriver.java:323)
at org.openqa.selenium.remote.RemoteWebDriver.findElementByXPath(RemoteWebDriver.java:428)
at org.openqa.selenium.By$ByXPath.findElement(By.java:353)
at org.openqa.selenium.remote.RemoteWebDriver.findElement(RemoteWebDriver.java:315)
at org.openqa.selenium.support.pagefactory.DefaultElementLocator.findElement(DefaultElementLocator.java:69)
at org.openqa.selenium.support.pagefactory.internal.LocatingElementHandler.invoke(LocatingElementHandler.java:38)
at com.sun.proxy.$Proxy10.click(Unknown Source)
at com.quickmove.qa.pages.AddRoomSettingpage.clickoncategryicon(AddRoomSettingpage.java:48)
at com.quickmove.qa.testcases.Addroomsettingtest.varifyaddroom(Addroomsettingtest.java:60)
at sun.reflect.NativeMethodAccessorImpl.invoke0(Native Method)
at sun.reflect.NativeMethodAccessorImpl.invoke(Unknown Source)
at sun.reflect.DelegatingMethodAccessorImpl.invoke(Unknown Source)
at java.lang.reflect.Method.invoke(Unknown Source)
at org.testng.internal.MethodInvocationHelper.invokeMethod(MethodInvocationHelper.java:133)
at org.testng.internal.TestInvoker.invokeMethod(TestInvoker.java:584)
at org.testng.internal.TestInvoker.invokeTestMethod(TestInvoker.java:172)
at org.testng.internal.MethodRunner.runInSequence(MethodRunner.java:46)
at org.testng.internal.TestInvoker$MethodInvocationAgent.invoke(TestInvoker.java:804)
at org.testng.internal.TestInvoker.invokeTestMethods(TestInvoker.java:145)
at org.testng.internal.TestMethodWorker.invokeTestMethods(TestMethodWorker.java:146)
at org.testng.internal.TestMethodWorker.run(TestMethodWorker.java:128)
at java.util.ArrayList.forEach(Unknown Source)
at org.testng.TestRunner.privateRun(TestRunner.java:770)
at org.testng.TestRunner.run(TestRunner.java:591)
at org.testng.SuiteRunner.runTest(SuiteRunner.java:402)
at org.testng.SuiteRunner.runSequentially(SuiteRunner.java:396)
at org.testng.SuiteRunner.privateRun(SuiteRunner.java:355)
at org.testng.SuiteRunner.run(SuiteRunner.java:304)
at org.testng.SuiteRunnerWorker.runSuite(SuiteRunnerWorker.java:53)
at org.testng.SuiteRunnerWorker.run(SuiteRunnerWorker.java:96)
at org.testng.TestNG.runSuitesSequentially(TestNG.java:1180)
at org.testng.TestNG.runSuitesLocally(TestNG.java:1102)
at org.testng.TestNG.runSuites(TestNG.java:1032)
at org.testng.TestNG.run(TestNG.java:1000)
at org.testng.remote.AbstractRemoteTestNG.run(AbstractRemoteTestNG.java:115)
at org.testng.remote.RemoteTestNG.initAndRun(RemoteTestNG.java:251)
at org.testng.remote.RemoteTestNG.main(RemoteTestNG.java:77)
]]>
    </error>
  </testcase> <!-- varifyaddroom -->
  <testcase name="varifyaddroom" time="33.122" classname="com.quickmove.qa.testcases.Addroomsettingtest">
    <error type="org.openqa.selenium.WebDriverException" message="chrome not reachable
  (Session info: chrome=72.0.3626.121)
  (Driver info: chromedriver=73.0.3683.68 (47787ec04b6e38e22703e856e101e840b65afe72),platform=Windows NT 10.0.10240 x86_64) (WARNING: The server did not provide any stacktrace information)
Command duration or timeout: 0 milliseconds
Build info: version: &#039;3.141.59&#039;, revision: &#039;e82be7d358&#039;, time: &#039;2018-11-14T08:17:03&#039;
System info: host: &#039;DESKTOP-HTSMLT5&#039;, ip: &#039;192.168.0.111&#039;, os.name: &#039;Windows 10&#039;, os.arch: &#039;amd64&#039;, os.version: &#039;10.0&#039;, java.version: &#039;1.8.0_171&#039;
Driver info: org.openqa.selenium.chrome.ChromeDriver
Capabilities {acceptInsecureCerts: false, acceptSslCerts: false, applicationCacheEnabled: false, browserConnectionEnabled: false, browserName: chrome, chrome: {chromedriverVersion: 73.0.3683.68 (47787ec04b6e3..., userDataDir: C:\Users\Admin\AppData\Loca...}, cssSelectorsEnabled: true, databaseEnabled: false, goog:chromeOptions: {debuggerAddress: localhost:62909}, handlesAlerts: true, hasTouchScreen: false, javascriptEnabled: true, locationContextEnabled: true, mobileEmulationEnabled: false, nativeEvents: true, networkConnectionEnabled: false, pageLoadStrategy: normal, platform: XP, platformName: XP, proxy: Proxy(), rotatable: false, setWindowRect: true, strictFileInteractability: false, takesHeapSnapshot: true, takesScreenshot: true, timeouts: {implicit: 0, pageLoad: 300000, script: 30000}, unexpectedAlertBehaviour: ignore, unhandledPromptBehavior: ignore, version: 72.0.3626.121, webStorageEnabled: true}
Session ID: a6f47db68bb7266de59532e55b0f6e12
*** Element info: {Using=xpath, value=//select[@id=&#039;ctl00_ContentPlaceHolder1_lstItem&#039;]//option[1]}">
      <![CDATA[org.openqa.selenium.WebDriverException: chrome not reachable
  (Session info: chrome=72.0.3626.121)
  (Driver info: chromedriver=73.0.3683.68 (47787ec04b6e38e22703e856e101e840b65afe72),platform=Windows NT 10.0.10240 x86_64) (WARNING: The server did not provide any stacktrace information)
Command duration or timeout: 0 milliseconds
Build info: version: '3.141.59', revision: 'e82be7d358', time: '2018-11-14T08:17:03'
System info: host: 'DESKTOP-HTSMLT5', ip: '192.168.0.111', os.name: 'Windows 10', os.arch: 'amd64', os.version: '10.0', java.version: '1.8.0_171'
Driver info: org.openqa.selenium.chrome.ChromeDriver
Capabilities {acceptInsecureCerts: false, acceptSslCerts: false, applicationCacheEnabled: false, browserConnectionEnabled: false, browserName: chrome, chrome: {chromedriverVersion: 73.0.3683.68 (47787ec04b6e3..., userDataDir: C:\Users\Admin\AppData\Loca...}, cssSelectorsEnabled: true, databaseEnabled: false, goog:chromeOptions: {debuggerAddress: localhost:62909}, handlesAlerts: true, hasTouchScreen: false, javascriptEnabled: true, locationContextEnabled: true, mobileEmulationEnabled: false, nativeEvents: true, networkConnectionEnabled: false, pageLoadStrategy: normal, platform: XP, platformName: XP, proxy: Proxy(), rotatable: false, setWindowRect: true, strictFileInteractability: false, takesHeapSnapshot: true, takesScreenshot: true, timeouts: {implicit: 0, pageLoad: 300000, script: 30000}, unexpectedAlertBehaviour: ignore, unhandledPromptBehavior: ignore, version: 72.0.3626.121, webStorageEnabled: true}
Session ID: a6f47db68bb7266de59532e55b0f6e12
*** Element info: {Using=xpath, value=//select[@id='ctl00_ContentPlaceHolder1_lstItem']//option[1]}
at sun.reflect.NativeConstructorAccessorImpl.newInstance0(Native Method)
at sun.reflect.NativeConstructorAccessorImpl.newInstance(Unknown Source)
at sun.reflect.DelegatingConstructorAccessorImpl.newInstance(Unknown Source)
at java.lang.reflect.Constructor.newInstance(Unknown Source)
at org.openqa.selenium.remote.ErrorHandler.createThrowable(ErrorHandler.java:214)
at org.openqa.selenium.remote.ErrorHandler.throwIfResponseFailed(ErrorHandler.java:166)
at org.openqa.selenium.remote.http.JsonHttpResponseCodec.reconstructValue(JsonHttpResponseCodec.java:40)
at org.openqa.selenium.remote.http.AbstractHttpResponseCodec.decode(AbstractHttpResponseCodec.java:80)
at org.openqa.selenium.remote.http.AbstractHttpResponseCodec.decode(AbstractHttpResponseCodec.java:44)
at org.openqa.selenium.remote.HttpCommandExecutor.execute(HttpCommandExecutor.java:158)
at org.openqa.selenium.remote.service.DriverCommandExecutor.execute(DriverCommandExecutor.java:83)
at org.openqa.selenium.remote.RemoteWebDriver.execute(RemoteWebDriver.java:552)
at org.openqa.selenium.remote.RemoteWebDriver.findElement(RemoteWebDriver.java:323)
at org.openqa.selenium.remote.RemoteWebDriver.findElementByXPath(RemoteWebDriver.java:428)
at org.openqa.selenium.By$ByXPath.findElement(By.java:353)
at org.openqa.selenium.remote.RemoteWebDriver.findElement(RemoteWebDriver.java:315)
at org.openqa.selenium.support.pagefactory.DefaultElementLocator.findElement(DefaultElementLocator.java:69)
at org.openqa.selenium.support.pagefactory.internal.LocatingElementHandler.invoke(LocatingElementHandler.java:38)
at com.sun.proxy.$Proxy10.click(Unknown Source)
at com.quickmove.qa.pages.AddRoomSettingpage.clickonfirstelement(AddRoomSettingpage.java:239)
at com.quickmove.qa.pages.AddRoomSettingpage.selectelement(AddRoomSettingpage.java:109)
at com.quickmove.qa.testcases.Addroomsettingtest.varifyaddroom(Addroomsettingtest.java:66)
at sun.reflect.NativeMethodAccessorImpl.invoke0(Native Method)
at sun.reflect.NativeMethodAccessorImpl.invoke(Unknown Source)
at sun.reflect.DelegatingMethodAccessorImpl.invoke(Unknown Source)
at java.lang.reflect.Method.invoke(Unknown Source)
at org.testng.internal.MethodInvocationHelper.invokeMethod(MethodInvocationHelper.java:133)
at org.testng.internal.TestInvoker.invokeMethod(TestInvoker.java:584)
at org.testng.internal.TestInvoker.invokeTestMethod(TestInvoker.java:172)
at org.testng.internal.MethodRunner.runInSequence(MethodRunner.java:46)
at org.testng.internal.TestInvoker$MethodInvocationAgent.invoke(TestInvoker.java:804)
at org.testng.internal.TestInvoker.invokeTestMethods(TestInvoker.java:145)
at org.testng.internal.TestMethodWorker.invokeTestMethods(TestMethodWorker.java:146)
at org.testng.internal.TestMethodWorker.run(TestMethodWorker.java:128)
at java.util.ArrayList.forEach(Unknown Source)
at org.testng.TestRunner.privateRun(TestRunner.java:770)
at org.testng.TestRunner.run(TestRunner.java:591)
at org.testng.SuiteRunner.runTest(SuiteRunner.java:402)
at org.testng.SuiteRunner.runSequentially(SuiteRunner.java:396)
at org.testng.SuiteRunner.privateRun(SuiteRunner.java:355)
at org.testng.SuiteRunner.run(SuiteRunner.java:304)
at org.testng.SuiteRunnerWorker.runSuite(SuiteRunnerWorker.java:53)
at org.testng.SuiteRunnerWorker.run(SuiteRunnerWorker.java:96)
at org.testng.TestNG.runSuitesSequentially(TestNG.java:1180)
at org.testng.TestNG.runSuitesLocally(TestNG.java:1102)
at org.testng.TestNG.runSuites(TestNG.java:1032)
at org.testng.TestNG.run(TestNG.java:1000)
at org.testng.remote.AbstractRemoteTestNG.run(AbstractRemoteTestNG.java:115)
at org.testng.remote.RemoteTestNG.initAndRun(RemoteTestNG.java:251)
at org.testng.remote.RemoteTestNG.main(RemoteTestNG.java:77)
]]>
    </error>
  </testcase> <!-- varifyaddroom -->
  <testcase name="varifyaddroom" time="19.251" classname="com.quickmove.qa.testcases.Addroomsettingtest">
    <skipped/>
  </testcase> <!-- varifyaddroom -->
  <testcase name="varifyaddroom" time="17.734" classname="com.quickmove.qa.testcases.Addroomsettingtest">
    <skipped/>
  </testcase> <!-- varifyaddroom -->
  <testcase name="varifyaddroom" time="0.000" classname="com.quickmove.qa.testcases.Addroomsettingtest">
    <skipped/>
  </testcase> <!-- varifyaddroom -->
  <testcase name="varifyaddroom" time="0.000" classname="com.quickmove.qa.testcases.Addroomsettingtest">
    <skipped/>
  </testcase> <!-- varifyaddroom -->
  <testcase name="varifyaddroom" time="31.681" classname="com.quickmove.qa.testcases.Addroomsettingtest">
    <error type="org.openqa.selenium.NoSuchElementException" message="no such element: Unable to locate element: {&quot;method&quot;:&quot;xpath&quot;,&quot;selector&quot;:&quot;//select[@id=&#039;ctl00_ContentPlaceHolder1_lstItem&#039;]//option[1]&quot;}
  (Session info: chrome=72.0.3626.121)
  (Driver info: chromedriver=73.0.3683.68 (47787ec04b6e38e22703e856e101e840b65afe72),platform=Windows NT 10.0.10240 x86_64) (WARNING: The server did not provide any stacktrace information)
Command duration or timeout: 0 milliseconds
For documentation on this error, please visit: https://www.seleniumhq.org/exceptions/no_such_element.html
Build info: version: &#039;3.141.59&#039;, revision: &#039;e82be7d358&#039;, time: &#039;2018-11-14T08:17:03&#039;
System info: host: &#039;DESKTOP-HTSMLT5&#039;, ip: &#039;192.168.0.111&#039;, os.name: &#039;Windows 10&#039;, os.arch: &#039;amd64&#039;, os.version: &#039;10.0&#039;, java.version: &#039;1.8.0_171&#039;
Driver info: org.openqa.selenium.chrome.ChromeDriver
Capabilities {acceptInsecureCerts: false, acceptSslCerts: false, applicationCacheEnabled: false, browserConnectionEnabled: false, browserName: chrome, chrome: {chromedriverVersion: 73.0.3683.68 (47787ec04b6e3..., userDataDir: C:\Users\Admin\AppData\Loca...}, cssSelectorsEnabled: true, databaseEnabled: false, goog:chromeOptions: {debuggerAddress: localhost:62787}, handlesAlerts: true, hasTouchScreen: false, javascriptEnabled: true, locationContextEnabled: true, mobileEmulationEnabled: false, nativeEvents: true, networkConnectionEnabled: false, pageLoadStrategy: normal, platform: XP, platformName: XP, proxy: Proxy(), rotatable: false, setWindowRect: true, strictFileInteractability: false, takesHeapSnapshot: true, takesScreenshot: true, timeouts: {implicit: 0, pageLoad: 300000, script: 30000}, unexpectedAlertBehaviour: ignore, unhandledPromptBehavior: ignore, version: 72.0.3626.121, webStorageEnabled: true}
Session ID: 2a1a6e4bc94915443288c5ab76c72c46
*** Element info: {Using=xpath, value=//select[@id=&#039;ctl00_ContentPlaceHolder1_lstItem&#039;]//option[1]}">
      <![CDATA[org.openqa.selenium.NoSuchElementException: no such element: Unable to locate element: {"method":"xpath","selector":"//select[@id='ctl00_ContentPlaceHolder1_lstItem']//option[1]"}
  (Session info: chrome=72.0.3626.121)
  (Driver info: chromedriver=73.0.3683.68 (47787ec04b6e38e22703e856e101e840b65afe72),platform=Windows NT 10.0.10240 x86_64) (WARNING: The server did not provide any stacktrace information)
Command duration or timeout: 0 milliseconds
For documentation on this error, please visit: https://www.seleniumhq.org/exceptions/no_such_element.html
Build info: version: '3.141.59', revision: 'e82be7d358', time: '2018-11-14T08:17:03'
System info: host: 'DESKTOP-HTSMLT5', ip: '192.168.0.111', os.name: 'Windows 10', os.arch: 'amd64', os.version: '10.0', java.version: '1.8.0_171'
Driver info: org.openqa.selenium.chrome.ChromeDriver
Capabilities {acceptInsecureCerts: false, acceptSslCerts: false, applicationCacheEnabled: false, browserConnectionEnabled: false, browserName: chrome, chrome: {chromedriverVersion: 73.0.3683.68 (47787ec04b6e3..., userDataDir: C:\Users\Admin\AppData\Loca...}, cssSelectorsEnabled: true, databaseEnabled: false, goog:chromeOptions: {debuggerAddress: localhost:62787}, handlesAlerts: true, hasTouchScreen: false, javascriptEnabled: true, locationContextEnabled: true, mobileEmulationEnabled: false, nativeEvents: true, networkConnectionEnabled: false, pageLoadStrategy: normal, platform: XP, platformName: XP, proxy: Proxy(), rotatable: false, setWindowRect: true, strictFileInteractability: false, takesHeapSnapshot: true, takesScreenshot: true, timeouts: {implicit: 0, pageLoad: 300000, script: 30000}, unexpectedAlertBehaviour: ignore, unhandledPromptBehavior: ignore, version: 72.0.3626.121, webStorageEnabled: true}
Session ID: 2a1a6e4bc94915443288c5ab76c72c46
*** Element info: {Using=xpath, value=//select[@id='ctl00_ContentPlaceHolder1_lstItem']//option[1]}
at sun.reflect.NativeConstructorAccessorImpl.newInstance0(Native Method)
at sun.reflect.NativeConstructorAccessorImpl.newInstance(Unknown Source)
at sun.reflect.DelegatingConstructorAccessorImpl.newInstance(Unknown Source)
at java.lang.reflect.Constructor.newInstance(Unknown Source)
at org.openqa.selenium.remote.ErrorHandler.createThrowable(ErrorHandler.java:214)
at org.openqa.selenium.remote.ErrorHandler.throwIfResponseFailed(ErrorHandler.java:166)
at org.openqa.selenium.remote.http.JsonHttpResponseCodec.reconstructValue(JsonHttpResponseCodec.java:40)
at org.openqa.selenium.remote.http.AbstractHttpResponseCodec.decode(AbstractHttpResponseCodec.java:80)
at org.openqa.selenium.remote.http.AbstractHttpResponseCodec.decode(AbstractHttpResponseCodec.java:44)
at org.openqa.selenium.remote.HttpCommandExecutor.execute(HttpCommandExecutor.java:158)
at org.openqa.selenium.remote.service.DriverCommandExecutor.execute(DriverCommandExecutor.java:83)
at org.openqa.selenium.remote.RemoteWebDriver.execute(RemoteWebDriver.java:552)
at org.openqa.selenium.remote.RemoteWebDriver.findElement(RemoteWebDriver.java:323)
at org.openqa.selenium.remote.RemoteWebDriver.findElementByXPath(RemoteWebDriver.java:428)
at org.openqa.selenium.By$ByXPath.findElement(By.java:353)
at org.openqa.selenium.remote.RemoteWebDriver.findElement(RemoteWebDriver.java:315)
at org.openqa.selenium.support.pagefactory.DefaultElementLocator.findElement(DefaultElementLocator.java:69)
at org.openqa.selenium.support.pagefactory.internal.LocatingElementHandler.invoke(LocatingElementHandler.java:38)
at com.sun.proxy.$Proxy10.click(Unknown Source)
at com.quickmove.qa.pages.AddRoomSettingpage.clickonfirstelement(AddRoomSettingpage.java:239)
at com.quickmove.qa.pages.AddRoomSettingpage.selectelement(AddRoomSettingpage.java:109)
at com.quickmove.qa.testcases.Addroomsettingtest.varifyaddroom(Addroomsettingtest.java:66)
at sun.reflect.NativeMethodAccessorImpl.invoke0(Native Method)
at sun.reflect.NativeMethodAccessorImpl.invoke(Unknown Source)
at sun.reflect.DelegatingMethodAccessorImpl.invoke(Unknown Source)
at java.lang.reflect.Method.invoke(Unknown Source)
at org.testng.internal.MethodInvocationHelper.invokeMethod(MethodInvocationHelper.java:133)
at org.testng.internal.TestInvoker.invokeMethod(TestInvoker.java:584)
at org.testng.internal.TestInvoker.invokeTestMethod(TestInvoker.java:172)
at org.testng.internal.MethodRunner.runInSequence(MethodRunner.java:46)
at org.testng.internal.TestInvoker$MethodInvocationAgent.invoke(TestInvoker.java:804)
at org.testng.internal.TestInvoker.invokeTestMethods(TestInvoker.java:145)
at org.testng.internal.TestMethodWorker.invokeTestMethods(TestMethodWorker.java:146)
at org.testng.internal.TestMethodWorker.run(TestMethodWorker.java:128)
at java.util.ArrayList.forEach(Unknown Source)
at org.testng.TestRunner.privateRun(TestRunner.java:770)
at org.testng.TestRunner.run(TestRunner.java:591)
at org.testng.SuiteRunner.runTest(SuiteRunner.java:402)
at org.testng.SuiteRunner.runSequentially(SuiteRunner.java:396)
at org.testng.SuiteRunner.privateRun(SuiteRunner.java:355)
at org.testng.SuiteRunner.run(SuiteRunner.java:304)
at org.testng.SuiteRunnerWorker.runSuite(SuiteRunnerWorker.java:53)
at org.testng.SuiteRunnerWorker.run(SuiteRunnerWorker.java:96)
at org.testng.TestNG.runSuitesSequentially(TestNG.java:1180)
at org.testng.TestNG.runSuitesLocally(TestNG.java:1102)
at org.testng.TestNG.runSuites(TestNG.java:1032)
at org.testng.TestNG.run(TestNG.java:1000)
at org.testng.remote.AbstractRemoteTestNG.run(AbstractRemoteTestNG.java:115)
at org.testng.remote.RemoteTestNG.initAndRun(RemoteTestNG.java:251)
at org.testng.remote.RemoteTestNG.main(RemoteTestNG.java:77)
]]>
    </error>
  </testcase> <!-- varifyaddroom -->
  <testcase name="varifyaddroom" time="0.000" classname="com.quickmove.qa.testcases.Addroomsettingtest">
    <skipped/>
  </testcase> <!-- varifyaddroom -->
  <testcase name="varifyaddroom" time="10.031" classname="com.quickmove.qa.testcases.Addroomsettingtest">
    <error type="org.openqa.selenium.NoSuchElementException" message="no such element: Unable to locate element: {&quot;method&quot;:&quot;xpath&quot;,&quot;selector&quot;:&quot;//div[@id=&#039;ctl00_ContentPlaceHolder1_divCategoryClose&#039;]&quot;}
  (Session info: chrome=72.0.3626.121)
  (Driver info: chromedriver=73.0.3683.68 (47787ec04b6e38e22703e856e101e840b65afe72),platform=Windows NT 10.0.10240 x86_64) (WARNING: The server did not provide any stacktrace information)
Command duration or timeout: 0 milliseconds
For documentation on this error, please visit: https://www.seleniumhq.org/exceptions/no_such_element.html
Build info: version: &#039;3.141.59&#039;, revision: &#039;e82be7d358&#039;, time: &#039;2018-11-14T08:17:03&#039;
System info: host: &#039;DESKTOP-HTSMLT5&#039;, ip: &#039;192.168.0.111&#039;, os.name: &#039;Windows 10&#039;, os.arch: &#039;amd64&#039;, os.version: &#039;10.0&#039;, java.version: &#039;1.8.0_171&#039;
Driver info: org.openqa.selenium.chrome.ChromeDriver
Capabilities {acceptInsecureCerts: false, acceptSslCerts: false, applicationCacheEnabled: false, browserConnectionEnabled: false, browserName: chrome, chrome: {chromedriverVersion: 73.0.3683.68 (47787ec04b6e3..., userDataDir: C:\Users\Admin\AppData\Loca...}, cssSelectorsEnabled: true, databaseEnabled: false, goog:chromeOptions: {debuggerAddress: localhost:62949}, handlesAlerts: true, hasTouchScreen: false, javascriptEnabled: true, locationContextEnabled: true, mobileEmulationEnabled: false, nativeEvents: true, networkConnectionEnabled: false, pageLoadStrategy: normal, platform: XP, platformName: XP, proxy: Proxy(), rotatable: false, setWindowRect: true, strictFileInteractability: false, takesHeapSnapshot: true, takesScreenshot: true, timeouts: {implicit: 0, pageLoad: 300000, script: 30000}, unexpectedAlertBehaviour: ignore, unhandledPromptBehavior: ignore, version: 72.0.3626.121, webStorageEnabled: true}
Session ID: d0712a8c77b6d4f63cc3120b68b426ec
*** Element info: {Using=xpath, value=//div[@id=&#039;ctl00_ContentPlaceHolder1_divCategoryClose&#039;]}">
      <![CDATA[org.openqa.selenium.NoSuchElementException: no such element: Unable to locate element: {"method":"xpath","selector":"//div[@id='ctl00_ContentPlaceHolder1_divCategoryClose']"}
  (Session info: chrome=72.0.3626.121)
  (Driver info: chromedriver=73.0.3683.68 (47787ec04b6e38e22703e856e101e840b65afe72),platform=Windows NT 10.0.10240 x86_64) (WARNING: The server did not provide any stacktrace information)
Command duration or timeout: 0 milliseconds
For documentation on this error, please visit: https://www.seleniumhq.org/exceptions/no_such_element.html
Build info: version: '3.141.59', revision: 'e82be7d358', time: '2018-11-14T08:17:03'
System info: host: 'DESKTOP-HTSMLT5', ip: '192.168.0.111', os.name: 'Windows 10', os.arch: 'amd64', os.version: '10.0', java.version: '1.8.0_171'
Driver info: org.openqa.selenium.chrome.ChromeDriver
Capabilities {acceptInsecureCerts: false, acceptSslCerts: false, applicationCacheEnabled: false, browserConnectionEnabled: false, browserName: chrome, chrome: {chromedriverVersion: 73.0.3683.68 (47787ec04b6e3..., userDataDir: C:\Users\Admin\AppData\Loca...}, cssSelectorsEnabled: true, databaseEnabled: false, goog:chromeOptions: {debuggerAddress: localhost:62949}, handlesAlerts: true, hasTouchScreen: false, javascriptEnabled: true, locationContextEnabled: true, mobileEmulationEnabled: false, nativeEvents: true, networkConnectionEnabled: false, pageLoadStrategy: normal, platform: XP, platformName: XP, proxy: Proxy(), rotatable: false, setWindowRect: true, strictFileInteractability: false, takesHeapSnapshot: true, takesScreenshot: true, timeouts: {implicit: 0, pageLoad: 300000, script: 30000}, unexpectedAlertBehaviour: ignore, unhandledPromptBehavior: ignore, version: 72.0.3626.121, webStorageEnabled: true}
Session ID: d0712a8c77b6d4f63cc3120b68b426ec
*** Element info: {Using=xpath, value=//div[@id='ctl00_ContentPlaceHolder1_divCategoryClose']}
at sun.reflect.NativeConstructorAccessorImpl.newInstance0(Native Method)
at sun.reflect.NativeConstructorAccessorImpl.newInstance(Unknown Source)
at sun.reflect.DelegatingConstructorAccessorImpl.newInstance(Unknown Source)
at java.lang.reflect.Constructor.newInstance(Unknown Source)
at org.openqa.selenium.remote.ErrorHandler.createThrowable(ErrorHandler.java:214)
at org.openqa.selenium.remote.ErrorHandler.throwIfResponseFailed(ErrorHandler.java:166)
at org.openqa.selenium.remote.http.JsonHttpResponseCodec.reconstructValue(JsonHttpResponseCodec.java:40)
at org.openqa.selenium.remote.http.AbstractHttpResponseCodec.decode(AbstractHttpResponseCodec.java:80)
at org.openqa.selenium.remote.http.AbstractHttpResponseCodec.decode(AbstractHttpResponseCodec.java:44)
at org.openqa.selenium.remote.HttpCommandExecutor.execute(HttpCommandExecutor.java:158)
at org.openqa.selenium.remote.service.DriverCommandExecutor.execute(DriverCommandExecutor.java:83)
at org.openqa.selenium.remote.RemoteWebDriver.execute(RemoteWebDriver.java:552)
at org.openqa.selenium.remote.RemoteWebDriver.findElement(RemoteWebDriver.java:323)
at org.openqa.selenium.remote.RemoteWebDriver.findElementByXPath(RemoteWebDriver.java:428)
at org.openqa.selenium.By$ByXPath.findElement(By.java:353)
at org.openqa.selenium.remote.RemoteWebDriver.findElement(RemoteWebDriver.java:315)
at org.openqa.selenium.support.pagefactory.DefaultElementLocator.findElement(DefaultElementLocator.java:69)
at org.openqa.selenium.support.pagefactory.internal.LocatingElementHandler.invoke(LocatingElementHandler.java:38)
at com.sun.proxy.$Proxy10.click(Unknown Source)
at com.quickmove.qa.pages.AddRoomSettingpage.clickoncategryicon(AddRoomSettingpage.java:48)
at com.quickmove.qa.testcases.Addroomsettingtest.varifyaddroom(Addroomsettingtest.java:60)
at sun.reflect.NativeMethodAccessorImpl.invoke0(Native Method)
at sun.reflect.NativeMethodAccessorImpl.invoke(Unknown Source)
at sun.reflect.DelegatingMethodAccessorImpl.invoke(Unknown Source)
at java.lang.reflect.Method.invoke(Unknown Source)
at org.testng.internal.MethodInvocationHelper.invokeMethod(MethodInvocationHelper.java:133)
at org.testng.internal.TestInvoker.invokeMethod(TestInvoker.java:584)
at org.testng.internal.TestInvoker.invokeTestMethod(TestInvoker.java:172)
at org.testng.internal.MethodRunner.runInSequence(MethodRunner.java:46)
at org.testng.internal.TestInvoker$MethodInvocationAgent.invoke(TestInvoker.java:804)
at org.testng.internal.TestInvoker.invokeTestMethods(TestInvoker.java:145)
at org.testng.internal.TestMethodWorker.invokeTestMethods(TestMethodWorker.java:146)
at org.testng.internal.TestMethodWorker.run(TestMethodWorker.java:128)
at java.util.ArrayList.forEach(Unknown Source)
at org.testng.TestRunner.privateRun(TestRunner.java:770)
at org.testng.TestRunner.run(TestRunner.java:591)
at org.testng.SuiteRunner.runTest(SuiteRunner.java:402)
at org.testng.SuiteRunner.runSequentially(SuiteRunner.java:396)
at org.testng.SuiteRunner.privateRun(SuiteRunner.java:355)
at org.testng.SuiteRunner.run(SuiteRunner.java:304)
at org.testng.SuiteRunnerWorker.runSuite(SuiteRunnerWorker.java:53)
at org.testng.SuiteRunnerWorker.run(SuiteRunnerWorker.java:96)
at org.testng.TestNG.runSuitesSequentially(TestNG.java:1180)
at org.testng.TestNG.runSuitesLocally(TestNG.java:1102)
at org.testng.TestNG.runSuites(TestNG.java:1032)
at org.testng.TestNG.run(TestNG.java:1000)
at org.testng.remote.AbstractRemoteTestNG.run(AbstractRemoteTestNG.java:115)
at org.testng.remote.RemoteTestNG.initAndRun(RemoteTestNG.java:251)
at org.testng.remote.RemoteTestNG.main(RemoteTestNG.java:77)
]]>
    </error>
  </testcase> <!-- varifyaddroom -->
  <testcase name="varifyaddroom" time="23.587" classname="com.quickmove.qa.testcases.Addroomsettingtest">
    <error type="org.openqa.selenium.NoSuchElementException" message="no such element: Unable to locate element: {&quot;method&quot;:&quot;xpath&quot;,&quot;selector&quot;:&quot;//select[@id=&#039;ctl00_ContentPlaceHolder1_lstItem&#039;]//option[1]&quot;}
  (Session info: chrome=72.0.3626.121)
  (Driver info: chromedriver=73.0.3683.68 (47787ec04b6e38e22703e856e101e840b65afe72),platform=Windows NT 10.0.10240 x86_64) (WARNING: The server did not provide any stacktrace information)
Command duration or timeout: 0 milliseconds
For documentation on this error, please visit: https://www.seleniumhq.org/exceptions/no_such_element.html
Build info: version: &#039;3.141.59&#039;, revision: &#039;e82be7d358&#039;, time: &#039;2018-11-14T08:17:03&#039;
System info: host: &#039;DESKTOP-HTSMLT5&#039;, ip: &#039;192.168.0.111&#039;, os.name: &#039;Windows 10&#039;, os.arch: &#039;amd64&#039;, os.version: &#039;10.0&#039;, java.version: &#039;1.8.0_171&#039;
Driver info: org.openqa.selenium.chrome.ChromeDriver
Capabilities {acceptInsecureCerts: false, acceptSslCerts: false, applicationCacheEnabled: false, browserConnectionEnabled: false, browserName: chrome, chrome: {chromedriverVersion: 73.0.3683.68 (47787ec04b6e3..., userDataDir: C:\Users\Admin\AppData\Loca...}, cssSelectorsEnabled: true, databaseEnabled: false, goog:chromeOptions: {debuggerAddress: localhost:62880}, handlesAlerts: true, hasTouchScreen: false, javascriptEnabled: true, locationContextEnabled: true, mobileEmulationEnabled: false, nativeEvents: true, networkConnectionEnabled: false, pageLoadStrategy: normal, platform: XP, platformName: XP, proxy: Proxy(), rotatable: false, setWindowRect: true, strictFileInteractability: false, takesHeapSnapshot: true, takesScreenshot: true, timeouts: {implicit: 0, pageLoad: 300000, script: 30000}, unexpectedAlertBehaviour: ignore, unhandledPromptBehavior: ignore, version: 72.0.3626.121, webStorageEnabled: true}
Session ID: b7f6f69823606aed9b854d71ebd7ae14
*** Element info: {Using=xpath, value=//select[@id=&#039;ctl00_ContentPlaceHolder1_lstItem&#039;]//option[1]}">
      <![CDATA[org.openqa.selenium.NoSuchElementException: no such element: Unable to locate element: {"method":"xpath","selector":"//select[@id='ctl00_ContentPlaceHolder1_lstItem']//option[1]"}
  (Session info: chrome=72.0.3626.121)
  (Driver info: chromedriver=73.0.3683.68 (47787ec04b6e38e22703e856e101e840b65afe72),platform=Windows NT 10.0.10240 x86_64) (WARNING: The server did not provide any stacktrace information)
Command duration or timeout: 0 milliseconds
For documentation on this error, please visit: https://www.seleniumhq.org/exceptions/no_such_element.html
Build info: version: '3.141.59', revision: 'e82be7d358', time: '2018-11-14T08:17:03'
System info: host: 'DESKTOP-HTSMLT5', ip: '192.168.0.111', os.name: 'Windows 10', os.arch: 'amd64', os.version: '10.0', java.version: '1.8.0_171'
Driver info: org.openqa.selenium.chrome.ChromeDriver
Capabilities {acceptInsecureCerts: false, acceptSslCerts: false, applicationCacheEnabled: false, browserConnectionEnabled: false, browserName: chrome, chrome: {chromedriverVersion: 73.0.3683.68 (47787ec04b6e3..., userDataDir: C:\Users\Admin\AppData\Loca...}, cssSelectorsEnabled: true, databaseEnabled: false, goog:chromeOptions: {debuggerAddress: localhost:62880}, handlesAlerts: true, hasTouchScreen: false, javascriptEnabled: true, locationContextEnabled: true, mobileEmulationEnabled: false, nativeEvents: true, networkConnectionEnabled: false, pageLoadStrategy: normal, platform: XP, platformName: XP, proxy: Proxy(), rotatable: false, setWindowRect: true, strictFileInteractability: false, takesHeapSnapshot: true, takesScreenshot: true, timeouts: {implicit: 0, pageLoad: 300000, script: 30000}, unexpectedAlertBehaviour: ignore, unhandledPromptBehavior: ignore, version: 72.0.3626.121, webStorageEnabled: true}
Session ID: b7f6f69823606aed9b854d71ebd7ae14
*** Element info: {Using=xpath, value=//select[@id='ctl00_ContentPlaceHolder1_lstItem']//option[1]}
at sun.reflect.NativeConstructorAccessorImpl.newInstance0(Native Method)
at sun.reflect.NativeConstructorAccessorImpl.newInstance(Unknown Source)
at sun.reflect.DelegatingConstructorAccessorImpl.newInstance(Unknown Source)
at java.lang.reflect.Constructor.newInstance(Unknown Source)
at org.openqa.selenium.remote.ErrorHandler.createThrowable(ErrorHandler.java:214)
at org.openqa.selenium.remote.ErrorHandler.throwIfResponseFailed(ErrorHandler.java:166)
at org.openqa.selenium.remote.http.JsonHttpResponseCodec.reconstructValue(JsonHttpResponseCodec.java:40)
at org.openqa.selenium.remote.http.AbstractHttpResponseCodec.decode(AbstractHttpResponseCodec.java:80)
at org.openqa.selenium.remote.http.AbstractHttpResponseCodec.decode(AbstractHttpResponseCodec.java:44)
at org.openqa.selenium.remote.HttpCommandExecutor.execute(HttpCommandExecutor.java:158)
at org.openqa.selenium.remote.service.DriverCommandExecutor.execute(DriverCommandExecutor.java:83)
at org.openqa.selenium.remote.RemoteWebDriver.execute(RemoteWebDriver.java:552)
at org.openqa.selenium.remote.RemoteWebDriver.findElement(RemoteWebDriver.java:323)
at org.openqa.selenium.remote.RemoteWebDriver.findElementByXPath(RemoteWebDriver.java:428)
at org.openqa.selenium.By$ByXPath.findElement(By.java:353)
at org.openqa.selenium.remote.RemoteWebDriver.findElement(RemoteWebDriver.java:315)
at org.openqa.selenium.support.pagefactory.DefaultElementLocator.findElement(DefaultElementLocator.java:69)
at org.openqa.selenium.support.pagefactory.internal.LocatingElementHandler.invoke(LocatingElementHandler.java:38)
at com.sun.proxy.$Proxy10.click(Unknown Source)
at com.quickmove.qa.pages.AddRoomSettingpage.clickonfirstelement(AddRoomSettingpage.java:239)
at com.quickmove.qa.pages.AddRoomSettingpage.selectelement(AddRoomSettingpage.java:109)
at com.quickmove.qa.testcases.Addroomsettingtest.varifyaddroom(Addroomsettingtest.java:66)
at sun.reflect.NativeMethodAccessorImpl.invoke0(Native Method)
at sun.reflect.NativeMethodAccessorImpl.invoke(Unknown Source)
at sun.reflect.DelegatingMethodAccessorImpl.invoke(Unknown Source)
at java.lang.reflect.Method.invoke(Unknown Source)
at org.testng.internal.MethodInvocationHelper.invokeMethod(MethodInvocationHelper.java:133)
at org.testng.internal.TestInvoker.invokeMethod(TestInvoker.java:584)
at org.testng.internal.TestInvoker.invokeTestMethod(TestInvoker.java:172)
at org.testng.internal.MethodRunner.runInSequence(MethodRunner.java:46)
at org.testng.internal.TestInvoker$MethodInvocationAgent.invoke(TestInvoker.java:804)
at org.testng.internal.TestInvoker.invokeTestMethods(TestInvoker.java:145)
at org.testng.internal.TestMethodWorker.invokeTestMethods(TestMethodWorker.java:146)
at org.testng.internal.TestMethodWorker.run(TestMethodWorker.java:128)
at java.util.ArrayList.forEach(Unknown Source)
at org.testng.TestRunner.privateRun(TestRunner.java:770)
at org.testng.TestRunner.run(TestRunner.java:591)
at org.testng.SuiteRunner.runTest(SuiteRunner.java:402)
at org.testng.SuiteRunner.runSequentially(SuiteRunner.java:396)
at org.testng.SuiteRunner.privateRun(SuiteRunner.java:355)
at org.testng.SuiteRunner.run(SuiteRunner.java:304)
at org.testng.SuiteRunnerWorker.runSuite(SuiteRunnerWorker.java:53)
at org.testng.SuiteRunnerWorker.run(SuiteRunnerWorker.java:96)
at org.testng.TestNG.runSuitesSequentially(TestNG.java:1180)
at org.testng.TestNG.runSuitesLocally(TestNG.java:1102)
at org.testng.TestNG.runSuites(TestNG.java:1032)
at org.testng.TestNG.run(TestNG.java:1000)
at org.testng.remote.AbstractRemoteTestNG.run(AbstractRemoteTestNG.java:115)
at org.testng.remote.RemoteTestNG.initAndRun(RemoteTestNG.java:251)
at org.testng.remote.RemoteTestNG.main(RemoteTestNG.java:77)
]]>
    </error>
  </testcase> <!-- varifyaddroom -->
  <testcase name="varifyaddroom" time="23.538" classname="com.quickmove.qa.testcases.Addroomsettingtest">
    <error type="org.openqa.selenium.NoSuchElementException" message="no such element: Unable to locate element: {&quot;method&quot;:&quot;xpath&quot;,&quot;selector&quot;:&quot;//select[@id=&#039;ctl00_ContentPlaceHolder1_lstItem&#039;]//option[1]&quot;}
  (Session info: chrome=72.0.3626.121)
  (Driver info: chromedriver=73.0.3683.68 (47787ec04b6e38e22703e856e101e840b65afe72),platform=Windows NT 10.0.10240 x86_64) (WARNING: The server did not provide any stacktrace information)
Command duration or timeout: 0 milliseconds
For documentation on this error, please visit: https://www.seleniumhq.org/exceptions/no_such_element.html
Build info: version: &#039;3.141.59&#039;, revision: &#039;e82be7d358&#039;, time: &#039;2018-11-14T08:17:03&#039;
System info: host: &#039;DESKTOP-HTSMLT5&#039;, ip: &#039;192.168.0.111&#039;, os.name: &#039;Windows 10&#039;, os.arch: &#039;amd64&#039;, os.version: &#039;10.0&#039;, java.version: &#039;1.8.0_171&#039;
Driver info: org.openqa.selenium.chrome.ChromeDriver
Capabilities {acceptInsecureCerts: false, acceptSslCerts: false, applicationCacheEnabled: false, browserConnectionEnabled: false, browserName: chrome, chrome: {chromedriverVersion: 73.0.3683.68 (47787ec04b6e3..., userDataDir: C:\Users\Admin\AppData\Loca...}, cssSelectorsEnabled: true, databaseEnabled: false, goog:chromeOptions: {debuggerAddress: localhost:62821}, handlesAlerts: true, hasTouchScreen: false, javascriptEnabled: true, locationContextEnabled: true, mobileEmulationEnabled: false, nativeEvents: true, networkConnectionEnabled: false, pageLoadStrategy: normal, platform: XP, platformName: XP, proxy: Proxy(), rotatable: false, setWindowRect: true, strictFileInteractability: false, takesHeapSnapshot: true, takesScreenshot: true, timeouts: {implicit: 0, pageLoad: 300000, script: 30000}, unexpectedAlertBehaviour: ignore, unhandledPromptBehavior: ignore, version: 72.0.3626.121, webStorageEnabled: true}
Session ID: f9db6d1473d3670cc9e353a845302c20
*** Element info: {Using=xpath, value=//select[@id=&#039;ctl00_ContentPlaceHolder1_lstItem&#039;]//option[1]}">
      <![CDATA[org.openqa.selenium.NoSuchElementException: no such element: Unable to locate element: {"method":"xpath","selector":"//select[@id='ctl00_ContentPlaceHolder1_lstItem']//option[1]"}
  (Session info: chrome=72.0.3626.121)
  (Driver info: chromedriver=73.0.3683.68 (47787ec04b6e38e22703e856e101e840b65afe72),platform=Windows NT 10.0.10240 x86_64) (WARNING: The server did not provide any stacktrace information)
Command duration or timeout: 0 milliseconds
For documentation on this error, please visit: https://www.seleniumhq.org/exceptions/no_such_element.html
Build info: version: '3.141.59', revision: 'e82be7d358', time: '2018-11-14T08:17:03'
System info: host: 'DESKTOP-HTSMLT5', ip: '192.168.0.111', os.name: 'Windows 10', os.arch: 'amd64', os.version: '10.0', java.version: '1.8.0_171'
Driver info: org.openqa.selenium.chrome.ChromeDriver
Capabilities {acceptInsecureCerts: false, acceptSslCerts: false, applicationCacheEnabled: false, browserConnectionEnabled: false, browserName: chrome, chrome: {chromedriverVersion: 73.0.3683.68 (47787ec04b6e3..., userDataDir: C:\Users\Admin\AppData\Loca...}, cssSelectorsEnabled: true, databaseEnabled: false, goog:chromeOptions: {debuggerAddress: localhost:62821}, handlesAlerts: true, hasTouchScreen: false, javascriptEnabled: true, locationContextEnabled: true, mobileEmulationEnabled: false, nativeEvents: true, networkConnectionEnabled: false, pageLoadStrategy: normal, platform: XP, platformName: XP, proxy: Proxy(), rotatable: false, setWindowRect: true, strictFileInteractability: false, takesHeapSnapshot: true, takesScreenshot: true, timeouts: {implicit: 0, pageLoad: 300000, script: 30000}, unexpectedAlertBehaviour: ignore, unhandledPromptBehavior: ignore, version: 72.0.3626.121, webStorageEnabled: true}
Session ID: f9db6d1473d3670cc9e353a845302c20
*** Element info: {Using=xpath, value=//select[@id='ctl00_ContentPlaceHolder1_lstItem']//option[1]}
at sun.reflect.NativeConstructorAccessorImpl.newInstance0(Native Method)
at sun.reflect.NativeConstructorAccessorImpl.newInstance(Unknown Source)
at sun.reflect.DelegatingConstructorAccessorImpl.newInstance(Unknown Source)
at java.lang.reflect.Constructor.newInstance(Unknown Source)
at org.openqa.selenium.remote.ErrorHandler.createThrowable(ErrorHandler.java:214)
at org.openqa.selenium.remote.ErrorHandler.throwIfResponseFailed(ErrorHandler.java:166)
at org.openqa.selenium.remote.http.JsonHttpResponseCodec.reconstructValue(JsonHttpResponseCodec.java:40)
at org.openqa.selenium.remote.http.AbstractHttpResponseCodec.decode(AbstractHttpResponseCodec.java:80)
at org.openqa.selenium.remote.http.AbstractHttpResponseCodec.decode(AbstractHttpResponseCodec.java:44)
at org.openqa.selenium.remote.HttpCommandExecutor.execute(HttpCommandExecutor.java:158)
at org.openqa.selenium.remote.service.DriverCommandExecutor.execute(DriverCommandExecutor.java:83)
at org.openqa.selenium.remote.RemoteWebDriver.execute(RemoteWebDriver.java:552)
at org.openqa.selenium.remote.RemoteWebDriver.findElement(RemoteWebDriver.java:323)
at org.openqa.selenium.remote.RemoteWebDriver.findElementByXPath(RemoteWebDriver.java:428)
at org.openqa.selenium.By$ByXPath.findElement(By.java:353)
at org.openqa.selenium.remote.RemoteWebDriver.findElement(RemoteWebDriver.java:315)
at org.openqa.selenium.support.pagefactory.DefaultElementLocator.findElement(DefaultElementLocator.java:69)
at org.openqa.selenium.support.pagefactory.internal.LocatingElementHandler.invoke(LocatingElementHandler.java:38)
at com.sun.proxy.$Proxy10.click(Unknown Source)
at com.quickmove.qa.pages.AddRoomSettingpage.clickonfirstelement(AddRoomSettingpage.java:239)
at com.quickmove.qa.pages.AddRoomSettingpage.selectelement(AddRoomSettingpage.java:109)
at com.quickmove.qa.testcases.Addroomsettingtest.varifyaddroom(Addroomsettingtest.java:66)
at sun.reflect.NativeMethodAccessorImpl.invoke0(Native Method)
at sun.reflect.NativeMethodAccessorImpl.invoke(Unknown Source)
at sun.reflect.DelegatingMethodAccessorImpl.invoke(Unknown Source)
at java.lang.reflect.Method.invoke(Unknown Source)
at org.testng.internal.MethodInvocationHelper.invokeMethod(MethodInvocationHelper.java:133)
at org.testng.internal.TestInvoker.invokeMethod(TestInvoker.java:584)
at org.testng.internal.TestInvoker.invokeTestMethod(TestInvoker.java:172)
at org.testng.internal.MethodRunner.runInSequence(MethodRunner.java:46)
at org.testng.internal.TestInvoker$MethodInvocationAgent.invoke(TestInvoker.java:804)
at org.testng.internal.TestInvoker.invokeTestMethods(TestInvoker.java:145)
at org.testng.internal.TestMethodWorker.invokeTestMethods(TestMethodWorker.java:146)
at org.testng.internal.TestMethodWorker.run(TestMethodWorker.java:128)
at java.util.ArrayList.forEach(Unknown Source)
at org.testng.TestRunner.privateRun(TestRunner.java:770)
at org.testng.TestRunner.run(TestRunner.java:591)
at org.testng.SuiteRunner.runTest(SuiteRunner.java:402)
at org.testng.SuiteRunner.runSequentially(SuiteRunner.java:396)
at org.testng.SuiteRunner.privateRun(SuiteRunner.java:355)
at org.testng.SuiteRunner.run(SuiteRunner.java:304)
at org.testng.SuiteRunnerWorker.runSuite(SuiteRunnerWorker.java:53)
at org.testng.SuiteRunnerWorker.run(SuiteRunnerWorker.java:96)
at org.testng.TestNG.runSuitesSequentially(TestNG.java:1180)
at org.testng.TestNG.runSuitesLocally(TestNG.java:1102)
at org.testng.TestNG.runSuites(TestNG.java:1032)
at org.testng.TestNG.run(TestNG.java:1000)
at org.testng.remote.AbstractRemoteTestNG.run(AbstractRemoteTestNG.java:115)
at org.testng.remote.RemoteTestNG.initAndRun(RemoteTestNG.java:251)
at org.testng.remote.RemoteTestNG.main(RemoteTestNG.java:77)
]]>
    </error>
  </testcase> <!-- varifyaddroom -->
  <testcase name="varifyaddroom" time="751.503" classname="com.quickmove.qa.testcases.Addroomsettingtest">
    <error type="org.openqa.selenium.NoSuchElementException" message="no such element: Unable to locate element: {&quot;method&quot;:&quot;xpath&quot;,&quot;selector&quot;:&quot;//select[@id=&#039;ctl00_ContentPlaceHolder1_lstItem&#039;]//option[1]&quot;}
  (Session info: chrome=72.0.3626.121)
  (Driver info: chromedriver=73.0.3683.68 (47787ec04b6e38e22703e856e101e840b65afe72),platform=Windows NT 10.0.10240 x86_64) (WARNING: The server did not provide any stacktrace information)
Command duration or timeout: 0 milliseconds
For documentation on this error, please visit: https://www.seleniumhq.org/exceptions/no_such_element.html
Build info: version: &#039;3.141.59&#039;, revision: &#039;e82be7d358&#039;, time: &#039;2018-11-14T08:17:03&#039;
System info: host: &#039;DESKTOP-HTSMLT5&#039;, ip: &#039;192.168.0.111&#039;, os.name: &#039;Windows 10&#039;, os.arch: &#039;amd64&#039;, os.version: &#039;10.0&#039;, java.version: &#039;1.8.0_171&#039;
Driver info: org.openqa.selenium.chrome.ChromeDriver
Capabilities {acceptInsecureCerts: false, acceptSslCerts: false, applicationCacheEnabled: false, browserConnectionEnabled: false, browserName: chrome, chrome: {chromedriverVersion: 73.0.3683.68 (47787ec04b6e3..., userDataDir: C:\Users\Admin\AppData\Loca...}, cssSelectorsEnabled: true, databaseEnabled: false, goog:chromeOptions: {debuggerAddress: localhost:62463}, handlesAlerts: true, hasTouchScreen: false, javascriptEnabled: true, locationContextEnabled: true, mobileEmulationEnabled: false, nativeEvents: true, networkConnectionEnabled: false, pageLoadStrategy: normal, platform: XP, platformName: XP, proxy: Proxy(), rotatable: false, setWindowRect: true, strictFileInteractability: false, takesHeapSnapshot: true, takesScreenshot: true, timeouts: {implicit: 0, pageLoad: 300000, script: 30000}, unexpectedAlertBehaviour: ignore, unhandledPromptBehavior: ignore, version: 72.0.3626.121, webStorageEnabled: true}
Session ID: 151c0a7c81198656032ebbf2f3421fc5
*** Element info: {Using=xpath, value=//select[@id=&#039;ctl00_ContentPlaceHolder1_lstItem&#039;]//option[1]}">
      <![CDATA[org.openqa.selenium.NoSuchElementException: no such element: Unable to locate element: {"method":"xpath","selector":"//select[@id='ctl00_ContentPlaceHolder1_lstItem']//option[1]"}
  (Session info: chrome=72.0.3626.121)
  (Driver info: chromedriver=73.0.3683.68 (47787ec04b6e38e22703e856e101e840b65afe72),platform=Windows NT 10.0.10240 x86_64) (WARNING: The server did not provide any stacktrace information)
Command duration or timeout: 0 milliseconds
For documentation on this error, please visit: https://www.seleniumhq.org/exceptions/no_such_element.html
Build info: version: '3.141.59', revision: 'e82be7d358', time: '2018-11-14T08:17:03'
System info: host: 'DESKTOP-HTSMLT5', ip: '192.168.0.111', os.name: 'Windows 10', os.arch: 'amd64', os.version: '10.0', java.version: '1.8.0_171'
Driver info: org.openqa.selenium.chrome.ChromeDriver
Capabilities {acceptInsecureCerts: false, acceptSslCerts: false, applicationCacheEnabled: false, browserConnectionEnabled: false, browserName: chrome, chrome: {chromedriverVersion: 73.0.3683.68 (47787ec04b6e3..., userDataDir: C:\Users\Admin\AppData\Loca...}, cssSelectorsEnabled: true, databaseEnabled: false, goog:chromeOptions: {debuggerAddress: localhost:62463}, handlesAlerts: true, hasTouchScreen: false, javascriptEnabled: true, locationContextEnabled: true, mobileEmulationEnabled: false, nativeEvents: true, networkConnectionEnabled: false, pageLoadStrategy: normal, platform: XP, platformName: XP, proxy: Proxy(), rotatable: false, setWindowRect: true, strictFileInteractability: false, takesHeapSnapshot: true, takesScreenshot: true, timeouts: {implicit: 0, pageLoad: 300000, script: 30000}, unexpectedAlertBehaviour: ignore, unhandledPromptBehavior: ignore, version: 72.0.3626.121, webStorageEnabled: true}
Session ID: 151c0a7c81198656032ebbf2f3421fc5
*** Element info: {Using=xpath, value=//select[@id='ctl00_ContentPlaceHolder1_lstItem']//option[1]}
at sun.reflect.NativeConstructorAccessorImpl.newInstance0(Native Method)
at sun.reflect.NativeConstructorAccessorImpl.newInstance(Unknown Source)
at sun.reflect.DelegatingConstructorAccessorImpl.newInstance(Unknown Source)
at java.lang.reflect.Constructor.newInstance(Unknown Source)
at org.openqa.selenium.remote.ErrorHandler.createThrowable(ErrorHandler.java:214)
at org.openqa.selenium.remote.ErrorHandler.throwIfResponseFailed(ErrorHandler.java:166)
at org.openqa.selenium.remote.http.JsonHttpResponseCodec.reconstructValue(JsonHttpResponseCodec.java:40)
at org.openqa.selenium.remote.http.AbstractHttpResponseCodec.decode(AbstractHttpResponseCodec.java:80)
at org.openqa.selenium.remote.http.AbstractHttpResponseCodec.decode(AbstractHttpResponseCodec.java:44)
at org.openqa.selenium.remote.HttpCommandExecutor.execute(HttpCommandExecutor.java:158)
at org.openqa.selenium.remote.service.DriverCommandExecutor.execute(DriverCommandExecutor.java:83)
at org.openqa.selenium.remote.RemoteWebDriver.execute(RemoteWebDriver.java:552)
at org.openqa.selenium.remote.RemoteWebDriver.findElement(RemoteWebDriver.java:323)
at org.openqa.selenium.remote.RemoteWebDriver.findElementByXPath(RemoteWebDriver.java:428)
at org.openqa.selenium.By$ByXPath.findElement(By.java:353)
at org.openqa.selenium.remote.RemoteWebDriver.findElement(RemoteWebDriver.java:315)
at org.openqa.selenium.support.pagefactory.DefaultElementLocator.findElement(DefaultElementLocator.java:69)
at org.openqa.selenium.support.pagefactory.internal.LocatingElementHandler.invoke(LocatingElementHandler.java:38)
at com.sun.proxy.$Proxy10.click(Unknown Source)
at com.quickmove.qa.pages.AddRoomSettingpage.clickonfirstelement(AddRoomSettingpage.java:239)
at com.quickmove.qa.pages.AddRoomSettingpage.selectelement(AddRoomSettingpage.java:109)
at com.quickmove.qa.testcases.Addroomsettingtest.varifyaddroom(Addroomsettingtest.java:66)
at sun.reflect.NativeMethodAccessorImpl.invoke0(Native Method)
at sun.reflect.NativeMethodAccessorImpl.invoke(Unknown Source)
at sun.reflect.DelegatingMethodAccessorImpl.invoke(Unknown Source)
at java.lang.reflect.Method.invoke(Unknown Source)
at org.testng.internal.MethodInvocationHelper.invokeMethod(MethodInvocationHelper.java:133)
at org.testng.internal.TestInvoker.invokeMethod(TestInvoker.java:584)
at org.testng.internal.TestInvoker.invokeTestMethod(TestInvoker.java:172)
at org.testng.internal.MethodRunner.runInSequence(MethodRunner.java:46)
at org.testng.internal.TestInvoker$MethodInvocationAgent.invoke(TestInvoker.java:804)
at org.testng.internal.TestInvoker.invokeTestMethods(TestInvoker.java:145)
at org.testng.internal.TestMethodWorker.invokeTestMethods(TestMethodWorker.java:146)
at org.testng.internal.TestMethodWorker.run(TestMethodWorker.java:128)
at java.util.ArrayList.forEach(Unknown Source)
at org.testng.TestRunner.privateRun(TestRunner.java:770)
at org.testng.TestRunner.run(TestRunner.java:591)
at org.testng.SuiteRunner.runTest(SuiteRunner.java:402)
at org.testng.SuiteRunner.runSequentially(SuiteRunner.java:396)
at org.testng.SuiteRunner.privateRun(SuiteRunner.java:355)
at org.testng.SuiteRunner.run(SuiteRunner.java:304)
at org.testng.SuiteRunnerWorker.runSuite(SuiteRunnerWorker.java:53)
at org.testng.SuiteRunnerWorker.run(SuiteRunnerWorker.java:96)
at org.testng.TestNG.runSuitesSequentially(TestNG.java:1180)
at org.testng.TestNG.runSuitesLocally(TestNG.java:1102)
at org.testng.TestNG.runSuites(TestNG.java:1032)
at org.testng.TestNG.run(TestNG.java:1000)
at org.testng.remote.AbstractRemoteTestNG.run(AbstractRemoteTestNG.java:115)
at org.testng.remote.RemoteTestNG.initAndRun(RemoteTestNG.java:251)
at org.testng.remote.RemoteTestNG.main(RemoteTestNG.java:77)
]]>
    </error>
  </testcase> <!-- varifyaddroom -->
  <testcase name="varifyaddroom" time="0.000" classname="com.quickmove.qa.testcases.Addroomsettingtest">
    <skipped/>
  </testcase> <!-- varifyaddroom -->
  <testcase name="varifyaddroom" time="0.000" classname="com.quickmove.qa.testcases.Addroomsettingtest">
    <skipped/>
  </testcase> <!-- varifyaddroom -->
  <testcase name="varifyaddOffficeRoom" time="0.000" classname="com.quickmove.qa.testcases.Addroomsettingtest">
    <skipped/>
  </testcase> <!-- varifyaddOffficeRoom -->
  <testcase name="varifyaddOffficeRoom" time="0.000" classname="com.quickmove.qa.testcases.Addroomsettingtest">
    <skipped/>
  </testcase> <!-- varifyaddOffficeRoom -->
  <testcase name="varifyaddOffficeRoom" time="0.000" classname="com.quickmove.qa.testcases.Addroomsettingtest">
    <skipped/>
  </testcase> <!-- varifyaddOffficeRoom -->
  <testcase name="varifyaddOffficeRoom" time="0.000" classname="com.quickmove.qa.testcases.Addroomsettingtest">
    <skipped/>
  </testcase> <!-- varifyaddOffficeRoom -->
  <testcase name="varifyaddOffficeRoom" time="0.000" classname="com.quickmove.qa.testcases.Addroomsettingtest">
    <skipped/>
  </testcase> <!-- varifyaddOffficeRoom -->
  <testcase name="varifyaddOffficeRoom" time="0.000" classname="com.quickmove.qa.testcases.Addroomsettingtest">
    <skipped/>
  </testcase> <!-- varifyaddOffficeRoom -->
  <testcase name="varifyaddOffficeRoom" time="0.000" classname="com.quickmove.qa.testcases.Addroomsettingtest">
    <skipped/>
  </testcase> <!-- varifyaddOffficeRoom -->
  <testcase name="varifyaddOffficeRoom" time="0.000" classname="com.quickmove.qa.testcases.Addroomsettingtest">
    <skipped/>
  </testcase> <!-- varifyaddOffficeRoom -->
  <testcase name="varifyaddOffficeRoom" time="0.000" classname="com.quickmove.qa.testcases.Addroomsettingtest">
    <skipped/>
  </testcase> <!-- varifyaddOffficeRoom -->
  <testcase name="varifyaddOffficeRoom" time="0.000" classname="com.quickmove.qa.testcases.Addroomsettingtest">
    <skipped/>
  </testcase> <!-- varifyaddOffficeRoom -->
  <testcase name="varifyaddOffficeRoom" time="0.000" classname="com.quickmove.qa.testcases.Addroomsettingtest">
    <skipped/>
  </testcase> <!-- varifyaddOffficeRoom -->
  <testcase name="varifyaddOffficeRoom" time="0.000" classname="com.quickmove.qa.testcases.Addroomsettingtest">
    <skipped/>
  </testcase> <!-- varifyaddOffficeRoom -->
  <testcase name="varifyaddOffficeRoom" time="0.000" classname="com.quickmove.qa.testcases.Addroomsettingtest">
    <skipped/>
  </testcase> <!-- varifyaddOffficeRoom -->
  <testcase name="varifyaddOffficeRoom" time="0.000" classname="com.quickmove.qa.testcases.Addroomsettingtest">
    <skipped/>
  </testcase> <!-- varifyaddOffficeRoom -->
  <testcase name="varifyaddOffficeRoom" time="0.000" classname="com.quickmove.qa.testcases.Addroomsettingtest">
    <skipped/>
  </testcase> <!-- varifyaddOffficeRoom -->
  <testcase name="varifyaddOffficeRoom" time="0.000" classname="com.quickmove.qa.testcases.Addroomsettingtest">
    <skipped/>
  </testcase> <!-- varifyaddOffficeRoom -->
  <testcase name="varifyaddOffficeRoom" time="0.000" classname="com.quickmove.qa.testcases.Addroomsettingtest">
    <skipped/>
  </testcase> <!-- varifyaddOffficeRoom -->
  <testcase name="varifyaddOffficeRoom" time="0.000" classname="com.quickmove.qa.testcases.Addroomsettingtest">
    <skipped/>
  </testcase> <!-- varifyaddOffficeRoom -->
  <testcase name="varifyaddCommerciaGoodsroom" time="0.000" classname="com.quickmove.qa.testcases.Addroomsettingtest">
    <skipped/>
  </testcase> <!-- varifyaddCommerciaGoodsroom -->
  <testcase name="varifyaddCommerciaGoodsroom" time="0.000" classname="com.quickmove.qa.testcases.Addroomsettingtest">
    <skipped/>
  </testcase> <!-- varifyaddCommerciaGoodsroom -->
  <testcase name="varifyaddCommerciaGoodsroom" time="0.000" classname="com.quickmove.qa.testcases.Addroomsettingtest">
    <skipped/>
  </testcase> <!-- varifyaddCommerciaGoodsroom -->
  <testcase name="varifyaddCommerciaGoodsroom" time="0.000" classname="com.quickmove.qa.testcases.Addroomsettingtest">
    <skipped/>
  </testcase> <!-- varifyaddCommerciaGoodsroom -->
  <testcase name="varifyaddCommerciaGoodsroom" time="0.000" classname="com.quickmove.qa.testcases.Addroomsettingtest">
    <skipped/>
  </testcase> <!-- varifyaddCommerciaGoodsroom -->
  <testcase name="varifyaddCommerciaGoodsroom" time="0.000" classname="com.quickmove.qa.testcases.Addroomsettingtest">
    <skipped/>
  </testcase> <!-- varifyaddCommerciaGoodsroom -->
  <testcase name="varifyaddCommerciaGoodsroom" time="0.000" classname="com.quickmove.qa.testcases.Addroomsettingtest">
    <skipped/>
  </testcase> <!-- varifyaddCommerciaGoodsroom -->
  <testcase name="varifyaddCommerciaGoodsroom" time="0.000" classname="com.quickmove.qa.testcases.Addroomsettingtest">
    <skipped/>
  </testcase> <!-- varifyaddCommerciaGoodsroom -->
  <testcase name="varifyaddCommerciaGoodsroom" time="0.000" classname="com.quickmove.qa.testcases.Addroomsettingtest">
    <skipped/>
  </testcase> <!-- varifyaddCommerciaGoodsroom -->
  <testcase name="varifyaddCommerciaGoodsroom" time="0.000" classname="com.quickmove.qa.testcases.Addroomsettingtest">
    <skipped/>
  </testcase> <!-- varifyaddCommerciaGoodsroom -->
  <testcase name="varifyaddCommerciaGoodsroom" time="0.000" classname="com.quickmove.qa.testcases.Addroomsettingtest">
    <skipped/>
  </testcase> <!-- varifyaddCommerciaGoodsroom -->
  <testcase name="varifyaddCommerciaGoodsroom" time="0.000" classname="com.quickmove.qa.testcases.Addroomsettingtest">
    <skipped/>
  </testcase> <!-- varifyaddCommerciaGoodsroom -->
  <testcase name="varifyaddCommerciaGoodsroom" time="0.000" classname="com.quickmove.qa.testcases.Addroomsettingtest">
    <skipped/>
  </testcase> <!-- varifyaddCommerciaGoodsroom -->
  <testcase name="varifyaddCommerciaGoodsroom" time="0.000" classname="com.quickmove.qa.testcases.Addroomsettingtest">
    <skipped/>
  </testcase> <!-- varifyaddCommerciaGoodsroom -->
  <testcase name="varifyaddCommerciaGoodsroom" time="0.000" classname="com.quickmove.qa.testcases.Addroomsettingtest">
    <skipped/>
  </testcase> <!-- varifyaddCommerciaGoodsroom -->
  <testcase name="varifyaddCommerciaGoodsroom" time="0.000" classname="com.quickmove.qa.testcases.Addroomsettingtest">
    <skipped/>
  </testcase> <!-- varifyaddCommerciaGoodsroom -->
  <testcase name="varifyaddCommerciaGoodsroom" time="0.000" classname="com.quickmove.qa.testcases.Addroomsettingtest">
    <skipped/>
  </testcase> <!-- varifyaddCommerciaGoodsroom -->
  <testcase name="varifyaddCommerciaGoodsroom" time="0.000" classname="com.quickmove.qa.testcases.Addroomsettingtest">
    <skipped/>
  </testcase> <!-- varifyaddCommerciaGoodsroom -->
  <testcase name="varifyaddIndustrialGoodsRoom" time="0.000" classname="com.quickmove.qa.testcases.Addroomsettingtest">
    <skipped/>
  </testcase> <!-- varifyaddIndustrialGoodsRoom -->
  <testcase name="varifyaddIndustrialGoodsRoom" time="0.000" classname="com.quickmove.qa.testcases.Addroomsettingtest">
    <skipped/>
  </testcase> <!-- varifyaddIndustrialGoodsRoom -->
  <testcase name="varifyaddIndustrialGoodsRoom" time="0.000" classname="com.quickmove.qa.testcases.Addroomsettingtest">
    <skipped/>
  </testcase> <!-- varifyaddIndustrialGoodsRoom -->
  <testcase name="varifyaddIndustrialGoodsRoom" time="0.000" classname="com.quickmove.qa.testcases.Addroomsettingtest">
    <skipped/>
  </testcase> <!-- varifyaddIndustrialGoodsRoom -->
  <testcase name="varifyaddIndustrialGoodsRoom" time="0.000" classname="com.quickmove.qa.testcases.Addroomsettingtest">
    <skipped/>
  </testcase> <!-- varifyaddIndustrialGoodsRoom -->
  <testcase name="varifyaddIndustrialGoodsRoom" time="0.000" classname="com.quickmove.qa.testcases.Addroomsettingtest">
    <skipped/>
  </testcase> <!-- varifyaddIndustrialGoodsRoom -->
  <testcase name="varifyaddIndustrialGoodsRoom" time="0.000" classname="com.quickmove.qa.testcases.Addroomsettingtest">
    <skipped/>
  </testcase> <!-- varifyaddIndustrialGoodsRoom -->
  <testcase name="varifyaddIndustrialGoodsRoom" time="0.000" classname="com.quickmove.qa.testcases.Addroomsettingtest">
    <skipped/>
  </testcase> <!-- varifyaddIndustrialGoodsRoom -->
  <testcase name="varifyaddIndustrialGoodsRoom" time="0.000" classname="com.quickmove.qa.testcases.Addroomsettingtest">
    <skipped/>
  </testcase> <!-- varifyaddIndustrialGoodsRoom -->
  <testcase name="varifyaddIndustrialGoodsRoom" time="0.000" classname="com.quickmove.qa.testcases.Addroomsettingtest">
    <skipped/>
  </testcase> <!-- varifyaddIndustrialGoodsRoom -->
  <testcase name="varifyaddIndustrialGoodsRoom" time="0.000" classname="com.quickmove.qa.testcases.Addroomsettingtest">
    <skipped/>
  </testcase> <!-- varifyaddIndustrialGoodsRoom -->
  <testcase name="varifyaddIndustrialGoodsRoom" time="0.000" classname="com.quickmove.qa.testcases.Addroomsettingtest">
    <skipped/>
  </testcase> <!-- varifyaddIndustrialGoodsRoom -->
  <testcase name="varifyaddIndustrialGoodsRoom" time="0.000" classname="com.quickmove.qa.testcases.Addroomsettingtest">
    <skipped/>
  </testcase> <!-- varifyaddIndustrialGoodsRoom -->
  <testcase name="varifyaddIndustrialGoodsRoom" time="0.000" classname="com.quickmove.qa.testcases.Addroomsettingtest">
    <skipped/>
  </testcase> <!-- varifyaddIndustrialGoodsRoom -->
  <testcase name="varifyaddIndustrialGoodsRoom" time="0.000" classname="com.quickmove.qa.testcases.Addroomsettingtest">
    <skipped/>
  </testcase> <!-- varifyaddIndustrialGoodsRoom -->
  <testcase name="varifyaddIndustrialGoodsRoom" time="0.000" classname="com.quickmove.qa.testcases.Addroomsettingtest">
    <skipped/>
  </testcase> <!-- varifyaddIndustrialGoodsRoom -->
  <testcase name="varifyaddIndustrialGoodsRoom" time="0.000" classname="com.quickmove.qa.testcases.Addroomsettingtest">
    <skipped/>
  </testcase> <!-- varifyaddIndustrialGoodsRoom -->
  <testcase name="varifyaddIndustrialGoodsRoom" time="0.000" classname="com.quickmove.qa.testcases.Addroomsettingtest">
    <skipped/>
  </testcase> <!-- varifyaddIndustrialGoodsRoom -->
  <testcase name="varifyaddFIneArtsRoom" time="0.000" classname="com.quickmove.qa.testcases.Addroomsettingtest">
    <skipped/>
  </testcase> <!-- varifyaddFIneArtsRoom -->
  <testcase name="varifyaddFIneArtsRoom" time="0.000" classname="com.quickmove.qa.testcases.Addroomsettingtest">
    <skipped/>
  </testcase> <!-- varifyaddFIneArtsRoom -->
  <testcase name="varifyaddFIneArtsRoom" time="0.000" classname="com.quickmove.qa.testcases.Addroomsettingtest">
    <skipped/>
  </testcase> <!-- varifyaddFIneArtsRoom -->
  <testcase name="varifyaddFIneArtsRoom" time="0.000" classname="com.quickmove.qa.testcases.Addroomsettingtest">
    <skipped/>
  </testcase> <!-- varifyaddFIneArtsRoom -->
  <testcase name="varifyaddFIneArtsRoom" time="0.000" classname="com.quickmove.qa.testcases.Addroomsettingtest">
    <skipped/>
  </testcase> <!-- varifyaddFIneArtsRoom -->
  <testcase name="varifyaddFIneArtsRoom" time="0.000" classname="com.quickmove.qa.testcases.Addroomsettingtest">
    <skipped/>
  </testcase> <!-- varifyaddFIneArtsRoom -->
  <testcase name="varifyaddFIneArtsRoom" time="0.000" classname="com.quickmove.qa.testcases.Addroomsettingtest">
    <skipped/>
  </testcase> <!-- varifyaddFIneArtsRoom -->
  <testcase name="varifyaddFIneArtsRoom" time="0.000" classname="com.quickmove.qa.testcases.Addroomsettingtest">
    <skipped/>
  </testcase> <!-- varifyaddFIneArtsRoom -->
  <testcase name="varifyaddFIneArtsRoom" time="0.000" classname="com.quickmove.qa.testcases.Addroomsettingtest">
    <skipped/>
  </testcase> <!-- varifyaddFIneArtsRoom -->
  <testcase name="varifyaddFIneArtsRoom" time="0.000" classname="com.quickmove.qa.testcases.Addroomsettingtest">
    <skipped/>
  </testcase> <!-- varifyaddFIneArtsRoom -->
  <testcase name="varifyaddFIneArtsRoom" time="0.000" classname="com.quickmove.qa.testcases.Addroomsettingtest">
    <skipped/>
  </testcase> <!-- varifyaddFIneArtsRoom -->
  <testcase name="varifyaddFIneArtsRoom" time="0.000" classname="com.quickmove.qa.testcases.Addroomsettingtest">
    <skipped/>
  </testcase> <!-- varifyaddFIneArtsRoom -->
  <testcase name="varifyaddFIneArtsRoom" time="0.000" classname="com.quickmove.qa.testcases.Addroomsettingtest">
    <skipped/>
  </testcase> <!-- varifyaddFIneArtsRoom -->
  <testcase name="varifyaddFIneArtsRoom" time="0.000" classname="com.quickmove.qa.testcases.Addroomsettingtest">
    <skipped/>
  </testcase> <!-- varifyaddFIneArtsRoom -->
  <testcase name="varifyaddFIneArtsRoom" time="0.000" classname="com.quickmove.qa.testcases.Addroomsettingtest">
    <skipped/>
  </testcase> <!-- varifyaddFIneArtsRoom -->
  <testcase name="varifyaddFIneArtsRoom" time="0.000" classname="com.quickmove.qa.testcases.Addroomsettingtest">
    <skipped/>
  </testcase> <!-- varifyaddFIneArtsRoom -->
  <testcase name="varifyaddFIneArtsRoom" time="0.000" classname="com.quickmove.qa.testcases.Addroomsettingtest">
    <skipped/>
  </testcase> <!-- varifyaddFIneArtsRoom -->
  <testcase name="varifyaddFIneArtsRoom" time="0.000" classname="com.quickmove.qa.testcases.Addroomsettingtest">
    <skipped/>
  </testcase> <!-- varifyaddFIneArtsRoom -->
  <testcase name="varifyaddDataCentreRoom" time="0.000" classname="com.quickmove.qa.testcases.Addroomsettingtest">
    <skipped/>
  </testcase> <!-- varifyaddDataCentreRoom -->
  <testcase name="varifyaddDataCentreRoom" time="0.000" classname="com.quickmove.qa.testcases.Addroomsettingtest">
    <skipped/>
  </testcase> <!-- varifyaddDataCentreRoom -->
  <testcase name="varifyaddDataCentreRoom" time="0.000" classname="com.quickmove.qa.testcases.Addroomsettingtest">
    <skipped/>
  </testcase> <!-- varifyaddDataCentreRoom -->
  <testcase name="varifyaddDataCentreRoom" time="0.000" classname="com.quickmove.qa.testcases.Addroomsettingtest">
    <skipped/>
  </testcase> <!-- varifyaddDataCentreRoom -->
  <testcase name="varifyaddDataCentreRoom" time="0.000" classname="com.quickmove.qa.testcases.Addroomsettingtest">
    <skipped/>
  </testcase> <!-- varifyaddDataCentreRoom -->
  <testcase name="varifyaddDataCentreRoom" time="0.000" classname="com.quickmove.qa.testcases.Addroomsettingtest">
    <skipped/>
  </testcase> <!-- varifyaddDataCentreRoom -->
  <testcase name="varifyaddDataCentreRoom" time="0.000" classname="com.quickmove.qa.testcases.Addroomsettingtest">
    <skipped/>
  </testcase> <!-- varifyaddDataCentreRoom -->
  <testcase name="varifyaddDataCentreRoom" time="0.000" classname="com.quickmove.qa.testcases.Addroomsettingtest">
    <skipped/>
  </testcase> <!-- varifyaddDataCentreRoom -->
  <testcase name="varifyaddDataCentreRoom" time="0.000" classname="com.quickmove.qa.testcases.Addroomsettingtest">
    <skipped/>
  </testcase> <!-- varifyaddDataCentreRoom -->
  <testcase name="varifyaddDataCentreRoom" time="0.000" classname="com.quickmove.qa.testcases.Addroomsettingtest">
    <skipped/>
  </testcase> <!-- varifyaddDataCentreRoom -->
  <testcase name="varifyaddDataCentreRoom" time="0.000" classname="com.quickmove.qa.testcases.Addroomsettingtest">
    <skipped/>
  </testcase> <!-- varifyaddDataCentreRoom -->
  <testcase name="varifyaddDataCentreRoom" time="0.000" classname="com.quickmove.qa.testcases.Addroomsettingtest">
    <skipped/>
  </testcase> <!-- varifyaddDataCentreRoom -->
  <testcase name="varifyaddDataCentreRoom" time="0.000" classname="com.quickmove.qa.testcases.Addroomsettingtest">
    <skipped/>
  </testcase> <!-- varifyaddDataCentreRoom -->
  <testcase name="varifyaddDataCentreRoom" time="0.000" classname="com.quickmove.qa.testcases.Addroomsettingtest">
    <skipped/>
  </testcase> <!-- varifyaddDataCentreRoom -->
  <testcase name="varifyaddDataCentreRoom" time="0.000" classname="com.quickmove.qa.testcases.Addroomsettingtest">
    <skipped/>
  </testcase> <!-- varifyaddDataCentreRoom -->
  <testcase name="varifyaddDataCentreRoom" time="0.000" classname="com.quickmove.qa.testcases.Addroomsettingtest">
    <skipped/>
  </testcase> <!-- varifyaddDataCentreRoom -->
  <testcase name="varifyaddDataCentreRoom" time="0.000" classname="com.quickmove.qa.testcases.Addroomsettingtest">
    <skipped/>
  </testcase> <!-- varifyaddDataCentreRoom -->
  <testcase name="varifyaddDataCentreRoom" time="0.000" classname="com.quickmove.qa.testcases.Addroomsettingtest">
    <skipped/>
  </testcase> <!-- varifyaddDataCentreRoom -->
  <testcase name="varifyaddITGoodsRoom" time="0.000" classname="com.quickmove.qa.testcases.Addroomsettingtest">
    <skipped/>
  </testcase> <!-- varifyaddITGoodsRoom -->
  <testcase name="varifyaddITGoodsRoom" time="0.000" classname="com.quickmove.qa.testcases.Addroomsettingtest">
    <skipped/>
  </testcase> <!-- varifyaddITGoodsRoom -->
  <testcase name="varifyaddITGoodsRoom" time="0.000" classname="com.quickmove.qa.testcases.Addroomsettingtest">
    <skipped/>
  </testcase> <!-- varifyaddITGoodsRoom -->
  <testcase name="varifyaddITGoodsRoom" time="0.000" classname="com.quickmove.qa.testcases.Addroomsettingtest">
    <skipped/>
  </testcase> <!-- varifyaddITGoodsRoom -->
  <testcase name="varifyaddITGoodsRoom" time="0.000" classname="com.quickmove.qa.testcases.Addroomsettingtest">
    <skipped/>
  </testcase> <!-- varifyaddITGoodsRoom -->
  <testcase name="varifyaddITGoodsRoom" time="0.000" classname="com.quickmove.qa.testcases.Addroomsettingtest">
    <skipped/>
  </testcase> <!-- varifyaddITGoodsRoom -->
  <testcase name="varifyaddITGoodsRoom" time="0.000" classname="com.quickmove.qa.testcases.Addroomsettingtest">
    <skipped/>
  </testcase> <!-- varifyaddITGoodsRoom -->
  <testcase name="varifyaddITGoodsRoom" time="0.000" classname="com.quickmove.qa.testcases.Addroomsettingtest">
    <skipped/>
  </testcase> <!-- varifyaddITGoodsRoom -->
  <testcase name="varifyaddITGoodsRoom" time="0.000" classname="com.quickmove.qa.testcases.Addroomsettingtest">
    <skipped/>
  </testcase> <!-- varifyaddITGoodsRoom -->
  <testcase name="varifyaddITGoodsRoom" time="0.000" classname="com.quickmove.qa.testcases.Addroomsettingtest">
    <skipped/>
  </testcase> <!-- varifyaddITGoodsRoom -->
  <testcase name="varifyaddITGoodsRoom" time="0.000" classname="com.quickmove.qa.testcases.Addroomsettingtest">
    <skipped/>
  </testcase> <!-- varifyaddITGoodsRoom -->
  <testcase name="varifyaddITGoodsRoom" time="0.000" classname="com.quickmove.qa.testcases.Addroomsettingtest">
    <skipped/>
  </testcase> <!-- varifyaddITGoodsRoom -->
  <testcase name="varifyaddITGoodsRoom" time="0.000" classname="com.quickmove.qa.testcases.Addroomsettingtest">
    <skipped/>
  </testcase> <!-- varifyaddITGoodsRoom -->
  <testcase name="varifyaddITGoodsRoom" time="0.000" classname="com.quickmove.qa.testcases.Addroomsettingtest">
    <skipped/>
  </testcase> <!-- varifyaddITGoodsRoom -->
  <testcase name="varifyaddITGoodsRoom" time="0.000" classname="com.quickmove.qa.testcases.Addroomsettingtest">
    <skipped/>
  </testcase> <!-- varifyaddITGoodsRoom -->
  <testcase name="varifyaddITGoodsRoom" time="0.000" classname="com.quickmove.qa.testcases.Addroomsettingtest">
    <skipped/>
  </testcase> <!-- varifyaddITGoodsRoom -->
  <testcase name="varifyaddITGoodsRoom" time="0.000" classname="com.quickmove.qa.testcases.Addroomsettingtest">
    <skipped/>
  </testcase> <!-- varifyaddITGoodsRoom -->
  <testcase name="varifyaddITGoodsRoom" time="0.000" classname="com.quickmove.qa.testcases.Addroomsettingtest">
    <skipped/>
  </testcase> <!-- varifyaddITGoodsRoom -->
  <testcase name="varifyaddPersonalEffctsRoom" time="0.000" classname="com.quickmove.qa.testcases.Addroomsettingtest">
    <skipped/>
  </testcase> <!-- varifyaddPersonalEffctsRoom -->
  <testcase name="varifyaddPersonalEffctsRoom" time="0.000" classname="com.quickmove.qa.testcases.Addroomsettingtest">
    <skipped/>
  </testcase> <!-- varifyaddPersonalEffctsRoom -->
  <testcase name="varifyaddPersonalEffctsRoom" time="0.000" classname="com.quickmove.qa.testcases.Addroomsettingtest">
    <skipped/>
  </testcase> <!-- varifyaddPersonalEffctsRoom -->
  <testcase name="varifyaddPersonalEffctsRoom" time="0.000" classname="com.quickmove.qa.testcases.Addroomsettingtest">
    <skipped/>
  </testcase> <!-- varifyaddPersonalEffctsRoom -->
  <testcase name="varifyaddPersonalEffctsRoom" time="0.000" classname="com.quickmove.qa.testcases.Addroomsettingtest">
    <skipped/>
  </testcase> <!-- varifyaddPersonalEffctsRoom -->
  <testcase name="varifyaddPersonalEffctsRoom" time="0.000" classname="com.quickmove.qa.testcases.Addroomsettingtest">
    <skipped/>
  </testcase> <!-- varifyaddPersonalEffctsRoom -->
  <testcase name="varifyaddPersonalEffctsRoom" time="0.000" classname="com.quickmove.qa.testcases.Addroomsettingtest">
    <skipped/>
  </testcase> <!-- varifyaddPersonalEffctsRoom -->
  <testcase name="varifyaddPersonalEffctsRoom" time="0.000" classname="com.quickmove.qa.testcases.Addroomsettingtest">
    <skipped/>
  </testcase> <!-- varifyaddPersonalEffctsRoom -->
  <testcase name="varifyaddPersonalEffctsRoom" time="0.000" classname="com.quickmove.qa.testcases.Addroomsettingtest">
    <skipped/>
  </testcase> <!-- varifyaddPersonalEffctsRoom -->
  <testcase name="varifyaddPersonalEffctsRoom" time="0.000" classname="com.quickmove.qa.testcases.Addroomsettingtest">
    <skipped/>
  </testcase> <!-- varifyaddPersonalEffctsRoom -->
  <testcase name="varifyaddPersonalEffctsRoom" time="0.000" classname="com.quickmove.qa.testcases.Addroomsettingtest">
    <skipped/>
  </testcase> <!-- varifyaddPersonalEffctsRoom -->
  <testcase name="varifyaddPersonalEffctsRoom" time="0.000" classname="com.quickmove.qa.testcases.Addroomsettingtest">
    <skipped/>
  </testcase> <!-- varifyaddPersonalEffctsRoom -->
  <testcase name="varifyaddPersonalEffctsRoom" time="0.000" classname="com.quickmove.qa.testcases.Addroomsettingtest">
    <skipped/>
  </testcase> <!-- varifyaddPersonalEffctsRoom -->
  <testcase name="varifyaddPersonalEffctsRoom" time="0.000" classname="com.quickmove.qa.testcases.Addroomsettingtest">
    <skipped/>
  </testcase> <!-- varifyaddPersonalEffctsRoom -->
  <testcase name="varifyaddPersonalEffctsRoom" time="0.000" classname="com.quickmove.qa.testcases.Addroomsettingtest">
    <skipped/>
  </testcase> <!-- varifyaddPersonalEffctsRoom -->
  <testcase name="varifyaddPersonalEffctsRoom" time="0.000" classname="com.quickmove.qa.testcases.Addroomsettingtest">
    <skipped/>
  </testcase> <!-- varifyaddPersonalEffctsRoom -->
  <testcase name="varifyaddPersonalEffctsRoom" time="0.000" classname="com.quickmove.qa.testcases.Addroomsettingtest">
    <skipped/>
  </testcase> <!-- varifyaddPersonalEffctsRoom -->
  <testcase name="varifyaddPersonalEffctsRoom" time="0.000" classname="com.quickmove.qa.testcases.Addroomsettingtest">
    <skipped/>
  </testcase> <!-- varifyaddPersonalEffctsRoom -->
  <testcase name="varifyaddPershiableGoodsRoom" time="0.000" classname="com.quickmove.qa.testcases.Addroomsettingtest">
    <skipped/>
  </testcase> <!-- varifyaddPershiableGoodsRoom -->
  <testcase name="varifyaddPershiableGoodsRoom" time="0.000" classname="com.quickmove.qa.testcases.Addroomsettingtest">
    <skipped/>
  </testcase> <!-- varifyaddPershiableGoodsRoom -->
  <testcase name="varifyaddPershiableGoodsRoom" time="0.000" classname="com.quickmove.qa.testcases.Addroomsettingtest">
    <skipped/>
  </testcase> <!-- varifyaddPershiableGoodsRoom -->
  <testcase name="varifyaddPershiableGoodsRoom" time="0.000" classname="com.quickmove.qa.testcases.Addroomsettingtest">
    <skipped/>
  </testcase> <!-- varifyaddPershiableGoodsRoom -->
  <testcase name="varifyaddPershiableGoodsRoom" time="0.000" classname="com.quickmove.qa.testcases.Addroomsettingtest">
    <skipped/>
  </testcase> <!-- varifyaddPershiableGoodsRoom -->
  <testcase name="varifyaddPershiableGoodsRoom" time="0.000" classname="com.quickmove.qa.testcases.Addroomsettingtest">
    <skipped/>
  </testcase> <!-- varifyaddPershiableGoodsRoom -->
  <testcase name="varifyaddPershiableGoodsRoom" time="0.000" classname="com.quickmove.qa.testcases.Addroomsettingtest">
    <skipped/>
  </testcase> <!-- varifyaddPershiableGoodsRoom -->
  <testcase name="varifyaddPershiableGoodsRoom" time="0.000" classname="com.quickmove.qa.testcases.Addroomsettingtest">
    <skipped/>
  </testcase> <!-- varifyaddPershiableGoodsRoom -->
  <testcase name="varifyaddPershiableGoodsRoom" time="0.000" classname="com.quickmove.qa.testcases.Addroomsettingtest">
    <skipped/>
  </testcase> <!-- varifyaddPershiableGoodsRoom -->
  <testcase name="varifyaddPershiableGoodsRoom" time="0.000" classname="com.quickmove.qa.testcases.Addroomsettingtest">
    <skipped/>
  </testcase> <!-- varifyaddPershiableGoodsRoom -->
  <testcase name="varifyaddPershiableGoodsRoom" time="0.000" classname="com.quickmove.qa.testcases.Addroomsettingtest">
    <skipped/>
  </testcase> <!-- varifyaddPershiableGoodsRoom -->
  <testcase name="varifyaddPershiableGoodsRoom" time="0.000" classname="com.quickmove.qa.testcases.Addroomsettingtest">
    <skipped/>
  </testcase> <!-- varifyaddPershiableGoodsRoom -->
  <testcase name="varifyaddPershiableGoodsRoom" time="0.000" classname="com.quickmove.qa.testcases.Addroomsettingtest">
    <skipped/>
  </testcase> <!-- varifyaddPershiableGoodsRoom -->
  <testcase name="varifyaddPershiableGoodsRoom" time="0.000" classname="com.quickmove.qa.testcases.Addroomsettingtest">
    <skipped/>
  </testcase> <!-- varifyaddPershiableGoodsRoom -->
  <testcase name="varifyaddPershiableGoodsRoom" time="0.000" classname="com.quickmove.qa.testcases.Addroomsettingtest">
    <skipped/>
  </testcase> <!-- varifyaddPershiableGoodsRoom -->
  <testcase name="varifyaddPershiableGoodsRoom" time="0.000" classname="com.quickmove.qa.testcases.Addroomsettingtest">
    <skipped/>
  </testcase> <!-- varifyaddPershiableGoodsRoom -->
  <testcase name="varifyaddPershiableGoodsRoom" time="0.000" classname="com.quickmove.qa.testcases.Addroomsettingtest">
    <skipped/>
  </testcase> <!-- varifyaddPershiableGoodsRoom -->
  <testcase name="varifyaddPershiableGoodsRoom" time="0.000" classname="com.quickmove.qa.testcases.Addroomsettingtest">
    <skipped/>
  </testcase> <!-- varifyaddPershiableGoodsRoom -->
</testsuite> <!-- com.quickmove.qa.testcases.Addroomsettingtest -->
