<?xml version="1.0" encoding="UTF-8"?>
<!-- Generated by org.testng.reporters.JUnitXMLReporter -->
<testsuite hostname="DESKTOP-HTSMLT5" ignored="0" name=" CRM App Test Cases" tests="332" failures="16" timestamp="2020-05-04T09:45:42 IST" time="1215.31" errors="0">
  <testcase name="@BeforeMethod setup" time="20.741" classname="com.quickmove.qa.testcases.Articlesettingpagetest">
    <failure type="org.openqa.selenium.NoSuchElementException" message="no such element: Unable to locate element: {&amp;quot;method&amp;quot;:&amp;quot;xpath&amp;quot;,&amp;quot;selector&amp;quot;:&amp;quot;//a[@class=&amp;apos;icon-Setting&amp;apos;]&amp;quot;}
  (Session info: chrome=72.0.3626.121)
  (Driver info: chromedriver=73.0.3683.68 (47787ec04b6e38e22703e856e101e840b65afe72),platform=Windows NT 10.0.10240 x86_64) (WARNING: The server did not provide any stacktrace information)
Command duration or timeout: 0 milliseconds
For documentation on this error, please visit: https://www.seleniumhq.org/exceptions/no_such_element.html
Build info: version: &amp;apos;3.141.59&amp;apos;, revision: &amp;apos;e82be7d358&amp;apos;, time: &amp;apos;2018-11-14T08:17:03&amp;apos;
System info: host: &amp;apos;DESKTOP-HTSMLT5&amp;apos;, ip: &amp;apos;192.168.0.111&amp;apos;, os.name: &amp;apos;Windows 10&amp;apos;, os.arch: &amp;apos;amd64&amp;apos;, os.version: &amp;apos;10.0&amp;apos;, java.version: &amp;apos;1.8.0_171&amp;apos;
Driver info: org.openqa.selenium.chrome.ChromeDriver
Capabilities {acceptInsecureCerts: false, acceptSslCerts: false, applicationCacheEnabled: false, browserConnectionEnabled: false, browserName: chrome, chrome: {chromedriverVersion: 73.0.3683.68 (47787ec04b6e3..., userDataDir: C:\Users\Admin\AppData\Loca...}, cssSelectorsEnabled: true, databaseEnabled: false, goog:chromeOptions: {debuggerAddress: localhost:49330}, handlesAlerts: true, hasTouchScreen: false, javascriptEnabled: true, locationContextEnabled: true, mobileEmulationEnabled: false, nativeEvents: true, networkConnectionEnabled: false, pageLoadStrategy: normal, platform: XP, platformName: XP, proxy: Proxy(), rotatable: false, setWindowRect: true, strictFileInteractability: false, takesHeapSnapshot: true, takesScreenshot: true, timeouts: {implicit: 0, pageLoad: 300000, script: 30000}, unexpectedAlertBehaviour: ignore, unhandledPromptBehavior: ignore, version: 72.0.3626.121, webStorageEnabled: true}
Session ID: ec57939e49db9269b37038b4989943bc
*** Element info: {Using=xpath, value=//a[@class=&amp;apos;icon-Setting&amp;apos;]}">
      <![CDATA[org.openqa.selenium.NoSuchElementException: no such element: Unable to locate element: {"method":"xpath","selector":"//a[@class='icon-Setting']"}
  (Session info: chrome=72.0.3626.121)
  (Driver info: chromedriver=73.0.3683.68 (47787ec04b6e38e22703e856e101e840b65afe72),platform=Windows NT 10.0.10240 x86_64) (WARNING: The server did not provide any stacktrace information)
Command duration or timeout: 0 milliseconds
For documentation on this error, please visit: https://www.seleniumhq.org/exceptions/no_such_element.html
Build info: version: '3.141.59', revision: 'e82be7d358', time: '2018-11-14T08:17:03'
System info: host: 'DESKTOP-HTSMLT5', ip: '192.168.0.111', os.name: 'Windows 10', os.arch: 'amd64', os.version: '10.0', java.version: '1.8.0_171'
Driver info: org.openqa.selenium.chrome.ChromeDriver
Capabilities {acceptInsecureCerts: false, acceptSslCerts: false, applicationCacheEnabled: false, browserConnectionEnabled: false, browserName: chrome, chrome: {chromedriverVersion: 73.0.3683.68 (47787ec04b6e3..., userDataDir: C:\Users\Admin\AppData\Loca...}, cssSelectorsEnabled: true, databaseEnabled: false, goog:chromeOptions: {debuggerAddress: localhost:49330}, handlesAlerts: true, hasTouchScreen: false, javascriptEnabled: true, locationContextEnabled: true, mobileEmulationEnabled: false, nativeEvents: true, networkConnectionEnabled: false, pageLoadStrategy: normal, platform: XP, platformName: XP, proxy: Proxy(), rotatable: false, setWindowRect: true, strictFileInteractability: false, takesHeapSnapshot: true, takesScreenshot: true, timeouts: {implicit: 0, pageLoad: 300000, script: 30000}, unexpectedAlertBehaviour: ignore, unhandledPromptBehavior: ignore, version: 72.0.3626.121, webStorageEnabled: true}
Session ID: ec57939e49db9269b37038b4989943bc
*** Element info: {Using=xpath, value=//a[@class='icon-Setting']}
at org.openqa.selenium.remote.ErrorHandler.createThrowable(ErrorHandler.java:214)
at org.openqa.selenium.remote.ErrorHandler.throwIfResponseFailed(ErrorHandler.java:166)
at org.openqa.selenium.remote.http.JsonHttpResponseCodec.reconstructValue(JsonHttpResponseCodec.java:40)
at org.openqa.selenium.remote.http.AbstractHttpResponseCodec.decode(AbstractHttpResponseCodec.java:80)
at org.openqa.selenium.remote.http.AbstractHttpResponseCodec.decode(AbstractHttpResponseCodec.java:44)
at org.openqa.selenium.remote.HttpCommandExecutor.execute(HttpCommandExecutor.java:158)
at org.openqa.selenium.remote.service.DriverCommandExecutor.execute(DriverCommandExecutor.java:83)
at org.openqa.selenium.remote.RemoteWebDriver.execute(RemoteWebDriver.java:552)
at org.openqa.selenium.remote.RemoteWebDriver.findElement(RemoteWebDriver.java:323)
at org.openqa.selenium.remote.RemoteWebDriver.findElementByXPath(RemoteWebDriver.java:428)
at org.openqa.selenium.By$ByXPath.findElement(By.java:353)
at org.openqa.selenium.remote.RemoteWebDriver.findElement(RemoteWebDriver.java:315)
at org.openqa.selenium.support.pagefactory.DefaultElementLocator.findElement(DefaultElementLocator.java:69)
at org.openqa.selenium.support.pagefactory.internal.LocatingElementHandler.invoke(LocatingElementHandler.java:38)
at com.sun.proxy.$Proxy10.click(Unknown Source)
at com.quickmove.qa.pages.HomePage.clickonsettinglink(HomePage.java:22)
at com.quickmove.qa.testcases.Articlesettingpagetest.setup(Articlesettingpagetest.java:37)
at java.util.ArrayList.forEach(Unknown Source)
... Removed 34 stack frames]]>
    </failure>
  </testcase> <!-- @BeforeMethod setup -->
  <testcase name="@AfterMethod teardown" time="-1.588534180094E9" classname="com.quickmove.qa.testcases.Articlesettingpagetest">
    <skipped/>
  </testcase> <!-- @AfterMethod teardown -->
  <testcase name="@BeforeMethod setup" time="-1.588534180094E9" classname="com.quickmove.qa.testcases.Articlesettingpagetest">
    <skipped/>
  </testcase> <!-- @BeforeMethod setup -->
  <testcase name="@AfterMethod teardown" time="-1.58853418011E9" classname="com.quickmove.qa.testcases.Articlesettingpagetest">
    <skipped/>
  </testcase> <!-- @AfterMethod teardown -->
  <testcase name="@BeforeMethod setup" time="-1.58853418011E9" classname="com.quickmove.qa.testcases.Articlesettingpagetest">
    <skipped/>
  </testcase> <!-- @BeforeMethod setup -->
  <testcase name="@AfterMethod teardown" time="-1.58853418011E9" classname="com.quickmove.qa.testcases.Articlesettingpagetest">
    <skipped/>
  </testcase> <!-- @AfterMethod teardown -->
  <testcase name="@BeforeMethod setup" time="-1.588534180125E9" classname="com.quickmove.qa.testcases.Articlesettingpagetest">
    <skipped/>
  </testcase> <!-- @BeforeMethod setup -->
  <testcase name="@AfterMethod teardown" time="-1.588534180141E9" classname="com.quickmove.qa.testcases.Articlesettingpagetest">
    <skipped/>
  </testcase> <!-- @AfterMethod teardown -->
  <testcase name="@BeforeMethod setup" time="-1.588534180157E9" classname="com.quickmove.qa.testcases.Articlesettingpagetest">
    <skipped/>
  </testcase> <!-- @BeforeMethod setup -->
  <testcase name="@AfterMethod teardown" time="-1.588534180165E9" classname="com.quickmove.qa.testcases.Articlesettingpagetest">
    <skipped/>
  </testcase> <!-- @AfterMethod teardown -->
  <testcase name="@BeforeMethod setup" time="-1.588534180165E9" classname="com.quickmove.qa.testcases.Articlesettingpagetest">
    <skipped/>
  </testcase> <!-- @BeforeMethod setup -->
  <testcase name="@AfterMethod teardown" time="-1.588534180173E9" classname="com.quickmove.qa.testcases.Articlesettingpagetest">
    <skipped/>
  </testcase> <!-- @AfterMethod teardown -->
  <testcase name="@BeforeMethod setup" time="-1.588534180173E9" classname="com.quickmove.qa.testcases.Articlesettingpagetest">
    <skipped/>
  </testcase> <!-- @BeforeMethod setup -->
  <testcase name="@AfterMethod teardown" time="-1.588534180181E9" classname="com.quickmove.qa.testcases.Articlesettingpagetest">
    <skipped/>
  </testcase> <!-- @AfterMethod teardown -->
  <testcase name="@BeforeMethod setup" time="-1.588534180185E9" classname="com.quickmove.qa.testcases.Articlesettingpagetest">
    <skipped/>
  </testcase> <!-- @BeforeMethod setup -->
  <testcase name="@AfterMethod teardown" time="-1.588534180189E9" classname="com.quickmove.qa.testcases.Articlesettingpagetest">
    <skipped/>
  </testcase> <!-- @AfterMethod teardown -->
  <testcase name="@BeforeMethod setup" time="-1.588534180189E9" classname="com.quickmove.qa.testcases.Articlesettingpagetest">
    <skipped/>
  </testcase> <!-- @BeforeMethod setup -->
  <testcase name="@AfterMethod teardown" time="-1.588534180205E9" classname="com.quickmove.qa.testcases.Articlesettingpagetest">
    <skipped/>
  </testcase> <!-- @AfterMethod teardown -->
  <testcase name="@BeforeMethod setup" time="-1.588534180209E9" classname="com.quickmove.qa.testcases.Articlesettingpagetest">
    <skipped/>
  </testcase> <!-- @BeforeMethod setup -->
  <testcase name="@AfterMethod teardown" time="-1.588534180213E9" classname="com.quickmove.qa.testcases.Articlesettingpagetest">
    <skipped/>
  </testcase> <!-- @AfterMethod teardown -->
  <testcase name="@BeforeMethod setup" time="-1.588534180217E9" classname="com.quickmove.qa.testcases.Articlesettingpagetest">
    <skipped/>
  </testcase> <!-- @BeforeMethod setup -->
  <testcase name="@AfterMethod teardown" time="-1.588534180221E9" classname="com.quickmove.qa.testcases.Articlesettingpagetest">
    <skipped/>
  </testcase> <!-- @AfterMethod teardown -->
  <testcase name="@BeforeMethod setup" time="-1.588534180225E9" classname="com.quickmove.qa.testcases.Articlesettingpagetest">
    <skipped/>
  </testcase> <!-- @BeforeMethod setup -->
  <testcase name="@AfterMethod teardown" time="-1.588534180229E9" classname="com.quickmove.qa.testcases.Articlesettingpagetest">
    <skipped/>
  </testcase> <!-- @AfterMethod teardown -->
  <testcase name="@BeforeMethod setup" time="-1.588534180229E9" classname="com.quickmove.qa.testcases.Articlesettingpagetest">
    <skipped/>
  </testcase> <!-- @BeforeMethod setup -->
  <testcase name="@AfterMethod teardown" time="-1.588534180233E9" classname="com.quickmove.qa.testcases.Articlesettingpagetest">
    <skipped/>
  </testcase> <!-- @AfterMethod teardown -->
  <testcase name="@BeforeMethod setup" time="-1.588534180237E9" classname="com.quickmove.qa.testcases.Articlesettingpagetest">
    <skipped/>
  </testcase> <!-- @BeforeMethod setup -->
  <testcase name="@AfterMethod teardown" time="-1.588534180241E9" classname="com.quickmove.qa.testcases.Articlesettingpagetest">
    <skipped/>
  </testcase> <!-- @AfterMethod teardown -->
  <testcase name="@BeforeMethod setup" time="-1.588534180241E9" classname="com.quickmove.qa.testcases.Articlesettingpagetest">
    <skipped/>
  </testcase> <!-- @BeforeMethod setup -->
  <testcase name="@AfterMethod teardown" time="-1.588534180245E9" classname="com.quickmove.qa.testcases.Articlesettingpagetest">
    <skipped/>
  </testcase> <!-- @AfterMethod teardown -->
  <testcase name="@BeforeMethod setup" time="-1.588534180245E9" classname="com.quickmove.qa.testcases.Articlesettingpagetest">
    <skipped/>
  </testcase> <!-- @BeforeMethod setup -->
  <testcase name="@AfterMethod teardown" time="-1.588534180257E9" classname="com.quickmove.qa.testcases.Articlesettingpagetest">
    <skipped/>
  </testcase> <!-- @AfterMethod teardown -->
  <testcase name="@BeforeMethod setup" time="-1.588534180261E9" classname="com.quickmove.qa.testcases.Articlesettingpagetest">
    <skipped/>
  </testcase> <!-- @BeforeMethod setup -->
  <testcase name="@AfterMethod teardown" time="-1.588534180265E9" classname="com.quickmove.qa.testcases.Articlesettingpagetest">
    <skipped/>
  </testcase> <!-- @AfterMethod teardown -->
  <testcase name="@BeforeMethod setup" time="-1.588534180265E9" classname="com.quickmove.qa.testcases.Articlesettingpagetest">
    <skipped/>
  </testcase> <!-- @BeforeMethod setup -->
  <testcase name="@AfterMethod teardown" time="-1.588534180269E9" classname="com.quickmove.qa.testcases.Articlesettingpagetest">
    <skipped/>
  </testcase> <!-- @AfterMethod teardown -->
  <testcase name="@BeforeMethod setup" time="-1.588534180273E9" classname="com.quickmove.qa.testcases.Articlesettingpagetest">
    <skipped/>
  </testcase> <!-- @BeforeMethod setup -->
  <testcase name="@AfterMethod teardown" time="-1.588534180277E9" classname="com.quickmove.qa.testcases.Articlesettingpagetest">
    <skipped/>
  </testcase> <!-- @AfterMethod teardown -->
  <testcase name="@BeforeMethod setup" time="-1.588534180277E9" classname="com.quickmove.qa.testcases.Articlesettingpagetest">
    <skipped/>
  </testcase> <!-- @BeforeMethod setup -->
  <testcase name="@AfterMethod teardown" time="-1.588534180281E9" classname="com.quickmove.qa.testcases.Articlesettingpagetest">
    <skipped/>
  </testcase> <!-- @AfterMethod teardown -->
  <testcase name="@BeforeMethod setup" time="-1.588534180281E9" classname="com.quickmove.qa.testcases.Articlesettingpagetest">
    <skipped/>
  </testcase> <!-- @BeforeMethod setup -->
  <testcase name="@AfterMethod teardown" time="-1.588534180285E9" classname="com.quickmove.qa.testcases.Articlesettingpagetest">
    <skipped/>
  </testcase> <!-- @AfterMethod teardown -->
  <testcase name="@BeforeMethod setup" time="-1.588534180289E9" classname="com.quickmove.qa.testcases.Articlesettingpagetest">
    <skipped/>
  </testcase> <!-- @BeforeMethod setup -->
  <testcase name="@AfterMethod teardown" time="-1.588534180293E9" classname="com.quickmove.qa.testcases.Articlesettingpagetest">
    <skipped/>
  </testcase> <!-- @AfterMethod teardown -->
  <testcase name="@BeforeMethod setup" time="-1.588534180293E9" classname="com.quickmove.qa.testcases.Articlesettingpagetest">
    <skipped/>
  </testcase> <!-- @BeforeMethod setup -->
  <testcase name="@AfterMethod teardown" time="-1.588534180297E9" classname="com.quickmove.qa.testcases.Articlesettingpagetest">
    <skipped/>
  </testcase> <!-- @AfterMethod teardown -->
  <testcase name="@BeforeMethod setup" time="-1.588534180297E9" classname="com.quickmove.qa.testcases.Articlesettingpagetest">
    <skipped/>
  </testcase> <!-- @BeforeMethod setup -->
  <testcase name="@AfterMethod teardown" time="-1.588534180301E9" classname="com.quickmove.qa.testcases.Articlesettingpagetest">
    <skipped/>
  </testcase> <!-- @AfterMethod teardown -->
  <testcase name="@BeforeMethod setup" time="-1.588534180301E9" classname="com.quickmove.qa.testcases.Articlesettingpagetest">
    <skipped/>
  </testcase> <!-- @BeforeMethod setup -->
  <testcase name="@AfterMethod teardown" time="-1.588534180309E9" classname="com.quickmove.qa.testcases.Articlesettingpagetest">
    <skipped/>
  </testcase> <!-- @AfterMethod teardown -->
  <testcase name="@BeforeMethod setup" time="-1.588534180313E9" classname="com.quickmove.qa.testcases.Articlesettingpagetest">
    <skipped/>
  </testcase> <!-- @BeforeMethod setup -->
  <testcase name="@AfterMethod teardown" time="-1.588534180317E9" classname="com.quickmove.qa.testcases.Articlesettingpagetest">
    <skipped/>
  </testcase> <!-- @AfterMethod teardown -->
  <testcase name="@BeforeMethod setup" time="-1.588534180321E9" classname="com.quickmove.qa.testcases.Articlesettingpagetest">
    <skipped/>
  </testcase> <!-- @BeforeMethod setup -->
  <testcase name="@AfterMethod teardown" time="-1.588534180325E9" classname="com.quickmove.qa.testcases.Articlesettingpagetest">
    <skipped/>
  </testcase> <!-- @AfterMethod teardown -->
  <testcase name="@BeforeMethod setup" time="-1.588534180325E9" classname="com.quickmove.qa.testcases.Articlesettingpagetest">
    <skipped/>
  </testcase> <!-- @BeforeMethod setup -->
  <testcase name="@AfterMethod teardown" time="-1.588534180329E9" classname="com.quickmove.qa.testcases.Articlesettingpagetest">
    <skipped/>
  </testcase> <!-- @AfterMethod teardown -->
  <testcase name="@BeforeMethod setup" time="-1.588534180333E9" classname="com.quickmove.qa.testcases.Articlesettingpagetest">
    <skipped/>
  </testcase> <!-- @BeforeMethod setup -->
  <testcase name="@AfterMethod teardown" time="-1.588534180337E9" classname="com.quickmove.qa.testcases.Articlesettingpagetest">
    <skipped/>
  </testcase> <!-- @AfterMethod teardown -->
  <testcase name="@BeforeMethod setup" time="-1.588534180337E9" classname="com.quickmove.qa.testcases.Articlesettingpagetest">
    <skipped/>
  </testcase> <!-- @BeforeMethod setup -->
  <testcase name="@AfterMethod teardown" time="-1.588534180341E9" classname="com.quickmove.qa.testcases.Articlesettingpagetest">
    <skipped/>
  </testcase> <!-- @AfterMethod teardown -->
  <testcase name="@BeforeMethod setup" time="-1.588534180345E9" classname="com.quickmove.qa.testcases.Articlesettingpagetest">
    <skipped/>
  </testcase> <!-- @BeforeMethod setup -->
  <testcase name="@AfterMethod teardown" time="-1.588534180345E9" classname="com.quickmove.qa.testcases.Articlesettingpagetest">
    <skipped/>
  </testcase> <!-- @AfterMethod teardown -->
  <testcase name="@BeforeMethod setup" time="-1.588534180345E9" classname="com.quickmove.qa.testcases.Articlesettingpagetest">
    <skipped/>
  </testcase> <!-- @BeforeMethod setup -->
  <testcase name="@AfterMethod teardown" time="-1.588534180345E9" classname="com.quickmove.qa.testcases.Articlesettingpagetest">
    <skipped/>
  </testcase> <!-- @AfterMethod teardown -->
  <testcase name="@BeforeMethod setup" time="-1.588534180345E9" classname="com.quickmove.qa.testcases.Articlesettingpagetest">
    <skipped/>
  </testcase> <!-- @BeforeMethod setup -->
  <testcase name="@AfterMethod teardown" time="-1.588534180345E9" classname="com.quickmove.qa.testcases.Articlesettingpagetest">
    <skipped/>
  </testcase> <!-- @AfterMethod teardown -->
  <testcase name="@BeforeMethod setup" time="-1.588534180345E9" classname="com.quickmove.qa.testcases.Articlesettingpagetest">
    <skipped/>
  </testcase> <!-- @BeforeMethod setup -->
  <testcase name="@AfterMethod teardown" time="-1.588534180345E9" classname="com.quickmove.qa.testcases.Articlesettingpagetest">
    <skipped/>
  </testcase> <!-- @AfterMethod teardown -->
  <testcase name="@BeforeMethod setup" time="-1.588534180345E9" classname="com.quickmove.qa.testcases.Articlesettingpagetest">
    <skipped/>
  </testcase> <!-- @BeforeMethod setup -->
  <testcase name="@AfterMethod teardown" time="-1.58853418036E9" classname="com.quickmove.qa.testcases.Articlesettingpagetest">
    <skipped/>
  </testcase> <!-- @AfterMethod teardown -->
  <testcase name="@BeforeMethod setup" time="-1.58853418036E9" classname="com.quickmove.qa.testcases.Articlesettingpagetest">
    <skipped/>
  </testcase> <!-- @BeforeMethod setup -->
  <testcase name="@AfterMethod teardown" time="-1.58853418036E9" classname="com.quickmove.qa.testcases.Articlesettingpagetest">
    <skipped/>
  </testcase> <!-- @AfterMethod teardown -->
  <testcase name="@BeforeMethod setup" time="-1.58853418036E9" classname="com.quickmove.qa.testcases.Articlesettingpagetest">
    <skipped/>
  </testcase> <!-- @BeforeMethod setup -->
  <testcase name="@AfterMethod teardown" time="-1.588534180376E9" classname="com.quickmove.qa.testcases.Articlesettingpagetest">
    <skipped/>
  </testcase> <!-- @AfterMethod teardown -->
  <testcase name="@BeforeMethod setup" time="-1.588534180376E9" classname="com.quickmove.qa.testcases.Articlesettingpagetest">
    <skipped/>
  </testcase> <!-- @BeforeMethod setup -->
  <testcase name="@AfterMethod teardown" time="-1.588534180392E9" classname="com.quickmove.qa.testcases.Articlesettingpagetest">
    <skipped/>
  </testcase> <!-- @AfterMethod teardown -->
  <testcase name="@BeforeMethod setup" time="-1.588534180392E9" classname="com.quickmove.qa.testcases.Articlesettingpagetest">
    <skipped/>
  </testcase> <!-- @BeforeMethod setup -->
  <testcase name="@AfterMethod teardown" time="-1.588534180392E9" classname="com.quickmove.qa.testcases.Articlesettingpagetest">
    <skipped/>
  </testcase> <!-- @AfterMethod teardown -->
  <testcase name="@BeforeMethod setup" time="-1.588534180392E9" classname="com.quickmove.qa.testcases.Articlesettingpagetest">
    <skipped/>
  </testcase> <!-- @BeforeMethod setup -->
  <testcase name="@AfterMethod teardown" time="-1.588534180407E9" classname="com.quickmove.qa.testcases.Articlesettingpagetest">
    <skipped/>
  </testcase> <!-- @AfterMethod teardown -->
  <testcase name="@BeforeMethod setup" time="-1.588534180407E9" classname="com.quickmove.qa.testcases.Articlesettingpagetest">
    <skipped/>
  </testcase> <!-- @BeforeMethod setup -->
  <testcase name="@AfterMethod teardown" time="-1.588534180407E9" classname="com.quickmove.qa.testcases.Articlesettingpagetest">
    <skipped/>
  </testcase> <!-- @AfterMethod teardown -->
  <testcase name="@BeforeMethod setup" time="-1.588534180407E9" classname="com.quickmove.qa.testcases.Articlesettingpagetest">
    <skipped/>
  </testcase> <!-- @BeforeMethod setup -->
  <testcase name="@AfterMethod teardown" time="-1.588534180407E9" classname="com.quickmove.qa.testcases.Articlesettingpagetest">
    <skipped/>
  </testcase> <!-- @AfterMethod teardown -->
  <testcase name="@BeforeMethod setup" time="-1.588534180407E9" classname="com.quickmove.qa.testcases.Articlesettingpagetest">
    <skipped/>
  </testcase> <!-- @BeforeMethod setup -->
  <testcase name="@AfterMethod teardown" time="-1.588534180423E9" classname="com.quickmove.qa.testcases.Articlesettingpagetest">
    <skipped/>
  </testcase> <!-- @AfterMethod teardown -->
  <testcase name="@BeforeMethod setup" time="-1.588534180423E9" classname="com.quickmove.qa.testcases.Articlesettingpagetest">
    <skipped/>
  </testcase> <!-- @BeforeMethod setup -->
  <testcase name="@AfterMethod teardown" time="-1.588534180438E9" classname="com.quickmove.qa.testcases.Articlesettingpagetest">
    <skipped/>
  </testcase> <!-- @AfterMethod teardown -->
  <testcase name="@BeforeMethod setup" time="-1.588534180438E9" classname="com.quickmove.qa.testcases.Articlesettingpagetest">
    <skipped/>
  </testcase> <!-- @BeforeMethod setup -->
  <testcase name="@AfterMethod teardown" time="-1.588534180438E9" classname="com.quickmove.qa.testcases.Articlesettingpagetest">
    <skipped/>
  </testcase> <!-- @AfterMethod teardown -->
  <testcase name="@BeforeMethod setup" time="-1.588534180438E9" classname="com.quickmove.qa.testcases.Articlesettingpagetest">
    <skipped/>
  </testcase> <!-- @BeforeMethod setup -->
  <testcase name="@AfterMethod teardown" time="-1.588534180438E9" classname="com.quickmove.qa.testcases.Articlesettingpagetest">
    <skipped/>
  </testcase> <!-- @AfterMethod teardown -->
  <testcase name="@BeforeMethod setup" time="-1.588534180438E9" classname="com.quickmove.qa.testcases.Articlesettingpagetest">
    <skipped/>
  </testcase> <!-- @BeforeMethod setup -->
  <testcase name="@AfterMethod teardown" time="-1.588534180454E9" classname="com.quickmove.qa.testcases.Articlesettingpagetest">
    <skipped/>
  </testcase> <!-- @AfterMethod teardown -->
  <testcase name="@BeforeMethod setup" time="-1.588534180454E9" classname="com.quickmove.qa.testcases.Articlesettingpagetest">
    <skipped/>
  </testcase> <!-- @BeforeMethod setup -->
  <testcase name="@AfterMethod teardown" time="-1.588534180454E9" classname="com.quickmove.qa.testcases.Articlesettingpagetest">
    <skipped/>
  </testcase> <!-- @AfterMethod teardown -->
  <testcase name="@BeforeMethod setup" time="-1.588534180454E9" classname="com.quickmove.qa.testcases.Articlesettingpagetest">
    <skipped/>
  </testcase> <!-- @BeforeMethod setup -->
  <testcase name="@AfterMethod teardown" time="-1.588534180454E9" classname="com.quickmove.qa.testcases.Articlesettingpagetest">
    <skipped/>
  </testcase> <!-- @AfterMethod teardown -->
  <testcase name="@BeforeMethod setup" time="-1.588534180454E9" classname="com.quickmove.qa.testcases.Articlesettingpagetest">
    <skipped/>
  </testcase> <!-- @BeforeMethod setup -->
  <testcase name="@AfterMethod teardown" time="-1.588534180471E9" classname="com.quickmove.qa.testcases.Articlesettingpagetest">
    <skipped/>
  </testcase> <!-- @AfterMethod teardown -->
  <testcase name="@BeforeMethod setup" time="-1.588534180472E9" classname="com.quickmove.qa.testcases.Articlesettingpagetest">
    <skipped/>
  </testcase> <!-- @BeforeMethod setup -->
  <testcase name="@AfterMethod teardown" time="-1.588534180492E9" classname="com.quickmove.qa.testcases.Articlesettingpagetest">
    <skipped/>
  </testcase> <!-- @AfterMethod teardown -->
  <testcase name="@BeforeMethod setup" time="-1.588534180494E9" classname="com.quickmove.qa.testcases.Articlesettingpagetest">
    <skipped/>
  </testcase> <!-- @BeforeMethod setup -->
  <testcase name="@AfterMethod teardown" time="-1.588534180498E9" classname="com.quickmove.qa.testcases.Articlesettingpagetest">
    <skipped/>
  </testcase> <!-- @AfterMethod teardown -->
  <testcase name="@BeforeMethod setup" time="-1.588534180502E9" classname="com.quickmove.qa.testcases.Articlesettingpagetest">
    <skipped/>
  </testcase> <!-- @BeforeMethod setup -->
  <testcase name="@AfterMethod teardown" time="-1.588534180525E9" classname="com.quickmove.qa.testcases.Articlesettingpagetest">
    <skipped/>
  </testcase> <!-- @AfterMethod teardown -->
  <testcase name="@BeforeMethod setup" time="-1.588534180527E9" classname="com.quickmove.qa.testcases.Articlesettingpagetest">
    <skipped/>
  </testcase> <!-- @BeforeMethod setup -->
  <testcase name="@AfterMethod teardown" time="-1.58853418053E9" classname="com.quickmove.qa.testcases.Articlesettingpagetest">
    <skipped/>
  </testcase> <!-- @AfterMethod teardown -->
  <testcase name="@BeforeMethod setup" time="-1.588534180531E9" classname="com.quickmove.qa.testcases.Articlesettingpagetest">
    <skipped/>
  </testcase> <!-- @BeforeMethod setup -->
  <testcase name="@AfterMethod teardown" time="-1.588534180535E9" classname="com.quickmove.qa.testcases.Articlesettingpagetest">
    <skipped/>
  </testcase> <!-- @AfterMethod teardown -->
  <testcase name="@BeforeMethod setup" time="-1.588534180542E9" classname="com.quickmove.qa.testcases.Articlesettingpagetest">
    <skipped/>
  </testcase> <!-- @BeforeMethod setup -->
  <testcase name="@AfterMethod teardown" time="-1.588534180546E9" classname="com.quickmove.qa.testcases.Articlesettingpagetest">
    <skipped/>
  </testcase> <!-- @AfterMethod teardown -->
  <testcase name="@BeforeMethod setup" time="-1.588534180547E9" classname="com.quickmove.qa.testcases.Articlesettingpagetest">
    <skipped/>
  </testcase> <!-- @BeforeMethod setup -->
  <testcase name="@AfterMethod teardown" time="-1.588534180552E9" classname="com.quickmove.qa.testcases.Articlesettingpagetest">
    <skipped/>
  </testcase> <!-- @AfterMethod teardown -->
  <testcase name="@BeforeMethod setup" time="-1.588534180553E9" classname="com.quickmove.qa.testcases.Articlesettingpagetest">
    <skipped/>
  </testcase> <!-- @BeforeMethod setup -->
  <testcase name="@AfterMethod teardown" time="-1.588534180556E9" classname="com.quickmove.qa.testcases.Articlesettingpagetest">
    <skipped/>
  </testcase> <!-- @AfterMethod teardown -->
  <testcase name="@BeforeMethod setup" time="-1.588534180559E9" classname="com.quickmove.qa.testcases.Articlesettingpagetest">
    <skipped/>
  </testcase> <!-- @BeforeMethod setup -->
  <testcase name="@AfterMethod teardown" time="-1.58853418057E9" classname="com.quickmove.qa.testcases.Articlesettingpagetest">
    <skipped/>
  </testcase> <!-- @AfterMethod teardown -->
  <testcase name="@BeforeMethod setup" time="-1.588534180571E9" classname="com.quickmove.qa.testcases.Articlesettingpagetest">
    <skipped/>
  </testcase> <!-- @BeforeMethod setup -->
  <testcase name="@AfterMethod teardown" time="-1.588534180574E9" classname="com.quickmove.qa.testcases.Articlesettingpagetest">
    <skipped/>
  </testcase> <!-- @AfterMethod teardown -->
  <testcase name="@BeforeMethod setup" time="-1.588534180575E9" classname="com.quickmove.qa.testcases.Articlesettingpagetest">
    <skipped/>
  </testcase> <!-- @BeforeMethod setup -->
  <testcase name="@AfterMethod teardown" time="-1.588534180605E9" classname="com.quickmove.qa.testcases.Articlesettingpagetest">
    <skipped/>
  </testcase> <!-- @AfterMethod teardown -->
  <testcase name="@BeforeMethod setup" time="-1.588534180608E9" classname="com.quickmove.qa.testcases.Articlesettingpagetest">
    <skipped/>
  </testcase> <!-- @BeforeMethod setup -->
  <testcase name="@AfterMethod teardown" time="-1.588534180612E9" classname="com.quickmove.qa.testcases.Articlesettingpagetest">
    <skipped/>
  </testcase> <!-- @AfterMethod teardown -->
  <testcase name="@BeforeMethod setup" time="-1.588534180613E9" classname="com.quickmove.qa.testcases.Articlesettingpagetest">
    <skipped/>
  </testcase> <!-- @BeforeMethod setup -->
  <testcase name="@AfterMethod teardown" time="-1.588534180616E9" classname="com.quickmove.qa.testcases.Articlesettingpagetest">
    <skipped/>
  </testcase> <!-- @AfterMethod teardown -->
  <testcase name="@BeforeMethod setup" time="-1.588534180618E9" classname="com.quickmove.qa.testcases.Articlesettingpagetest">
    <skipped/>
  </testcase> <!-- @BeforeMethod setup -->
  <testcase name="@AfterMethod teardown" time="-1.588534180621E9" classname="com.quickmove.qa.testcases.Articlesettingpagetest">
    <skipped/>
  </testcase> <!-- @AfterMethod teardown -->
  <testcase name="@BeforeMethod setup" time="-1.588534180622E9" classname="com.quickmove.qa.testcases.Articlesettingpagetest">
    <skipped/>
  </testcase> <!-- @BeforeMethod setup -->
  <testcase name="@AfterMethod teardown" time="-1.588534180625E9" classname="com.quickmove.qa.testcases.Articlesettingpagetest">
    <skipped/>
  </testcase> <!-- @AfterMethod teardown -->
  <testcase name="@BeforeMethod setup" time="-1.588534180637E9" classname="com.quickmove.qa.testcases.Articlesettingpagetest">
    <skipped/>
  </testcase> <!-- @BeforeMethod setup -->
  <testcase name="@AfterMethod teardown" time="-1.588534180641E9" classname="com.quickmove.qa.testcases.Articlesettingpagetest">
    <skipped/>
  </testcase> <!-- @AfterMethod teardown -->
  <testcase name="@BeforeMethod setup" time="-1.588534180642E9" classname="com.quickmove.qa.testcases.Articlesettingpagetest">
    <skipped/>
  </testcase> <!-- @BeforeMethod setup -->
  <testcase name="@AfterMethod teardown" time="-1.588534180657E9" classname="com.quickmove.qa.testcases.Articlesettingpagetest">
    <skipped/>
  </testcase> <!-- @AfterMethod teardown -->
  <testcase name="@BeforeMethod setup" time="-1.588534180658E9" classname="com.quickmove.qa.testcases.Articlesettingpagetest">
    <skipped/>
  </testcase> <!-- @BeforeMethod setup -->
  <testcase name="@AfterMethod teardown" time="-1.588534180664E9" classname="com.quickmove.qa.testcases.Articlesettingpagetest">
    <skipped/>
  </testcase> <!-- @AfterMethod teardown -->
  <testcase name="@BeforeMethod setup" time="-1.588534180665E9" classname="com.quickmove.qa.testcases.Articlesettingpagetest">
    <skipped/>
  </testcase> <!-- @BeforeMethod setup -->
  <testcase name="@AfterMethod teardown" time="-1.588534180669E9" classname="com.quickmove.qa.testcases.Articlesettingpagetest">
    <skipped/>
  </testcase> <!-- @AfterMethod teardown -->
  <testcase name="@BeforeMethod setup" time="-1.58853418067E9" classname="com.quickmove.qa.testcases.Articlesettingpagetest">
    <skipped/>
  </testcase> <!-- @BeforeMethod setup -->
  <testcase name="@AfterMethod teardown" time="-1.588534180674E9" classname="com.quickmove.qa.testcases.Articlesettingpagetest">
    <skipped/>
  </testcase> <!-- @AfterMethod teardown -->
  <testcase name="@BeforeMethod setup" time="-1.588534180675E9" classname="com.quickmove.qa.testcases.Articlesettingpagetest">
    <skipped/>
  </testcase> <!-- @BeforeMethod setup -->
  <testcase name="@AfterMethod teardown" time="-1.588534180677E9" classname="com.quickmove.qa.testcases.Articlesettingpagetest">
    <skipped/>
  </testcase> <!-- @AfterMethod teardown -->
  <testcase name="@BeforeMethod setup" time="-1.588534180687E9" classname="com.quickmove.qa.testcases.Articlesettingpagetest">
    <skipped/>
  </testcase> <!-- @BeforeMethod setup -->
  <testcase name="@AfterMethod teardown" time="-1.58853418069E9" classname="com.quickmove.qa.testcases.Articlesettingpagetest">
    <skipped/>
  </testcase> <!-- @AfterMethod teardown -->
  <testcase name="@BeforeMethod setup" time="-1.58853418069E9" classname="com.quickmove.qa.testcases.Articlesettingpagetest">
    <skipped/>
  </testcase> <!-- @BeforeMethod setup -->
  <testcase name="@AfterMethod teardown" time="-1.588534180693E9" classname="com.quickmove.qa.testcases.Articlesettingpagetest">
    <skipped/>
  </testcase> <!-- @AfterMethod teardown -->
  <testcase name="@BeforeMethod setup" time="-1.588534180693E9" classname="com.quickmove.qa.testcases.Articlesettingpagetest">
    <skipped/>
  </testcase> <!-- @BeforeMethod setup -->
  <testcase name="@AfterMethod teardown" time="-1.588534180709E9" classname="com.quickmove.qa.testcases.Articlesettingpagetest">
    <skipped/>
  </testcase> <!-- @AfterMethod teardown -->
  <testcase name="@BeforeMethod setup" time="-1.58853418071E9" classname="com.quickmove.qa.testcases.Articlesettingpagetest">
    <skipped/>
  </testcase> <!-- @BeforeMethod setup -->
  <testcase name="@AfterMethod teardown" time="-1.588534180712E9" classname="com.quickmove.qa.testcases.Articlesettingpagetest">
    <skipped/>
  </testcase> <!-- @AfterMethod teardown -->
  <testcase name="@BeforeMethod setup" time="-1.588534180712E9" classname="com.quickmove.qa.testcases.Articlesettingpagetest">
    <skipped/>
  </testcase> <!-- @BeforeMethod setup -->
  <testcase name="@AfterMethod teardown" time="-1.58853418072E9" classname="com.quickmove.qa.testcases.Articlesettingpagetest">
    <skipped/>
  </testcase> <!-- @AfterMethod teardown -->
  <testcase name="@BeforeMethod setup" time="-1.58853418072E9" classname="com.quickmove.qa.testcases.Articlesettingpagetest">
    <skipped/>
  </testcase> <!-- @BeforeMethod setup -->
  <testcase name="@AfterMethod teardown" time="-1.58853418072E9" classname="com.quickmove.qa.testcases.Articlesettingpagetest">
    <skipped/>
  </testcase> <!-- @AfterMethod teardown -->
  <testcase name="@BeforeMethod setup" time="-1.58853418072E9" classname="com.quickmove.qa.testcases.Articlesettingpagetest">
    <skipped/>
  </testcase> <!-- @BeforeMethod setup -->
  <testcase name="@AfterMethod teardown" time="-1.58853418072E9" classname="com.quickmove.qa.testcases.Articlesettingpagetest">
    <skipped/>
  </testcase> <!-- @AfterMethod teardown -->
  <testcase name="@BeforeMethod setup" time="-1.588534180736E9" classname="com.quickmove.qa.testcases.Articlesettingpagetest">
    <skipped/>
  </testcase> <!-- @BeforeMethod setup -->
  <testcase name="@AfterMethod teardown" time="-1.588534180736E9" classname="com.quickmove.qa.testcases.Articlesettingpagetest">
    <skipped/>
  </testcase> <!-- @AfterMethod teardown -->
  <testcase name="@BeforeMethod setup" time="-1.588534180736E9" classname="com.quickmove.qa.testcases.Articlesettingpagetest">
    <skipped/>
  </testcase> <!-- @BeforeMethod setup -->
  <testcase name="@AfterMethod teardown" time="-1.588534180736E9" classname="com.quickmove.qa.testcases.Articlesettingpagetest">
    <skipped/>
  </testcase> <!-- @AfterMethod teardown -->
  <testcase name="@BeforeMethod setup" time="-1.588534180751E9" classname="com.quickmove.qa.testcases.Articlesettingpagetest">
    <skipped/>
  </testcase> <!-- @BeforeMethod setup -->
  <testcase name="@AfterMethod teardown" time="-1.588534180751E9" classname="com.quickmove.qa.testcases.Articlesettingpagetest">
    <skipped/>
  </testcase> <!-- @AfterMethod teardown -->
  <testcase name="@BeforeMethod setup" time="-1.588534180751E9" classname="com.quickmove.qa.testcases.Articlesettingpagetest">
    <skipped/>
  </testcase> <!-- @BeforeMethod setup -->
  <testcase name="@AfterMethod teardown" time="-1.588534180751E9" classname="com.quickmove.qa.testcases.Articlesettingpagetest">
    <skipped/>
  </testcase> <!-- @AfterMethod teardown -->
  <testcase name="@BeforeMethod setup" time="-1.588534180751E9" classname="com.quickmove.qa.testcases.Articlesettingpagetest">
    <skipped/>
  </testcase> <!-- @BeforeMethod setup -->
  <testcase name="@AfterMethod teardown" time="-1.588534180783E9" classname="com.quickmove.qa.testcases.Articlesettingpagetest">
    <skipped/>
  </testcase> <!-- @AfterMethod teardown -->
  <testcase name="@BeforeMethod setup" time="-1.588534180783E9" classname="com.quickmove.qa.testcases.Articlesettingpagetest">
    <skipped/>
  </testcase> <!-- @BeforeMethod setup -->
  <testcase name="@AfterMethod teardown" time="-1.588534180783E9" classname="com.quickmove.qa.testcases.Articlesettingpagetest">
    <skipped/>
  </testcase> <!-- @AfterMethod teardown -->
  <testcase name="@BeforeMethod setup" time="-1.588534180783E9" classname="com.quickmove.qa.testcases.Articlesettingpagetest">
    <skipped/>
  </testcase> <!-- @BeforeMethod setup -->
  <testcase name="@AfterMethod teardown" time="-1.588534180798E9" classname="com.quickmove.qa.testcases.Articlesettingpagetest">
    <skipped/>
  </testcase> <!-- @AfterMethod teardown -->
  <testcase name="@BeforeMethod setup" time="-1.588534180798E9" classname="com.quickmove.qa.testcases.Articlesettingpagetest">
    <skipped/>
  </testcase> <!-- @BeforeMethod setup -->
  <testcase name="@AfterMethod teardown" time="-1.588534180814E9" classname="com.quickmove.qa.testcases.Articlesettingpagetest">
    <skipped/>
  </testcase> <!-- @AfterMethod teardown -->
  <testcase name="@BeforeMethod setup" time="-1.588534180814E9" classname="com.quickmove.qa.testcases.Articlesettingpagetest">
    <skipped/>
  </testcase> <!-- @BeforeMethod setup -->
  <testcase name="@AfterMethod teardown" time="-1.588534180814E9" classname="com.quickmove.qa.testcases.Articlesettingpagetest">
    <skipped/>
  </testcase> <!-- @AfterMethod teardown -->
  <testcase name="@BeforeMethod setup" time="-1.588534180829E9" classname="com.quickmove.qa.testcases.Articlesettingpagetest">
    <skipped/>
  </testcase> <!-- @BeforeMethod setup -->
  <testcase name="@AfterMethod teardown" time="-1.588534180829E9" classname="com.quickmove.qa.testcases.Articlesettingpagetest">
    <skipped/>
  </testcase> <!-- @AfterMethod teardown -->
  <testcase name="@BeforeMethod setup" time="-1.588534180829E9" classname="com.quickmove.qa.testcases.Articlesettingpagetest">
    <skipped/>
  </testcase> <!-- @BeforeMethod setup -->
  <testcase name="@AfterMethod teardown" time="-1.588534180829E9" classname="com.quickmove.qa.testcases.Articlesettingpagetest">
    <skipped/>
  </testcase> <!-- @AfterMethod teardown -->
  <testcase name="@BeforeMethod setup" time="-1.588534180861E9" classname="com.quickmove.qa.testcases.Articlesettingpagetest">
    <skipped/>
  </testcase> <!-- @BeforeMethod setup -->
  <testcase name="@AfterMethod teardown" time="-1.588534180861E9" classname="com.quickmove.qa.testcases.Articlesettingpagetest">
    <skipped/>
  </testcase> <!-- @AfterMethod teardown -->
  <testcase name="@BeforeMethod setup" time="-1.588534180861E9" classname="com.quickmove.qa.testcases.Articlesettingpagetest">
    <skipped/>
  </testcase> <!-- @BeforeMethod setup -->
  <testcase name="@AfterMethod teardown" time="-1.588534180861E9" classname="com.quickmove.qa.testcases.Articlesettingpagetest">
    <skipped/>
  </testcase> <!-- @AfterMethod teardown -->
  <testcase name="@BeforeMethod setup" time="-1.588534180861E9" classname="com.quickmove.qa.testcases.Articlesettingpagetest">
    <skipped/>
  </testcase> <!-- @BeforeMethod setup -->
  <testcase name="@AfterMethod teardown" time="-1.588534180876E9" classname="com.quickmove.qa.testcases.Articlesettingpagetest">
    <skipped/>
  </testcase> <!-- @AfterMethod teardown -->
  <testcase name="@BeforeMethod setup" time="-1.588534180876E9" classname="com.quickmove.qa.testcases.Articlesettingpagetest">
    <skipped/>
  </testcase> <!-- @BeforeMethod setup -->
  <testcase name="@AfterMethod teardown" time="-1.588534180876E9" classname="com.quickmove.qa.testcases.Articlesettingpagetest">
    <skipped/>
  </testcase> <!-- @AfterMethod teardown -->
  <testcase name="@BeforeMethod setup" time="-1.588534180876E9" classname="com.quickmove.qa.testcases.Articlesettingpagetest">
    <skipped/>
  </testcase> <!-- @BeforeMethod setup -->
  <testcase name="@AfterMethod teardown" time="-1.588534180892E9" classname="com.quickmove.qa.testcases.Articlesettingpagetest">
    <skipped/>
  </testcase> <!-- @AfterMethod teardown -->
  <testcase name="@BeforeMethod setup" time="-1.588534180908E9" classname="com.quickmove.qa.testcases.Articlesettingpagetest">
    <skipped/>
  </testcase> <!-- @BeforeMethod setup -->
  <testcase name="@AfterMethod teardown" time="-1.588534180908E9" classname="com.quickmove.qa.testcases.Articlesettingpagetest">
    <skipped/>
  </testcase> <!-- @AfterMethod teardown -->
  <testcase name="@BeforeMethod setup" time="-1.588534180908E9" classname="com.quickmove.qa.testcases.Articlesettingpagetest">
    <skipped/>
  </testcase> <!-- @BeforeMethod setup -->
  <testcase name="@AfterMethod teardown" time="-1.588534180908E9" classname="com.quickmove.qa.testcases.Articlesettingpagetest">
    <skipped/>
  </testcase> <!-- @AfterMethod teardown -->
  <testcase name="@BeforeMethod setup" time="-1.588534180923E9" classname="com.quickmove.qa.testcases.Articlesettingpagetest">
    <skipped/>
  </testcase> <!-- @BeforeMethod setup -->
  <testcase name="@AfterMethod teardown" time="-1.588534180923E9" classname="com.quickmove.qa.testcases.Articlesettingpagetest">
    <skipped/>
  </testcase> <!-- @AfterMethod teardown -->
  <testcase name="@BeforeMethod setup" time="-1.588534180923E9" classname="com.quickmove.qa.testcases.Articlesettingpagetest">
    <skipped/>
  </testcase> <!-- @BeforeMethod setup -->
  <testcase name="@AfterMethod teardown" time="-1.588534180923E9" classname="com.quickmove.qa.testcases.Articlesettingpagetest">
    <skipped/>
  </testcase> <!-- @AfterMethod teardown -->
  <testcase name="@BeforeMethod setup" time="-1.588534180923E9" classname="com.quickmove.qa.testcases.Articlesettingpagetest">
    <skipped/>
  </testcase> <!-- @BeforeMethod setup -->
  <testcase name="@AfterMethod teardown" time="-1.588534180939E9" classname="com.quickmove.qa.testcases.Articlesettingpagetest">
    <skipped/>
  </testcase> <!-- @AfterMethod teardown -->
  <testcase name="@BeforeMethod setup" time="-1.588534180939E9" classname="com.quickmove.qa.testcases.Articlesettingpagetest">
    <skipped/>
  </testcase> <!-- @BeforeMethod setup -->
  <testcase name="@AfterMethod teardown" time="-1.588534180939E9" classname="com.quickmove.qa.testcases.Articlesettingpagetest">
    <skipped/>
  </testcase> <!-- @AfterMethod teardown -->
  <testcase name="@BeforeMethod setup" time="-1.588534180939E9" classname="com.quickmove.qa.testcases.Articlesettingpagetest">
    <skipped/>
  </testcase> <!-- @BeforeMethod setup -->
  <testcase name="@AfterMethod teardown" time="-1.588534180939E9" classname="com.quickmove.qa.testcases.Articlesettingpagetest">
    <skipped/>
  </testcase> <!-- @AfterMethod teardown -->
  <testcase name="@BeforeMethod setup" time="-1.588534180939E9" classname="com.quickmove.qa.testcases.Articlesettingpagetest">
    <skipped/>
  </testcase> <!-- @BeforeMethod setup -->
  <testcase name="@AfterMethod teardown" time="-1.588534180939E9" classname="com.quickmove.qa.testcases.Articlesettingpagetest">
    <skipped/>
  </testcase> <!-- @AfterMethod teardown -->
  <testcase name="@BeforeMethod setup" time="-1.588534180954E9" classname="com.quickmove.qa.testcases.Articlesettingpagetest">
    <skipped/>
  </testcase> <!-- @BeforeMethod setup -->
  <testcase name="@AfterMethod teardown" time="-1.588534180954E9" classname="com.quickmove.qa.testcases.Articlesettingpagetest">
    <skipped/>
  </testcase> <!-- @AfterMethod teardown -->
  <testcase name="@BeforeMethod setup" time="-1.588534180954E9" classname="com.quickmove.qa.testcases.Articlesettingpagetest">
    <skipped/>
  </testcase> <!-- @BeforeMethod setup -->
  <testcase name="@AfterMethod teardown" time="-1.588534180954E9" classname="com.quickmove.qa.testcases.Articlesettingpagetest">
    <skipped/>
  </testcase> <!-- @AfterMethod teardown -->
  <testcase name="@BeforeMethod setup" time="-1.588534180954E9" classname="com.quickmove.qa.testcases.Articlesettingpagetest">
    <skipped/>
  </testcase> <!-- @BeforeMethod setup -->
  <testcase name="@AfterMethod teardown" time="-1.588534181001E9" classname="com.quickmove.qa.testcases.Articlesettingpagetest">
    <skipped/>
  </testcase> <!-- @AfterMethod teardown -->
  <testcase name="@BeforeMethod setup" time="-1.588534182396E9" classname="com.quickmove.qa.testcases.Articlesettingpagetest">
    <skipped/>
  </testcase> <!-- @BeforeMethod setup -->
  <testcase name="@AfterMethod teardown" time="-1.588534182396E9" classname="com.quickmove.qa.testcases.Articlesettingpagetest">
    <skipped/>
  </testcase> <!-- @AfterMethod teardown -->
  <testcase name="@BeforeMethod setup" time="-1.588534182396E9" classname="com.quickmove.qa.testcases.Articlesettingpagetest">
    <skipped/>
  </testcase> <!-- @BeforeMethod setup -->
  <testcase name="@AfterMethod teardown" time="-1.588534182411E9" classname="com.quickmove.qa.testcases.Articlesettingpagetest">
    <skipped/>
  </testcase> <!-- @AfterMethod teardown -->
  <testcase name="@BeforeMethod setup" time="-1.588534182427E9" classname="com.quickmove.qa.testcases.Articlesettingpagetest">
    <skipped/>
  </testcase> <!-- @BeforeMethod setup -->
  <testcase name="@AfterMethod teardown" time="-1.588534182427E9" classname="com.quickmove.qa.testcases.Articlesettingpagetest">
    <skipped/>
  </testcase> <!-- @AfterMethod teardown -->
  <testcase name="@BeforeMethod setup" time="-1.588534182427E9" classname="com.quickmove.qa.testcases.Articlesettingpagetest">
    <skipped/>
  </testcase> <!-- @BeforeMethod setup -->
  <testcase name="@AfterMethod teardown" time="-1.588534182427E9" classname="com.quickmove.qa.testcases.Articlesettingpagetest">
    <skipped/>
  </testcase> <!-- @AfterMethod teardown -->
  <testcase name="@BeforeMethod setup" time="-1.588534182443E9" classname="com.quickmove.qa.testcases.Articlesettingpagetest">
    <skipped/>
  </testcase> <!-- @BeforeMethod setup -->
  <testcase name="@AfterMethod teardown" time="-1.588534182474E9" classname="com.quickmove.qa.testcases.Articlesettingpagetest">
    <skipped/>
  </testcase> <!-- @AfterMethod teardown -->
  <testcase name="@BeforeMethod setup" time="-1.588534182474E9" classname="com.quickmove.qa.testcases.Articlesettingpagetest">
    <skipped/>
  </testcase> <!-- @BeforeMethod setup -->
  <testcase name="@AfterMethod teardown" time="-1.588534182474E9" classname="com.quickmove.qa.testcases.Articlesettingpagetest">
    <skipped/>
  </testcase> <!-- @AfterMethod teardown -->
  <testcase name="@BeforeMethod setup" time="-1.588534182474E9" classname="com.quickmove.qa.testcases.Articlesettingpagetest">
    <skipped/>
  </testcase> <!-- @BeforeMethod setup -->
  <testcase name="@AfterMethod teardown" time="-1.588534182521E9" classname="com.quickmove.qa.testcases.Articlesettingpagetest">
    <skipped/>
  </testcase> <!-- @AfterMethod teardown -->
  <testcase name="@BeforeMethod setup" time="-1.588534182521E9" classname="com.quickmove.qa.testcases.Articlesettingpagetest">
    <skipped/>
  </testcase> <!-- @BeforeMethod setup -->
  <testcase name="@AfterMethod teardown" time="-1.588534182521E9" classname="com.quickmove.qa.testcases.Articlesettingpagetest">
    <skipped/>
  </testcase> <!-- @AfterMethod teardown -->
  <testcase name="@BeforeMethod setup" time="-1.588534182521E9" classname="com.quickmove.qa.testcases.Articlesettingpagetest">
    <skipped/>
  </testcase> <!-- @BeforeMethod setup -->
  <testcase name="@AfterMethod teardown" time="-1.588534182521E9" classname="com.quickmove.qa.testcases.Articlesettingpagetest">
    <skipped/>
  </testcase> <!-- @AfterMethod teardown -->
  <testcase name="@BeforeMethod setup" time="-1.588534182536E9" classname="com.quickmove.qa.testcases.Articlesettingpagetest">
    <skipped/>
  </testcase> <!-- @BeforeMethod setup -->
  <testcase name="@AfterMethod teardown" time="-1.588534182552E9" classname="com.quickmove.qa.testcases.Articlesettingpagetest">
    <skipped/>
  </testcase> <!-- @AfterMethod teardown -->
  <testcase name="@BeforeMethod setup" time="-1.588534182552E9" classname="com.quickmove.qa.testcases.Articlesettingpagetest">
    <skipped/>
  </testcase> <!-- @BeforeMethod setup -->
  <testcase name="@AfterMethod teardown" time="-1.588534182552E9" classname="com.quickmove.qa.testcases.Articlesettingpagetest">
    <skipped/>
  </testcase> <!-- @AfterMethod teardown -->
  <testcase name="@BeforeMethod setup" time="-1.588534182568E9" classname="com.quickmove.qa.testcases.Articlesettingpagetest">
    <skipped/>
  </testcase> <!-- @BeforeMethod setup -->
  <testcase name="@AfterMethod teardown" time="-1.588534182583E9" classname="com.quickmove.qa.testcases.Articlesettingpagetest">
    <skipped/>
  </testcase> <!-- @AfterMethod teardown -->
  <testcase name="@BeforeMethod setup" time="-1.588534182583E9" classname="com.quickmove.qa.testcases.Articlesettingpagetest">
    <skipped/>
  </testcase> <!-- @BeforeMethod setup -->
  <testcase name="@AfterMethod teardown" time="-1.588534182583E9" classname="com.quickmove.qa.testcases.Articlesettingpagetest">
    <skipped/>
  </testcase> <!-- @AfterMethod teardown -->
  <testcase name="@BeforeMethod setup" time="-1.588534182583E9" classname="com.quickmove.qa.testcases.Articlesettingpagetest">
    <skipped/>
  </testcase> <!-- @BeforeMethod setup -->
  <testcase name="@AfterMethod teardown" time="-1.588534182583E9" classname="com.quickmove.qa.testcases.Articlesettingpagetest">
    <skipped/>
  </testcase> <!-- @AfterMethod teardown -->
  <testcase name="@BeforeMethod setup" time="-1.588534182583E9" classname="com.quickmove.qa.testcases.Articlesettingpagetest">
    <skipped/>
  </testcase> <!-- @BeforeMethod setup -->
  <testcase name="@AfterMethod teardown" time="-1.588534182599E9" classname="com.quickmove.qa.testcases.Articlesettingpagetest">
    <skipped/>
  </testcase> <!-- @AfterMethod teardown -->
  <testcase name="@BeforeMethod setup" time="-1.588534182599E9" classname="com.quickmove.qa.testcases.Articlesettingpagetest">
    <skipped/>
  </testcase> <!-- @BeforeMethod setup -->
  <testcase name="@AfterMethod teardown" time="-1.588534182614E9" classname="com.quickmove.qa.testcases.Articlesettingpagetest">
    <skipped/>
  </testcase> <!-- @AfterMethod teardown -->
  <testcase name="@BeforeMethod setup" time="-1.588534182614E9" classname="com.quickmove.qa.testcases.Articlesettingpagetest">
    <skipped/>
  </testcase> <!-- @BeforeMethod setup -->
  <testcase name="@AfterMethod teardown" time="-1.588534182614E9" classname="com.quickmove.qa.testcases.Articlesettingpagetest">
    <skipped/>
  </testcase> <!-- @AfterMethod teardown -->
  <testcase name="@BeforeMethod setup" time="-1.588534182614E9" classname="com.quickmove.qa.testcases.Articlesettingpagetest">
    <skipped/>
  </testcase> <!-- @BeforeMethod setup -->
  <testcase name="@AfterMethod teardown" time="-1.588534182614E9" classname="com.quickmove.qa.testcases.Articlesettingpagetest">
    <skipped/>
  </testcase> <!-- @AfterMethod teardown -->
  <testcase name="@BeforeMethod setup" time="-1.58853418263E9" classname="com.quickmove.qa.testcases.Articlesettingpagetest">
    <skipped/>
  </testcase> <!-- @BeforeMethod setup -->
  <testcase name="@AfterMethod teardown" time="-1.58853418263E9" classname="com.quickmove.qa.testcases.Articlesettingpagetest">
    <skipped/>
  </testcase> <!-- @AfterMethod teardown -->
  <testcase name="@BeforeMethod setup" time="-1.58853418263E9" classname="com.quickmove.qa.testcases.Articlesettingpagetest">
    <skipped/>
  </testcase> <!-- @BeforeMethod setup -->
  <testcase name="@AfterMethod teardown" time="-1.58853418263E9" classname="com.quickmove.qa.testcases.Articlesettingpagetest">
    <skipped/>
  </testcase> <!-- @AfterMethod teardown -->
  <testcase name="@BeforeMethod setup" time="-1.588534182646E9" classname="com.quickmove.qa.testcases.Articlesettingpagetest">
    <skipped/>
  </testcase> <!-- @BeforeMethod setup -->
  <testcase name="@AfterMethod teardown" time="-1.588534182646E9" classname="com.quickmove.qa.testcases.Articlesettingpagetest">
    <skipped/>
  </testcase> <!-- @AfterMethod teardown -->
  <testcase name="@BeforeMethod setup" time="-1.588534182646E9" classname="com.quickmove.qa.testcases.Articlesettingpagetest">
    <skipped/>
  </testcase> <!-- @BeforeMethod setup -->
  <testcase name="@AfterMethod teardown" time="-1.588534182646E9" classname="com.quickmove.qa.testcases.Articlesettingpagetest">
    <skipped/>
  </testcase> <!-- @AfterMethod teardown -->
  <testcase name="@BeforeMethod setup" time="-1.588534182646E9" classname="com.quickmove.qa.testcases.Articlesettingpagetest">
    <skipped/>
  </testcase> <!-- @BeforeMethod setup -->
  <testcase name="@AfterMethod teardown" time="-1.588534182661E9" classname="com.quickmove.qa.testcases.Articlesettingpagetest">
    <skipped/>
  </testcase> <!-- @AfterMethod teardown -->
  <testcase name="@BeforeMethod setup" time="-1.588534182661E9" classname="com.quickmove.qa.testcases.Articlesettingpagetest">
    <skipped/>
  </testcase> <!-- @BeforeMethod setup -->
  <testcase name="@AfterMethod teardown" time="-1.588534182661E9" classname="com.quickmove.qa.testcases.Articlesettingpagetest">
    <skipped/>
  </testcase> <!-- @AfterMethod teardown -->
  <testcase name="@BeforeMethod setup" time="-1.588534182661E9" classname="com.quickmove.qa.testcases.Articlesettingpagetest">
    <skipped/>
  </testcase> <!-- @BeforeMethod setup -->
  <testcase name="@AfterMethod teardown" time="-1.588534182661E9" classname="com.quickmove.qa.testcases.Articlesettingpagetest">
    <skipped/>
  </testcase> <!-- @AfterMethod teardown -->
  <testcase name="@BeforeMethod setup" time="-1.588534182661E9" classname="com.quickmove.qa.testcases.Articlesettingpagetest">
    <skipped/>
  </testcase> <!-- @BeforeMethod setup -->
  <testcase name="@AfterMethod teardown" time="-1.588534182661E9" classname="com.quickmove.qa.testcases.Articlesettingpagetest">
    <skipped/>
  </testcase> <!-- @AfterMethod teardown -->
  <testcase name="@BeforeMethod setup" time="-1.588534182677E9" classname="com.quickmove.qa.testcases.Articlesettingpagetest">
    <skipped/>
  </testcase> <!-- @BeforeMethod setup -->
  <testcase name="@AfterMethod teardown" time="-1.588534182677E9" classname="com.quickmove.qa.testcases.Articlesettingpagetest">
    <skipped/>
  </testcase> <!-- @AfterMethod teardown -->
  <testcase name="@BeforeMethod setup" time="-1.588534182677E9" classname="com.quickmove.qa.testcases.Articlesettingpagetest">
    <skipped/>
  </testcase> <!-- @BeforeMethod setup -->
  <testcase name="@AfterMethod teardown" time="-1.588534182677E9" classname="com.quickmove.qa.testcases.Articlesettingpagetest">
    <skipped/>
  </testcase> <!-- @AfterMethod teardown -->
  <testcase name="@BeforeMethod setup" time="-1.588534182677E9" classname="com.quickmove.qa.testcases.Articlesettingpagetest">
    <skipped/>
  </testcase> <!-- @BeforeMethod setup -->
  <testcase name="@AfterMethod teardown" time="-1.588534182677E9" classname="com.quickmove.qa.testcases.Articlesettingpagetest">
    <skipped/>
  </testcase> <!-- @AfterMethod teardown -->
  <testcase name="@BeforeMethod setup" time="-1.588534182693E9" classname="com.quickmove.qa.testcases.Articlesettingpagetest">
    <skipped/>
  </testcase> <!-- @BeforeMethod setup -->
  <testcase name="@AfterMethod teardown" time="-1.588534182693E9" classname="com.quickmove.qa.testcases.Articlesettingpagetest">
    <skipped/>
  </testcase> <!-- @AfterMethod teardown -->
  <testcase name="@BeforeMethod setup" time="-1.588534182693E9" classname="com.quickmove.qa.testcases.Articlesettingpagetest">
    <skipped/>
  </testcase> <!-- @BeforeMethod setup -->
  <testcase name="@AfterMethod teardown" time="-1.588534182693E9" classname="com.quickmove.qa.testcases.Articlesettingpagetest">
    <skipped/>
  </testcase> <!-- @AfterMethod teardown -->
  <testcase name="@BeforeMethod setup" time="-1.588534182693E9" classname="com.quickmove.qa.testcases.Articlesettingpagetest">
    <skipped/>
  </testcase> <!-- @BeforeMethod setup -->
  <testcase name="@AfterMethod teardown" time="-1.588534182708E9" classname="com.quickmove.qa.testcases.Articlesettingpagetest">
    <skipped/>
  </testcase> <!-- @AfterMethod teardown -->
  <testcase name="@BeforeMethod setup" time="-1.588534182708E9" classname="com.quickmove.qa.testcases.Articlesettingpagetest">
    <skipped/>
  </testcase> <!-- @BeforeMethod setup -->
  <testcase name="@AfterMethod teardown" time="-1.588534182708E9" classname="com.quickmove.qa.testcases.Articlesettingpagetest">
    <skipped/>
  </testcase> <!-- @AfterMethod teardown -->
  <testcase name="@BeforeMethod setup" time="-1.588534182708E9" classname="com.quickmove.qa.testcases.Articlesettingpagetest">
    <skipped/>
  </testcase> <!-- @BeforeMethod setup -->
  <testcase name="@AfterMethod teardown" time="-1.588534182724E9" classname="com.quickmove.qa.testcases.Articlesettingpagetest">
    <skipped/>
  </testcase> <!-- @AfterMethod teardown -->
  <testcase name="@BeforeMethod setup" time="-1.588534182724E9" classname="com.quickmove.qa.testcases.Articlesettingpagetest">
    <skipped/>
  </testcase> <!-- @BeforeMethod setup -->
  <testcase name="@AfterMethod teardown" time="-1.588534182724E9" classname="com.quickmove.qa.testcases.Articlesettingpagetest">
    <skipped/>
  </testcase> <!-- @AfterMethod teardown -->
  <testcase name="@BeforeMethod setup" time="-1.588534182724E9" classname="com.quickmove.qa.testcases.Articlesettingpagetest">
    <skipped/>
  </testcase> <!-- @BeforeMethod setup -->
  <testcase name="@AfterMethod teardown" time="-1.588534182724E9" classname="com.quickmove.qa.testcases.Articlesettingpagetest">
    <skipped/>
  </testcase> <!-- @AfterMethod teardown -->
  <testcase name="@BeforeMethod setup" time="-1.588534182724E9" classname="com.quickmove.qa.testcases.Articlesettingpagetest">
    <skipped/>
  </testcase> <!-- @BeforeMethod setup -->
  <testcase name="@AfterMethod teardown" time="-1.588534182724E9" classname="com.quickmove.qa.testcases.Articlesettingpagetest">
    <skipped/>
  </testcase> <!-- @AfterMethod teardown -->
  <testcase name="@BeforeMethod setup" time="-1.588534182724E9" classname="com.quickmove.qa.testcases.Articlesettingpagetest">
    <skipped/>
  </testcase> <!-- @BeforeMethod setup -->
  <testcase name="@AfterMethod teardown" time="-1.588534182739E9" classname="com.quickmove.qa.testcases.Articlesettingpagetest">
    <skipped/>
  </testcase> <!-- @AfterMethod teardown -->
  <testcase name="@BeforeMethod setup" time="-1.588534182739E9" classname="com.quickmove.qa.testcases.Articlesettingpagetest">
    <skipped/>
  </testcase> <!-- @BeforeMethod setup -->
  <testcase name="@AfterMethod teardown" time="-1.588534182739E9" classname="com.quickmove.qa.testcases.Articlesettingpagetest">
    <skipped/>
  </testcase> <!-- @AfterMethod teardown -->
  <testcase name="@BeforeMethod setup" time="-1.588534182739E9" classname="com.quickmove.qa.testcases.Articlesettingpagetest">
    <skipped/>
  </testcase> <!-- @BeforeMethod setup -->
  <testcase name="@AfterMethod teardown" time="-1.588534182739E9" classname="com.quickmove.qa.testcases.Articlesettingpagetest">
    <skipped/>
  </testcase> <!-- @AfterMethod teardown -->
  <testcase name="@BeforeMethod setup" time="-1.588534182739E9" classname="com.quickmove.qa.testcases.Articlesettingpagetest">
    <skipped/>
  </testcase> <!-- @BeforeMethod setup -->
  <testcase name="@AfterMethod teardown" time="-1.588534182755E9" classname="com.quickmove.qa.testcases.Articlesettingpagetest">
    <skipped/>
  </testcase> <!-- @AfterMethod teardown -->
  <testcase name="@BeforeMethod setup" time="-1.588534182755E9" classname="com.quickmove.qa.testcases.Articlesettingpagetest">
    <skipped/>
  </testcase> <!-- @BeforeMethod setup -->
  <testcase name="@AfterMethod teardown" time="-1.588534182755E9" classname="com.quickmove.qa.testcases.Articlesettingpagetest">
    <skipped/>
  </testcase> <!-- @AfterMethod teardown -->
  <testcase name="@BeforeMethod setup" time="-1.588534182755E9" classname="com.quickmove.qa.testcases.Articlesettingpagetest">
    <skipped/>
  </testcase> <!-- @BeforeMethod setup -->
  <testcase name="@AfterMethod teardown" time="-1.588534182771E9" classname="com.quickmove.qa.testcases.Articlesettingpagetest">
    <skipped/>
  </testcase> <!-- @AfterMethod teardown -->
  <testcase name="@BeforeMethod setup" time="-1.588534182771E9" classname="com.quickmove.qa.testcases.Articlesettingpagetest">
    <skipped/>
  </testcase> <!-- @BeforeMethod setup -->
  <testcase name="@AfterMethod teardown" time="-1.588534182771E9" classname="com.quickmove.qa.testcases.Articlesettingpagetest">
    <skipped/>
  </testcase> <!-- @AfterMethod teardown -->
  <testcase name="@BeforeMethod setup" time="-1.588534182771E9" classname="com.quickmove.qa.testcases.Articlesettingpagetest">
    <skipped/>
  </testcase> <!-- @BeforeMethod setup -->
  <testcase name="@AfterMethod teardown" time="-1.588534182771E9" classname="com.quickmove.qa.testcases.Articlesettingpagetest">
    <skipped/>
  </testcase> <!-- @AfterMethod teardown -->
  <testcase name="@BeforeMethod setup" time="-1.588534182802E9" classname="com.quickmove.qa.testcases.Articlesettingpagetest">
    <skipped/>
  </testcase> <!-- @BeforeMethod setup -->
  <testcase name="@AfterMethod teardown" time="-1.588534182802E9" classname="com.quickmove.qa.testcases.Articlesettingpagetest">
    <skipped/>
  </testcase> <!-- @AfterMethod teardown -->
  <testcase name="@BeforeMethod setup" time="-1.588534182802E9" classname="com.quickmove.qa.testcases.Articlesettingpagetest">
    <skipped/>
  </testcase> <!-- @BeforeMethod setup -->
  <testcase name="@AfterMethod teardown" time="-1.588534182802E9" classname="com.quickmove.qa.testcases.Articlesettingpagetest">
    <skipped/>
  </testcase> <!-- @AfterMethod teardown -->
  <testcase name="@BeforeMethod setup" time="-1.588534182802E9" classname="com.quickmove.qa.testcases.Articlesettingpagetest">
    <skipped/>
  </testcase> <!-- @BeforeMethod setup -->
  <testcase name="@AfterMethod teardown" time="-1.588534182802E9" classname="com.quickmove.qa.testcases.Articlesettingpagetest">
    <skipped/>
  </testcase> <!-- @AfterMethod teardown -->
  <testcase name="@BeforeMethod setup" time="-1.588534182802E9" classname="com.quickmove.qa.testcases.Articlesettingpagetest">
    <skipped/>
  </testcase> <!-- @BeforeMethod setup -->
  <testcase name="@AfterMethod teardown" time="-1.588534182818E9" classname="com.quickmove.qa.testcases.Articlesettingpagetest">
    <skipped/>
  </testcase> <!-- @AfterMethod teardown -->
  <testcase name="@BeforeMethod setup" time="-1.588534182818E9" classname="com.quickmove.qa.testcases.Articlesettingpagetest">
    <skipped/>
  </testcase> <!-- @BeforeMethod setup -->
  <testcase name="@AfterMethod teardown" time="-1.588534182818E9" classname="com.quickmove.qa.testcases.Articlesettingpagetest">
    <skipped/>
  </testcase> <!-- @AfterMethod teardown -->
  <testcase name="@BeforeMethod setup" time="-1.588534182818E9" classname="com.quickmove.qa.testcases.Articlesettingpagetest">
    <skipped/>
  </testcase> <!-- @BeforeMethod setup -->
  <testcase name="@AfterMethod teardown" time="-1.588534182818E9" classname="com.quickmove.qa.testcases.Articlesettingpagetest">
    <skipped/>
  </testcase> <!-- @AfterMethod teardown -->
  <testcase name="@BeforeMethod setup" time="-1.588534182818E9" classname="com.quickmove.qa.testcases.Articlesettingpagetest">
    <skipped/>
  </testcase> <!-- @BeforeMethod setup -->
  <testcase name="@AfterMethod teardown" time="-1.588534182833E9" classname="com.quickmove.qa.testcases.Articlesettingpagetest">
    <skipped/>
  </testcase> <!-- @AfterMethod teardown -->
  <testcase name="@BeforeMethod setup" time="-1.588534182833E9" classname="com.quickmove.qa.testcases.Articlesettingpagetest">
    <skipped/>
  </testcase> <!-- @BeforeMethod setup -->
  <testcase name="@AfterMethod teardown" time="-1.588534182833E9" classname="com.quickmove.qa.testcases.Articlesettingpagetest">
    <skipped/>
  </testcase> <!-- @AfterMethod teardown -->
  <testcase name="@BeforeMethod setup" time="-1.588534182849E9" classname="com.quickmove.qa.testcases.Articlesettingpagetest">
    <skipped/>
  </testcase> <!-- @BeforeMethod setup -->
  <testcase name="@AfterMethod teardown" time="-1.588534182849E9" classname="com.quickmove.qa.testcases.Articlesettingpagetest">
    <skipped/>
  </testcase> <!-- @AfterMethod teardown -->
  <testcase name="@BeforeMethod setup" time="-1.588534182943E9" classname="com.quickmove.qa.testcases.Articlesettingpagetest">
    <skipped/>
  </testcase> <!-- @BeforeMethod setup -->
  <testcase name="@AfterMethod teardown" time="-1.588534182943E9" classname="com.quickmove.qa.testcases.Articlesettingpagetest">
    <skipped/>
  </testcase> <!-- @AfterMethod teardown -->
  <testcase name="@BeforeMethod setup" time="-1.588534182943E9" classname="com.quickmove.qa.testcases.Articlesettingpagetest">
    <skipped/>
  </testcase> <!-- @BeforeMethod setup -->
  <testcase name="@AfterMethod teardown" time="-1.588534182943E9" classname="com.quickmove.qa.testcases.Articlesettingpagetest">
    <skipped/>
  </testcase> <!-- @AfterMethod teardown -->
  <testcase name="@BeforeMethod setup" time="-1.588534182958E9" classname="com.quickmove.qa.testcases.Articlesettingpagetest">
    <skipped/>
  </testcase> <!-- @BeforeMethod setup -->
  <testcase name="@AfterMethod teardown" time="-1.588534182958E9" classname="com.quickmove.qa.testcases.Articlesettingpagetest">
    <skipped/>
  </testcase> <!-- @AfterMethod teardown -->
  <testcase name="@BeforeMethod setup" time="-1.588534182958E9" classname="com.quickmove.qa.testcases.Articlesettingpagetest">
    <skipped/>
  </testcase> <!-- @BeforeMethod setup -->
  <testcase name="@AfterMethod teardown" time="-1.588534182958E9" classname="com.quickmove.qa.testcases.Articlesettingpagetest">
    <skipped/>
  </testcase> <!-- @AfterMethod teardown -->
  <testcase name="@BeforeMethod setup" time="-1.588534182958E9" classname="com.quickmove.qa.testcases.Articlesettingpagetest">
    <skipped/>
  </testcase> <!-- @BeforeMethod setup -->
  <testcase name="@AfterMethod teardown" time="-1.588534182974E9" classname="com.quickmove.qa.testcases.Articlesettingpagetest">
    <skipped/>
  </testcase> <!-- @AfterMethod teardown -->
  <testcase name="@BeforeMethod setup" time="-1.588534182974E9" classname="com.quickmove.qa.testcases.Articlesettingpagetest">
    <skipped/>
  </testcase> <!-- @BeforeMethod setup -->
  <testcase name="@AfterMethod teardown" time="-1.588534182974E9" classname="com.quickmove.qa.testcases.Articlesettingpagetest">
    <skipped/>
  </testcase> <!-- @AfterMethod teardown -->
  <testcase name="@BeforeMethod setup" time="-1.588534182974E9" classname="com.quickmove.qa.testcases.Articlesettingpagetest">
    <skipped/>
  </testcase> <!-- @BeforeMethod setup -->
  <testcase name="@AfterMethod teardown" time="-1.588534182974E9" classname="com.quickmove.qa.testcases.Articlesettingpagetest">
    <skipped/>
  </testcase> <!-- @AfterMethod teardown -->
  <testcase name="@BeforeMethod setup" time="-1.588534182974E9" classname="com.quickmove.qa.testcases.Articlesettingpagetest">
    <skipped/>
  </testcase> <!-- @BeforeMethod setup -->
  <testcase name="@AfterMethod teardown" time="-1.588534182974E9" classname="com.quickmove.qa.testcases.Articlesettingpagetest">
    <skipped/>
  </testcase> <!-- @AfterMethod teardown -->
  <testcase name="@BeforeMethod setup" time="-1.588534182974E9" classname="com.quickmove.qa.testcases.Articlesettingpagetest">
    <skipped/>
  </testcase> <!-- @BeforeMethod setup -->
  <testcase name="@AfterMethod teardown" time="-1.588534182989E9" classname="com.quickmove.qa.testcases.Articlesettingpagetest">
    <skipped/>
  </testcase> <!-- @AfterMethod teardown -->
  <testcase name="@BeforeMethod setup" time="-1.588534182989E9" classname="com.quickmove.qa.testcases.Articlesettingpagetest">
    <skipped/>
  </testcase> <!-- @BeforeMethod setup -->
  <testcase name="@AfterMethod teardown" time="-1.588534182989E9" classname="com.quickmove.qa.testcases.Articlesettingpagetest">
    <skipped/>
  </testcase> <!-- @AfterMethod teardown -->
  <testcase name="@BeforeMethod setup" time="-1.588534182989E9" classname="com.quickmove.qa.testcases.Articlesettingpagetest">
    <skipped/>
  </testcase> <!-- @BeforeMethod setup -->
  <testcase name="@AfterMethod teardown" time="-1.588534182989E9" classname="com.quickmove.qa.testcases.Articlesettingpagetest">
    <skipped/>
  </testcase> <!-- @AfterMethod teardown -->
  <testcase name="@BeforeMethod setup" time="-1.588534183005E9" classname="com.quickmove.qa.testcases.Articlesettingpagetest">
    <skipped/>
  </testcase> <!-- @BeforeMethod setup -->
  <testcase name="@AfterMethod teardown" time="-1.588534183005E9" classname="com.quickmove.qa.testcases.Articlesettingpagetest">
    <skipped/>
  </testcase> <!-- @AfterMethod teardown -->
  <testcase name="@BeforeMethod setup" time="-1.588534183005E9" classname="com.quickmove.qa.testcases.Articlesettingpagetest">
    <skipped/>
  </testcase> <!-- @BeforeMethod setup -->
  <testcase name="@AfterMethod teardown" time="-1.588534183005E9" classname="com.quickmove.qa.testcases.Articlesettingpagetest">
    <skipped/>
  </testcase> <!-- @AfterMethod teardown -->
  <testcase name="@BeforeMethod setup" time="-1.588534183005E9" classname="com.quickmove.qa.testcases.Articlesettingpagetest">
    <skipped/>
  </testcase> <!-- @BeforeMethod setup -->
  <testcase name="@AfterMethod teardown" time="-1.588534183005E9" classname="com.quickmove.qa.testcases.Articlesettingpagetest">
    <skipped/>
  </testcase> <!-- @AfterMethod teardown -->
  <testcase name="@BeforeMethod setup" time="-1.588534183005E9" classname="com.quickmove.qa.testcases.Articlesettingpagetest">
    <skipped/>
  </testcase> <!-- @BeforeMethod setup -->
  <testcase name="@AfterMethod teardown" time="-1.588534183021E9" classname="com.quickmove.qa.testcases.Articlesettingpagetest">
    <skipped/>
  </testcase> <!-- @AfterMethod teardown -->
  <testcase name="@BeforeMethod setup" time="-1.588534183021E9" classname="com.quickmove.qa.testcases.Articlesettingpagetest">
    <skipped/>
  </testcase> <!-- @BeforeMethod setup -->
  <testcase name="@AfterMethod teardown" time="-1.588534183021E9" classname="com.quickmove.qa.testcases.Articlesettingpagetest">
    <skipped/>
  </testcase> <!-- @AfterMethod teardown -->
  <testcase name="@BeforeMethod setup" time="-1.588534183021E9" classname="com.quickmove.qa.testcases.Articlesettingpagetest">
    <skipped/>
  </testcase> <!-- @BeforeMethod setup -->
  <testcase name="@AfterMethod teardown" time="-1.588534183021E9" classname="com.quickmove.qa.testcases.Articlesettingpagetest">
    <skipped/>
  </testcase> <!-- @AfterMethod teardown -->
  <testcase name="@BeforeMethod setup" time="-1.588534183021E9" classname="com.quickmove.qa.testcases.Articlesettingpagetest">
    <skipped/>
  </testcase> <!-- @BeforeMethod setup -->
  <testcase name="@AfterMethod teardown" time="-1.588534183021E9" classname="com.quickmove.qa.testcases.Articlesettingpagetest">
    <skipped/>
  </testcase> <!-- @AfterMethod teardown -->
  <testcase name="@BeforeMethod setup" time="-1.588534183021E9" classname="com.quickmove.qa.testcases.Articlesettingpagetest">
    <skipped/>
  </testcase> <!-- @BeforeMethod setup -->
  <testcase name="@AfterMethod teardown" time="-1.588534183036E9" classname="com.quickmove.qa.testcases.Articlesettingpagetest">
    <skipped/>
  </testcase> <!-- @AfterMethod teardown -->
  <testcase name="@BeforeMethod setup" time="-1.588534183036E9" classname="com.quickmove.qa.testcases.Articlesettingpagetest">
    <skipped/>
  </testcase> <!-- @BeforeMethod setup -->
  <testcase name="@AfterMethod teardown" time="-1.588534183036E9" classname="com.quickmove.qa.testcases.Articlesettingpagetest">
    <skipped/>
  </testcase> <!-- @AfterMethod teardown -->
  <testcase name="@BeforeMethod setup" time="-1.588534183036E9" classname="com.quickmove.qa.testcases.Articlesettingpagetest">
    <skipped/>
  </testcase> <!-- @BeforeMethod setup -->
  <testcase name="@AfterMethod teardown" time="-1.588534183036E9" classname="com.quickmove.qa.testcases.Articlesettingpagetest">
    <skipped/>
  </testcase> <!-- @AfterMethod teardown -->
  <testcase name="@BeforeMethod setup" time="-1.588534183036E9" classname="com.quickmove.qa.testcases.Articlesettingpagetest">
    <skipped/>
  </testcase> <!-- @BeforeMethod setup -->
  <testcase name="@AfterMethod teardown" time="-1.588534183036E9" classname="com.quickmove.qa.testcases.Articlesettingpagetest">
    <skipped/>
  </testcase> <!-- @AfterMethod teardown -->
  <testcase name="@BeforeMethod setup" time="-1.588534183036E9" classname="com.quickmove.qa.testcases.Articlesettingpagetest">
    <skipped/>
  </testcase> <!-- @BeforeMethod setup -->
  <testcase name="@AfterMethod teardown" time="-1.588534183052E9" classname="com.quickmove.qa.testcases.Articlesettingpagetest">
    <skipped/>
  </testcase> <!-- @AfterMethod teardown -->
  <testcase name="@BeforeMethod setup" time="-1.588534183052E9" classname="com.quickmove.qa.testcases.Articlesettingpagetest">
    <skipped/>
  </testcase> <!-- @BeforeMethod setup -->
  <testcase name="@AfterMethod teardown" time="-1.588534183052E9" classname="com.quickmove.qa.testcases.Articlesettingpagetest">
    <skipped/>
  </testcase> <!-- @AfterMethod teardown -->
  <testcase name="@BeforeMethod setup" time="-1.588534183052E9" classname="com.quickmove.qa.testcases.Articlesettingpagetest">
    <skipped/>
  </testcase> <!-- @BeforeMethod setup -->
  <testcase name="@AfterMethod teardown" time="-1.588534183052E9" classname="com.quickmove.qa.testcases.Articlesettingpagetest">
    <skipped/>
  </testcase> <!-- @AfterMethod teardown -->
  <testcase name="@BeforeMethod setup" time="-1.588534183068E9" classname="com.quickmove.qa.testcases.Articlesettingpagetest">
    <skipped/>
  </testcase> <!-- @BeforeMethod setup -->
  <testcase name="@AfterMethod teardown" time="-1.588534183068E9" classname="com.quickmove.qa.testcases.Articlesettingpagetest">
    <skipped/>
  </testcase> <!-- @AfterMethod teardown -->
  <testcase name="@BeforeMethod setup" time="-1.588534183068E9" classname="com.quickmove.qa.testcases.Articlesettingpagetest">
    <skipped/>
  </testcase> <!-- @BeforeMethod setup -->
  <testcase name="@AfterMethod teardown" time="-1.588534183068E9" classname="com.quickmove.qa.testcases.Articlesettingpagetest">
    <skipped/>
  </testcase> <!-- @AfterMethod teardown -->
  <testcase name="@BeforeMethod setup" time="-1.588534183068E9" classname="com.quickmove.qa.testcases.Articlesettingpagetest">
    <skipped/>
  </testcase> <!-- @BeforeMethod setup -->
  <testcase name="@AfterMethod teardown" time="-1.588534183068E9" classname="com.quickmove.qa.testcases.Articlesettingpagetest">
    <skipped/>
  </testcase> <!-- @AfterMethod teardown -->
  <testcase name="@BeforeMethod setup" time="-1.588534183068E9" classname="com.quickmove.qa.testcases.Articlesettingpagetest">
    <skipped/>
  </testcase> <!-- @BeforeMethod setup -->
  <testcase name="@AfterMethod teardown" time="-1.588534183068E9" classname="com.quickmove.qa.testcases.Articlesettingpagetest">
    <skipped/>
  </testcase> <!-- @AfterMethod teardown -->
  <testcase name="@BeforeMethod setup" time="-1.588534183083E9" classname="com.quickmove.qa.testcases.Articlesettingpagetest">
    <skipped/>
  </testcase> <!-- @BeforeMethod setup -->
  <testcase name="@AfterMethod teardown" time="-1.588534183083E9" classname="com.quickmove.qa.testcases.Articlesettingpagetest">
    <skipped/>
  </testcase> <!-- @AfterMethod teardown -->
  <testcase name="@BeforeMethod setup" time="-1.588534183083E9" classname="com.quickmove.qa.testcases.Articlesettingpagetest">
    <skipped/>
  </testcase> <!-- @BeforeMethod setup -->
  <testcase name="@AfterMethod teardown" time="-1.588534183083E9" classname="com.quickmove.qa.testcases.Articlesettingpagetest">
    <skipped/>
  </testcase> <!-- @AfterMethod teardown -->
  <testcase name="@BeforeMethod setup" time="-1.588534183083E9" classname="com.quickmove.qa.testcases.Articlesettingpagetest">
    <skipped/>
  </testcase> <!-- @BeforeMethod setup -->
  <testcase name="@AfterMethod teardown" time="-1.588534183099E9" classname="com.quickmove.qa.testcases.Articlesettingpagetest">
    <skipped/>
  </testcase> <!-- @AfterMethod teardown -->
  <testcase name="@BeforeMethod setup" time="-1.588534183099E9" classname="com.quickmove.qa.testcases.Articlesettingpagetest">
    <skipped/>
  </testcase> <!-- @BeforeMethod setup -->
  <testcase name="@AfterMethod teardown" time="-1.588534183099E9" classname="com.quickmove.qa.testcases.Articlesettingpagetest">
    <skipped/>
  </testcase> <!-- @AfterMethod teardown -->
  <testcase name="@BeforeMethod setup" time="-1.588534183099E9" classname="com.quickmove.qa.testcases.Articlesettingpagetest">
    <skipped/>
  </testcase> <!-- @BeforeMethod setup -->
  <testcase name="@AfterMethod teardown" time="-1.588534183099E9" classname="com.quickmove.qa.testcases.Articlesettingpagetest">
    <skipped/>
  </testcase> <!-- @AfterMethod teardown -->
  <testcase name="@BeforeMethod setup" time="-1.588534183099E9" classname="com.quickmove.qa.testcases.Articlesettingpagetest">
    <skipped/>
  </testcase> <!-- @BeforeMethod setup -->
  <testcase name="@AfterMethod teardown" time="-1.588534183114E9" classname="com.quickmove.qa.testcases.Articlesettingpagetest">
    <skipped/>
  </testcase> <!-- @AfterMethod teardown -->
  <testcase name="@BeforeMethod setup" time="-1.588534183114E9" classname="com.quickmove.qa.testcases.Articlesettingpagetest">
    <skipped/>
  </testcase> <!-- @BeforeMethod setup -->
  <testcase name="@AfterMethod teardown" time="-1.588534183114E9" classname="com.quickmove.qa.testcases.Articlesettingpagetest">
    <skipped/>
  </testcase> <!-- @AfterMethod teardown -->
  <testcase name="@BeforeMethod setup" time="-1.588534183114E9" classname="com.quickmove.qa.testcases.Articlesettingpagetest">
    <skipped/>
  </testcase> <!-- @BeforeMethod setup -->
  <testcase name="@AfterMethod teardown" time="-1.588534183114E9" classname="com.quickmove.qa.testcases.Articlesettingpagetest">
    <skipped/>
  </testcase> <!-- @AfterMethod teardown -->
  <testcase name="@BeforeMethod setup" time="-1.588534183114E9" classname="com.quickmove.qa.testcases.Articlesettingpagetest">
    <skipped/>
  </testcase> <!-- @BeforeMethod setup -->
  <testcase name="@AfterMethod teardown" time="-1.588534183114E9" classname="com.quickmove.qa.testcases.Articlesettingpagetest">
    <skipped/>
  </testcase> <!-- @AfterMethod teardown -->
  <testcase name="@BeforeMethod setup" time="-1.58853418313E9" classname="com.quickmove.qa.testcases.Articlesettingpagetest">
    <skipped/>
  </testcase> <!-- @BeforeMethod setup -->
  <testcase name="@AfterMethod teardown" time="-1.58853418313E9" classname="com.quickmove.qa.testcases.Articlesettingpagetest">
    <skipped/>
  </testcase> <!-- @AfterMethod teardown -->
  <testcase name="@BeforeMethod setup" time="-1.58853418313E9" classname="com.quickmove.qa.testcases.Articlesettingpagetest">
    <skipped/>
  </testcase> <!-- @BeforeMethod setup -->
  <testcase name="@AfterMethod teardown" time="-1.58853418313E9" classname="com.quickmove.qa.testcases.Articlesettingpagetest">
    <skipped/>
  </testcase> <!-- @AfterMethod teardown -->
  <testcase name="@BeforeMethod setup" time="-1.58853418313E9" classname="com.quickmove.qa.testcases.Articlesettingpagetest">
    <skipped/>
  </testcase> <!-- @BeforeMethod setup -->
  <testcase name="@AfterMethod teardown" time="-1.588534183146E9" classname="com.quickmove.qa.testcases.Articlesettingpagetest">
    <skipped/>
  </testcase> <!-- @AfterMethod teardown -->
  <testcase name="@BeforeMethod setup" time="-1.588534183146E9" classname="com.quickmove.qa.testcases.Articlesettingpagetest">
    <skipped/>
  </testcase> <!-- @BeforeMethod setup -->
  <testcase name="@AfterMethod teardown" time="-1.588534183146E9" classname="com.quickmove.qa.testcases.Articlesettingpagetest">
    <skipped/>
  </testcase> <!-- @AfterMethod teardown -->
  <testcase name="@BeforeMethod setup" time="-1.588534183146E9" classname="com.quickmove.qa.testcases.Articlesettingpagetest">
    <skipped/>
  </testcase> <!-- @BeforeMethod setup -->
  <testcase name="@AfterMethod teardown" time="-1.588534183161E9" classname="com.quickmove.qa.testcases.Articlesettingpagetest">
    <skipped/>
  </testcase> <!-- @AfterMethod teardown -->
  <testcase name="@BeforeMethod setup" time="-1.588534183164E9" classname="com.quickmove.qa.testcases.Articlesettingpagetest">
    <skipped/>
  </testcase> <!-- @BeforeMethod setup -->
  <testcase name="@AfterMethod teardown" time="-1.588534183164E9" classname="com.quickmove.qa.testcases.Articlesettingpagetest">
    <skipped/>
  </testcase> <!-- @AfterMethod teardown -->
  <testcase name="@BeforeMethod setup" time="-1.588534183164E9" classname="com.quickmove.qa.testcases.Articlesettingpagetest">
    <skipped/>
  </testcase> <!-- @BeforeMethod setup -->
  <testcase name="@AfterMethod teardown" time="-1.588534183168E9" classname="com.quickmove.qa.testcases.Articlesettingpagetest">
    <skipped/>
  </testcase> <!-- @AfterMethod teardown -->
  <testcase name="@BeforeMethod setup" time="-1.588534183176E9" classname="com.quickmove.qa.testcases.Articlesettingpagetest">
    <skipped/>
  </testcase> <!-- @BeforeMethod setup -->
  <testcase name="@AfterMethod teardown" time="-1.588534183176E9" classname="com.quickmove.qa.testcases.Articlesettingpagetest">
    <skipped/>
  </testcase> <!-- @AfterMethod teardown -->
  <testcase name="@BeforeMethod setup" time="-1.58853418318E9" classname="com.quickmove.qa.testcases.Articlesettingpagetest">
    <skipped/>
  </testcase> <!-- @BeforeMethod setup -->
  <testcase name="@AfterMethod teardown" time="-1.58853418318E9" classname="com.quickmove.qa.testcases.Articlesettingpagetest">
    <skipped/>
  </testcase> <!-- @AfterMethod teardown -->
  <testcase name="@BeforeMethod setup" time="-1.588534183188E9" classname="com.quickmove.qa.testcases.Articlesettingpagetest">
    <skipped/>
  </testcase> <!-- @BeforeMethod setup -->
  <testcase name="@AfterMethod teardown" time="-1.588534183188E9" classname="com.quickmove.qa.testcases.Articlesettingpagetest">
    <skipped/>
  </testcase> <!-- @AfterMethod teardown -->
  <testcase name="@BeforeMethod setup" time="-1.588534183188E9" classname="com.quickmove.qa.testcases.Articlesettingpagetest">
    <skipped/>
  </testcase> <!-- @BeforeMethod setup -->
  <testcase name="@AfterMethod teardown" time="-1.588534183192E9" classname="com.quickmove.qa.testcases.Articlesettingpagetest">
    <skipped/>
  </testcase> <!-- @AfterMethod teardown -->
  <testcase name="@BeforeMethod setup" time="-1.588534183192E9" classname="com.quickmove.qa.testcases.Articlesettingpagetest">
    <skipped/>
  </testcase> <!-- @BeforeMethod setup -->
  <testcase name="@AfterMethod teardown" time="-1.5885341832E9" classname="com.quickmove.qa.testcases.Articlesettingpagetest">
    <skipped/>
  </testcase> <!-- @AfterMethod teardown -->
  <testcase name="@BeforeMethod setup" time="-1.5885341832E9" classname="com.quickmove.qa.testcases.Articlesettingpagetest">
    <skipped/>
  </testcase> <!-- @BeforeMethod setup -->
  <testcase name="@AfterMethod teardown" time="-1.588534183204E9" classname="com.quickmove.qa.testcases.Articlesettingpagetest">
    <skipped/>
  </testcase> <!-- @AfterMethod teardown -->
  <testcase name="@BeforeMethod setup" time="-1.588534183204E9" classname="com.quickmove.qa.testcases.Articlesettingpagetest">
    <skipped/>
  </testcase> <!-- @BeforeMethod setup -->
  <testcase name="@AfterMethod teardown" time="-1.588534183208E9" classname="com.quickmove.qa.testcases.Articlesettingpagetest">
    <skipped/>
  </testcase> <!-- @AfterMethod teardown -->
  <testcase name="@BeforeMethod setup" time="-1.588534183208E9" classname="com.quickmove.qa.testcases.Articlesettingpagetest">
    <skipped/>
  </testcase> <!-- @BeforeMethod setup -->
  <testcase name="@AfterMethod teardown" time="-1.588534183208E9" classname="com.quickmove.qa.testcases.Articlesettingpagetest">
    <skipped/>
  </testcase> <!-- @AfterMethod teardown -->
  <testcase name="@BeforeMethod setup" time="-1.588534183208E9" classname="com.quickmove.qa.testcases.Articlesettingpagetest">
    <skipped/>
  </testcase> <!-- @BeforeMethod setup -->
  <testcase name="@AfterMethod teardown" time="-1.588534183208E9" classname="com.quickmove.qa.testcases.Articlesettingpagetest">
    <skipped/>
  </testcase> <!-- @AfterMethod teardown -->
  <testcase name="@BeforeMethod setup" time="-1.588534183224E9" classname="com.quickmove.qa.testcases.Articlesettingpagetest">
    <skipped/>
  </testcase> <!-- @BeforeMethod setup -->
  <testcase name="@AfterMethod teardown" time="-1.588534183224E9" classname="com.quickmove.qa.testcases.Articlesettingpagetest">
    <skipped/>
  </testcase> <!-- @AfterMethod teardown -->
  <testcase name="@BeforeMethod setup" time="-1.588534183224E9" classname="com.quickmove.qa.testcases.Articlesettingpagetest">
    <skipped/>
  </testcase> <!-- @BeforeMethod setup -->
  <testcase name="@AfterMethod teardown" time="-1.588534183224E9" classname="com.quickmove.qa.testcases.Articlesettingpagetest">
    <skipped/>
  </testcase> <!-- @AfterMethod teardown -->
  <testcase name="@BeforeMethod setup" time="-1.588534183224E9" classname="com.quickmove.qa.testcases.Articlesettingpagetest">
    <skipped/>
  </testcase> <!-- @BeforeMethod setup -->
  <testcase name="@AfterMethod teardown" time="-1.588534183224E9" classname="com.quickmove.qa.testcases.Articlesettingpagetest">
    <skipped/>
  </testcase> <!-- @AfterMethod teardown -->
  <testcase name="@BeforeMethod setup" time="-1.588534183224E9" classname="com.quickmove.qa.testcases.Articlesettingpagetest">
    <skipped/>
  </testcase> <!-- @BeforeMethod setup -->
  <testcase name="@AfterMethod teardown" time="-1.588534183239E9" classname="com.quickmove.qa.testcases.Articlesettingpagetest">
    <skipped/>
  </testcase> <!-- @AfterMethod teardown -->
  <testcase name="@BeforeMethod setup" time="-1.588534183239E9" classname="com.quickmove.qa.testcases.Articlesettingpagetest">
    <skipped/>
  </testcase> <!-- @BeforeMethod setup -->
  <testcase name="@AfterMethod teardown" time="-1.588534183239E9" classname="com.quickmove.qa.testcases.Articlesettingpagetest">
    <skipped/>
  </testcase> <!-- @AfterMethod teardown -->
  <testcase name="@BeforeMethod setup" time="-1.588534183239E9" classname="com.quickmove.qa.testcases.Articlesettingpagetest">
    <skipped/>
  </testcase> <!-- @BeforeMethod setup -->
  <testcase name="@AfterMethod teardown" time="-1.588534183239E9" classname="com.quickmove.qa.testcases.Articlesettingpagetest">
    <skipped/>
  </testcase> <!-- @AfterMethod teardown -->
  <testcase name="@BeforeMethod setup" time="-1.588534183239E9" classname="com.quickmove.qa.testcases.Articlesettingpagetest">
    <skipped/>
  </testcase> <!-- @BeforeMethod setup -->
  <testcase name="@AfterMethod teardown" time="-1.588534183255E9" classname="com.quickmove.qa.testcases.Articlesettingpagetest">
    <skipped/>
  </testcase> <!-- @AfterMethod teardown -->
  <testcase name="@BeforeMethod setup" time="-1.588534183255E9" classname="com.quickmove.qa.testcases.Articlesettingpagetest">
    <skipped/>
  </testcase> <!-- @BeforeMethod setup -->
  <testcase name="@AfterMethod teardown" time="-1.588534183255E9" classname="com.quickmove.qa.testcases.Articlesettingpagetest">
    <skipped/>
  </testcase> <!-- @AfterMethod teardown -->
  <testcase name="@BeforeMethod setup" time="-1.588534183255E9" classname="com.quickmove.qa.testcases.Articlesettingpagetest">
    <skipped/>
  </testcase> <!-- @BeforeMethod setup -->
  <testcase name="@AfterMethod teardown" time="-1.588534183255E9" classname="com.quickmove.qa.testcases.Articlesettingpagetest">
    <skipped/>
  </testcase> <!-- @AfterMethod teardown -->
  <testcase name="@BeforeMethod setup" time="-1.58853418327E9" classname="com.quickmove.qa.testcases.Articlesettingpagetest">
    <skipped/>
  </testcase> <!-- @BeforeMethod setup -->
  <testcase name="@AfterMethod teardown" time="-1.58853418327E9" classname="com.quickmove.qa.testcases.Articlesettingpagetest">
    <skipped/>
  </testcase> <!-- @AfterMethod teardown -->
  <testcase name="@BeforeMethod setup" time="-1.58853418327E9" classname="com.quickmove.qa.testcases.Articlesettingpagetest">
    <skipped/>
  </testcase> <!-- @BeforeMethod setup -->
  <testcase name="@AfterMethod teardown" time="-1.588534183286E9" classname="com.quickmove.qa.testcases.Articlesettingpagetest">
    <skipped/>
  </testcase> <!-- @AfterMethod teardown -->
  <testcase name="@BeforeMethod setup" time="-1.588534183286E9" classname="com.quickmove.qa.testcases.Articlesettingpagetest">
    <skipped/>
  </testcase> <!-- @BeforeMethod setup -->
  <testcase name="@AfterMethod teardown" time="-1.588534183286E9" classname="com.quickmove.qa.testcases.Articlesettingpagetest">
    <skipped/>
  </testcase> <!-- @AfterMethod teardown -->
  <testcase name="@BeforeMethod setup" time="-1.588534183286E9" classname="com.quickmove.qa.testcases.Articlesettingpagetest">
    <skipped/>
  </testcase> <!-- @BeforeMethod setup -->
  <testcase name="@AfterMethod teardown" time="-1.588534183286E9" classname="com.quickmove.qa.testcases.Articlesettingpagetest">
    <skipped/>
  </testcase> <!-- @AfterMethod teardown -->
  <testcase name="@BeforeMethod setup" time="-1.588534183286E9" classname="com.quickmove.qa.testcases.Articlesettingpagetest">
    <skipped/>
  </testcase> <!-- @BeforeMethod setup -->
  <testcase name="@AfterMethod teardown" time="-1.588534183371E9" classname="com.quickmove.qa.testcases.Articlesettingpagetest">
    <skipped/>
  </testcase> <!-- @AfterMethod teardown -->
  <testcase name="@BeforeMethod setup" time="-1.588534183371E9" classname="com.quickmove.qa.testcases.Articlesettingpagetest">
    <skipped/>
  </testcase> <!-- @BeforeMethod setup -->
  <testcase name="@AfterMethod teardown" time="-1.588534183374E9" classname="com.quickmove.qa.testcases.Articlesettingpagetest">
    <skipped/>
  </testcase> <!-- @AfterMethod teardown -->
  <testcase name="@BeforeMethod setup" time="-1.588534183374E9" classname="com.quickmove.qa.testcases.Articlesettingpagetest">
    <skipped/>
  </testcase> <!-- @BeforeMethod setup -->
  <testcase name="@AfterMethod teardown" time="-1.588534183384E9" classname="com.quickmove.qa.testcases.Articlesettingpagetest">
    <skipped/>
  </testcase> <!-- @AfterMethod teardown -->
  <testcase name="@BeforeMethod setup" time="-1.588534183384E9" classname="com.quickmove.qa.testcases.Articlesettingpagetest">
    <skipped/>
  </testcase> <!-- @BeforeMethod setup -->
  <testcase name="@AfterMethod teardown" time="-1.588534183386E9" classname="com.quickmove.qa.testcases.Articlesettingpagetest">
    <skipped/>
  </testcase> <!-- @AfterMethod teardown -->
  <testcase name="@BeforeMethod setup" time="-1.588534183387E9" classname="com.quickmove.qa.testcases.Articlesettingpagetest">
    <skipped/>
  </testcase> <!-- @BeforeMethod setup -->
  <testcase name="@AfterMethod teardown" time="-1.588534183391E9" classname="com.quickmove.qa.testcases.Articlesettingpagetest">
    <skipped/>
  </testcase> <!-- @AfterMethod teardown -->
  <testcase name="@BeforeMethod setup" time="-1.588534183395E9" classname="com.quickmove.qa.testcases.Articlesettingpagetest">
    <skipped/>
  </testcase> <!-- @BeforeMethod setup -->
  <testcase name="@AfterMethod teardown" time="-1.588534183397E9" classname="com.quickmove.qa.testcases.Articlesettingpagetest">
    <skipped/>
  </testcase> <!-- @AfterMethod teardown -->
  <testcase name="@BeforeMethod setup" time="-1.588534183397E9" classname="com.quickmove.qa.testcases.Articlesettingpagetest">
    <skipped/>
  </testcase> <!-- @BeforeMethod setup -->
  <testcase name="@AfterMethod teardown" time="-1.588534183398E9" classname="com.quickmove.qa.testcases.Articlesettingpagetest">
    <skipped/>
  </testcase> <!-- @AfterMethod teardown -->
  <testcase name="@BeforeMethod setup" time="-1.588534183409E9" classname="com.quickmove.qa.testcases.Articlesettingpagetest">
    <skipped/>
  </testcase> <!-- @BeforeMethod setup -->
  <testcase name="@AfterMethod teardown" time="-1.588534183409E9" classname="com.quickmove.qa.testcases.Articlesettingpagetest">
    <skipped/>
  </testcase> <!-- @AfterMethod teardown -->
  <testcase name="@BeforeMethod setup" time="-1.588534183409E9" classname="com.quickmove.qa.testcases.Articlesettingpagetest">
    <skipped/>
  </testcase> <!-- @BeforeMethod setup -->
  <testcase name="@AfterMethod teardown" time="-1.588534183409E9" classname="com.quickmove.qa.testcases.Articlesettingpagetest">
    <skipped/>
  </testcase> <!-- @AfterMethod teardown -->
  <testcase name="@BeforeMethod setup" time="-1.588534183409E9" classname="com.quickmove.qa.testcases.Articlesettingpagetest">
    <skipped/>
  </testcase> <!-- @BeforeMethod setup -->
  <testcase name="@AfterMethod teardown" time="-1.588534183409E9" classname="com.quickmove.qa.testcases.Articlesettingpagetest">
    <skipped/>
  </testcase> <!-- @AfterMethod teardown -->
  <testcase name="@BeforeMethod setup" time="-1.588534183409E9" classname="com.quickmove.qa.testcases.Articlesettingpagetest">
    <skipped/>
  </testcase> <!-- @BeforeMethod setup -->
  <testcase name="@AfterMethod teardown" time="-1.588534183409E9" classname="com.quickmove.qa.testcases.Articlesettingpagetest">
    <skipped/>
  </testcase> <!-- @AfterMethod teardown -->
  <testcase name="@BeforeMethod setup" time="-1.588534183409E9" classname="com.quickmove.qa.testcases.Articlesettingpagetest">
    <skipped/>
  </testcase> <!-- @BeforeMethod setup -->
  <testcase name="@AfterMethod teardown" time="-1.588534183424E9" classname="com.quickmove.qa.testcases.Articlesettingpagetest">
    <skipped/>
  </testcase> <!-- @AfterMethod teardown -->
  <testcase name="@BeforeMethod setup" time="-1.588534183424E9" classname="com.quickmove.qa.testcases.Articlesettingpagetest">
    <skipped/>
  </testcase> <!-- @BeforeMethod setup -->
  <testcase name="@AfterMethod teardown" time="-1.588534183424E9" classname="com.quickmove.qa.testcases.Articlesettingpagetest">
    <skipped/>
  </testcase> <!-- @AfterMethod teardown -->
  <testcase name="@BeforeMethod setup" time="-1.588534183424E9" classname="com.quickmove.qa.testcases.Articlesettingpagetest">
    <skipped/>
  </testcase> <!-- @BeforeMethod setup -->
  <testcase name="@AfterMethod teardown" time="-1.588534183424E9" classname="com.quickmove.qa.testcases.Articlesettingpagetest">
    <skipped/>
  </testcase> <!-- @AfterMethod teardown -->
  <testcase name="@BeforeMethod setup" time="-1.58853418344E9" classname="com.quickmove.qa.testcases.Articlesettingpagetest">
    <skipped/>
  </testcase> <!-- @BeforeMethod setup -->
  <testcase name="@AfterMethod teardown" time="-1.58853418344E9" classname="com.quickmove.qa.testcases.Articlesettingpagetest">
    <skipped/>
  </testcase> <!-- @AfterMethod teardown -->
  <testcase name="@BeforeMethod setup" time="-1.58853418344E9" classname="com.quickmove.qa.testcases.Articlesettingpagetest">
    <skipped/>
  </testcase> <!-- @BeforeMethod setup -->
  <testcase name="@AfterMethod teardown" time="-1.58853418344E9" classname="com.quickmove.qa.testcases.Articlesettingpagetest">
    <skipped/>
  </testcase> <!-- @AfterMethod teardown -->
  <testcase name="@BeforeMethod setup" time="-1.58853418344E9" classname="com.quickmove.qa.testcases.Articlesettingpagetest">
    <skipped/>
  </testcase> <!-- @BeforeMethod setup -->
  <testcase name="@AfterMethod teardown" time="-1.58853418344E9" classname="com.quickmove.qa.testcases.Articlesettingpagetest">
    <skipped/>
  </testcase> <!-- @AfterMethod teardown -->
  <testcase name="@BeforeMethod setup" time="-1.588534183456E9" classname="com.quickmove.qa.testcases.Articlesettingpagetest">
    <skipped/>
  </testcase> <!-- @BeforeMethod setup -->
  <testcase name="@AfterMethod teardown" time="-1.588534183456E9" classname="com.quickmove.qa.testcases.Articlesettingpagetest">
    <skipped/>
  </testcase> <!-- @AfterMethod teardown -->
  <testcase name="@BeforeMethod setup" time="-1.588534183456E9" classname="com.quickmove.qa.testcases.Articlesettingpagetest">
    <skipped/>
  </testcase> <!-- @BeforeMethod setup -->
  <testcase name="@AfterMethod teardown" time="-1.588534183471E9" classname="com.quickmove.qa.testcases.Articlesettingpagetest">
    <skipped/>
  </testcase> <!-- @AfterMethod teardown -->
  <testcase name="@BeforeMethod setup" time="-1.588534183471E9" classname="com.quickmove.qa.testcases.Articlesettingpagetest">
    <skipped/>
  </testcase> <!-- @BeforeMethod setup -->
  <testcase name="@AfterMethod teardown" time="-1.588534183471E9" classname="com.quickmove.qa.testcases.Articlesettingpagetest">
    <skipped/>
  </testcase> <!-- @AfterMethod teardown -->
  <testcase name="@BeforeMethod setup" time="-1.588534183471E9" classname="com.quickmove.qa.testcases.Articlesettingpagetest">
    <skipped/>
  </testcase> <!-- @BeforeMethod setup -->
  <testcase name="@AfterMethod teardown" time="-1.588534183487E9" classname="com.quickmove.qa.testcases.Articlesettingpagetest">
    <skipped/>
  </testcase> <!-- @AfterMethod teardown -->
  <testcase name="@BeforeMethod setup" time="-1.588534183487E9" classname="com.quickmove.qa.testcases.Articlesettingpagetest">
    <skipped/>
  </testcase> <!-- @BeforeMethod setup -->
  <testcase name="@AfterMethod teardown" time="-1.588534183487E9" classname="com.quickmove.qa.testcases.Articlesettingpagetest">
    <skipped/>
  </testcase> <!-- @AfterMethod teardown -->
  <testcase name="@BeforeMethod setup" time="-1.588534183487E9" classname="com.quickmove.qa.testcases.Articlesettingpagetest">
    <skipped/>
  </testcase> <!-- @BeforeMethod setup -->
  <testcase name="@AfterMethod teardown" time="-1.588534183487E9" classname="com.quickmove.qa.testcases.Articlesettingpagetest">
    <skipped/>
  </testcase> <!-- @AfterMethod teardown -->
  <testcase name="@BeforeMethod setup" time="-1.588534183487E9" classname="com.quickmove.qa.testcases.Articlesettingpagetest">
    <skipped/>
  </testcase> <!-- @BeforeMethod setup -->
  <testcase name="@AfterMethod teardown" time="-1.588534183487E9" classname="com.quickmove.qa.testcases.Articlesettingpagetest">
    <skipped/>
  </testcase> <!-- @AfterMethod teardown -->
  <testcase name="@BeforeMethod setup" time="-1.588534183487E9" classname="com.quickmove.qa.testcases.Articlesettingpagetest">
    <skipped/>
  </testcase> <!-- @BeforeMethod setup -->
  <testcase name="@AfterMethod teardown" time="-1.588534183502E9" classname="com.quickmove.qa.testcases.Articlesettingpagetest">
    <skipped/>
  </testcase> <!-- @AfterMethod teardown -->
  <testcase name="@BeforeMethod setup" time="-1.588534183502E9" classname="com.quickmove.qa.testcases.Articlesettingpagetest">
    <skipped/>
  </testcase> <!-- @BeforeMethod setup -->
  <testcase name="@AfterMethod teardown" time="-1.588534183502E9" classname="com.quickmove.qa.testcases.Articlesettingpagetest">
    <skipped/>
  </testcase> <!-- @AfterMethod teardown -->
  <testcase name="@BeforeMethod setup" time="-1.588534183502E9" classname="com.quickmove.qa.testcases.Articlesettingpagetest">
    <skipped/>
  </testcase> <!-- @BeforeMethod setup -->
  <testcase name="@AfterMethod teardown" time="-1.588534183502E9" classname="com.quickmove.qa.testcases.Articlesettingpagetest">
    <skipped/>
  </testcase> <!-- @AfterMethod teardown -->
  <testcase name="@BeforeMethod setup" time="-1.588534183502E9" classname="com.quickmove.qa.testcases.Articlesettingpagetest">
    <skipped/>
  </testcase> <!-- @BeforeMethod setup -->
  <testcase name="@AfterMethod teardown" time="-1.588534183518E9" classname="com.quickmove.qa.testcases.Articlesettingpagetest">
    <skipped/>
  </testcase> <!-- @AfterMethod teardown -->
  <testcase name="@BeforeMethod setup" time="-1.588534183518E9" classname="com.quickmove.qa.testcases.Articlesettingpagetest">
    <skipped/>
  </testcase> <!-- @BeforeMethod setup -->
  <testcase name="@AfterMethod teardown" time="-1.588534183518E9" classname="com.quickmove.qa.testcases.Articlesettingpagetest">
    <skipped/>
  </testcase> <!-- @AfterMethod teardown -->
  <testcase name="@BeforeMethod setup" time="-1.588534183518E9" classname="com.quickmove.qa.testcases.Articlesettingpagetest">
    <skipped/>
  </testcase> <!-- @BeforeMethod setup -->
  <testcase name="@AfterMethod teardown" time="-1.588534183534E9" classname="com.quickmove.qa.testcases.Articlesettingpagetest">
    <skipped/>
  </testcase> <!-- @AfterMethod teardown -->
  <testcase name="@BeforeMethod setup" time="-1.588534183534E9" classname="com.quickmove.qa.testcases.Articlesettingpagetest">
    <skipped/>
  </testcase> <!-- @BeforeMethod setup -->
  <testcase name="@AfterMethod teardown" time="-1.588534183534E9" classname="com.quickmove.qa.testcases.Articlesettingpagetest">
    <skipped/>
  </testcase> <!-- @AfterMethod teardown -->
  <testcase name="loginpagetitletest" time="0.031" classname="com.quickmove.qa.testcases.LoginpageTest"/>
  <testcase name="CRMimageTest" time="0.12" classname="com.quickmove.qa.testcases.LoginpageTest"/>
  <testcase name="LoginTest" time="7.897" classname="com.quickmove.qa.testcases.LoginpageTest"/>
  <testcase name="verifysalelinktest" time="5.413" classname="com.quickmove.qa.testcases.HomePageTest"/>
  <testcase name="verifyhomepagetitletest" time="1.384" classname="com.quickmove.qa.testcases.HomePageTest">
    <failure type="junit.framework.ComparisonFailure" message="QuickMove - Enquiry expected:&amp;lt;QuickMove - Enquiry &amp;gt; but was:&amp;lt;home page title is not matching&amp;gt;">
      <![CDATA[junit.framework.ComparisonFailure: QuickMove - Enquiry expected:<QuickMove - Enquiry > but was:<home page title is not matching>
at junit.framework.Assert.assertEquals(Assert.java:81)
at com.quickmove.qa.testcases.HomePageTest.verifyhomepagetitletest(HomePageTest.java:32)
at java.util.ArrayList.forEach(Unknown Source)
... Removed 27 stack frames]]>
    </failure>
  </testcase> <!-- verifyhomepagetitletest -->
  <testcase name="verifyusernametest" time="0.154" classname="com.quickmove.qa.testcases.HomePageTest"/>
  <testcase name="clickonsidemenutest" time="0.155" classname="com.quickmove.qa.testcases.SettingPageTest"/>
  <testcase name="verifyAddarticlepagetitletest" time="2.899" classname="com.quickmove.qa.testcases.SettingPageTest">
    <failure type="junit.framework.ComparisonFailure" message="expected:&amp;lt;... ...&amp;gt; but was:&amp;lt;......&amp;gt;">
      <![CDATA[junit.framework.ComparisonFailure: expected:<... ...> but was:<......>
at junit.framework.Assert.assertEquals(Assert.java:81)
at junit.framework.Assert.assertEquals(Assert.java:87)
at com.quickmove.qa.testcases.SettingPageTest.verifyAddarticlepagetitletest(SettingPageTest.java:54)
at java.util.ArrayList.forEach(Unknown Source)
... Removed 27 stack frames]]>
    </failure>
  </testcase> <!-- verifyAddarticlepagetitletest -->
  <testcase name="verifyaddarticlelinktest" time="1.4" classname="com.quickmove.qa.testcases.SettingPageTest"/>
  <testcase name="validateaddarticle" time="2.172" classname="com.quickmove.qa.testcases.Articlesettingpagetest"/>
  <testcase name="validateaddarticle" time="2.117" classname="com.quickmove.qa.testcases.Articlesettingpagetest"/>
  <testcase name="validateaddarticle" time="2.244" classname="com.quickmove.qa.testcases.Articlesettingpagetest"/>
  <testcase name="validateaddarticle" time="2.027" classname="com.quickmove.qa.testcases.Articlesettingpagetest"/>
  <testcase name="validateaddarticle" time="1.873" classname="com.quickmove.qa.testcases.Articlesettingpagetest"/>
  <testcase name="validateaddarticle" time="1.88" classname="com.quickmove.qa.testcases.Articlesettingpagetest"/>
  <testcase name="validateaddarticle" time="1.588" classname="com.quickmove.qa.testcases.Articlesettingpagetest">
    <failure type="org.openqa.selenium.StaleElementReferenceException" message="stale element reference: element is not attached to the page document
  (Session info: chrome=72.0.3626.121)
  (Driver info: chromedriver=73.0.3683.68 (47787ec04b6e38e22703e856e101e840b65afe72),platform=Windows NT 10.0.10240 x86_64) (WARNING: The server did not provide any stacktrace information)
Command duration or timeout: 0 milliseconds
For documentation on this error, please visit: https://www.seleniumhq.org/exceptions/stale_element_reference.html
Build info: version: &amp;apos;3.141.59&amp;apos;, revision: &amp;apos;e82be7d358&amp;apos;, time: &amp;apos;2018-11-14T08:17:03&amp;apos;
System info: host: &amp;apos;DESKTOP-HTSMLT5&amp;apos;, ip: &amp;apos;192.168.0.111&amp;apos;, os.name: &amp;apos;Windows 10&amp;apos;, os.arch: &amp;apos;amd64&amp;apos;, os.version: &amp;apos;10.0&amp;apos;, java.version: &amp;apos;1.8.0_171&amp;apos;
Driver info: org.openqa.selenium.chrome.ChromeDriver
Capabilities {acceptInsecureCerts: false, acceptSslCerts: false, applicationCacheEnabled: false, browserConnectionEnabled: false, browserName: chrome, chrome: {chromedriverVersion: 73.0.3683.68 (47787ec04b6e3..., userDataDir: C:\Users\Admin\AppData\Loca...}, cssSelectorsEnabled: true, databaseEnabled: false, goog:chromeOptions: {debuggerAddress: localhost:62971}, handlesAlerts: true, hasTouchScreen: false, javascriptEnabled: true, locationContextEnabled: true, mobileEmulationEnabled: false, nativeEvents: true, networkConnectionEnabled: false, pageLoadStrategy: normal, platform: XP, platformName: XP, proxy: Proxy(), rotatable: false, setWindowRect: true, strictFileInteractability: false, takesHeapSnapshot: true, takesScreenshot: true, timeouts: {implicit: 0, pageLoad: 300000, script: 30000}, unexpectedAlertBehaviour: ignore, unhandledPromptBehavior: ignore, version: 72.0.3626.121, webStorageEnabled: true}
Session ID: dbf00f377c01f8f133b2e869a5a4baed">
      <![CDATA[org.openqa.selenium.StaleElementReferenceException: stale element reference: element is not attached to the page document
  (Session info: chrome=72.0.3626.121)
  (Driver info: chromedriver=73.0.3683.68 (47787ec04b6e38e22703e856e101e840b65afe72),platform=Windows NT 10.0.10240 x86_64) (WARNING: The server did not provide any stacktrace information)
Command duration or timeout: 0 milliseconds
For documentation on this error, please visit: https://www.seleniumhq.org/exceptions/stale_element_reference.html
Build info: version: '3.141.59', revision: 'e82be7d358', time: '2018-11-14T08:17:03'
System info: host: 'DESKTOP-HTSMLT5', ip: '192.168.0.111', os.name: 'Windows 10', os.arch: 'amd64', os.version: '10.0', java.version: '1.8.0_171'
Driver info: org.openqa.selenium.chrome.ChromeDriver
Capabilities {acceptInsecureCerts: false, acceptSslCerts: false, applicationCacheEnabled: false, browserConnectionEnabled: false, browserName: chrome, chrome: {chromedriverVersion: 73.0.3683.68 (47787ec04b6e3..., userDataDir: C:\Users\Admin\AppData\Loca...}, cssSelectorsEnabled: true, databaseEnabled: false, goog:chromeOptions: {debuggerAddress: localhost:62971}, handlesAlerts: true, hasTouchScreen: false, javascriptEnabled: true, locationContextEnabled: true, mobileEmulationEnabled: false, nativeEvents: true, networkConnectionEnabled: false, pageLoadStrategy: normal, platform: XP, platformName: XP, proxy: Proxy(), rotatable: false, setWindowRect: true, strictFileInteractability: false, takesHeapSnapshot: true, takesScreenshot: true, timeouts: {implicit: 0, pageLoad: 300000, script: 30000}, unexpectedAlertBehaviour: ignore, unhandledPromptBehavior: ignore, version: 72.0.3626.121, webStorageEnabled: true}
Session ID: dbf00f377c01f8f133b2e869a5a4baed
at org.openqa.selenium.remote.ErrorHandler.createThrowable(ErrorHandler.java:214)
at org.openqa.selenium.remote.ErrorHandler.throwIfResponseFailed(ErrorHandler.java:166)
at org.openqa.selenium.remote.http.JsonHttpResponseCodec.reconstructValue(JsonHttpResponseCodec.java:40)
at org.openqa.selenium.remote.http.AbstractHttpResponseCodec.decode(AbstractHttpResponseCodec.java:80)
at org.openqa.selenium.remote.http.AbstractHttpResponseCodec.decode(AbstractHttpResponseCodec.java:44)
at org.openqa.selenium.remote.HttpCommandExecutor.execute(HttpCommandExecutor.java:158)
at org.openqa.selenium.remote.service.DriverCommandExecutor.execute(DriverCommandExecutor.java:83)
at org.openqa.selenium.remote.RemoteWebDriver.execute(RemoteWebDriver.java:552)
at org.openqa.selenium.remote.RemoteWebElement.execute(RemoteWebElement.java:285)
at org.openqa.selenium.remote.RemoteWebElement.sendKeys(RemoteWebElement.java:106)
at org.openqa.selenium.support.pagefactory.internal.LocatingElementHandler.invoke(LocatingElementHandler.java:51)
at com.sun.proxy.$Proxy10.sendKeys(Unknown Source)
at com.quickmove.qa.pages.ArticleSettingPage.Enterarticlenameandvolume(ArticleSettingPage.java:61)
at com.quickmove.qa.testcases.Articlesettingpagetest.validateaddarticle(Articlesettingpagetest.java:59)
at java.util.ArrayList.forEach(Unknown Source)
... Removed 34 stack frames]]>
    </failure>
  </testcase> <!-- validateaddarticle -->
  <testcase name="validateaddarticle" time="2.438" classname="com.quickmove.qa.testcases.Articlesettingpagetest"/>
  <testcase name="validateaddarticle" time="1.85" classname="com.quickmove.qa.testcases.Articlesettingpagetest"/>
  <testcase name="validateaddarticle" time="2.436" classname="com.quickmove.qa.testcases.Articlesettingpagetest"/>
  <testcase name="validateaddarticle" time="2.078" classname="com.quickmove.qa.testcases.Articlesettingpagetest"/>
  <testcase name="validateaddarticle" time="2.057" classname="com.quickmove.qa.testcases.Articlesettingpagetest"/>
  <testcase name="validateaddarticle" time="1.898" classname="com.quickmove.qa.testcases.Articlesettingpagetest"/>
  <testcase name="validateaddarticle" time="2.068" classname="com.quickmove.qa.testcases.Articlesettingpagetest"/>
  <testcase name="validateaddarticle" time="1.656" classname="com.quickmove.qa.testcases.Articlesettingpagetest">
    <failure type="org.openqa.selenium.ElementNotInteractableException" message="element not interactable
  (Session info: chrome=72.0.3626.121)
  (Driver info: chromedriver=73.0.3683.68 (47787ec04b6e38e22703e856e101e840b65afe72),platform=Windows NT 10.0.10240 x86_64) (WARNING: The server did not provide any stacktrace information)
Command duration or timeout: 0 milliseconds
Build info: version: &amp;apos;3.141.59&amp;apos;, revision: &amp;apos;e82be7d358&amp;apos;, time: &amp;apos;2018-11-14T08:17:03&amp;apos;
System info: host: &amp;apos;DESKTOP-HTSMLT5&amp;apos;, ip: &amp;apos;192.168.0.111&amp;apos;, os.name: &amp;apos;Windows 10&amp;apos;, os.arch: &amp;apos;amd64&amp;apos;, os.version: &amp;apos;10.0&amp;apos;, java.version: &amp;apos;1.8.0_171&amp;apos;
Driver info: org.openqa.selenium.chrome.ChromeDriver
Capabilities {acceptInsecureCerts: false, acceptSslCerts: false, applicationCacheEnabled: false, browserConnectionEnabled: false, browserName: chrome, chrome: {chromedriverVersion: 73.0.3683.68 (47787ec04b6e3..., userDataDir: C:\Users\Admin\AppData\Loca...}, cssSelectorsEnabled: true, databaseEnabled: false, goog:chromeOptions: {debuggerAddress: localhost:63299}, handlesAlerts: true, hasTouchScreen: false, javascriptEnabled: true, locationContextEnabled: true, mobileEmulationEnabled: false, nativeEvents: true, networkConnectionEnabled: false, pageLoadStrategy: normal, platform: XP, platformName: XP, proxy: Proxy(), rotatable: false, setWindowRect: true, strictFileInteractability: false, takesHeapSnapshot: true, takesScreenshot: true, timeouts: {implicit: 0, pageLoad: 300000, script: 30000}, unexpectedAlertBehaviour: ignore, unhandledPromptBehavior: ignore, version: 72.0.3626.121, webStorageEnabled: true}
Session ID: 20d5b666ae38f08637eeb8d7e52f351a">
      <![CDATA[org.openqa.selenium.ElementNotInteractableException: element not interactable
  (Session info: chrome=72.0.3626.121)
  (Driver info: chromedriver=73.0.3683.68 (47787ec04b6e38e22703e856e101e840b65afe72),platform=Windows NT 10.0.10240 x86_64) (WARNING: The server did not provide any stacktrace information)
Command duration or timeout: 0 milliseconds
Build info: version: '3.141.59', revision: 'e82be7d358', time: '2018-11-14T08:17:03'
System info: host: 'DESKTOP-HTSMLT5', ip: '192.168.0.111', os.name: 'Windows 10', os.arch: 'amd64', os.version: '10.0', java.version: '1.8.0_171'
Driver info: org.openqa.selenium.chrome.ChromeDriver
Capabilities {acceptInsecureCerts: false, acceptSslCerts: false, applicationCacheEnabled: false, browserConnectionEnabled: false, browserName: chrome, chrome: {chromedriverVersion: 73.0.3683.68 (47787ec04b6e3..., userDataDir: C:\Users\Admin\AppData\Loca...}, cssSelectorsEnabled: true, databaseEnabled: false, goog:chromeOptions: {debuggerAddress: localhost:63299}, handlesAlerts: true, hasTouchScreen: false, javascriptEnabled: true, locationContextEnabled: true, mobileEmulationEnabled: false, nativeEvents: true, networkConnectionEnabled: false, pageLoadStrategy: normal, platform: XP, platformName: XP, proxy: Proxy(), rotatable: false, setWindowRect: true, strictFileInteractability: false, takesHeapSnapshot: true, takesScreenshot: true, timeouts: {implicit: 0, pageLoad: 300000, script: 30000}, unexpectedAlertBehaviour: ignore, unhandledPromptBehavior: ignore, version: 72.0.3626.121, webStorageEnabled: true}
Session ID: 20d5b666ae38f08637eeb8d7e52f351a
at org.openqa.selenium.remote.ErrorHandler.createThrowable(ErrorHandler.java:214)
at org.openqa.selenium.remote.ErrorHandler.throwIfResponseFailed(ErrorHandler.java:166)
at org.openqa.selenium.remote.http.JsonHttpResponseCodec.reconstructValue(JsonHttpResponseCodec.java:40)
at org.openqa.selenium.remote.http.AbstractHttpResponseCodec.decode(AbstractHttpResponseCodec.java:80)
at org.openqa.selenium.remote.http.AbstractHttpResponseCodec.decode(AbstractHttpResponseCodec.java:44)
at org.openqa.selenium.remote.HttpCommandExecutor.execute(HttpCommandExecutor.java:158)
at org.openqa.selenium.remote.service.DriverCommandExecutor.execute(DriverCommandExecutor.java:83)
at org.openqa.selenium.remote.RemoteWebDriver.execute(RemoteWebDriver.java:552)
at org.openqa.selenium.remote.RemoteWebElement.execute(RemoteWebElement.java:285)
at org.openqa.selenium.remote.RemoteWebElement.sendKeys(RemoteWebElement.java:106)
at org.openqa.selenium.support.pagefactory.internal.LocatingElementHandler.invoke(LocatingElementHandler.java:51)
at com.sun.proxy.$Proxy10.sendKeys(Unknown Source)
at com.quickmove.qa.pages.ArticleSettingPage.Enterarticlenameandvolume(ArticleSettingPage.java:61)
at com.quickmove.qa.testcases.Articlesettingpagetest.validateaddarticle(Articlesettingpagetest.java:59)
at java.util.ArrayList.forEach(Unknown Source)
... Removed 34 stack frames]]>
    </failure>
  </testcase> <!-- validateaddarticle -->
  <testcase name="validateaddarticle" time="1.591" classname="com.quickmove.qa.testcases.Articlesettingpagetest">
    <failure type="org.openqa.selenium.ElementNotInteractableException" message="element not interactable
  (Session info: chrome=72.0.3626.121)
  (Driver info: chromedriver=73.0.3683.68 (47787ec04b6e38e22703e856e101e840b65afe72),platform=Windows NT 10.0.10240 x86_64) (WARNING: The server did not provide any stacktrace information)
Command duration or timeout: 0 milliseconds
Build info: version: &amp;apos;3.141.59&amp;apos;, revision: &amp;apos;e82be7d358&amp;apos;, time: &amp;apos;2018-11-14T08:17:03&amp;apos;
System info: host: &amp;apos;DESKTOP-HTSMLT5&amp;apos;, ip: &amp;apos;192.168.0.111&amp;apos;, os.name: &amp;apos;Windows 10&amp;apos;, os.arch: &amp;apos;amd64&amp;apos;, os.version: &amp;apos;10.0&amp;apos;, java.version: &amp;apos;1.8.0_171&amp;apos;
Driver info: org.openqa.selenium.chrome.ChromeDriver
Capabilities {acceptInsecureCerts: false, acceptSslCerts: false, applicationCacheEnabled: false, browserConnectionEnabled: false, browserName: chrome, chrome: {chromedriverVersion: 73.0.3683.68 (47787ec04b6e3..., userDataDir: C:\Users\Admin\AppData\Loca...}, cssSelectorsEnabled: true, databaseEnabled: false, goog:chromeOptions: {debuggerAddress: localhost:63363}, handlesAlerts: true, hasTouchScreen: false, javascriptEnabled: true, locationContextEnabled: true, mobileEmulationEnabled: false, nativeEvents: true, networkConnectionEnabled: false, pageLoadStrategy: normal, platform: XP, platformName: XP, proxy: Proxy(), rotatable: false, setWindowRect: true, strictFileInteractability: false, takesHeapSnapshot: true, takesScreenshot: true, timeouts: {implicit: 0, pageLoad: 300000, script: 30000}, unexpectedAlertBehaviour: ignore, unhandledPromptBehavior: ignore, version: 72.0.3626.121, webStorageEnabled: true}
Session ID: 15873732e3b480965148344ba6259a69">
      <![CDATA[org.openqa.selenium.ElementNotInteractableException: element not interactable
  (Session info: chrome=72.0.3626.121)
  (Driver info: chromedriver=73.0.3683.68 (47787ec04b6e38e22703e856e101e840b65afe72),platform=Windows NT 10.0.10240 x86_64) (WARNING: The server did not provide any stacktrace information)
Command duration or timeout: 0 milliseconds
Build info: version: '3.141.59', revision: 'e82be7d358', time: '2018-11-14T08:17:03'
System info: host: 'DESKTOP-HTSMLT5', ip: '192.168.0.111', os.name: 'Windows 10', os.arch: 'amd64', os.version: '10.0', java.version: '1.8.0_171'
Driver info: org.openqa.selenium.chrome.ChromeDriver
Capabilities {acceptInsecureCerts: false, acceptSslCerts: false, applicationCacheEnabled: false, browserConnectionEnabled: false, browserName: chrome, chrome: {chromedriverVersion: 73.0.3683.68 (47787ec04b6e3..., userDataDir: C:\Users\Admin\AppData\Loca...}, cssSelectorsEnabled: true, databaseEnabled: false, goog:chromeOptions: {debuggerAddress: localhost:63363}, handlesAlerts: true, hasTouchScreen: false, javascriptEnabled: true, locationContextEnabled: true, mobileEmulationEnabled: false, nativeEvents: true, networkConnectionEnabled: false, pageLoadStrategy: normal, platform: XP, platformName: XP, proxy: Proxy(), rotatable: false, setWindowRect: true, strictFileInteractability: false, takesHeapSnapshot: true, takesScreenshot: true, timeouts: {implicit: 0, pageLoad: 300000, script: 30000}, unexpectedAlertBehaviour: ignore, unhandledPromptBehavior: ignore, version: 72.0.3626.121, webStorageEnabled: true}
Session ID: 15873732e3b480965148344ba6259a69
at org.openqa.selenium.remote.ErrorHandler.createThrowable(ErrorHandler.java:214)
at org.openqa.selenium.remote.ErrorHandler.throwIfResponseFailed(ErrorHandler.java:166)
at org.openqa.selenium.remote.http.JsonHttpResponseCodec.reconstructValue(JsonHttpResponseCodec.java:40)
at org.openqa.selenium.remote.http.AbstractHttpResponseCodec.decode(AbstractHttpResponseCodec.java:80)
at org.openqa.selenium.remote.http.AbstractHttpResponseCodec.decode(AbstractHttpResponseCodec.java:44)
at org.openqa.selenium.remote.HttpCommandExecutor.execute(HttpCommandExecutor.java:158)
at org.openqa.selenium.remote.service.DriverCommandExecutor.execute(DriverCommandExecutor.java:83)
at org.openqa.selenium.remote.RemoteWebDriver.execute(RemoteWebDriver.java:552)
at org.openqa.selenium.remote.RemoteWebElement.execute(RemoteWebElement.java:285)
at org.openqa.selenium.remote.RemoteWebElement.sendKeys(RemoteWebElement.java:106)
at org.openqa.selenium.support.pagefactory.internal.LocatingElementHandler.invoke(LocatingElementHandler.java:51)
at com.sun.proxy.$Proxy10.sendKeys(Unknown Source)
at com.quickmove.qa.pages.ArticleSettingPage.Enterarticlenameandvolume(ArticleSettingPage.java:61)
at com.quickmove.qa.testcases.Articlesettingpagetest.validateaddarticle(Articlesettingpagetest.java:59)
at java.util.ArrayList.forEach(Unknown Source)
... Removed 34 stack frames]]>
    </failure>
  </testcase> <!-- validateaddarticle -->
  <testcase name="validateaddarticle" time="1.546" classname="com.quickmove.qa.testcases.Articlesettingpagetest">
    <failure type="org.openqa.selenium.ElementNotInteractableException" message="element not interactable
  (Session info: chrome=72.0.3626.121)
  (Driver info: chromedriver=73.0.3683.68 (47787ec04b6e38e22703e856e101e840b65afe72),platform=Windows NT 10.0.10240 x86_64) (WARNING: The server did not provide any stacktrace information)
Command duration or timeout: 0 milliseconds
Build info: version: &amp;apos;3.141.59&amp;apos;, revision: &amp;apos;e82be7d358&amp;apos;, time: &amp;apos;2018-11-14T08:17:03&amp;apos;
System info: host: &amp;apos;DESKTOP-HTSMLT5&amp;apos;, ip: &amp;apos;192.168.0.111&amp;apos;, os.name: &amp;apos;Windows 10&amp;apos;, os.arch: &amp;apos;amd64&amp;apos;, os.version: &amp;apos;10.0&amp;apos;, java.version: &amp;apos;1.8.0_171&amp;apos;
Driver info: org.openqa.selenium.chrome.ChromeDriver
Capabilities {acceptInsecureCerts: false, acceptSslCerts: false, applicationCacheEnabled: false, browserConnectionEnabled: false, browserName: chrome, chrome: {chromedriverVersion: 73.0.3683.68 (47787ec04b6e3..., userDataDir: C:\Users\Admin\AppData\Loca...}, cssSelectorsEnabled: true, databaseEnabled: false, goog:chromeOptions: {debuggerAddress: localhost:63407}, handlesAlerts: true, hasTouchScreen: false, javascriptEnabled: true, locationContextEnabled: true, mobileEmulationEnabled: false, nativeEvents: true, networkConnectionEnabled: false, pageLoadStrategy: normal, platform: XP, platformName: XP, proxy: Proxy(), rotatable: false, setWindowRect: true, strictFileInteractability: false, takesHeapSnapshot: true, takesScreenshot: true, timeouts: {implicit: 0, pageLoad: 300000, script: 30000}, unexpectedAlertBehaviour: ignore, unhandledPromptBehavior: ignore, version: 72.0.3626.121, webStorageEnabled: true}
Session ID: a59f86dc2785fc26e775358567617b79">
      <![CDATA[org.openqa.selenium.ElementNotInteractableException: element not interactable
  (Session info: chrome=72.0.3626.121)
  (Driver info: chromedriver=73.0.3683.68 (47787ec04b6e38e22703e856e101e840b65afe72),platform=Windows NT 10.0.10240 x86_64) (WARNING: The server did not provide any stacktrace information)
Command duration or timeout: 0 milliseconds
Build info: version: '3.141.59', revision: 'e82be7d358', time: '2018-11-14T08:17:03'
System info: host: 'DESKTOP-HTSMLT5', ip: '192.168.0.111', os.name: 'Windows 10', os.arch: 'amd64', os.version: '10.0', java.version: '1.8.0_171'
Driver info: org.openqa.selenium.chrome.ChromeDriver
Capabilities {acceptInsecureCerts: false, acceptSslCerts: false, applicationCacheEnabled: false, browserConnectionEnabled: false, browserName: chrome, chrome: {chromedriverVersion: 73.0.3683.68 (47787ec04b6e3..., userDataDir: C:\Users\Admin\AppData\Loca...}, cssSelectorsEnabled: true, databaseEnabled: false, goog:chromeOptions: {debuggerAddress: localhost:63407}, handlesAlerts: true, hasTouchScreen: false, javascriptEnabled: true, locationContextEnabled: true, mobileEmulationEnabled: false, nativeEvents: true, networkConnectionEnabled: false, pageLoadStrategy: normal, platform: XP, platformName: XP, proxy: Proxy(), rotatable: false, setWindowRect: true, strictFileInteractability: false, takesHeapSnapshot: true, takesScreenshot: true, timeouts: {implicit: 0, pageLoad: 300000, script: 30000}, unexpectedAlertBehaviour: ignore, unhandledPromptBehavior: ignore, version: 72.0.3626.121, webStorageEnabled: true}
Session ID: a59f86dc2785fc26e775358567617b79
at org.openqa.selenium.remote.ErrorHandler.createThrowable(ErrorHandler.java:214)
at org.openqa.selenium.remote.ErrorHandler.throwIfResponseFailed(ErrorHandler.java:166)
at org.openqa.selenium.remote.http.JsonHttpResponseCodec.reconstructValue(JsonHttpResponseCodec.java:40)
at org.openqa.selenium.remote.http.AbstractHttpResponseCodec.decode(AbstractHttpResponseCodec.java:80)
at org.openqa.selenium.remote.http.AbstractHttpResponseCodec.decode(AbstractHttpResponseCodec.java:44)
at org.openqa.selenium.remote.HttpCommandExecutor.execute(HttpCommandExecutor.java:158)
at org.openqa.selenium.remote.service.DriverCommandExecutor.execute(DriverCommandExecutor.java:83)
at org.openqa.selenium.remote.RemoteWebDriver.execute(RemoteWebDriver.java:552)
at org.openqa.selenium.remote.RemoteWebElement.execute(RemoteWebElement.java:285)
at org.openqa.selenium.remote.RemoteWebElement.sendKeys(RemoteWebElement.java:106)
at org.openqa.selenium.support.pagefactory.internal.LocatingElementHandler.invoke(LocatingElementHandler.java:51)
at com.sun.proxy.$Proxy10.sendKeys(Unknown Source)
at com.quickmove.qa.pages.ArticleSettingPage.Enterarticlenameandvolume(ArticleSettingPage.java:61)
at com.quickmove.qa.testcases.Articlesettingpagetest.validateaddarticle(Articlesettingpagetest.java:59)
at java.util.ArrayList.forEach(Unknown Source)
... Removed 33 stack frames]]>
    </failure>
  </testcase> <!-- validateaddarticle -->
  <testcase name="validateaddarticle" time="1.979" classname="com.quickmove.qa.testcases.Articlesettingpagetest"/>
  <testcase name="validateaddarticle" time="1.748" classname="com.quickmove.qa.testcases.Articlesettingpagetest">
    <failure type="org.openqa.selenium.ElementNotInteractableException" message="element not interactable
  (Session info: chrome=72.0.3626.121)
  (Driver info: chromedriver=73.0.3683.68 (47787ec04b6e38e22703e856e101e840b65afe72),platform=Windows NT 10.0.10240 x86_64) (WARNING: The server did not provide any stacktrace information)
Command duration or timeout: 0 milliseconds
Build info: version: &amp;apos;3.141.59&amp;apos;, revision: &amp;apos;e82be7d358&amp;apos;, time: &amp;apos;2018-11-14T08:17:03&amp;apos;
System info: host: &amp;apos;DESKTOP-HTSMLT5&amp;apos;, ip: &amp;apos;192.168.0.111&amp;apos;, os.name: &amp;apos;Windows 10&amp;apos;, os.arch: &amp;apos;amd64&amp;apos;, os.version: &amp;apos;10.0&amp;apos;, java.version: &amp;apos;1.8.0_171&amp;apos;
Driver info: org.openqa.selenium.chrome.ChromeDriver
Capabilities {acceptInsecureCerts: false, acceptSslCerts: false, applicationCacheEnabled: false, browserConnectionEnabled: false, browserName: chrome, chrome: {chromedriverVersion: 73.0.3683.68 (47787ec04b6e3..., userDataDir: C:\Users\Admin\AppData\Loca...}, cssSelectorsEnabled: true, databaseEnabled: false, goog:chromeOptions: {debuggerAddress: localhost:63520}, handlesAlerts: true, hasTouchScreen: false, javascriptEnabled: true, locationContextEnabled: true, mobileEmulationEnabled: false, nativeEvents: true, networkConnectionEnabled: false, pageLoadStrategy: normal, platform: XP, platformName: XP, proxy: Proxy(), rotatable: false, setWindowRect: true, strictFileInteractability: false, takesHeapSnapshot: true, takesScreenshot: true, timeouts: {implicit: 0, pageLoad: 300000, script: 30000}, unexpectedAlertBehaviour: ignore, unhandledPromptBehavior: ignore, version: 72.0.3626.121, webStorageEnabled: true}
Session ID: dd89acab71a70bde742117bd09a454ab">
      <![CDATA[org.openqa.selenium.ElementNotInteractableException: element not interactable
  (Session info: chrome=72.0.3626.121)
  (Driver info: chromedriver=73.0.3683.68 (47787ec04b6e38e22703e856e101e840b65afe72),platform=Windows NT 10.0.10240 x86_64) (WARNING: The server did not provide any stacktrace information)
Command duration or timeout: 0 milliseconds
Build info: version: '3.141.59', revision: 'e82be7d358', time: '2018-11-14T08:17:03'
System info: host: 'DESKTOP-HTSMLT5', ip: '192.168.0.111', os.name: 'Windows 10', os.arch: 'amd64', os.version: '10.0', java.version: '1.8.0_171'
Driver info: org.openqa.selenium.chrome.ChromeDriver
Capabilities {acceptInsecureCerts: false, acceptSslCerts: false, applicationCacheEnabled: false, browserConnectionEnabled: false, browserName: chrome, chrome: {chromedriverVersion: 73.0.3683.68 (47787ec04b6e3..., userDataDir: C:\Users\Admin\AppData\Loca...}, cssSelectorsEnabled: true, databaseEnabled: false, goog:chromeOptions: {debuggerAddress: localhost:63520}, handlesAlerts: true, hasTouchScreen: false, javascriptEnabled: true, locationContextEnabled: true, mobileEmulationEnabled: false, nativeEvents: true, networkConnectionEnabled: false, pageLoadStrategy: normal, platform: XP, platformName: XP, proxy: Proxy(), rotatable: false, setWindowRect: true, strictFileInteractability: false, takesHeapSnapshot: true, takesScreenshot: true, timeouts: {implicit: 0, pageLoad: 300000, script: 30000}, unexpectedAlertBehaviour: ignore, unhandledPromptBehavior: ignore, version: 72.0.3626.121, webStorageEnabled: true}
Session ID: dd89acab71a70bde742117bd09a454ab
at org.openqa.selenium.remote.ErrorHandler.createThrowable(ErrorHandler.java:214)
at org.openqa.selenium.remote.ErrorHandler.throwIfResponseFailed(ErrorHandler.java:166)
at org.openqa.selenium.remote.http.JsonHttpResponseCodec.reconstructValue(JsonHttpResponseCodec.java:40)
at org.openqa.selenium.remote.http.AbstractHttpResponseCodec.decode(AbstractHttpResponseCodec.java:80)
at org.openqa.selenium.remote.http.AbstractHttpResponseCodec.decode(AbstractHttpResponseCodec.java:44)
at org.openqa.selenium.remote.HttpCommandExecutor.execute(HttpCommandExecutor.java:158)
at org.openqa.selenium.remote.service.DriverCommandExecutor.execute(DriverCommandExecutor.java:83)
at org.openqa.selenium.remote.RemoteWebDriver.execute(RemoteWebDriver.java:552)
at org.openqa.selenium.remote.RemoteWebElement.execute(RemoteWebElement.java:285)
at org.openqa.selenium.remote.RemoteWebElement.sendKeys(RemoteWebElement.java:106)
at org.openqa.selenium.support.pagefactory.internal.LocatingElementHandler.invoke(LocatingElementHandler.java:51)
at com.sun.proxy.$Proxy10.sendKeys(Unknown Source)
at com.quickmove.qa.pages.ArticleSettingPage.Enterarticlenameandvolume(ArticleSettingPage.java:61)
at com.quickmove.qa.testcases.Articlesettingpagetest.validateaddarticle(Articlesettingpagetest.java:59)
at java.util.ArrayList.forEach(Unknown Source)
... Removed 33 stack frames]]>
    </failure>
  </testcase> <!-- validateaddarticle -->
  <testcase name="validateaddarticle" time="1.751" classname="com.quickmove.qa.testcases.Articlesettingpagetest">
    <failure type="org.openqa.selenium.ElementNotInteractableException" message="element not interactable
  (Session info: chrome=72.0.3626.121)
  (Driver info: chromedriver=73.0.3683.68 (47787ec04b6e38e22703e856e101e840b65afe72),platform=Windows NT 10.0.10240 x86_64) (WARNING: The server did not provide any stacktrace information)
Command duration or timeout: 0 milliseconds
Build info: version: &amp;apos;3.141.59&amp;apos;, revision: &amp;apos;e82be7d358&amp;apos;, time: &amp;apos;2018-11-14T08:17:03&amp;apos;
System info: host: &amp;apos;DESKTOP-HTSMLT5&amp;apos;, ip: &amp;apos;192.168.0.111&amp;apos;, os.name: &amp;apos;Windows 10&amp;apos;, os.arch: &amp;apos;amd64&amp;apos;, os.version: &amp;apos;10.0&amp;apos;, java.version: &amp;apos;1.8.0_171&amp;apos;
Driver info: org.openqa.selenium.chrome.ChromeDriver
Capabilities {acceptInsecureCerts: false, acceptSslCerts: false, applicationCacheEnabled: false, browserConnectionEnabled: false, browserName: chrome, chrome: {chromedriverVersion: 73.0.3683.68 (47787ec04b6e3..., userDataDir: C:\Users\Admin\AppData\Loca...}, cssSelectorsEnabled: true, databaseEnabled: false, goog:chromeOptions: {debuggerAddress: localhost:63560}, handlesAlerts: true, hasTouchScreen: false, javascriptEnabled: true, locationContextEnabled: true, mobileEmulationEnabled: false, nativeEvents: true, networkConnectionEnabled: false, pageLoadStrategy: normal, platform: XP, platformName: XP, proxy: Proxy(), rotatable: false, setWindowRect: true, strictFileInteractability: false, takesHeapSnapshot: true, takesScreenshot: true, timeouts: {implicit: 0, pageLoad: 300000, script: 30000}, unexpectedAlertBehaviour: ignore, unhandledPromptBehavior: ignore, version: 72.0.3626.121, webStorageEnabled: true}
Session ID: 722dd5fd184bcc8ea22802cf8f4356a7">
      <![CDATA[org.openqa.selenium.ElementNotInteractableException: element not interactable
  (Session info: chrome=72.0.3626.121)
  (Driver info: chromedriver=73.0.3683.68 (47787ec04b6e38e22703e856e101e840b65afe72),platform=Windows NT 10.0.10240 x86_64) (WARNING: The server did not provide any stacktrace information)
Command duration or timeout: 0 milliseconds
Build info: version: '3.141.59', revision: 'e82be7d358', time: '2018-11-14T08:17:03'
System info: host: 'DESKTOP-HTSMLT5', ip: '192.168.0.111', os.name: 'Windows 10', os.arch: 'amd64', os.version: '10.0', java.version: '1.8.0_171'
Driver info: org.openqa.selenium.chrome.ChromeDriver
Capabilities {acceptInsecureCerts: false, acceptSslCerts: false, applicationCacheEnabled: false, browserConnectionEnabled: false, browserName: chrome, chrome: {chromedriverVersion: 73.0.3683.68 (47787ec04b6e3..., userDataDir: C:\Users\Admin\AppData\Loca...}, cssSelectorsEnabled: true, databaseEnabled: false, goog:chromeOptions: {debuggerAddress: localhost:63560}, handlesAlerts: true, hasTouchScreen: false, javascriptEnabled: true, locationContextEnabled: true, mobileEmulationEnabled: false, nativeEvents: true, networkConnectionEnabled: false, pageLoadStrategy: normal, platform: XP, platformName: XP, proxy: Proxy(), rotatable: false, setWindowRect: true, strictFileInteractability: false, takesHeapSnapshot: true, takesScreenshot: true, timeouts: {implicit: 0, pageLoad: 300000, script: 30000}, unexpectedAlertBehaviour: ignore, unhandledPromptBehavior: ignore, version: 72.0.3626.121, webStorageEnabled: true}
Session ID: 722dd5fd184bcc8ea22802cf8f4356a7
at org.openqa.selenium.remote.ErrorHandler.createThrowable(ErrorHandler.java:214)
at org.openqa.selenium.remote.ErrorHandler.throwIfResponseFailed(ErrorHandler.java:166)
at org.openqa.selenium.remote.http.JsonHttpResponseCodec.reconstructValue(JsonHttpResponseCodec.java:40)
at org.openqa.selenium.remote.http.AbstractHttpResponseCodec.decode(AbstractHttpResponseCodec.java:80)
at org.openqa.selenium.remote.http.AbstractHttpResponseCodec.decode(AbstractHttpResponseCodec.java:44)
at org.openqa.selenium.remote.HttpCommandExecutor.execute(HttpCommandExecutor.java:158)
at org.openqa.selenium.remote.service.DriverCommandExecutor.execute(DriverCommandExecutor.java:83)
at org.openqa.selenium.remote.RemoteWebDriver.execute(RemoteWebDriver.java:552)
at org.openqa.selenium.remote.RemoteWebElement.execute(RemoteWebElement.java:285)
at org.openqa.selenium.remote.RemoteWebElement.sendKeys(RemoteWebElement.java:106)
at org.openqa.selenium.support.pagefactory.internal.LocatingElementHandler.invoke(LocatingElementHandler.java:51)
at com.sun.proxy.$Proxy10.sendKeys(Unknown Source)
at com.quickmove.qa.pages.ArticleSettingPage.Enterarticlenameandvolume(ArticleSettingPage.java:61)
at com.quickmove.qa.testcases.Articlesettingpagetest.validateaddarticle(Articlesettingpagetest.java:59)
at java.util.ArrayList.forEach(Unknown Source)
... Removed 33 stack frames]]>
    </failure>
  </testcase> <!-- validateaddarticle -->
  <testcase name="validateaddarticle" time="1.928" classname="com.quickmove.qa.testcases.Articlesettingpagetest"/>
  <testcase name="validateaddarticle" time="1.914" classname="com.quickmove.qa.testcases.Articlesettingpagetest"/>
  <testcase name="validateaddarticle" time="2.361" classname="com.quickmove.qa.testcases.Articlesettingpagetest"/>
  <testcase name="validateaddarticle" time="1.931" classname="com.quickmove.qa.testcases.Articlesettingpagetest"/>
  <testcase name="validateaddarticle" time="1.527" classname="com.quickmove.qa.testcases.Articlesettingpagetest">
    <failure type="org.openqa.selenium.ElementNotInteractableException" message="element not interactable
  (Session info: chrome=72.0.3626.121)
  (Driver info: chromedriver=73.0.3683.68 (47787ec04b6e38e22703e856e101e840b65afe72),platform=Windows NT 10.0.10240 x86_64) (WARNING: The server did not provide any stacktrace information)
Command duration or timeout: 0 milliseconds
Build info: version: &amp;apos;3.141.59&amp;apos;, revision: &amp;apos;e82be7d358&amp;apos;, time: &amp;apos;2018-11-14T08:17:03&amp;apos;
System info: host: &amp;apos;DESKTOP-HTSMLT5&amp;apos;, ip: &amp;apos;192.168.0.111&amp;apos;, os.name: &amp;apos;Windows 10&amp;apos;, os.arch: &amp;apos;amd64&amp;apos;, os.version: &amp;apos;10.0&amp;apos;, java.version: &amp;apos;1.8.0_171&amp;apos;
Driver info: org.openqa.selenium.chrome.ChromeDriver
Capabilities {acceptInsecureCerts: false, acceptSslCerts: false, applicationCacheEnabled: false, browserConnectionEnabled: false, browserName: chrome, chrome: {chromedriverVersion: 73.0.3683.68 (47787ec04b6e3..., userDataDir: C:\Users\Admin\AppData\Loca...}, cssSelectorsEnabled: true, databaseEnabled: false, goog:chromeOptions: {debuggerAddress: localhost:63772}, handlesAlerts: true, hasTouchScreen: false, javascriptEnabled: true, locationContextEnabled: true, mobileEmulationEnabled: false, nativeEvents: true, networkConnectionEnabled: false, pageLoadStrategy: normal, platform: XP, platformName: XP, proxy: Proxy(), rotatable: false, setWindowRect: true, strictFileInteractability: false, takesHeapSnapshot: true, takesScreenshot: true, timeouts: {implicit: 0, pageLoad: 300000, script: 30000}, unexpectedAlertBehaviour: ignore, unhandledPromptBehavior: ignore, version: 72.0.3626.121, webStorageEnabled: true}
Session ID: 36152cf2ae0b6375cc567c34db81c08f">
      <![CDATA[org.openqa.selenium.ElementNotInteractableException: element not interactable
  (Session info: chrome=72.0.3626.121)
  (Driver info: chromedriver=73.0.3683.68 (47787ec04b6e38e22703e856e101e840b65afe72),platform=Windows NT 10.0.10240 x86_64) (WARNING: The server did not provide any stacktrace information)
Command duration or timeout: 0 milliseconds
Build info: version: '3.141.59', revision: 'e82be7d358', time: '2018-11-14T08:17:03'
System info: host: 'DESKTOP-HTSMLT5', ip: '192.168.0.111', os.name: 'Windows 10', os.arch: 'amd64', os.version: '10.0', java.version: '1.8.0_171'
Driver info: org.openqa.selenium.chrome.ChromeDriver
Capabilities {acceptInsecureCerts: false, acceptSslCerts: false, applicationCacheEnabled: false, browserConnectionEnabled: false, browserName: chrome, chrome: {chromedriverVersion: 73.0.3683.68 (47787ec04b6e3..., userDataDir: C:\Users\Admin\AppData\Loca...}, cssSelectorsEnabled: true, databaseEnabled: false, goog:chromeOptions: {debuggerAddress: localhost:63772}, handlesAlerts: true, hasTouchScreen: false, javascriptEnabled: true, locationContextEnabled: true, mobileEmulationEnabled: false, nativeEvents: true, networkConnectionEnabled: false, pageLoadStrategy: normal, platform: XP, platformName: XP, proxy: Proxy(), rotatable: false, setWindowRect: true, strictFileInteractability: false, takesHeapSnapshot: true, takesScreenshot: true, timeouts: {implicit: 0, pageLoad: 300000, script: 30000}, unexpectedAlertBehaviour: ignore, unhandledPromptBehavior: ignore, version: 72.0.3626.121, webStorageEnabled: true}
Session ID: 36152cf2ae0b6375cc567c34db81c08f
at org.openqa.selenium.remote.ErrorHandler.createThrowable(ErrorHandler.java:214)
at org.openqa.selenium.remote.ErrorHandler.throwIfResponseFailed(ErrorHandler.java:166)
at org.openqa.selenium.remote.http.JsonHttpResponseCodec.reconstructValue(JsonHttpResponseCodec.java:40)
at org.openqa.selenium.remote.http.AbstractHttpResponseCodec.decode(AbstractHttpResponseCodec.java:80)
at org.openqa.selenium.remote.http.AbstractHttpResponseCodec.decode(AbstractHttpResponseCodec.java:44)
at org.openqa.selenium.remote.HttpCommandExecutor.execute(HttpCommandExecutor.java:158)
at org.openqa.selenium.remote.service.DriverCommandExecutor.execute(DriverCommandExecutor.java:83)
at org.openqa.selenium.remote.RemoteWebDriver.execute(RemoteWebDriver.java:552)
at org.openqa.selenium.remote.RemoteWebElement.execute(RemoteWebElement.java:285)
at org.openqa.selenium.remote.RemoteWebElement.sendKeys(RemoteWebElement.java:106)
at org.openqa.selenium.support.pagefactory.internal.LocatingElementHandler.invoke(LocatingElementHandler.java:51)
at com.sun.proxy.$Proxy10.sendKeys(Unknown Source)
at com.quickmove.qa.pages.ArticleSettingPage.Enterarticlenameandvolume(ArticleSettingPage.java:61)
at com.quickmove.qa.testcases.Articlesettingpagetest.validateaddarticle(Articlesettingpagetest.java:59)
at java.util.ArrayList.forEach(Unknown Source)
... Removed 33 stack frames]]>
    </failure>
  </testcase> <!-- validateaddarticle -->
  <testcase name="validateaddarticle" time="1.872" classname="com.quickmove.qa.testcases.Articlesettingpagetest"/>
  <testcase name="validateaddarticle" time="2.073" classname="com.quickmove.qa.testcases.Articlesettingpagetest"/>
  <testcase name="validateaddarticle" time="1.945" classname="com.quickmove.qa.testcases.Articlesettingpagetest"/>
  <testcase name="validateaddarticle" time="1.918" classname="com.quickmove.qa.testcases.Articlesettingpagetest"/>
  <testcase name="validateaddarticle" time="1.793" classname="com.quickmove.qa.testcases.Articlesettingpagetest">
    <failure type="org.openqa.selenium.ElementNotInteractableException" message="element not interactable
  (Session info: chrome=72.0.3626.121)
  (Driver info: chromedriver=73.0.3683.68 (47787ec04b6e38e22703e856e101e840b65afe72),platform=Windows NT 10.0.10240 x86_64) (WARNING: The server did not provide any stacktrace information)
Command duration or timeout: 0 milliseconds
Build info: version: &amp;apos;3.141.59&amp;apos;, revision: &amp;apos;e82be7d358&amp;apos;, time: &amp;apos;2018-11-14T08:17:03&amp;apos;
System info: host: &amp;apos;DESKTOP-HTSMLT5&amp;apos;, ip: &amp;apos;192.168.0.111&amp;apos;, os.name: &amp;apos;Windows 10&amp;apos;, os.arch: &amp;apos;amd64&amp;apos;, os.version: &amp;apos;10.0&amp;apos;, java.version: &amp;apos;1.8.0_171&amp;apos;
Driver info: org.openqa.selenium.chrome.ChromeDriver
Capabilities {acceptInsecureCerts: false, acceptSslCerts: false, applicationCacheEnabled: false, browserConnectionEnabled: false, browserName: chrome, chrome: {chromedriverVersion: 73.0.3683.68 (47787ec04b6e3..., userDataDir: C:\Users\Admin\AppData\Loca...}, cssSelectorsEnabled: true, databaseEnabled: false, goog:chromeOptions: {debuggerAddress: localhost:63992}, handlesAlerts: true, hasTouchScreen: false, javascriptEnabled: true, locationContextEnabled: true, mobileEmulationEnabled: false, nativeEvents: true, networkConnectionEnabled: false, pageLoadStrategy: normal, platform: XP, platformName: XP, proxy: Proxy(), rotatable: false, setWindowRect: true, strictFileInteractability: false, takesHeapSnapshot: true, takesScreenshot: true, timeouts: {implicit: 0, pageLoad: 300000, script: 30000}, unexpectedAlertBehaviour: ignore, unhandledPromptBehavior: ignore, version: 72.0.3626.121, webStorageEnabled: true}
Session ID: fc952b56dd673d8d339012e9c31a55c1">
      <![CDATA[org.openqa.selenium.ElementNotInteractableException: element not interactable
  (Session info: chrome=72.0.3626.121)
  (Driver info: chromedriver=73.0.3683.68 (47787ec04b6e38e22703e856e101e840b65afe72),platform=Windows NT 10.0.10240 x86_64) (WARNING: The server did not provide any stacktrace information)
Command duration or timeout: 0 milliseconds
Build info: version: '3.141.59', revision: 'e82be7d358', time: '2018-11-14T08:17:03'
System info: host: 'DESKTOP-HTSMLT5', ip: '192.168.0.111', os.name: 'Windows 10', os.arch: 'amd64', os.version: '10.0', java.version: '1.8.0_171'
Driver info: org.openqa.selenium.chrome.ChromeDriver
Capabilities {acceptInsecureCerts: false, acceptSslCerts: false, applicationCacheEnabled: false, browserConnectionEnabled: false, browserName: chrome, chrome: {chromedriverVersion: 73.0.3683.68 (47787ec04b6e3..., userDataDir: C:\Users\Admin\AppData\Loca...}, cssSelectorsEnabled: true, databaseEnabled: false, goog:chromeOptions: {debuggerAddress: localhost:63992}, handlesAlerts: true, hasTouchScreen: false, javascriptEnabled: true, locationContextEnabled: true, mobileEmulationEnabled: false, nativeEvents: true, networkConnectionEnabled: false, pageLoadStrategy: normal, platform: XP, platformName: XP, proxy: Proxy(), rotatable: false, setWindowRect: true, strictFileInteractability: false, takesHeapSnapshot: true, takesScreenshot: true, timeouts: {implicit: 0, pageLoad: 300000, script: 30000}, unexpectedAlertBehaviour: ignore, unhandledPromptBehavior: ignore, version: 72.0.3626.121, webStorageEnabled: true}
Session ID: fc952b56dd673d8d339012e9c31a55c1
at org.openqa.selenium.remote.ErrorHandler.createThrowable(ErrorHandler.java:214)
at org.openqa.selenium.remote.ErrorHandler.throwIfResponseFailed(ErrorHandler.java:166)
at org.openqa.selenium.remote.http.JsonHttpResponseCodec.reconstructValue(JsonHttpResponseCodec.java:40)
at org.openqa.selenium.remote.http.AbstractHttpResponseCodec.decode(AbstractHttpResponseCodec.java:80)
at org.openqa.selenium.remote.http.AbstractHttpResponseCodec.decode(AbstractHttpResponseCodec.java:44)
at org.openqa.selenium.remote.HttpCommandExecutor.execute(HttpCommandExecutor.java:158)
at org.openqa.selenium.remote.service.DriverCommandExecutor.execute(DriverCommandExecutor.java:83)
at org.openqa.selenium.remote.RemoteWebDriver.execute(RemoteWebDriver.java:552)
at org.openqa.selenium.remote.RemoteWebElement.execute(RemoteWebElement.java:285)
at org.openqa.selenium.remote.RemoteWebElement.sendKeys(RemoteWebElement.java:106)
at org.openqa.selenium.support.pagefactory.internal.LocatingElementHandler.invoke(LocatingElementHandler.java:51)
at com.sun.proxy.$Proxy10.sendKeys(Unknown Source)
at com.quickmove.qa.pages.ArticleSettingPage.Enterarticlenameandvolume(ArticleSettingPage.java:61)
at com.quickmove.qa.testcases.Articlesettingpagetest.validateaddarticle(Articlesettingpagetest.java:59)
at java.util.ArrayList.forEach(Unknown Source)
... Removed 33 stack frames]]>
    </failure>
  </testcase> <!-- validateaddarticle -->
  <testcase name="validateaddarticle" time="1.891" classname="com.quickmove.qa.testcases.Articlesettingpagetest"/>
  <testcase name="validateaddarticle" time="2.31" classname="com.quickmove.qa.testcases.Articlesettingpagetest"/>
  <testcase name="validateaddarticle" time="1.909" classname="com.quickmove.qa.testcases.Articlesettingpagetest"/>
  <testcase name="validateaddarticle" time="1.792" classname="com.quickmove.qa.testcases.Articlesettingpagetest"/>
  <testcase name="validateaddarticle" time="2.327" classname="com.quickmove.qa.testcases.Articlesettingpagetest"/>
  <testcase name="validateaddarticle" time="2.317" classname="com.quickmove.qa.testcases.Articlesettingpagetest"/>
  <testcase name="validateaddarticle" time="1.837" classname="com.quickmove.qa.testcases.Articlesettingpagetest"/>
  <testcase name="validateaddarticle" time="1.689" classname="com.quickmove.qa.testcases.Articlesettingpagetest">
    <failure type="org.openqa.selenium.ElementNotInteractableException" message="element not interactable
  (Session info: chrome=72.0.3626.121)
  (Driver info: chromedriver=73.0.3683.68 (47787ec04b6e38e22703e856e101e840b65afe72),platform=Windows NT 10.0.10240 x86_64) (WARNING: The server did not provide any stacktrace information)
Command duration or timeout: 0 milliseconds
Build info: version: &amp;apos;3.141.59&amp;apos;, revision: &amp;apos;e82be7d358&amp;apos;, time: &amp;apos;2018-11-14T08:17:03&amp;apos;
System info: host: &amp;apos;DESKTOP-HTSMLT5&amp;apos;, ip: &amp;apos;192.168.0.111&amp;apos;, os.name: &amp;apos;Windows 10&amp;apos;, os.arch: &amp;apos;amd64&amp;apos;, os.version: &amp;apos;10.0&amp;apos;, java.version: &amp;apos;1.8.0_171&amp;apos;
Driver info: org.openqa.selenium.chrome.ChromeDriver
Capabilities {acceptInsecureCerts: false, acceptSslCerts: false, applicationCacheEnabled: false, browserConnectionEnabled: false, browserName: chrome, chrome: {chromedriverVersion: 73.0.3683.68 (47787ec04b6e3..., userDataDir: C:\Users\Admin\AppData\Loca...}, cssSelectorsEnabled: true, databaseEnabled: false, goog:chromeOptions: {debuggerAddress: localhost:64396}, handlesAlerts: true, hasTouchScreen: false, javascriptEnabled: true, locationContextEnabled: true, mobileEmulationEnabled: false, nativeEvents: true, networkConnectionEnabled: false, pageLoadStrategy: normal, platform: XP, platformName: XP, proxy: Proxy(), rotatable: false, setWindowRect: true, strictFileInteractability: false, takesHeapSnapshot: true, takesScreenshot: true, timeouts: {implicit: 0, pageLoad: 300000, script: 30000}, unexpectedAlertBehaviour: ignore, unhandledPromptBehavior: ignore, version: 72.0.3626.121, webStorageEnabled: true}
Session ID: 760af21cadb3496315f47f49e35485aa">
      <![CDATA[org.openqa.selenium.ElementNotInteractableException: element not interactable
  (Session info: chrome=72.0.3626.121)
  (Driver info: chromedriver=73.0.3683.68 (47787ec04b6e38e22703e856e101e840b65afe72),platform=Windows NT 10.0.10240 x86_64) (WARNING: The server did not provide any stacktrace information)
Command duration or timeout: 0 milliseconds
Build info: version: '3.141.59', revision: 'e82be7d358', time: '2018-11-14T08:17:03'
System info: host: 'DESKTOP-HTSMLT5', ip: '192.168.0.111', os.name: 'Windows 10', os.arch: 'amd64', os.version: '10.0', java.version: '1.8.0_171'
Driver info: org.openqa.selenium.chrome.ChromeDriver
Capabilities {acceptInsecureCerts: false, acceptSslCerts: false, applicationCacheEnabled: false, browserConnectionEnabled: false, browserName: chrome, chrome: {chromedriverVersion: 73.0.3683.68 (47787ec04b6e3..., userDataDir: C:\Users\Admin\AppData\Loca...}, cssSelectorsEnabled: true, databaseEnabled: false, goog:chromeOptions: {debuggerAddress: localhost:64396}, handlesAlerts: true, hasTouchScreen: false, javascriptEnabled: true, locationContextEnabled: true, mobileEmulationEnabled: false, nativeEvents: true, networkConnectionEnabled: false, pageLoadStrategy: normal, platform: XP, platformName: XP, proxy: Proxy(), rotatable: false, setWindowRect: true, strictFileInteractability: false, takesHeapSnapshot: true, takesScreenshot: true, timeouts: {implicit: 0, pageLoad: 300000, script: 30000}, unexpectedAlertBehaviour: ignore, unhandledPromptBehavior: ignore, version: 72.0.3626.121, webStorageEnabled: true}
Session ID: 760af21cadb3496315f47f49e35485aa
at org.openqa.selenium.remote.ErrorHandler.createThrowable(ErrorHandler.java:214)
at org.openqa.selenium.remote.ErrorHandler.throwIfResponseFailed(ErrorHandler.java:166)
at org.openqa.selenium.remote.http.JsonHttpResponseCodec.reconstructValue(JsonHttpResponseCodec.java:40)
at org.openqa.selenium.remote.http.AbstractHttpResponseCodec.decode(AbstractHttpResponseCodec.java:80)
at org.openqa.selenium.remote.http.AbstractHttpResponseCodec.decode(AbstractHttpResponseCodec.java:44)
at org.openqa.selenium.remote.HttpCommandExecutor.execute(HttpCommandExecutor.java:158)
at org.openqa.selenium.remote.service.DriverCommandExecutor.execute(DriverCommandExecutor.java:83)
at org.openqa.selenium.remote.RemoteWebDriver.execute(RemoteWebDriver.java:552)
at org.openqa.selenium.remote.RemoteWebElement.execute(RemoteWebElement.java:285)
at org.openqa.selenium.remote.RemoteWebElement.sendKeys(RemoteWebElement.java:106)
at org.openqa.selenium.support.pagefactory.internal.LocatingElementHandler.invoke(LocatingElementHandler.java:51)
at com.sun.proxy.$Proxy10.sendKeys(Unknown Source)
at com.quickmove.qa.pages.ArticleSettingPage.Enterarticlenameandvolume(ArticleSettingPage.java:61)
at com.quickmove.qa.testcases.Articlesettingpagetest.validateaddarticle(Articlesettingpagetest.java:59)
at java.util.ArrayList.forEach(Unknown Source)
... Removed 33 stack frames]]>
    </failure>
  </testcase> <!-- validateaddarticle -->
  <testcase name="validateaddarticle" time="1.632" classname="com.quickmove.qa.testcases.Articlesettingpagetest">
    <failure type="org.openqa.selenium.ElementNotInteractableException" message="element not interactable
  (Session info: chrome=72.0.3626.121)
  (Driver info: chromedriver=73.0.3683.68 (47787ec04b6e38e22703e856e101e840b65afe72),platform=Windows NT 10.0.10240 x86_64) (WARNING: The server did not provide any stacktrace information)
Command duration or timeout: 0 milliseconds
Build info: version: &amp;apos;3.141.59&amp;apos;, revision: &amp;apos;e82be7d358&amp;apos;, time: &amp;apos;2018-11-14T08:17:03&amp;apos;
System info: host: &amp;apos;DESKTOP-HTSMLT5&amp;apos;, ip: &amp;apos;192.168.0.111&amp;apos;, os.name: &amp;apos;Windows 10&amp;apos;, os.arch: &amp;apos;amd64&amp;apos;, os.version: &amp;apos;10.0&amp;apos;, java.version: &amp;apos;1.8.0_171&amp;apos;
Driver info: org.openqa.selenium.chrome.ChromeDriver
Capabilities {acceptInsecureCerts: false, acceptSslCerts: false, applicationCacheEnabled: false, browserConnectionEnabled: false, browserName: chrome, chrome: {chromedriverVersion: 73.0.3683.68 (47787ec04b6e3..., userDataDir: C:\Users\Admin\AppData\Loca...}, cssSelectorsEnabled: true, databaseEnabled: false, goog:chromeOptions: {debuggerAddress: localhost:64447}, handlesAlerts: true, hasTouchScreen: false, javascriptEnabled: true, locationContextEnabled: true, mobileEmulationEnabled: false, nativeEvents: true, networkConnectionEnabled: false, pageLoadStrategy: normal, platform: XP, platformName: XP, proxy: Proxy(), rotatable: false, setWindowRect: true, strictFileInteractability: false, takesHeapSnapshot: true, takesScreenshot: true, timeouts: {implicit: 0, pageLoad: 300000, script: 30000}, unexpectedAlertBehaviour: ignore, unhandledPromptBehavior: ignore, version: 72.0.3626.121, webStorageEnabled: true}
Session ID: 51e829aa495101447c55d8dcdef4c3a4">
      <![CDATA[org.openqa.selenium.ElementNotInteractableException: element not interactable
  (Session info: chrome=72.0.3626.121)
  (Driver info: chromedriver=73.0.3683.68 (47787ec04b6e38e22703e856e101e840b65afe72),platform=Windows NT 10.0.10240 x86_64) (WARNING: The server did not provide any stacktrace information)
Command duration or timeout: 0 milliseconds
Build info: version: '3.141.59', revision: 'e82be7d358', time: '2018-11-14T08:17:03'
System info: host: 'DESKTOP-HTSMLT5', ip: '192.168.0.111', os.name: 'Windows 10', os.arch: 'amd64', os.version: '10.0', java.version: '1.8.0_171'
Driver info: org.openqa.selenium.chrome.ChromeDriver
Capabilities {acceptInsecureCerts: false, acceptSslCerts: false, applicationCacheEnabled: false, browserConnectionEnabled: false, browserName: chrome, chrome: {chromedriverVersion: 73.0.3683.68 (47787ec04b6e3..., userDataDir: C:\Users\Admin\AppData\Loca...}, cssSelectorsEnabled: true, databaseEnabled: false, goog:chromeOptions: {debuggerAddress: localhost:64447}, handlesAlerts: true, hasTouchScreen: false, javascriptEnabled: true, locationContextEnabled: true, mobileEmulationEnabled: false, nativeEvents: true, networkConnectionEnabled: false, pageLoadStrategy: normal, platform: XP, platformName: XP, proxy: Proxy(), rotatable: false, setWindowRect: true, strictFileInteractability: false, takesHeapSnapshot: true, takesScreenshot: true, timeouts: {implicit: 0, pageLoad: 300000, script: 30000}, unexpectedAlertBehaviour: ignore, unhandledPromptBehavior: ignore, version: 72.0.3626.121, webStorageEnabled: true}
Session ID: 51e829aa495101447c55d8dcdef4c3a4
at org.openqa.selenium.remote.ErrorHandler.createThrowable(ErrorHandler.java:214)
at org.openqa.selenium.remote.ErrorHandler.throwIfResponseFailed(ErrorHandler.java:166)
at org.openqa.selenium.remote.http.JsonHttpResponseCodec.reconstructValue(JsonHttpResponseCodec.java:40)
at org.openqa.selenium.remote.http.AbstractHttpResponseCodec.decode(AbstractHttpResponseCodec.java:80)
at org.openqa.selenium.remote.http.AbstractHttpResponseCodec.decode(AbstractHttpResponseCodec.java:44)
at org.openqa.selenium.remote.HttpCommandExecutor.execute(HttpCommandExecutor.java:158)
at org.openqa.selenium.remote.service.DriverCommandExecutor.execute(DriverCommandExecutor.java:83)
at org.openqa.selenium.remote.RemoteWebDriver.execute(RemoteWebDriver.java:552)
at org.openqa.selenium.remote.RemoteWebElement.execute(RemoteWebElement.java:285)
at org.openqa.selenium.remote.RemoteWebElement.sendKeys(RemoteWebElement.java:106)
at org.openqa.selenium.support.pagefactory.internal.LocatingElementHandler.invoke(LocatingElementHandler.java:51)
at com.sun.proxy.$Proxy10.sendKeys(Unknown Source)
at com.quickmove.qa.pages.ArticleSettingPage.Enterarticlenameandvolume(ArticleSettingPage.java:61)
at com.quickmove.qa.testcases.Articlesettingpagetest.validateaddarticle(Articlesettingpagetest.java:59)
at java.util.ArrayList.forEach(Unknown Source)
... Removed 33 stack frames]]>
    </failure>
  </testcase> <!-- validateaddarticle -->
  <testcase name="validateaddarticle" time="1.981" classname="com.quickmove.qa.testcases.Articlesettingpagetest"/>
  <testcase name="validateaddarticle" time="1.937" classname="com.quickmove.qa.testcases.Articlesettingpagetest"/>
  <testcase name="validateaddarticle" time="2.037" classname="com.quickmove.qa.testcases.Articlesettingpagetest"/>
  <testcase name="validateaddarticle" time="2.181" classname="com.quickmove.qa.testcases.Articlesettingpagetest">
    <failure type="org.openqa.selenium.ElementNotInteractableException" message="element not interactable
  (Session info: chrome=72.0.3626.121)
  (Driver info: chromedriver=73.0.3683.68 (47787ec04b6e38e22703e856e101e840b65afe72),platform=Windows NT 10.0.10240 x86_64) (WARNING: The server did not provide any stacktrace information)
Command duration or timeout: 0 milliseconds
Build info: version: &amp;apos;3.141.59&amp;apos;, revision: &amp;apos;e82be7d358&amp;apos;, time: &amp;apos;2018-11-14T08:17:03&amp;apos;
System info: host: &amp;apos;DESKTOP-HTSMLT5&amp;apos;, ip: &amp;apos;192.168.0.111&amp;apos;, os.name: &amp;apos;Windows 10&amp;apos;, os.arch: &amp;apos;amd64&amp;apos;, os.version: &amp;apos;10.0&amp;apos;, java.version: &amp;apos;1.8.0_171&amp;apos;
Driver info: org.openqa.selenium.chrome.ChromeDriver
Capabilities {acceptInsecureCerts: false, acceptSslCerts: false, applicationCacheEnabled: false, browserConnectionEnabled: false, browserName: chrome, chrome: {chromedriverVersion: 73.0.3683.68 (47787ec04b6e3..., userDataDir: C:\Users\Admin\AppData\Loca...}, cssSelectorsEnabled: true, databaseEnabled: false, goog:chromeOptions: {debuggerAddress: localhost:64607}, handlesAlerts: true, hasTouchScreen: false, javascriptEnabled: true, locationContextEnabled: true, mobileEmulationEnabled: false, nativeEvents: true, networkConnectionEnabled: false, pageLoadStrategy: normal, platform: XP, platformName: XP, proxy: Proxy(), rotatable: false, setWindowRect: true, strictFileInteractability: false, takesHeapSnapshot: true, takesScreenshot: true, timeouts: {implicit: 0, pageLoad: 300000, script: 30000}, unexpectedAlertBehaviour: ignore, unhandledPromptBehavior: ignore, version: 72.0.3626.121, webStorageEnabled: true}
Session ID: be9052b8376a2518a6fc0777f6a48ee6">
      <![CDATA[org.openqa.selenium.ElementNotInteractableException: element not interactable
  (Session info: chrome=72.0.3626.121)
  (Driver info: chromedriver=73.0.3683.68 (47787ec04b6e38e22703e856e101e840b65afe72),platform=Windows NT 10.0.10240 x86_64) (WARNING: The server did not provide any stacktrace information)
Command duration or timeout: 0 milliseconds
Build info: version: '3.141.59', revision: 'e82be7d358', time: '2018-11-14T08:17:03'
System info: host: 'DESKTOP-HTSMLT5', ip: '192.168.0.111', os.name: 'Windows 10', os.arch: 'amd64', os.version: '10.0', java.version: '1.8.0_171'
Driver info: org.openqa.selenium.chrome.ChromeDriver
Capabilities {acceptInsecureCerts: false, acceptSslCerts: false, applicationCacheEnabled: false, browserConnectionEnabled: false, browserName: chrome, chrome: {chromedriverVersion: 73.0.3683.68 (47787ec04b6e3..., userDataDir: C:\Users\Admin\AppData\Loca...}, cssSelectorsEnabled: true, databaseEnabled: false, goog:chromeOptions: {debuggerAddress: localhost:64607}, handlesAlerts: true, hasTouchScreen: false, javascriptEnabled: true, locationContextEnabled: true, mobileEmulationEnabled: false, nativeEvents: true, networkConnectionEnabled: false, pageLoadStrategy: normal, platform: XP, platformName: XP, proxy: Proxy(), rotatable: false, setWindowRect: true, strictFileInteractability: false, takesHeapSnapshot: true, takesScreenshot: true, timeouts: {implicit: 0, pageLoad: 300000, script: 30000}, unexpectedAlertBehaviour: ignore, unhandledPromptBehavior: ignore, version: 72.0.3626.121, webStorageEnabled: true}
Session ID: be9052b8376a2518a6fc0777f6a48ee6
at org.openqa.selenium.remote.ErrorHandler.createThrowable(ErrorHandler.java:214)
at org.openqa.selenium.remote.ErrorHandler.throwIfResponseFailed(ErrorHandler.java:166)
at org.openqa.selenium.remote.http.JsonHttpResponseCodec.reconstructValue(JsonHttpResponseCodec.java:40)
at org.openqa.selenium.remote.http.AbstractHttpResponseCodec.decode(AbstractHttpResponseCodec.java:80)
at org.openqa.selenium.remote.http.AbstractHttpResponseCodec.decode(AbstractHttpResponseCodec.java:44)
at org.openqa.selenium.remote.HttpCommandExecutor.execute(HttpCommandExecutor.java:158)
at org.openqa.selenium.remote.service.DriverCommandExecutor.execute(DriverCommandExecutor.java:83)
at org.openqa.selenium.remote.RemoteWebDriver.execute(RemoteWebDriver.java:552)
at org.openqa.selenium.remote.RemoteWebElement.execute(RemoteWebElement.java:285)
at org.openqa.selenium.remote.RemoteWebElement.sendKeys(RemoteWebElement.java:106)
at org.openqa.selenium.support.pagefactory.internal.LocatingElementHandler.invoke(LocatingElementHandler.java:51)
at com.sun.proxy.$Proxy10.sendKeys(Unknown Source)
at com.quickmove.qa.pages.ArticleSettingPage.Enterarticlenameandvolume(ArticleSettingPage.java:61)
at com.quickmove.qa.testcases.Articlesettingpagetest.validateaddarticle(Articlesettingpagetest.java:59)
at java.util.ArrayList.forEach(Unknown Source)
... Removed 33 stack frames]]>
    </failure>
  </testcase> <!-- validateaddarticle -->
  <testcase name="validateaddarticle" time="2.19" classname="com.quickmove.qa.testcases.Articlesettingpagetest"/>
  <testcase name="validateaddarticle" time="1.875" classname="com.quickmove.qa.testcases.Articlesettingpagetest"/>
  <testcase name="validateaddarticle" time="1.872" classname="com.quickmove.qa.testcases.Articlesettingpagetest"/>
  <testcase name="validateaddarticle" time="2.098" classname="com.quickmove.qa.testcases.Articlesettingpagetest"/>
  <testcase name="validateaddarticle" time="2.34" classname="com.quickmove.qa.testcases.Articlesettingpagetest"/>
  <testcase name="validateaddarticle" time="1.626" classname="com.quickmove.qa.testcases.Articlesettingpagetest">
    <failure type="org.openqa.selenium.ElementNotInteractableException" message="element not interactable
  (Session info: chrome=72.0.3626.121)
  (Driver info: chromedriver=73.0.3683.68 (47787ec04b6e38e22703e856e101e840b65afe72),platform=Windows NT 10.0.10240 x86_64) (WARNING: The server did not provide any stacktrace information)
Command duration or timeout: 0 milliseconds
Build info: version: &amp;apos;3.141.59&amp;apos;, revision: &amp;apos;e82be7d358&amp;apos;, time: &amp;apos;2018-11-14T08:17:03&amp;apos;
System info: host: &amp;apos;DESKTOP-HTSMLT5&amp;apos;, ip: &amp;apos;192.168.0.111&amp;apos;, os.name: &amp;apos;Windows 10&amp;apos;, os.arch: &amp;apos;amd64&amp;apos;, os.version: &amp;apos;10.0&amp;apos;, java.version: &amp;apos;1.8.0_171&amp;apos;
Driver info: org.openqa.selenium.chrome.ChromeDriver
Capabilities {acceptInsecureCerts: false, acceptSslCerts: false, applicationCacheEnabled: false, browserConnectionEnabled: false, browserName: chrome, chrome: {chromedriverVersion: 73.0.3683.68 (47787ec04b6e3..., userDataDir: C:\Users\Admin\AppData\Loca...}, cssSelectorsEnabled: true, databaseEnabled: false, goog:chromeOptions: {debuggerAddress: localhost:64876}, handlesAlerts: true, hasTouchScreen: false, javascriptEnabled: true, locationContextEnabled: true, mobileEmulationEnabled: false, nativeEvents: true, networkConnectionEnabled: false, pageLoadStrategy: normal, platform: XP, platformName: XP, proxy: Proxy(), rotatable: false, setWindowRect: true, strictFileInteractability: false, takesHeapSnapshot: true, takesScreenshot: true, timeouts: {implicit: 0, pageLoad: 300000, script: 30000}, unexpectedAlertBehaviour: ignore, unhandledPromptBehavior: ignore, version: 72.0.3626.121, webStorageEnabled: true}
Session ID: b9b1ba51312ee7b991a1d49e1ce37416">
      <![CDATA[org.openqa.selenium.ElementNotInteractableException: element not interactable
  (Session info: chrome=72.0.3626.121)
  (Driver info: chromedriver=73.0.3683.68 (47787ec04b6e38e22703e856e101e840b65afe72),platform=Windows NT 10.0.10240 x86_64) (WARNING: The server did not provide any stacktrace information)
Command duration or timeout: 0 milliseconds
Build info: version: '3.141.59', revision: 'e82be7d358', time: '2018-11-14T08:17:03'
System info: host: 'DESKTOP-HTSMLT5', ip: '192.168.0.111', os.name: 'Windows 10', os.arch: 'amd64', os.version: '10.0', java.version: '1.8.0_171'
Driver info: org.openqa.selenium.chrome.ChromeDriver
Capabilities {acceptInsecureCerts: false, acceptSslCerts: false, applicationCacheEnabled: false, browserConnectionEnabled: false, browserName: chrome, chrome: {chromedriverVersion: 73.0.3683.68 (47787ec04b6e3..., userDataDir: C:\Users\Admin\AppData\Loca...}, cssSelectorsEnabled: true, databaseEnabled: false, goog:chromeOptions: {debuggerAddress: localhost:64876}, handlesAlerts: true, hasTouchScreen: false, javascriptEnabled: true, locationContextEnabled: true, mobileEmulationEnabled: false, nativeEvents: true, networkConnectionEnabled: false, pageLoadStrategy: normal, platform: XP, platformName: XP, proxy: Proxy(), rotatable: false, setWindowRect: true, strictFileInteractability: false, takesHeapSnapshot: true, takesScreenshot: true, timeouts: {implicit: 0, pageLoad: 300000, script: 30000}, unexpectedAlertBehaviour: ignore, unhandledPromptBehavior: ignore, version: 72.0.3626.121, webStorageEnabled: true}
Session ID: b9b1ba51312ee7b991a1d49e1ce37416
at org.openqa.selenium.remote.ErrorHandler.createThrowable(ErrorHandler.java:214)
at org.openqa.selenium.remote.ErrorHandler.throwIfResponseFailed(ErrorHandler.java:166)
at org.openqa.selenium.remote.http.JsonHttpResponseCodec.reconstructValue(JsonHttpResponseCodec.java:40)
at org.openqa.selenium.remote.http.AbstractHttpResponseCodec.decode(AbstractHttpResponseCodec.java:80)
at org.openqa.selenium.remote.http.AbstractHttpResponseCodec.decode(AbstractHttpResponseCodec.java:44)
at org.openqa.selenium.remote.HttpCommandExecutor.execute(HttpCommandExecutor.java:158)
at org.openqa.selenium.remote.service.DriverCommandExecutor.execute(DriverCommandExecutor.java:83)
at org.openqa.selenium.remote.RemoteWebDriver.execute(RemoteWebDriver.java:552)
at org.openqa.selenium.remote.RemoteWebElement.execute(RemoteWebElement.java:285)
at org.openqa.selenium.remote.RemoteWebElement.sendKeys(RemoteWebElement.java:106)
at org.openqa.selenium.support.pagefactory.internal.LocatingElementHandler.invoke(LocatingElementHandler.java:51)
at com.sun.proxy.$Proxy10.sendKeys(Unknown Source)
at com.quickmove.qa.pages.ArticleSettingPage.Enterarticlenameandvolume(ArticleSettingPage.java:61)
at com.quickmove.qa.testcases.Articlesettingpagetest.validateaddarticle(Articlesettingpagetest.java:59)
at java.util.ArrayList.forEach(Unknown Source)
... Removed 33 stack frames]]>
    </failure>
  </testcase> <!-- validateaddarticle -->
  <testcase name="validateaddarticle" time="2.039" classname="com.quickmove.qa.testcases.Articlesettingpagetest"/>
  <testcase name="validateaddarticle" time="2.253" classname="com.quickmove.qa.testcases.Articlesettingpagetest"/>
  <testcase name="validateaddarticle" time="1.583" classname="com.quickmove.qa.testcases.Articlesettingpagetest">
    <failure type="org.openqa.selenium.ElementNotInteractableException" message="element not interactable
  (Session info: chrome=72.0.3626.121)
  (Driver info: chromedriver=73.0.3683.68 (47787ec04b6e38e22703e856e101e840b65afe72),platform=Windows NT 10.0.10240 x86_64) (WARNING: The server did not provide any stacktrace information)
Command duration or timeout: 0 milliseconds
Build info: version: &amp;apos;3.141.59&amp;apos;, revision: &amp;apos;e82be7d358&amp;apos;, time: &amp;apos;2018-11-14T08:17:03&amp;apos;
System info: host: &amp;apos;DESKTOP-HTSMLT5&amp;apos;, ip: &amp;apos;192.168.0.111&amp;apos;, os.name: &amp;apos;Windows 10&amp;apos;, os.arch: &amp;apos;amd64&amp;apos;, os.version: &amp;apos;10.0&amp;apos;, java.version: &amp;apos;1.8.0_171&amp;apos;
Driver info: org.openqa.selenium.chrome.ChromeDriver
Capabilities {acceptInsecureCerts: false, acceptSslCerts: false, applicationCacheEnabled: false, browserConnectionEnabled: false, browserName: chrome, chrome: {chromedriverVersion: 73.0.3683.68 (47787ec04b6e3..., userDataDir: C:\Users\Admin\AppData\Loca...}, cssSelectorsEnabled: true, databaseEnabled: false, goog:chromeOptions: {debuggerAddress: localhost:65017}, handlesAlerts: true, hasTouchScreen: false, javascriptEnabled: true, locationContextEnabled: true, mobileEmulationEnabled: false, nativeEvents: true, networkConnectionEnabled: false, pageLoadStrategy: normal, platform: XP, platformName: XP, proxy: Proxy(), rotatable: false, setWindowRect: true, strictFileInteractability: false, takesHeapSnapshot: true, takesScreenshot: true, timeouts: {implicit: 0, pageLoad: 300000, script: 30000}, unexpectedAlertBehaviour: ignore, unhandledPromptBehavior: ignore, version: 72.0.3626.121, webStorageEnabled: true}
Session ID: d4f8720aa6ff827c39a89dab489f879d">
      <![CDATA[org.openqa.selenium.ElementNotInteractableException: element not interactable
  (Session info: chrome=72.0.3626.121)
  (Driver info: chromedriver=73.0.3683.68 (47787ec04b6e38e22703e856e101e840b65afe72),platform=Windows NT 10.0.10240 x86_64) (WARNING: The server did not provide any stacktrace information)
Command duration or timeout: 0 milliseconds
Build info: version: '3.141.59', revision: 'e82be7d358', time: '2018-11-14T08:17:03'
System info: host: 'DESKTOP-HTSMLT5', ip: '192.168.0.111', os.name: 'Windows 10', os.arch: 'amd64', os.version: '10.0', java.version: '1.8.0_171'
Driver info: org.openqa.selenium.chrome.ChromeDriver
Capabilities {acceptInsecureCerts: false, acceptSslCerts: false, applicationCacheEnabled: false, browserConnectionEnabled: false, browserName: chrome, chrome: {chromedriverVersion: 73.0.3683.68 (47787ec04b6e3..., userDataDir: C:\Users\Admin\AppData\Loca...}, cssSelectorsEnabled: true, databaseEnabled: false, goog:chromeOptions: {debuggerAddress: localhost:65017}, handlesAlerts: true, hasTouchScreen: false, javascriptEnabled: true, locationContextEnabled: true, mobileEmulationEnabled: false, nativeEvents: true, networkConnectionEnabled: false, pageLoadStrategy: normal, platform: XP, platformName: XP, proxy: Proxy(), rotatable: false, setWindowRect: true, strictFileInteractability: false, takesHeapSnapshot: true, takesScreenshot: true, timeouts: {implicit: 0, pageLoad: 300000, script: 30000}, unexpectedAlertBehaviour: ignore, unhandledPromptBehavior: ignore, version: 72.0.3626.121, webStorageEnabled: true}
Session ID: d4f8720aa6ff827c39a89dab489f879d
at org.openqa.selenium.remote.ErrorHandler.createThrowable(ErrorHandler.java:214)
at org.openqa.selenium.remote.ErrorHandler.throwIfResponseFailed(ErrorHandler.java:166)
at org.openqa.selenium.remote.http.JsonHttpResponseCodec.reconstructValue(JsonHttpResponseCodec.java:40)
at org.openqa.selenium.remote.http.AbstractHttpResponseCodec.decode(AbstractHttpResponseCodec.java:80)
at org.openqa.selenium.remote.http.AbstractHttpResponseCodec.decode(AbstractHttpResponseCodec.java:44)
at org.openqa.selenium.remote.HttpCommandExecutor.execute(HttpCommandExecutor.java:158)
at org.openqa.selenium.remote.service.DriverCommandExecutor.execute(DriverCommandExecutor.java:83)
at org.openqa.selenium.remote.RemoteWebDriver.execute(RemoteWebDriver.java:552)
at org.openqa.selenium.remote.RemoteWebElement.execute(RemoteWebElement.java:285)
at org.openqa.selenium.remote.RemoteWebElement.sendKeys(RemoteWebElement.java:106)
at org.openqa.selenium.support.pagefactory.internal.LocatingElementHandler.invoke(LocatingElementHandler.java:51)
at com.sun.proxy.$Proxy10.sendKeys(Unknown Source)
at com.quickmove.qa.pages.ArticleSettingPage.Enterarticlenameandvolume(ArticleSettingPage.java:61)
at com.quickmove.qa.testcases.Articlesettingpagetest.validateaddarticle(Articlesettingpagetest.java:59)
at java.util.ArrayList.forEach(Unknown Source)
... Removed 33 stack frames]]>
    </failure>
  </testcase> <!-- validateaddarticle -->
  <testcase name="validateaddarticle" time="2.188" classname="com.quickmove.qa.testcases.Articlesettingpagetest"/>
  <testcase name="validateaddarticle" time="2.305" classname="com.quickmove.qa.testcases.Articlesettingpagetest">
    <failure type="org.openqa.selenium.ElementNotInteractableException" message="element not interactable
  (Session info: chrome=72.0.3626.121)
  (Driver info: chromedriver=73.0.3683.68 (47787ec04b6e38e22703e856e101e840b65afe72),platform=Windows NT 10.0.10240 x86_64) (WARNING: The server did not provide any stacktrace information)
Command duration or timeout: 0 milliseconds
Build info: version: &amp;apos;3.141.59&amp;apos;, revision: &amp;apos;e82be7d358&amp;apos;, time: &amp;apos;2018-11-14T08:17:03&amp;apos;
System info: host: &amp;apos;DESKTOP-HTSMLT5&amp;apos;, ip: &amp;apos;192.168.0.111&amp;apos;, os.name: &amp;apos;Windows 10&amp;apos;, os.arch: &amp;apos;amd64&amp;apos;, os.version: &amp;apos;10.0&amp;apos;, java.version: &amp;apos;1.8.0_171&amp;apos;
Driver info: org.openqa.selenium.chrome.ChromeDriver
Capabilities {acceptInsecureCerts: false, acceptSslCerts: false, applicationCacheEnabled: false, browserConnectionEnabled: false, browserName: chrome, chrome: {chromedriverVersion: 73.0.3683.68 (47787ec04b6e3..., userDataDir: C:\Users\Admin\AppData\Loca...}, cssSelectorsEnabled: true, databaseEnabled: false, goog:chromeOptions: {debuggerAddress: localhost:65105}, handlesAlerts: true, hasTouchScreen: false, javascriptEnabled: true, locationContextEnabled: true, mobileEmulationEnabled: false, nativeEvents: true, networkConnectionEnabled: false, pageLoadStrategy: normal, platform: XP, platformName: XP, proxy: Proxy(), rotatable: false, setWindowRect: true, strictFileInteractability: false, takesHeapSnapshot: true, takesScreenshot: true, timeouts: {implicit: 0, pageLoad: 300000, script: 30000}, unexpectedAlertBehaviour: ignore, unhandledPromptBehavior: ignore, version: 72.0.3626.121, webStorageEnabled: true}
Session ID: ab94798ec49b616c5ecd9f7e8dde43ac">
      <![CDATA[org.openqa.selenium.ElementNotInteractableException: element not interactable
  (Session info: chrome=72.0.3626.121)
  (Driver info: chromedriver=73.0.3683.68 (47787ec04b6e38e22703e856e101e840b65afe72),platform=Windows NT 10.0.10240 x86_64) (WARNING: The server did not provide any stacktrace information)
Command duration or timeout: 0 milliseconds
Build info: version: '3.141.59', revision: 'e82be7d358', time: '2018-11-14T08:17:03'
System info: host: 'DESKTOP-HTSMLT5', ip: '192.168.0.111', os.name: 'Windows 10', os.arch: 'amd64', os.version: '10.0', java.version: '1.8.0_171'
Driver info: org.openqa.selenium.chrome.ChromeDriver
Capabilities {acceptInsecureCerts: false, acceptSslCerts: false, applicationCacheEnabled: false, browserConnectionEnabled: false, browserName: chrome, chrome: {chromedriverVersion: 73.0.3683.68 (47787ec04b6e3..., userDataDir: C:\Users\Admin\AppData\Loca...}, cssSelectorsEnabled: true, databaseEnabled: false, goog:chromeOptions: {debuggerAddress: localhost:65105}, handlesAlerts: true, hasTouchScreen: false, javascriptEnabled: true, locationContextEnabled: true, mobileEmulationEnabled: false, nativeEvents: true, networkConnectionEnabled: false, pageLoadStrategy: normal, platform: XP, platformName: XP, proxy: Proxy(), rotatable: false, setWindowRect: true, strictFileInteractability: false, takesHeapSnapshot: true, takesScreenshot: true, timeouts: {implicit: 0, pageLoad: 300000, script: 30000}, unexpectedAlertBehaviour: ignore, unhandledPromptBehavior: ignore, version: 72.0.3626.121, webStorageEnabled: true}
Session ID: ab94798ec49b616c5ecd9f7e8dde43ac
at org.openqa.selenium.remote.ErrorHandler.createThrowable(ErrorHandler.java:214)
at org.openqa.selenium.remote.ErrorHandler.throwIfResponseFailed(ErrorHandler.java:166)
at org.openqa.selenium.remote.http.JsonHttpResponseCodec.reconstructValue(JsonHttpResponseCodec.java:40)
at org.openqa.selenium.remote.http.AbstractHttpResponseCodec.decode(AbstractHttpResponseCodec.java:80)
at org.openqa.selenium.remote.http.AbstractHttpResponseCodec.decode(AbstractHttpResponseCodec.java:44)
at org.openqa.selenium.remote.HttpCommandExecutor.execute(HttpCommandExecutor.java:158)
at org.openqa.selenium.remote.service.DriverCommandExecutor.execute(DriverCommandExecutor.java:83)
at org.openqa.selenium.remote.RemoteWebDriver.execute(RemoteWebDriver.java:552)
at org.openqa.selenium.remote.RemoteWebElement.execute(RemoteWebElement.java:285)
at org.openqa.selenium.remote.RemoteWebElement.sendKeys(RemoteWebElement.java:106)
at org.openqa.selenium.support.pagefactory.internal.LocatingElementHandler.invoke(LocatingElementHandler.java:51)
at com.sun.proxy.$Proxy10.sendKeys(Unknown Source)
at com.quickmove.qa.pages.ArticleSettingPage.Enterarticlenameandvolume(ArticleSettingPage.java:61)
at com.quickmove.qa.testcases.Articlesettingpagetest.validateaddarticle(Articlesettingpagetest.java:59)
at java.util.ArrayList.forEach(Unknown Source)
... Removed 33 stack frames]]>
    </failure>
  </testcase> <!-- validateaddarticle -->
  <testcase name="validateaddarticle" time="1.989" classname="com.quickmove.qa.testcases.Articlesettingpagetest"/>
  <testcase name="validateaddarticle" time="1.959" classname="com.quickmove.qa.testcases.Articlesettingpagetest"/>
  <testcase name="validateaddarticle" time="1.942" classname="com.quickmove.qa.testcases.Articlesettingpagetest"/>
  <testcase name="validateaddarticle" time="2.112" classname="com.quickmove.qa.testcases.Articlesettingpagetest"/>
  <testcase name="validateaddarticle" time="1.884" classname="com.quickmove.qa.testcases.Articlesettingpagetest"/>
  <testcase name="validateaddarticle" time="1.796" classname="com.quickmove.qa.testcases.Articlesettingpagetest"/>
  <testcase name="validateaddarticle" time="1.794" classname="com.quickmove.qa.testcases.Articlesettingpagetest"/>
  <testcase name="validateaddarticle" time="1.937" classname="com.quickmove.qa.testcases.Articlesettingpagetest"/>
  <testcase name="validateaddarticle" time="1.951" classname="com.quickmove.qa.testcases.Articlesettingpagetest"/>
  <testcase name="validateaddarticle" time="1.972" classname="com.quickmove.qa.testcases.Articlesettingpagetest"/>
  <testcase name="validateaddarticle" time="1.909" classname="com.quickmove.qa.testcases.Articlesettingpagetest"/>
  <testcase name="validateaddarticle" time="2.175" classname="com.quickmove.qa.testcases.Articlesettingpagetest"/>
  <testcase name="validateaddarticle" time="0.0" classname="com.quickmove.qa.testcases.Articlesettingpagetest">
    <skipped/>
  </testcase> <!-- validateaddarticle -->
  <testcase name="validateaddarticle" time="0.0" classname="com.quickmove.qa.testcases.Articlesettingpagetest">
    <skipped/>
  </testcase> <!-- validateaddarticle -->
  <testcase name="validateaddarticle" time="0.0" classname="com.quickmove.qa.testcases.Articlesettingpagetest">
    <skipped/>
  </testcase> <!-- validateaddarticle -->
  <testcase name="validateaddarticle" time="0.0" classname="com.quickmove.qa.testcases.Articlesettingpagetest">
    <skipped/>
  </testcase> <!-- validateaddarticle -->
  <testcase name="validateaddarticle" time="0.0" classname="com.quickmove.qa.testcases.Articlesettingpagetest">
    <skipped/>
  </testcase> <!-- validateaddarticle -->
  <testcase name="validateaddarticle" time="0.0" classname="com.quickmove.qa.testcases.Articlesettingpagetest">
    <skipped/>
  </testcase> <!-- validateaddarticle -->
  <testcase name="validateaddarticle" time="0.0" classname="com.quickmove.qa.testcases.Articlesettingpagetest">
    <skipped/>
  </testcase> <!-- validateaddarticle -->
  <testcase name="validateaddarticle" time="0.0" classname="com.quickmove.qa.testcases.Articlesettingpagetest">
    <skipped/>
  </testcase> <!-- validateaddarticle -->
  <testcase name="validateaddarticle" time="0.0" classname="com.quickmove.qa.testcases.Articlesettingpagetest">
    <skipped/>
  </testcase> <!-- validateaddarticle -->
  <testcase name="validateaddarticle" time="0.0" classname="com.quickmove.qa.testcases.Articlesettingpagetest">
    <skipped/>
  </testcase> <!-- validateaddarticle -->
  <testcase name="validateaddarticle" time="0.0" classname="com.quickmove.qa.testcases.Articlesettingpagetest">
    <skipped/>
  </testcase> <!-- validateaddarticle -->
  <testcase name="validateaddarticle" time="0.0" classname="com.quickmove.qa.testcases.Articlesettingpagetest">
    <skipped/>
  </testcase> <!-- validateaddarticle -->
  <testcase name="validateaddarticle" time="0.0" classname="com.quickmove.qa.testcases.Articlesettingpagetest">
    <skipped/>
  </testcase> <!-- validateaddarticle -->
  <testcase name="validateaddarticle" time="0.0" classname="com.quickmove.qa.testcases.Articlesettingpagetest">
    <skipped/>
  </testcase> <!-- validateaddarticle -->
  <testcase name="validateaddarticle" time="0.0" classname="com.quickmove.qa.testcases.Articlesettingpagetest">
    <skipped/>
  </testcase> <!-- validateaddarticle -->
  <testcase name="validateaddarticle" time="0.0" classname="com.quickmove.qa.testcases.Articlesettingpagetest">
    <skipped/>
  </testcase> <!-- validateaddarticle -->
  <testcase name="validateaddarticle" time="0.0" classname="com.quickmove.qa.testcases.Articlesettingpagetest">
    <skipped/>
  </testcase> <!-- validateaddarticle -->
  <testcase name="validateaddarticle" time="0.0" classname="com.quickmove.qa.testcases.Articlesettingpagetest">
    <skipped/>
  </testcase> <!-- validateaddarticle -->
  <testcase name="validateaddarticle" time="0.0" classname="com.quickmove.qa.testcases.Articlesettingpagetest">
    <skipped/>
  </testcase> <!-- validateaddarticle -->
  <testcase name="validateaddarticle" time="0.0" classname="com.quickmove.qa.testcases.Articlesettingpagetest">
    <skipped/>
  </testcase> <!-- validateaddarticle -->
  <testcase name="validateaddarticle" time="0.0" classname="com.quickmove.qa.testcases.Articlesettingpagetest">
    <skipped/>
  </testcase> <!-- validateaddarticle -->
  <testcase name="validateaddarticle" time="0.0" classname="com.quickmove.qa.testcases.Articlesettingpagetest">
    <skipped/>
  </testcase> <!-- validateaddarticle -->
  <testcase name="validateaddarticle" time="0.0" classname="com.quickmove.qa.testcases.Articlesettingpagetest">
    <skipped/>
  </testcase> <!-- validateaddarticle -->
  <testcase name="validateaddarticle" time="0.0" classname="com.quickmove.qa.testcases.Articlesettingpagetest">
    <skipped/>
  </testcase> <!-- validateaddarticle -->
  <testcase name="validateaddarticle" time="0.0" classname="com.quickmove.qa.testcases.Articlesettingpagetest">
    <skipped/>
  </testcase> <!-- validateaddarticle -->
  <testcase name="validateaddarticle" time="0.0" classname="com.quickmove.qa.testcases.Articlesettingpagetest">
    <skipped/>
  </testcase> <!-- validateaddarticle -->
  <testcase name="validateaddarticle" time="0.0" classname="com.quickmove.qa.testcases.Articlesettingpagetest">
    <skipped/>
  </testcase> <!-- validateaddarticle -->
  <testcase name="validateaddarticle" time="0.0" classname="com.quickmove.qa.testcases.Articlesettingpagetest">
    <skipped/>
  </testcase> <!-- validateaddarticle -->
  <testcase name="validateaddarticle" time="0.0" classname="com.quickmove.qa.testcases.Articlesettingpagetest">
    <skipped/>
  </testcase> <!-- validateaddarticle -->
  <testcase name="validateaddarticle" time="0.0" classname="com.quickmove.qa.testcases.Articlesettingpagetest">
    <skipped/>
  </testcase> <!-- validateaddarticle -->
  <testcase name="validateaddarticle" time="0.0" classname="com.quickmove.qa.testcases.Articlesettingpagetest">
    <skipped/>
  </testcase> <!-- validateaddarticle -->
  <testcase name="validateaddarticle" time="0.0" classname="com.quickmove.qa.testcases.Articlesettingpagetest">
    <skipped/>
  </testcase> <!-- validateaddarticle -->
  <testcase name="validateaddarticle" time="0.0" classname="com.quickmove.qa.testcases.Articlesettingpagetest">
    <skipped/>
  </testcase> <!-- validateaddarticle -->
  <testcase name="validateaddarticle" time="0.0" classname="com.quickmove.qa.testcases.Articlesettingpagetest">
    <skipped/>
  </testcase> <!-- validateaddarticle -->
  <testcase name="validateaddarticle" time="0.0" classname="com.quickmove.qa.testcases.Articlesettingpagetest">
    <skipped/>
  </testcase> <!-- validateaddarticle -->
  <testcase name="validateaddarticle" time="0.0" classname="com.quickmove.qa.testcases.Articlesettingpagetest">
    <skipped/>
  </testcase> <!-- validateaddarticle -->
  <testcase name="validateaddarticle" time="0.0" classname="com.quickmove.qa.testcases.Articlesettingpagetest">
    <skipped/>
  </testcase> <!-- validateaddarticle -->
  <testcase name="validateaddarticle" time="0.0" classname="com.quickmove.qa.testcases.Articlesettingpagetest">
    <skipped/>
  </testcase> <!-- validateaddarticle -->
  <testcase name="validateaddarticle" time="0.0" classname="com.quickmove.qa.testcases.Articlesettingpagetest">
    <skipped/>
  </testcase> <!-- validateaddarticle -->
  <testcase name="validateaddarticle" time="0.0" classname="com.quickmove.qa.testcases.Articlesettingpagetest">
    <skipped/>
  </testcase> <!-- validateaddarticle -->
  <testcase name="validateaddarticle" time="0.0" classname="com.quickmove.qa.testcases.Articlesettingpagetest">
    <skipped/>
  </testcase> <!-- validateaddarticle -->
  <testcase name="validateaddarticle" time="0.0" classname="com.quickmove.qa.testcases.Articlesettingpagetest">
    <skipped/>
  </testcase> <!-- validateaddarticle -->
  <testcase name="validateaddarticle" time="0.0" classname="com.quickmove.qa.testcases.Articlesettingpagetest">
    <skipped/>
  </testcase> <!-- validateaddarticle -->
  <testcase name="validateaddarticle" time="0.0" classname="com.quickmove.qa.testcases.Articlesettingpagetest">
    <skipped/>
  </testcase> <!-- validateaddarticle -->
  <testcase name="validateaddarticle" time="0.0" classname="com.quickmove.qa.testcases.Articlesettingpagetest">
    <skipped/>
  </testcase> <!-- validateaddarticle -->
  <testcase name="validateaddarticle" time="0.0" classname="com.quickmove.qa.testcases.Articlesettingpagetest">
    <skipped/>
  </testcase> <!-- validateaddarticle -->
  <testcase name="validateaddarticle" time="0.0" classname="com.quickmove.qa.testcases.Articlesettingpagetest">
    <skipped/>
  </testcase> <!-- validateaddarticle -->
  <testcase name="validateaddarticle" time="0.0" classname="com.quickmove.qa.testcases.Articlesettingpagetest">
    <skipped/>
  </testcase> <!-- validateaddarticle -->
  <testcase name="validateaddarticle" time="0.0" classname="com.quickmove.qa.testcases.Articlesettingpagetest">
    <skipped/>
  </testcase> <!-- validateaddarticle -->
  <testcase name="validateaddarticle" time="0.0" classname="com.quickmove.qa.testcases.Articlesettingpagetest">
    <skipped/>
  </testcase> <!-- validateaddarticle -->
  <testcase name="validateaddarticle" time="0.0" classname="com.quickmove.qa.testcases.Articlesettingpagetest">
    <skipped/>
  </testcase> <!-- validateaddarticle -->
  <testcase name="validateaddarticle" time="0.0" classname="com.quickmove.qa.testcases.Articlesettingpagetest">
    <skipped/>
  </testcase> <!-- validateaddarticle -->
  <testcase name="validateaddarticle" time="0.0" classname="com.quickmove.qa.testcases.Articlesettingpagetest">
    <skipped/>
  </testcase> <!-- validateaddarticle -->
  <testcase name="validateaddarticle" time="0.0" classname="com.quickmove.qa.testcases.Articlesettingpagetest">
    <skipped/>
  </testcase> <!-- validateaddarticle -->
  <testcase name="validateaddarticle" time="0.0" classname="com.quickmove.qa.testcases.Articlesettingpagetest">
    <skipped/>
  </testcase> <!-- validateaddarticle -->
  <testcase name="validateaddarticle" time="0.0" classname="com.quickmove.qa.testcases.Articlesettingpagetest">
    <skipped/>
  </testcase> <!-- validateaddarticle -->
  <testcase name="validateaddarticle" time="0.0" classname="com.quickmove.qa.testcases.Articlesettingpagetest">
    <skipped/>
  </testcase> <!-- validateaddarticle -->
  <testcase name="validateaddarticle" time="0.0" classname="com.quickmove.qa.testcases.Articlesettingpagetest">
    <skipped/>
  </testcase> <!-- validateaddarticle -->
  <testcase name="validateaddarticle" time="0.0" classname="com.quickmove.qa.testcases.Articlesettingpagetest">
    <skipped/>
  </testcase> <!-- validateaddarticle -->
  <testcase name="validateaddarticle" time="0.0" classname="com.quickmove.qa.testcases.Articlesettingpagetest">
    <skipped/>
  </testcase> <!-- validateaddarticle -->
  <testcase name="validateaddarticle" time="0.0" classname="com.quickmove.qa.testcases.Articlesettingpagetest">
    <skipped/>
  </testcase> <!-- validateaddarticle -->
  <testcase name="validateaddarticle" time="0.0" classname="com.quickmove.qa.testcases.Articlesettingpagetest">
    <skipped/>
  </testcase> <!-- validateaddarticle -->
  <testcase name="validateaddarticle" time="0.0" classname="com.quickmove.qa.testcases.Articlesettingpagetest">
    <skipped/>
  </testcase> <!-- validateaddarticle -->
  <testcase name="validateaddarticle" time="0.0" classname="com.quickmove.qa.testcases.Articlesettingpagetest">
    <skipped/>
  </testcase> <!-- validateaddarticle -->
  <testcase name="validateaddarticle" time="0.0" classname="com.quickmove.qa.testcases.Articlesettingpagetest">
    <skipped/>
  </testcase> <!-- validateaddarticle -->
  <testcase name="validateaddarticle" time="0.0" classname="com.quickmove.qa.testcases.Articlesettingpagetest">
    <skipped/>
  </testcase> <!-- validateaddarticle -->
  <testcase name="validateaddarticle" time="0.0" classname="com.quickmove.qa.testcases.Articlesettingpagetest">
    <skipped/>
  </testcase> <!-- validateaddarticle -->
  <testcase name="validateaddarticle" time="0.0" classname="com.quickmove.qa.testcases.Articlesettingpagetest">
    <skipped/>
  </testcase> <!-- validateaddarticle -->
  <testcase name="validateaddarticle" time="0.0" classname="com.quickmove.qa.testcases.Articlesettingpagetest">
    <skipped/>
  </testcase> <!-- validateaddarticle -->
  <testcase name="validateaddarticle" time="0.0" classname="com.quickmove.qa.testcases.Articlesettingpagetest">
    <skipped/>
  </testcase> <!-- validateaddarticle -->
  <testcase name="validateaddarticle" time="0.0" classname="com.quickmove.qa.testcases.Articlesettingpagetest">
    <skipped/>
  </testcase> <!-- validateaddarticle -->
  <testcase name="validateaddarticle" time="0.0" classname="com.quickmove.qa.testcases.Articlesettingpagetest">
    <skipped/>
  </testcase> <!-- validateaddarticle -->
  <testcase name="validateaddarticle" time="0.0" classname="com.quickmove.qa.testcases.Articlesettingpagetest">
    <skipped/>
  </testcase> <!-- validateaddarticle -->
  <testcase name="validateaddarticle" time="0.0" classname="com.quickmove.qa.testcases.Articlesettingpagetest">
    <skipped/>
  </testcase> <!-- validateaddarticle -->
  <testcase name="validateaddarticle" time="0.0" classname="com.quickmove.qa.testcases.Articlesettingpagetest">
    <skipped/>
  </testcase> <!-- validateaddarticle -->
  <testcase name="validateaddarticle" time="0.0" classname="com.quickmove.qa.testcases.Articlesettingpagetest">
    <skipped/>
  </testcase> <!-- validateaddarticle -->
  <testcase name="validateaddarticle" time="0.0" classname="com.quickmove.qa.testcases.Articlesettingpagetest">
    <skipped/>
  </testcase> <!-- validateaddarticle -->
  <testcase name="validateaddarticle" time="0.0" classname="com.quickmove.qa.testcases.Articlesettingpagetest">
    <skipped/>
  </testcase> <!-- validateaddarticle -->
  <testcase name="validateaddarticle" time="0.0" classname="com.quickmove.qa.testcases.Articlesettingpagetest">
    <skipped/>
  </testcase> <!-- validateaddarticle -->
  <testcase name="validateaddarticle" time="0.0" classname="com.quickmove.qa.testcases.Articlesettingpagetest">
    <skipped/>
  </testcase> <!-- validateaddarticle -->
  <testcase name="validateaddarticle" time="0.0" classname="com.quickmove.qa.testcases.Articlesettingpagetest">
    <skipped/>
  </testcase> <!-- validateaddarticle -->
  <testcase name="validateaddarticle" time="0.0" classname="com.quickmove.qa.testcases.Articlesettingpagetest">
    <skipped/>
  </testcase> <!-- validateaddarticle -->
  <testcase name="validateaddarticle" time="0.0" classname="com.quickmove.qa.testcases.Articlesettingpagetest">
    <skipped/>
  </testcase> <!-- validateaddarticle -->
  <testcase name="validateaddarticle" time="0.0" classname="com.quickmove.qa.testcases.Articlesettingpagetest">
    <skipped/>
  </testcase> <!-- validateaddarticle -->
  <testcase name="validateaddarticle" time="0.0" classname="com.quickmove.qa.testcases.Articlesettingpagetest">
    <skipped/>
  </testcase> <!-- validateaddarticle -->
  <testcase name="validateaddarticle" time="0.0" classname="com.quickmove.qa.testcases.Articlesettingpagetest">
    <skipped/>
  </testcase> <!-- validateaddarticle -->
  <testcase name="validateaddarticle" time="0.0" classname="com.quickmove.qa.testcases.Articlesettingpagetest">
    <skipped/>
  </testcase> <!-- validateaddarticle -->
  <testcase name="validateaddarticle" time="0.0" classname="com.quickmove.qa.testcases.Articlesettingpagetest">
    <skipped/>
  </testcase> <!-- validateaddarticle -->
  <testcase name="validateaddarticle" time="0.0" classname="com.quickmove.qa.testcases.Articlesettingpagetest">
    <skipped/>
  </testcase> <!-- validateaddarticle -->
  <testcase name="validateaddarticle" time="0.0" classname="com.quickmove.qa.testcases.Articlesettingpagetest">
    <skipped/>
  </testcase> <!-- validateaddarticle -->
  <testcase name="validateaddarticle" time="0.0" classname="com.quickmove.qa.testcases.Articlesettingpagetest">
    <skipped/>
  </testcase> <!-- validateaddarticle -->
  <testcase name="validateaddarticle" time="0.0" classname="com.quickmove.qa.testcases.Articlesettingpagetest">
    <skipped/>
  </testcase> <!-- validateaddarticle -->
  <testcase name="validateaddarticle" time="0.0" classname="com.quickmove.qa.testcases.Articlesettingpagetest">
    <skipped/>
  </testcase> <!-- validateaddarticle -->
  <testcase name="validateaddarticle" time="0.0" classname="com.quickmove.qa.testcases.Articlesettingpagetest">
    <skipped/>
  </testcase> <!-- validateaddarticle -->
  <testcase name="validateaddarticle" time="0.0" classname="com.quickmove.qa.testcases.Articlesettingpagetest">
    <skipped/>
  </testcase> <!-- validateaddarticle -->
  <testcase name="validateaddarticle" time="0.0" classname="com.quickmove.qa.testcases.Articlesettingpagetest">
    <skipped/>
  </testcase> <!-- validateaddarticle -->
  <testcase name="validateaddarticle" time="0.0" classname="com.quickmove.qa.testcases.Articlesettingpagetest">
    <skipped/>
  </testcase> <!-- validateaddarticle -->
  <testcase name="validateaddarticle" time="0.0" classname="com.quickmove.qa.testcases.Articlesettingpagetest">
    <skipped/>
  </testcase> <!-- validateaddarticle -->
  <testcase name="validateaddarticle" time="0.0" classname="com.quickmove.qa.testcases.Articlesettingpagetest">
    <skipped/>
  </testcase> <!-- validateaddarticle -->
  <testcase name="validateaddarticle" time="0.0" classname="com.quickmove.qa.testcases.Articlesettingpagetest">
    <skipped/>
  </testcase> <!-- validateaddarticle -->
  <testcase name="validateaddarticle" time="0.0" classname="com.quickmove.qa.testcases.Articlesettingpagetest">
    <skipped/>
  </testcase> <!-- validateaddarticle -->
  <testcase name="validateaddarticle" time="0.0" classname="com.quickmove.qa.testcases.Articlesettingpagetest">
    <skipped/>
  </testcase> <!-- validateaddarticle -->
  <testcase name="validateaddarticle" time="0.0" classname="com.quickmove.qa.testcases.Articlesettingpagetest">
    <skipped/>
  </testcase> <!-- validateaddarticle -->
  <testcase name="validateaddarticle" time="0.0" classname="com.quickmove.qa.testcases.Articlesettingpagetest">
    <skipped/>
  </testcase> <!-- validateaddarticle -->
  <testcase name="validateaddarticle" time="0.0" classname="com.quickmove.qa.testcases.Articlesettingpagetest">
    <skipped/>
  </testcase> <!-- validateaddarticle -->
  <testcase name="validateaddarticle" time="0.0" classname="com.quickmove.qa.testcases.Articlesettingpagetest">
    <skipped/>
  </testcase> <!-- validateaddarticle -->
  <testcase name="validateaddarticle" time="0.0" classname="com.quickmove.qa.testcases.Articlesettingpagetest">
    <skipped/>
  </testcase> <!-- validateaddarticle -->
  <testcase name="validateaddarticle" time="0.0" classname="com.quickmove.qa.testcases.Articlesettingpagetest">
    <skipped/>
  </testcase> <!-- validateaddarticle -->
  <testcase name="validateaddarticle" time="0.0" classname="com.quickmove.qa.testcases.Articlesettingpagetest">
    <skipped/>
  </testcase> <!-- validateaddarticle -->
  <testcase name="validateaddarticle" time="0.0" classname="com.quickmove.qa.testcases.Articlesettingpagetest">
    <skipped/>
  </testcase> <!-- validateaddarticle -->
  <testcase name="validateaddarticle" time="0.0" classname="com.quickmove.qa.testcases.Articlesettingpagetest">
    <skipped/>
  </testcase> <!-- validateaddarticle -->
  <testcase name="validateaddarticle" time="0.0" classname="com.quickmove.qa.testcases.Articlesettingpagetest">
    <skipped/>
  </testcase> <!-- validateaddarticle -->
  <testcase name="validateaddarticle" time="0.0" classname="com.quickmove.qa.testcases.Articlesettingpagetest">
    <skipped/>
  </testcase> <!-- validateaddarticle -->
  <testcase name="validateaddarticle" time="0.0" classname="com.quickmove.qa.testcases.Articlesettingpagetest">
    <skipped/>
  </testcase> <!-- validateaddarticle -->
  <testcase name="validateaddarticle" time="0.0" classname="com.quickmove.qa.testcases.Articlesettingpagetest">
    <skipped/>
  </testcase> <!-- validateaddarticle -->
  <testcase name="validateaddarticle" time="0.0" classname="com.quickmove.qa.testcases.Articlesettingpagetest">
    <skipped/>
  </testcase> <!-- validateaddarticle -->
  <testcase name="validateaddarticle" time="0.0" classname="com.quickmove.qa.testcases.Articlesettingpagetest">
    <skipped/>
  </testcase> <!-- validateaddarticle -->
  <testcase name="validateaddarticle" time="0.0" classname="com.quickmove.qa.testcases.Articlesettingpagetest">
    <skipped/>
  </testcase> <!-- validateaddarticle -->
  <testcase name="validateaddarticle" time="0.0" classname="com.quickmove.qa.testcases.Articlesettingpagetest">
    <skipped/>
  </testcase> <!-- validateaddarticle -->
  <testcase name="validateaddarticle" time="0.0" classname="com.quickmove.qa.testcases.Articlesettingpagetest">
    <skipped/>
  </testcase> <!-- validateaddarticle -->
  <testcase name="validateaddarticle" time="0.0" classname="com.quickmove.qa.testcases.Articlesettingpagetest">
    <skipped/>
  </testcase> <!-- validateaddarticle -->
  <testcase name="validateaddarticle" time="0.0" classname="com.quickmove.qa.testcases.Articlesettingpagetest">
    <skipped/>
  </testcase> <!-- validateaddarticle -->
  <testcase name="validateaddarticle" time="0.0" classname="com.quickmove.qa.testcases.Articlesettingpagetest">
    <skipped/>
  </testcase> <!-- validateaddarticle -->
  <testcase name="validateaddarticle" time="0.0" classname="com.quickmove.qa.testcases.Articlesettingpagetest">
    <skipped/>
  </testcase> <!-- validateaddarticle -->
  <testcase name="validateaddarticle" time="0.0" classname="com.quickmove.qa.testcases.Articlesettingpagetest">
    <skipped/>
  </testcase> <!-- validateaddarticle -->
  <testcase name="validateaddarticle" time="0.0" classname="com.quickmove.qa.testcases.Articlesettingpagetest">
    <skipped/>
  </testcase> <!-- validateaddarticle -->
  <testcase name="validateaddarticle" time="0.0" classname="com.quickmove.qa.testcases.Articlesettingpagetest">
    <skipped/>
  </testcase> <!-- validateaddarticle -->
  <testcase name="validateaddarticle" time="0.0" classname="com.quickmove.qa.testcases.Articlesettingpagetest">
    <skipped/>
  </testcase> <!-- validateaddarticle -->
  <testcase name="validateaddarticle" time="0.0" classname="com.quickmove.qa.testcases.Articlesettingpagetest">
    <skipped/>
  </testcase> <!-- validateaddarticle -->
  <testcase name="validateaddarticle" time="0.0" classname="com.quickmove.qa.testcases.Articlesettingpagetest">
    <skipped/>
  </testcase> <!-- validateaddarticle -->
  <testcase name="validateaddarticle" time="0.0" classname="com.quickmove.qa.testcases.Articlesettingpagetest">
    <skipped/>
  </testcase> <!-- validateaddarticle -->
  <testcase name="validateaddarticle" time="0.0" classname="com.quickmove.qa.testcases.Articlesettingpagetest">
    <skipped/>
  </testcase> <!-- validateaddarticle -->
  <testcase name="validateaddarticle" time="0.0" classname="com.quickmove.qa.testcases.Articlesettingpagetest">
    <skipped/>
  </testcase> <!-- validateaddarticle -->
  <testcase name="validateaddarticle" time="0.0" classname="com.quickmove.qa.testcases.Articlesettingpagetest">
    <skipped/>
  </testcase> <!-- validateaddarticle -->
  <testcase name="validateaddarticle" time="0.0" classname="com.quickmove.qa.testcases.Articlesettingpagetest">
    <skipped/>
  </testcase> <!-- validateaddarticle -->
  <testcase name="validateaddarticle" time="0.0" classname="com.quickmove.qa.testcases.Articlesettingpagetest">
    <skipped/>
  </testcase> <!-- validateaddarticle -->
  <testcase name="validateaddarticle" time="0.0" classname="com.quickmove.qa.testcases.Articlesettingpagetest">
    <skipped/>
  </testcase> <!-- validateaddarticle -->
  <testcase name="validateaddarticle" time="0.0" classname="com.quickmove.qa.testcases.Articlesettingpagetest">
    <skipped/>
  </testcase> <!-- validateaddarticle -->
  <testcase name="validateaddarticle" time="0.0" classname="com.quickmove.qa.testcases.Articlesettingpagetest">
    <skipped/>
  </testcase> <!-- validateaddarticle -->
  <testcase name="validateaddarticle" time="0.0" classname="com.quickmove.qa.testcases.Articlesettingpagetest">
    <skipped/>
  </testcase> <!-- validateaddarticle -->
  <testcase name="validateaddarticle" time="0.0" classname="com.quickmove.qa.testcases.Articlesettingpagetest">
    <skipped/>
  </testcase> <!-- validateaddarticle -->
  <testcase name="validateaddarticle" time="0.0" classname="com.quickmove.qa.testcases.Articlesettingpagetest">
    <skipped/>
  </testcase> <!-- validateaddarticle -->
  <testcase name="validateaddarticle" time="0.0" classname="com.quickmove.qa.testcases.Articlesettingpagetest">
    <skipped/>
  </testcase> <!-- validateaddarticle -->
  <testcase name="validateaddarticle" time="0.0" classname="com.quickmove.qa.testcases.Articlesettingpagetest">
    <skipped/>
  </testcase> <!-- validateaddarticle -->
  <testcase name="validateaddarticle" time="0.0" classname="com.quickmove.qa.testcases.Articlesettingpagetest">
    <skipped/>
  </testcase> <!-- validateaddarticle -->
  <testcase name="validateaddarticle" time="0.0" classname="com.quickmove.qa.testcases.Articlesettingpagetest">
    <skipped/>
  </testcase> <!-- validateaddarticle -->
  <testcase name="validateaddarticle" time="0.0" classname="com.quickmove.qa.testcases.Articlesettingpagetest">
    <skipped/>
  </testcase> <!-- validateaddarticle -->
  <testcase name="validateaddarticle" time="0.0" classname="com.quickmove.qa.testcases.Articlesettingpagetest">
    <skipped/>
  </testcase> <!-- validateaddarticle -->
  <testcase name="validateaddarticle" time="0.0" classname="com.quickmove.qa.testcases.Articlesettingpagetest">
    <skipped/>
  </testcase> <!-- validateaddarticle -->
  <testcase name="validateaddarticle" time="0.0" classname="com.quickmove.qa.testcases.Articlesettingpagetest">
    <skipped/>
  </testcase> <!-- validateaddarticle -->
  <testcase name="validateaddarticle" time="0.0" classname="com.quickmove.qa.testcases.Articlesettingpagetest">
    <skipped/>
  </testcase> <!-- validateaddarticle -->
  <testcase name="validateaddarticle" time="0.0" classname="com.quickmove.qa.testcases.Articlesettingpagetest">
    <skipped/>
  </testcase> <!-- validateaddarticle -->
  <testcase name="validateaddarticle" time="0.0" classname="com.quickmove.qa.testcases.Articlesettingpagetest">
    <skipped/>
  </testcase> <!-- validateaddarticle -->
  <testcase name="validateaddarticle" time="0.0" classname="com.quickmove.qa.testcases.Articlesettingpagetest">
    <skipped/>
  </testcase> <!-- validateaddarticle -->
  <testcase name="validateaddarticle" time="0.0" classname="com.quickmove.qa.testcases.Articlesettingpagetest">
    <skipped/>
  </testcase> <!-- validateaddarticle -->
  <testcase name="validateaddarticle" time="0.0" classname="com.quickmove.qa.testcases.Articlesettingpagetest">
    <skipped/>
  </testcase> <!-- validateaddarticle -->
  <testcase name="validateaddarticle" time="0.0" classname="com.quickmove.qa.testcases.Articlesettingpagetest">
    <skipped/>
  </testcase> <!-- validateaddarticle -->
  <testcase name="validateaddarticle" time="0.0" classname="com.quickmove.qa.testcases.Articlesettingpagetest">
    <skipped/>
  </testcase> <!-- validateaddarticle -->
  <testcase name="validateaddarticle" time="0.0" classname="com.quickmove.qa.testcases.Articlesettingpagetest">
    <skipped/>
  </testcase> <!-- validateaddarticle -->
  <testcase name="validateaddarticle" time="0.0" classname="com.quickmove.qa.testcases.Articlesettingpagetest">
    <skipped/>
  </testcase> <!-- validateaddarticle -->
  <testcase name="validateaddarticle" time="0.0" classname="com.quickmove.qa.testcases.Articlesettingpagetest">
    <skipped/>
  </testcase> <!-- validateaddarticle -->
  <testcase name="validateaddarticle" time="0.0" classname="com.quickmove.qa.testcases.Articlesettingpagetest">
    <skipped/>
  </testcase> <!-- validateaddarticle -->
  <testcase name="validateaddarticle" time="0.0" classname="com.quickmove.qa.testcases.Articlesettingpagetest">
    <skipped/>
  </testcase> <!-- validateaddarticle -->
  <testcase name="validateaddarticle" time="0.0" classname="com.quickmove.qa.testcases.Articlesettingpagetest">
    <skipped/>
  </testcase> <!-- validateaddarticle -->
  <testcase name="validateaddarticle" time="0.0" classname="com.quickmove.qa.testcases.Articlesettingpagetest">
    <skipped/>
  </testcase> <!-- validateaddarticle -->
  <testcase name="validateaddarticle" time="0.0" classname="com.quickmove.qa.testcases.Articlesettingpagetest">
    <skipped/>
  </testcase> <!-- validateaddarticle -->
  <testcase name="validateaddarticle" time="0.0" classname="com.quickmove.qa.testcases.Articlesettingpagetest">
    <skipped/>
  </testcase> <!-- validateaddarticle -->
  <testcase name="validateaddarticle" time="0.0" classname="com.quickmove.qa.testcases.Articlesettingpagetest">
    <skipped/>
  </testcase> <!-- validateaddarticle -->
  <testcase name="validateaddarticle" time="0.0" classname="com.quickmove.qa.testcases.Articlesettingpagetest">
    <skipped/>
  </testcase> <!-- validateaddarticle -->
  <testcase name="validateaddarticle" time="0.0" classname="com.quickmove.qa.testcases.Articlesettingpagetest">
    <skipped/>
  </testcase> <!-- validateaddarticle -->
  <testcase name="validateaddarticle" time="0.0" classname="com.quickmove.qa.testcases.Articlesettingpagetest">
    <skipped/>
  </testcase> <!-- validateaddarticle -->
  <testcase name="validateaddarticle" time="0.0" classname="com.quickmove.qa.testcases.Articlesettingpagetest">
    <skipped/>
  </testcase> <!-- validateaddarticle -->
  <testcase name="validateaddarticle" time="0.0" classname="com.quickmove.qa.testcases.Articlesettingpagetest">
    <skipped/>
  </testcase> <!-- validateaddarticle -->
  <testcase name="validateaddarticle" time="0.0" classname="com.quickmove.qa.testcases.Articlesettingpagetest">
    <skipped/>
  </testcase> <!-- validateaddarticle -->
  <testcase name="validateaddarticle" time="0.0" classname="com.quickmove.qa.testcases.Articlesettingpagetest">
    <skipped/>
  </testcase> <!-- validateaddarticle -->
  <testcase name="validateaddarticle" time="0.0" classname="com.quickmove.qa.testcases.Articlesettingpagetest">
    <skipped/>
  </testcase> <!-- validateaddarticle -->
  <testcase name="validateaddarticle" time="0.0" classname="com.quickmove.qa.testcases.Articlesettingpagetest">
    <skipped/>
  </testcase> <!-- validateaddarticle -->
  <testcase name="validateaddarticle" time="0.0" classname="com.quickmove.qa.testcases.Articlesettingpagetest">
    <skipped/>
  </testcase> <!-- validateaddarticle -->
  <testcase name="validateaddarticle" time="0.0" classname="com.quickmove.qa.testcases.Articlesettingpagetest">
    <skipped/>
  </testcase> <!-- validateaddarticle -->
  <testcase name="validateaddarticle" time="0.0" classname="com.quickmove.qa.testcases.Articlesettingpagetest">
    <skipped/>
  </testcase> <!-- validateaddarticle -->
  <testcase name="validateaddarticle" time="0.0" classname="com.quickmove.qa.testcases.Articlesettingpagetest">
    <skipped/>
  </testcase> <!-- validateaddarticle -->
  <testcase name="validateaddarticle" time="0.0" classname="com.quickmove.qa.testcases.Articlesettingpagetest">
    <skipped/>
  </testcase> <!-- validateaddarticle -->
  <testcase name="validateaddarticle" time="0.0" classname="com.quickmove.qa.testcases.Articlesettingpagetest">
    <skipped/>
  </testcase> <!-- validateaddarticle -->
  <testcase name="validateaddarticle" time="0.0" classname="com.quickmove.qa.testcases.Articlesettingpagetest">
    <skipped/>
  </testcase> <!-- validateaddarticle -->
  <testcase name="validateaddarticle" time="0.0" classname="com.quickmove.qa.testcases.Articlesettingpagetest">
    <skipped/>
  </testcase> <!-- validateaddarticle -->
  <testcase name="validateaddarticle" time="0.0" classname="com.quickmove.qa.testcases.Articlesettingpagetest">
    <skipped/>
  </testcase> <!-- validateaddarticle -->
  <testcase name="validateaddarticle" time="0.0" classname="com.quickmove.qa.testcases.Articlesettingpagetest">
    <skipped/>
  </testcase> <!-- validateaddarticle -->
  <testcase name="validateaddarticle" time="0.0" classname="com.quickmove.qa.testcases.Articlesettingpagetest">
    <skipped/>
  </testcase> <!-- validateaddarticle -->
  <testcase name="validateaddarticle" time="0.0" classname="com.quickmove.qa.testcases.Articlesettingpagetest">
    <skipped/>
  </testcase> <!-- validateaddarticle -->
  <testcase name="validateaddarticle" time="0.0" classname="com.quickmove.qa.testcases.Articlesettingpagetest">
    <skipped/>
  </testcase> <!-- validateaddarticle -->
  <testcase name="validateaddarticle" time="0.0" classname="com.quickmove.qa.testcases.Articlesettingpagetest">
    <skipped/>
  </testcase> <!-- validateaddarticle -->
  <testcase name="validateaddarticle" time="0.0" classname="com.quickmove.qa.testcases.Articlesettingpagetest">
    <skipped/>
  </testcase> <!-- validateaddarticle -->
  <testcase name="validateaddarticle" time="0.0" classname="com.quickmove.qa.testcases.Articlesettingpagetest">
    <skipped/>
  </testcase> <!-- validateaddarticle -->
  <testcase name="validateaddarticle" time="0.0" classname="com.quickmove.qa.testcases.Articlesettingpagetest">
    <skipped/>
  </testcase> <!-- validateaddarticle -->
  <testcase name="validateaddarticle" time="0.0" classname="com.quickmove.qa.testcases.Articlesettingpagetest">
    <skipped/>
  </testcase> <!-- validateaddarticle -->
  <testcase name="validateaddarticle" time="0.0" classname="com.quickmove.qa.testcases.Articlesettingpagetest">
    <skipped/>
  </testcase> <!-- validateaddarticle -->
  <testcase name="validateaddarticle" time="0.0" classname="com.quickmove.qa.testcases.Articlesettingpagetest">
    <skipped/>
  </testcase> <!-- validateaddarticle -->
  <testcase name="validateaddarticle" time="0.0" classname="com.quickmove.qa.testcases.Articlesettingpagetest">
    <skipped/>
  </testcase> <!-- validateaddarticle -->
  <testcase name="validateaddarticle" time="0.0" classname="com.quickmove.qa.testcases.Articlesettingpagetest">
    <skipped/>
  </testcase> <!-- validateaddarticle -->
  <testcase name="validateaddarticle" time="0.0" classname="com.quickmove.qa.testcases.Articlesettingpagetest">
    <skipped/>
  </testcase> <!-- validateaddarticle -->
  <testcase name="validateaddarticle" time="0.0" classname="com.quickmove.qa.testcases.Articlesettingpagetest">
    <skipped/>
  </testcase> <!-- validateaddarticle -->
  <testcase name="validateaddarticle" time="0.0" classname="com.quickmove.qa.testcases.Articlesettingpagetest">
    <skipped/>
  </testcase> <!-- validateaddarticle -->
  <testcase name="validateaddarticle" time="0.0" classname="com.quickmove.qa.testcases.Articlesettingpagetest">
    <skipped/>
  </testcase> <!-- validateaddarticle -->
  <testcase name="validateaddarticle" time="0.0" classname="com.quickmove.qa.testcases.Articlesettingpagetest">
    <skipped/>
  </testcase> <!-- validateaddarticle -->
  <testcase name="validateaddarticle" time="0.0" classname="com.quickmove.qa.testcases.Articlesettingpagetest">
    <skipped/>
  </testcase> <!-- validateaddarticle -->
  <testcase name="validateaddarticle" time="0.0" classname="com.quickmove.qa.testcases.Articlesettingpagetest">
    <skipped/>
  </testcase> <!-- validateaddarticle -->
  <testcase name="validateaddarticle" time="0.0" classname="com.quickmove.qa.testcases.Articlesettingpagetest">
    <skipped/>
  </testcase> <!-- validateaddarticle -->
  <testcase name="validateaddarticle" time="0.0" classname="com.quickmove.qa.testcases.Articlesettingpagetest">
    <skipped/>
  </testcase> <!-- validateaddarticle -->
  <testcase name="validateaddarticle" time="0.0" classname="com.quickmove.qa.testcases.Articlesettingpagetest">
    <skipped/>
  </testcase> <!-- validateaddarticle -->
  <testcase name="validateaddarticle" time="0.0" classname="com.quickmove.qa.testcases.Articlesettingpagetest">
    <skipped/>
  </testcase> <!-- validateaddarticle -->
  <testcase name="validateaddarticle" time="0.0" classname="com.quickmove.qa.testcases.Articlesettingpagetest">
    <skipped/>
  </testcase> <!-- validateaddarticle -->
  <testcase name="validateaddarticle" time="0.0" classname="com.quickmove.qa.testcases.Articlesettingpagetest">
    <skipped/>
  </testcase> <!-- validateaddarticle -->
  <testcase name="validateaddarticle" time="0.0" classname="com.quickmove.qa.testcases.Articlesettingpagetest">
    <skipped/>
  </testcase> <!-- validateaddarticle -->
  <testcase name="validateaddarticle" time="0.0" classname="com.quickmove.qa.testcases.Articlesettingpagetest">
    <skipped/>
  </testcase> <!-- validateaddarticle -->
  <testcase name="validateaddarticle" time="0.0" classname="com.quickmove.qa.testcases.Articlesettingpagetest">
    <skipped/>
  </testcase> <!-- validateaddarticle -->
  <testcase name="validateaddarticle" time="0.0" classname="com.quickmove.qa.testcases.Articlesettingpagetest">
    <skipped/>
  </testcase> <!-- validateaddarticle -->
  <testcase name="validateaddarticle" time="0.0" classname="com.quickmove.qa.testcases.Articlesettingpagetest">
    <skipped/>
  </testcase> <!-- validateaddarticle -->
  <testcase name="validateaddarticle" time="0.0" classname="com.quickmove.qa.testcases.Articlesettingpagetest">
    <skipped/>
  </testcase> <!-- validateaddarticle -->
  <testcase name="validateaddarticle" time="0.0" classname="com.quickmove.qa.testcases.Articlesettingpagetest">
    <skipped/>
  </testcase> <!-- validateaddarticle -->
  <testcase name="validateaddarticle" time="0.0" classname="com.quickmove.qa.testcases.Articlesettingpagetest">
    <skipped/>
  </testcase> <!-- validateaddarticle -->
  <testcase name="validateaddarticle" time="0.0" classname="com.quickmove.qa.testcases.Articlesettingpagetest">
    <skipped/>
  </testcase> <!-- validateaddarticle -->
  <testcase name="validateaddarticle" time="0.0" classname="com.quickmove.qa.testcases.Articlesettingpagetest">
    <skipped/>
  </testcase> <!-- validateaddarticle -->
  <testcase name="validateaddarticle" time="0.0" classname="com.quickmove.qa.testcases.Articlesettingpagetest">
    <skipped/>
  </testcase> <!-- validateaddarticle -->
  <testcase name="validateaddarticle" time="0.0" classname="com.quickmove.qa.testcases.Articlesettingpagetest">
    <skipped/>
  </testcase> <!-- validateaddarticle -->
  <testcase name="validateaddarticle" time="0.0" classname="com.quickmove.qa.testcases.Articlesettingpagetest">
    <skipped/>
  </testcase> <!-- validateaddarticle -->
  <testcase name="validateaddarticle" time="0.0" classname="com.quickmove.qa.testcases.Articlesettingpagetest">
    <skipped/>
  </testcase> <!-- validateaddarticle -->
  <testcase name="validateaddarticle" time="0.0" classname="com.quickmove.qa.testcases.Articlesettingpagetest">
    <skipped/>
  </testcase> <!-- validateaddarticle -->
  <testcase name="validateaddarticle" time="0.0" classname="com.quickmove.qa.testcases.Articlesettingpagetest">
    <skipped/>
  </testcase> <!-- validateaddarticle -->
  <testcase name="validateaddarticle" time="0.0" classname="com.quickmove.qa.testcases.Articlesettingpagetest">
    <skipped/>
  </testcase> <!-- validateaddarticle -->
  <testcase name="validateaddarticle" time="0.0" classname="com.quickmove.qa.testcases.Articlesettingpagetest">
    <skipped/>
  </testcase> <!-- validateaddarticle -->
  <testcase name="validateaddarticle" time="0.0" classname="com.quickmove.qa.testcases.Articlesettingpagetest">
    <skipped/>
  </testcase> <!-- validateaddarticle -->
  <testcase name="validateaddarticle" time="0.0" classname="com.quickmove.qa.testcases.Articlesettingpagetest">
    <skipped/>
  </testcase> <!-- validateaddarticle -->
  <testcase name="validateaddarticle" time="0.0" classname="com.quickmove.qa.testcases.Articlesettingpagetest">
    <skipped/>
  </testcase> <!-- validateaddarticle -->
  <testcase name="validateaddarticle" time="0.0" classname="com.quickmove.qa.testcases.Articlesettingpagetest">
    <skipped/>
  </testcase> <!-- validateaddarticle -->
  <testcase name="validateaddarticle" time="0.0" classname="com.quickmove.qa.testcases.Articlesettingpagetest">
    <skipped/>
  </testcase> <!-- validateaddarticle -->
  <testcase name="validateaddarticle" time="0.0" classname="com.quickmove.qa.testcases.Articlesettingpagetest">
    <skipped/>
  </testcase> <!-- validateaddarticle -->
  <testcase name="validateaddarticle" time="0.0" classname="com.quickmove.qa.testcases.Articlesettingpagetest">
    <skipped/>
  </testcase> <!-- validateaddarticle -->
  <testcase name="validateaddarticle" time="0.0" classname="com.quickmove.qa.testcases.Articlesettingpagetest">
    <skipped/>
  </testcase> <!-- validateaddarticle -->
  <testcase name="validateaddarticle" time="0.0" classname="com.quickmove.qa.testcases.Articlesettingpagetest">
    <skipped/>
  </testcase> <!-- validateaddarticle -->
  <testcase name="validateaddarticle" time="0.0" classname="com.quickmove.qa.testcases.Articlesettingpagetest">
    <skipped/>
  </testcase> <!-- validateaddarticle -->
  <testcase name="validateaddarticle" time="0.0" classname="com.quickmove.qa.testcases.Articlesettingpagetest">
    <skipped/>
  </testcase> <!-- validateaddarticle -->
  <testcase name="validateaddarticle" time="0.0" classname="com.quickmove.qa.testcases.Articlesettingpagetest">
    <skipped/>
  </testcase> <!-- validateaddarticle -->
  <testcase name="validateaddarticle" time="0.0" classname="com.quickmove.qa.testcases.Articlesettingpagetest">
    <skipped/>
  </testcase> <!-- validateaddarticle -->
  <testcase name="validateaddarticle" time="0.0" classname="com.quickmove.qa.testcases.Articlesettingpagetest">
    <skipped/>
  </testcase> <!-- validateaddarticle -->
  <testcase name="validateaddarticle" time="0.0" classname="com.quickmove.qa.testcases.Articlesettingpagetest">
    <skipped/>
  </testcase> <!-- validateaddarticle -->
  <testcase name="validateaddarticle" time="0.0" classname="com.quickmove.qa.testcases.Articlesettingpagetest">
    <skipped/>
  </testcase> <!-- validateaddarticle -->
  <testcase name="validateaddarticle" time="0.0" classname="com.quickmove.qa.testcases.Articlesettingpagetest">
    <skipped/>
  </testcase> <!-- validateaddarticle -->
  <testcase name="validateaddarticle" time="0.0" classname="com.quickmove.qa.testcases.Articlesettingpagetest">
    <skipped/>
  </testcase> <!-- validateaddarticle -->
  <testcase name="validateaddarticle" time="0.0" classname="com.quickmove.qa.testcases.Articlesettingpagetest">
    <skipped/>
  </testcase> <!-- validateaddarticle -->
  <testcase name="validateaddarticle" time="0.0" classname="com.quickmove.qa.testcases.Articlesettingpagetest">
    <skipped/>
  </testcase> <!-- validateaddarticle -->
  <testcase name="validateaddarticle" time="0.0" classname="com.quickmove.qa.testcases.Articlesettingpagetest">
    <skipped/>
  </testcase> <!-- validateaddarticle -->
  <testcase name="validateaddarticle" time="0.0" classname="com.quickmove.qa.testcases.Articlesettingpagetest">
    <skipped/>
  </testcase> <!-- validateaddarticle -->
  <testcase name="validateaddarticle" time="0.0" classname="com.quickmove.qa.testcases.Articlesettingpagetest">
    <skipped/>
  </testcase> <!-- validateaddarticle -->
  <testcase name="validateaddarticle" time="0.0" classname="com.quickmove.qa.testcases.Articlesettingpagetest">
    <skipped/>
  </testcase> <!-- validateaddarticle -->
  <testcase name="validateaddarticle" time="0.0" classname="com.quickmove.qa.testcases.Articlesettingpagetest">
    <skipped/>
  </testcase> <!-- validateaddarticle -->
  <testcase name="validateaddarticle" time="0.0" classname="com.quickmove.qa.testcases.Articlesettingpagetest">
    <skipped/>
  </testcase> <!-- validateaddarticle -->
  <testcase name="validateaddarticle" time="0.0" classname="com.quickmove.qa.testcases.Articlesettingpagetest">
    <skipped/>
  </testcase> <!-- validateaddarticle -->
</testsuite> <!--  CRM App Test Cases -->
