<?xml version="1.0" encoding="UTF-8"?>
<!-- Generated by org.testng.reporters.JUnitXMLReporter -->
<testsuite hostname="DESKTOP-HTSMLT5" ignored="0" name="Default test" tests="162" failures="8" timestamp="2020-05-10T12:38:36 IST" time="2867.066" errors="0">
  <testcase name="@BeforeMethod setup" time="17.018" classname="com.quickmove.qa.testcases.Addroomsettingtest">
    <failure type="org.openqa.selenium.NoSuchElementException" message="no such element: Unable to locate element: {&amp;quot;method&amp;quot;:&amp;quot;xpath&amp;quot;,&amp;quot;selector&amp;quot;:&amp;quot;//a[@class=&amp;apos;icon-Setting&amp;apos;]&amp;quot;}
  (Session info: chrome=72.0.3626.121)
  (Driver info: chromedriver=73.0.3683.68 (47787ec04b6e38e22703e856e101e840b65afe72),platform=Windows NT 10.0.10240 x86_64) (WARNING: The server did not provide any stacktrace information)
Command duration or timeout: 0 milliseconds
For documentation on this error, please visit: https://www.seleniumhq.org/exceptions/no_such_element.html
Build info: version: &amp;apos;3.141.59&amp;apos;, revision: &amp;apos;e82be7d358&amp;apos;, time: &amp;apos;2018-11-14T08:17:03&amp;apos;
System info: host: &amp;apos;DESKTOP-HTSMLT5&amp;apos;, ip: &amp;apos;192.168.0.111&amp;apos;, os.name: &amp;apos;Windows 10&amp;apos;, os.arch: &amp;apos;amd64&amp;apos;, os.version: &amp;apos;10.0&amp;apos;, java.version: &amp;apos;1.8.0_171&amp;apos;
Driver info: org.openqa.selenium.chrome.ChromeDriver
Capabilities {acceptInsecureCerts: false, acceptSslCerts: false, applicationCacheEnabled: false, browserConnectionEnabled: false, browserName: chrome, chrome: {chromedriverVersion: 73.0.3683.68 (47787ec04b6e3..., userDataDir: C:\Users\Admin\AppData\Loca...}, cssSelectorsEnabled: true, databaseEnabled: false, goog:chromeOptions: {debuggerAddress: localhost:62973}, handlesAlerts: true, hasTouchScreen: false, javascriptEnabled: true, locationContextEnabled: true, mobileEmulationEnabled: false, nativeEvents: true, networkConnectionEnabled: false, pageLoadStrategy: normal, platform: XP, platformName: XP, proxy: Proxy(), rotatable: false, setWindowRect: true, strictFileInteractability: false, takesHeapSnapshot: true, takesScreenshot: true, timeouts: {implicit: 0, pageLoad: 300000, script: 30000}, unexpectedAlertBehaviour: ignore, unhandledPromptBehavior: ignore, version: 72.0.3626.121, webStorageEnabled: true}
Session ID: 91a6c29dfcf00a9ccaea92b88c7f25eb
*** Element info: {Using=xpath, value=//a[@class=&amp;apos;icon-Setting&amp;apos;]}">
      <![CDATA[org.openqa.selenium.NoSuchElementException: no such element: Unable to locate element: {"method":"xpath","selector":"//a[@class='icon-Setting']"}
  (Session info: chrome=72.0.3626.121)
  (Driver info: chromedriver=73.0.3683.68 (47787ec04b6e38e22703e856e101e840b65afe72),platform=Windows NT 10.0.10240 x86_64) (WARNING: The server did not provide any stacktrace information)
Command duration or timeout: 0 milliseconds
For documentation on this error, please visit: https://www.seleniumhq.org/exceptions/no_such_element.html
Build info: version: '3.141.59', revision: 'e82be7d358', time: '2018-11-14T08:17:03'
System info: host: 'DESKTOP-HTSMLT5', ip: '192.168.0.111', os.name: 'Windows 10', os.arch: 'amd64', os.version: '10.0', java.version: '1.8.0_171'
Driver info: org.openqa.selenium.chrome.ChromeDriver
Capabilities {acceptInsecureCerts: false, acceptSslCerts: false, applicationCacheEnabled: false, browserConnectionEnabled: false, browserName: chrome, chrome: {chromedriverVersion: 73.0.3683.68 (47787ec04b6e3..., userDataDir: C:\Users\Admin\AppData\Loca...}, cssSelectorsEnabled: true, databaseEnabled: false, goog:chromeOptions: {debuggerAddress: localhost:62973}, handlesAlerts: true, hasTouchScreen: false, javascriptEnabled: true, locationContextEnabled: true, mobileEmulationEnabled: false, nativeEvents: true, networkConnectionEnabled: false, pageLoadStrategy: normal, platform: XP, platformName: XP, proxy: Proxy(), rotatable: false, setWindowRect: true, strictFileInteractability: false, takesHeapSnapshot: true, takesScreenshot: true, timeouts: {implicit: 0, pageLoad: 300000, script: 30000}, unexpectedAlertBehaviour: ignore, unhandledPromptBehavior: ignore, version: 72.0.3626.121, webStorageEnabled: true}
Session ID: 91a6c29dfcf00a9ccaea92b88c7f25eb
*** Element info: {Using=xpath, value=//a[@class='icon-Setting']}
at sun.reflect.NativeConstructorAccessorImpl.newInstance0(Native Method)
at sun.reflect.NativeConstructorAccessorImpl.newInstance(Unknown Source)
at sun.reflect.DelegatingConstructorAccessorImpl.newInstance(Unknown Source)
at java.lang.reflect.Constructor.newInstance(Unknown Source)
at org.openqa.selenium.remote.ErrorHandler.createThrowable(ErrorHandler.java:214)
at org.openqa.selenium.remote.ErrorHandler.throwIfResponseFailed(ErrorHandler.java:166)
at org.openqa.selenium.remote.http.JsonHttpResponseCodec.reconstructValue(JsonHttpResponseCodec.java:40)
at org.openqa.selenium.remote.http.AbstractHttpResponseCodec.decode(AbstractHttpResponseCodec.java:80)
at org.openqa.selenium.remote.http.AbstractHttpResponseCodec.decode(AbstractHttpResponseCodec.java:44)
at org.openqa.selenium.remote.HttpCommandExecutor.execute(HttpCommandExecutor.java:158)
at org.openqa.selenium.remote.service.DriverCommandExecutor.execute(DriverCommandExecutor.java:83)
at org.openqa.selenium.remote.RemoteWebDriver.execute(RemoteWebDriver.java:552)
at org.openqa.selenium.remote.RemoteWebDriver.findElement(RemoteWebDriver.java:323)
at org.openqa.selenium.remote.RemoteWebDriver.findElementByXPath(RemoteWebDriver.java:428)
at org.openqa.selenium.By$ByXPath.findElement(By.java:353)
at org.openqa.selenium.remote.RemoteWebDriver.findElement(RemoteWebDriver.java:315)
at org.openqa.selenium.support.pagefactory.DefaultElementLocator.findElement(DefaultElementLocator.java:69)
at org.openqa.selenium.support.pagefactory.internal.LocatingElementHandler.invoke(LocatingElementHandler.java:38)
at com.sun.proxy.$Proxy10.click(Unknown Source)
at com.quickmove.qa.pages.HomePage.clickonsettinglink(HomePage.java:29)
at com.quickmove.qa.testcases.Addroomsettingtest.setup(Addroomsettingtest.java:39)
at sun.reflect.NativeMethodAccessorImpl.invoke0(Native Method)
at sun.reflect.NativeMethodAccessorImpl.invoke(Unknown Source)
at sun.reflect.DelegatingMethodAccessorImpl.invoke(Unknown Source)
at java.lang.reflect.Method.invoke(Unknown Source)
at org.testng.internal.MethodInvocationHelper.invokeMethod(MethodInvocationHelper.java:133)
at org.testng.internal.MethodInvocationHelper.invokeMethodConsideringTimeout(MethodInvocationHelper.java:62)
at org.testng.internal.ConfigInvoker.invokeConfigurationMethod(ConfigInvoker.java:340)
at org.testng.internal.ConfigInvoker.invokeConfigurations(ConfigInvoker.java:294)
at org.testng.internal.TestInvoker.runConfigMethods(TestInvoker.java:683)
at org.testng.internal.TestInvoker.invokeMethod(TestInvoker.java:510)
at org.testng.internal.TestInvoker.invokeTestMethod(TestInvoker.java:172)
at org.testng.internal.MethodRunner.runInSequence(MethodRunner.java:46)
at org.testng.internal.TestInvoker$MethodInvocationAgent.invoke(TestInvoker.java:804)
at org.testng.internal.TestInvoker.invokeTestMethods(TestInvoker.java:145)
at org.testng.internal.TestMethodWorker.invokeTestMethods(TestMethodWorker.java:146)
at org.testng.internal.TestMethodWorker.run(TestMethodWorker.java:128)
at java.util.ArrayList.forEach(Unknown Source)
at org.testng.TestRunner.privateRun(TestRunner.java:770)
at org.testng.TestRunner.run(TestRunner.java:591)
at org.testng.SuiteRunner.runTest(SuiteRunner.java:402)
at org.testng.SuiteRunner.runSequentially(SuiteRunner.java:396)
at org.testng.SuiteRunner.privateRun(SuiteRunner.java:355)
at org.testng.SuiteRunner.run(SuiteRunner.java:304)
at org.testng.SuiteRunnerWorker.runSuite(SuiteRunnerWorker.java:53)
at org.testng.SuiteRunnerWorker.run(SuiteRunnerWorker.java:96)
at org.testng.TestNG.runSuitesSequentially(TestNG.java:1180)
at org.testng.TestNG.runSuitesLocally(TestNG.java:1102)
at org.testng.TestNG.runSuites(TestNG.java:1032)
at org.testng.TestNG.run(TestNG.java:1000)
at org.testng.remote.AbstractRemoteTestNG.run(AbstractRemoteTestNG.java:115)
at org.testng.remote.RemoteTestNG.initAndRun(RemoteTestNG.java:251)
at org.testng.remote.RemoteTestNG.main(RemoteTestNG.java:77)
]]>
    </failure>
  </testcase> <!-- @BeforeMethod setup -->
  <testcase name="@AfterMethod teardown" time="-1.589094512796E9" classname="com.quickmove.qa.testcases.Addroomsettingtest">
    <skipped/>
  </testcase> <!-- @AfterMethod teardown -->
  <testcase name="@BeforeMethod setup" time="-1.589094512796E9" classname="com.quickmove.qa.testcases.Addroomsettingtest">
    <skipped/>
  </testcase> <!-- @BeforeMethod setup -->
  <testcase name="@AfterMethod teardown" time="-1.589094512804E9" classname="com.quickmove.qa.testcases.Addroomsettingtest">
    <skipped/>
  </testcase> <!-- @AfterMethod teardown -->
  <testcase name="@BeforeMethod setup" time="-1.589094512804E9" classname="com.quickmove.qa.testcases.Addroomsettingtest">
    <skipped/>
  </testcase> <!-- @BeforeMethod setup -->
  <testcase name="@AfterMethod teardown" time="-1.589094512812E9" classname="com.quickmove.qa.testcases.Addroomsettingtest">
    <skipped/>
  </testcase> <!-- @AfterMethod teardown -->
  <testcase name="@BeforeMethod setup" time="-1.589094512812E9" classname="com.quickmove.qa.testcases.Addroomsettingtest">
    <skipped/>
  </testcase> <!-- @BeforeMethod setup -->
  <testcase name="@AfterMethod teardown" time="-1.589094512824E9" classname="com.quickmove.qa.testcases.Addroomsettingtest">
    <skipped/>
  </testcase> <!-- @AfterMethod teardown -->
  <testcase name="@BeforeMethod setup" time="-1.589094512824E9" classname="com.quickmove.qa.testcases.Addroomsettingtest">
    <skipped/>
  </testcase> <!-- @BeforeMethod setup -->
  <testcase name="@AfterMethod teardown" time="-1.589094512836E9" classname="com.quickmove.qa.testcases.Addroomsettingtest">
    <skipped/>
  </testcase> <!-- @AfterMethod teardown -->
  <testcase name="@BeforeMethod setup" time="-1.589094512836E9" classname="com.quickmove.qa.testcases.Addroomsettingtest">
    <skipped/>
  </testcase> <!-- @BeforeMethod setup -->
  <testcase name="@AfterMethod teardown" time="-1.589094512841E9" classname="com.quickmove.qa.testcases.Addroomsettingtest">
    <skipped/>
  </testcase> <!-- @AfterMethod teardown -->
  <testcase name="@BeforeMethod setup" time="-1.589094512841E9" classname="com.quickmove.qa.testcases.Addroomsettingtest">
    <skipped/>
  </testcase> <!-- @BeforeMethod setup -->
  <testcase name="@AfterMethod teardown" time="-1.589094512841E9" classname="com.quickmove.qa.testcases.Addroomsettingtest">
    <skipped/>
  </testcase> <!-- @AfterMethod teardown -->
  <testcase name="@BeforeMethod setup" time="-1.589094512841E9" classname="com.quickmove.qa.testcases.Addroomsettingtest">
    <skipped/>
  </testcase> <!-- @BeforeMethod setup -->
  <testcase name="@AfterMethod teardown" time="-1.589094512857E9" classname="com.quickmove.qa.testcases.Addroomsettingtest">
    <skipped/>
  </testcase> <!-- @AfterMethod teardown -->
  <testcase name="@BeforeMethod setup" time="-1.589094512857E9" classname="com.quickmove.qa.testcases.Addroomsettingtest">
    <skipped/>
  </testcase> <!-- @BeforeMethod setup -->
  <testcase name="@AfterMethod teardown" time="-1.589094512872E9" classname="com.quickmove.qa.testcases.Addroomsettingtest">
    <skipped/>
  </testcase> <!-- @AfterMethod teardown -->
  <testcase name="@BeforeMethod setup" time="-1.58909451319E9" classname="com.quickmove.qa.testcases.Addroomsettingtest">
    <skipped/>
  </testcase> <!-- @BeforeMethod setup -->
  <testcase name="@AfterMethod teardown" time="-1.589094513198E9" classname="com.quickmove.qa.testcases.Addroomsettingtest">
    <skipped/>
  </testcase> <!-- @AfterMethod teardown -->
  <testcase name="@BeforeMethod setup" time="-1.589094513202E9" classname="com.quickmove.qa.testcases.Addroomsettingtest">
    <skipped/>
  </testcase> <!-- @BeforeMethod setup -->
  <testcase name="@AfterMethod teardown" time="-1.58909451321E9" classname="com.quickmove.qa.testcases.Addroomsettingtest">
    <skipped/>
  </testcase> <!-- @AfterMethod teardown -->
  <testcase name="@BeforeMethod setup" time="-1.589094513214E9" classname="com.quickmove.qa.testcases.Addroomsettingtest">
    <skipped/>
  </testcase> <!-- @BeforeMethod setup -->
  <testcase name="@AfterMethod teardown" time="-1.589094513222E9" classname="com.quickmove.qa.testcases.Addroomsettingtest">
    <skipped/>
  </testcase> <!-- @AfterMethod teardown -->
  <testcase name="@BeforeMethod setup" time="-1.589094513226E9" classname="com.quickmove.qa.testcases.Addroomsettingtest">
    <skipped/>
  </testcase> <!-- @BeforeMethod setup -->
  <testcase name="@AfterMethod teardown" time="-1.58909451323E9" classname="com.quickmove.qa.testcases.Addroomsettingtest">
    <skipped/>
  </testcase> <!-- @AfterMethod teardown -->
  <testcase name="@BeforeMethod setup" time="-1.58909451323E9" classname="com.quickmove.qa.testcases.Addroomsettingtest">
    <skipped/>
  </testcase> <!-- @BeforeMethod setup -->
  <testcase name="@AfterMethod teardown" time="-1.589094513246E9" classname="com.quickmove.qa.testcases.Addroomsettingtest">
    <skipped/>
  </testcase> <!-- @AfterMethod teardown -->
  <testcase name="@BeforeMethod setup" time="-1.58909451325E9" classname="com.quickmove.qa.testcases.Addroomsettingtest">
    <skipped/>
  </testcase> <!-- @BeforeMethod setup -->
  <testcase name="@AfterMethod teardown" time="-1.589094513254E9" classname="com.quickmove.qa.testcases.Addroomsettingtest">
    <skipped/>
  </testcase> <!-- @AfterMethod teardown -->
  <testcase name="@BeforeMethod setup" time="-1.589094513258E9" classname="com.quickmove.qa.testcases.Addroomsettingtest">
    <skipped/>
  </testcase> <!-- @BeforeMethod setup -->
  <testcase name="@AfterMethod teardown" time="-1.589094513262E9" classname="com.quickmove.qa.testcases.Addroomsettingtest">
    <skipped/>
  </testcase> <!-- @AfterMethod teardown -->
  <testcase name="@BeforeMethod setup" time="-1.589094513262E9" classname="com.quickmove.qa.testcases.Addroomsettingtest">
    <skipped/>
  </testcase> <!-- @BeforeMethod setup -->
  <testcase name="@AfterMethod teardown" time="-1.58909451327E9" classname="com.quickmove.qa.testcases.Addroomsettingtest">
    <skipped/>
  </testcase> <!-- @AfterMethod teardown -->
  <testcase name="@BeforeMethod setup" time="-1.589094513274E9" classname="com.quickmove.qa.testcases.Addroomsettingtest">
    <skipped/>
  </testcase> <!-- @BeforeMethod setup -->
  <testcase name="@AfterMethod teardown" time="-1.589094513278E9" classname="com.quickmove.qa.testcases.Addroomsettingtest">
    <skipped/>
  </testcase> <!-- @AfterMethod teardown -->
  <testcase name="@BeforeMethod setup" time="-1.589094513282E9" classname="com.quickmove.qa.testcases.Addroomsettingtest">
    <skipped/>
  </testcase> <!-- @BeforeMethod setup -->
  <testcase name="@AfterMethod teardown" time="-1.589094513286E9" classname="com.quickmove.qa.testcases.Addroomsettingtest">
    <skipped/>
  </testcase> <!-- @AfterMethod teardown -->
  <testcase name="@BeforeMethod setup" time="-1.589094513286E9" classname="com.quickmove.qa.testcases.Addroomsettingtest">
    <skipped/>
  </testcase> <!-- @BeforeMethod setup -->
  <testcase name="@AfterMethod teardown" time="-1.589094513294E9" classname="com.quickmove.qa.testcases.Addroomsettingtest">
    <skipped/>
  </testcase> <!-- @AfterMethod teardown -->
  <testcase name="@BeforeMethod setup" time="-1.589094513294E9" classname="com.quickmove.qa.testcases.Addroomsettingtest">
    <skipped/>
  </testcase> <!-- @BeforeMethod setup -->
  <testcase name="@AfterMethod teardown" time="-1.589094513298E9" classname="com.quickmove.qa.testcases.Addroomsettingtest">
    <skipped/>
  </testcase> <!-- @AfterMethod teardown -->
  <testcase name="@BeforeMethod setup" time="-1.589094513306E9" classname="com.quickmove.qa.testcases.Addroomsettingtest">
    <skipped/>
  </testcase> <!-- @BeforeMethod setup -->
  <testcase name="@AfterMethod teardown" time="-1.589094513314E9" classname="com.quickmove.qa.testcases.Addroomsettingtest">
    <skipped/>
  </testcase> <!-- @AfterMethod teardown -->
  <testcase name="@BeforeMethod setup" time="-1.589094513314E9" classname="com.quickmove.qa.testcases.Addroomsettingtest">
    <skipped/>
  </testcase> <!-- @BeforeMethod setup -->
  <testcase name="@AfterMethod teardown" time="-1.589094513326E9" classname="com.quickmove.qa.testcases.Addroomsettingtest">
    <skipped/>
  </testcase> <!-- @AfterMethod teardown -->
  <testcase name="@BeforeMethod setup" time="-1.589094513326E9" classname="com.quickmove.qa.testcases.Addroomsettingtest">
    <skipped/>
  </testcase> <!-- @BeforeMethod setup -->
  <testcase name="@AfterMethod teardown" time="-1.58909451333E9" classname="com.quickmove.qa.testcases.Addroomsettingtest">
    <skipped/>
  </testcase> <!-- @AfterMethod teardown -->
  <testcase name="@BeforeMethod setup" time="-1.58909451333E9" classname="com.quickmove.qa.testcases.Addroomsettingtest">
    <skipped/>
  </testcase> <!-- @BeforeMethod setup -->
  <testcase name="@AfterMethod teardown" time="-1.589094513338E9" classname="com.quickmove.qa.testcases.Addroomsettingtest">
    <skipped/>
  </testcase> <!-- @AfterMethod teardown -->
  <testcase name="@BeforeMethod setup" time="-1.589094513338E9" classname="com.quickmove.qa.testcases.Addroomsettingtest">
    <skipped/>
  </testcase> <!-- @BeforeMethod setup -->
  <testcase name="@AfterMethod teardown" time="-1.589094513346E9" classname="com.quickmove.qa.testcases.Addroomsettingtest">
    <skipped/>
  </testcase> <!-- @AfterMethod teardown -->
  <testcase name="@BeforeMethod setup" time="-1.589094513346E9" classname="com.quickmove.qa.testcases.Addroomsettingtest">
    <skipped/>
  </testcase> <!-- @BeforeMethod setup -->
  <testcase name="@AfterMethod teardown" time="-1.589094513354E9" classname="com.quickmove.qa.testcases.Addroomsettingtest">
    <skipped/>
  </testcase> <!-- @AfterMethod teardown -->
  <testcase name="@BeforeMethod setup" time="-1.589094513696E9" classname="com.quickmove.qa.testcases.Addroomsettingtest">
    <skipped/>
  </testcase> <!-- @BeforeMethod setup -->
  <testcase name="@AfterMethod teardown" time="-1.589094513712E9" classname="com.quickmove.qa.testcases.Addroomsettingtest">
    <skipped/>
  </testcase> <!-- @AfterMethod teardown -->
  <testcase name="@BeforeMethod setup" time="-1.589094513712E9" classname="com.quickmove.qa.testcases.Addroomsettingtest">
    <skipped/>
  </testcase> <!-- @BeforeMethod setup -->
  <testcase name="@AfterMethod teardown" time="-1.589094513716E9" classname="com.quickmove.qa.testcases.Addroomsettingtest">
    <skipped/>
  </testcase> <!-- @AfterMethod teardown -->
  <testcase name="@BeforeMethod setup" time="-1.58909451372E9" classname="com.quickmove.qa.testcases.Addroomsettingtest">
    <skipped/>
  </testcase> <!-- @BeforeMethod setup -->
  <testcase name="@AfterMethod teardown" time="-1.589094513724E9" classname="com.quickmove.qa.testcases.Addroomsettingtest">
    <skipped/>
  </testcase> <!-- @AfterMethod teardown -->
  <testcase name="@BeforeMethod setup" time="-1.589094513724E9" classname="com.quickmove.qa.testcases.Addroomsettingtest">
    <skipped/>
  </testcase> <!-- @BeforeMethod setup -->
  <testcase name="@AfterMethod teardown" time="-1.589094513724E9" classname="com.quickmove.qa.testcases.Addroomsettingtest">
    <skipped/>
  </testcase> <!-- @AfterMethod teardown -->
  <testcase name="@BeforeMethod setup" time="-1.58909451374E9" classname="com.quickmove.qa.testcases.Addroomsettingtest">
    <skipped/>
  </testcase> <!-- @BeforeMethod setup -->
  <testcase name="@AfterMethod teardown" time="-1.58909451374E9" classname="com.quickmove.qa.testcases.Addroomsettingtest">
    <skipped/>
  </testcase> <!-- @AfterMethod teardown -->
  <testcase name="@BeforeMethod setup" time="-1.589094513755E9" classname="com.quickmove.qa.testcases.Addroomsettingtest">
    <skipped/>
  </testcase> <!-- @BeforeMethod setup -->
  <testcase name="@AfterMethod teardown" time="-1.589094513755E9" classname="com.quickmove.qa.testcases.Addroomsettingtest">
    <skipped/>
  </testcase> <!-- @AfterMethod teardown -->
  <testcase name="@BeforeMethod setup" time="-1.589094513771E9" classname="com.quickmove.qa.testcases.Addroomsettingtest">
    <skipped/>
  </testcase> <!-- @BeforeMethod setup -->
  <testcase name="@AfterMethod teardown" time="-1.589094513787E9" classname="com.quickmove.qa.testcases.Addroomsettingtest">
    <skipped/>
  </testcase> <!-- @AfterMethod teardown -->
  <testcase name="@BeforeMethod setup" time="-1.589094513787E9" classname="com.quickmove.qa.testcases.Addroomsettingtest">
    <skipped/>
  </testcase> <!-- @BeforeMethod setup -->
  <testcase name="@AfterMethod teardown" time="-1.589094513787E9" classname="com.quickmove.qa.testcases.Addroomsettingtest">
    <skipped/>
  </testcase> <!-- @AfterMethod teardown -->
  <testcase name="@BeforeMethod setup" time="-1.589094513802E9" classname="com.quickmove.qa.testcases.Addroomsettingtest">
    <skipped/>
  </testcase> <!-- @BeforeMethod setup -->
  <testcase name="@AfterMethod teardown" time="-1.589094513818E9" classname="com.quickmove.qa.testcases.Addroomsettingtest">
    <skipped/>
  </testcase> <!-- @AfterMethod teardown -->
  <testcase name="@BeforeMethod setup" time="-1.589094513834E9" classname="com.quickmove.qa.testcases.Addroomsettingtest">
    <skipped/>
  </testcase> <!-- @BeforeMethod setup -->
  <testcase name="@AfterMethod teardown" time="-1.589094513834E9" classname="com.quickmove.qa.testcases.Addroomsettingtest">
    <skipped/>
  </testcase> <!-- @AfterMethod teardown -->
  <testcase name="@BeforeMethod setup" time="-1.589094513834E9" classname="com.quickmove.qa.testcases.Addroomsettingtest">
    <skipped/>
  </testcase> <!-- @BeforeMethod setup -->
  <testcase name="@AfterMethod teardown" time="-1.589094513849E9" classname="com.quickmove.qa.testcases.Addroomsettingtest">
    <skipped/>
  </testcase> <!-- @AfterMethod teardown -->
  <testcase name="@BeforeMethod setup" time="-1.589094513849E9" classname="com.quickmove.qa.testcases.Addroomsettingtest">
    <skipped/>
  </testcase> <!-- @BeforeMethod setup -->
  <testcase name="@AfterMethod teardown" time="-1.589094513865E9" classname="com.quickmove.qa.testcases.Addroomsettingtest">
    <skipped/>
  </testcase> <!-- @AfterMethod teardown -->
  <testcase name="@BeforeMethod setup" time="-1.589094513865E9" classname="com.quickmove.qa.testcases.Addroomsettingtest">
    <skipped/>
  </testcase> <!-- @BeforeMethod setup -->
  <testcase name="@AfterMethod teardown" time="-1.58909451388E9" classname="com.quickmove.qa.testcases.Addroomsettingtest">
    <skipped/>
  </testcase> <!-- @AfterMethod teardown -->
  <testcase name="@BeforeMethod setup" time="-1.58909451388E9" classname="com.quickmove.qa.testcases.Addroomsettingtest">
    <skipped/>
  </testcase> <!-- @BeforeMethod setup -->
  <testcase name="@AfterMethod teardown" time="-1.589094513896E9" classname="com.quickmove.qa.testcases.Addroomsettingtest">
    <skipped/>
  </testcase> <!-- @AfterMethod teardown -->
  <testcase name="@BeforeMethod setup" time="-1.589094513896E9" classname="com.quickmove.qa.testcases.Addroomsettingtest">
    <skipped/>
  </testcase> <!-- @BeforeMethod setup -->
  <testcase name="@AfterMethod teardown" time="-1.589094513943E9" classname="com.quickmove.qa.testcases.Addroomsettingtest">
    <skipped/>
  </testcase> <!-- @AfterMethod teardown -->
  <testcase name="@BeforeMethod setup" time="-1.589094513943E9" classname="com.quickmove.qa.testcases.Addroomsettingtest">
    <skipped/>
  </testcase> <!-- @BeforeMethod setup -->
  <testcase name="@AfterMethod teardown" time="-1.589094513959E9" classname="com.quickmove.qa.testcases.Addroomsettingtest">
    <skipped/>
  </testcase> <!-- @AfterMethod teardown -->
  <testcase name="@BeforeMethod setup" time="-1.589094513974E9" classname="com.quickmove.qa.testcases.Addroomsettingtest">
    <skipped/>
  </testcase> <!-- @BeforeMethod setup -->
  <testcase name="@AfterMethod teardown" time="-1.589094513974E9" classname="com.quickmove.qa.testcases.Addroomsettingtest">
    <skipped/>
  </testcase> <!-- @AfterMethod teardown -->
  <testcase name="@BeforeMethod setup" time="-1.58909451399E9" classname="com.quickmove.qa.testcases.Addroomsettingtest">
    <skipped/>
  </testcase> <!-- @BeforeMethod setup -->
  <testcase name="@AfterMethod teardown" time="-1.589094514005E9" classname="com.quickmove.qa.testcases.Addroomsettingtest">
    <skipped/>
  </testcase> <!-- @AfterMethod teardown -->
  <testcase name="@BeforeMethod setup" time="-1.589094514422E9" classname="com.quickmove.qa.testcases.Addroomsettingtest">
    <skipped/>
  </testcase> <!-- @BeforeMethod setup -->
  <testcase name="@AfterMethod teardown" time="-1.589094514422E9" classname="com.quickmove.qa.testcases.Addroomsettingtest">
    <skipped/>
  </testcase> <!-- @AfterMethod teardown -->
  <testcase name="@BeforeMethod setup" time="-1.589094514422E9" classname="com.quickmove.qa.testcases.Addroomsettingtest">
    <skipped/>
  </testcase> <!-- @BeforeMethod setup -->
  <testcase name="@AfterMethod teardown" time="-1.589094514438E9" classname="com.quickmove.qa.testcases.Addroomsettingtest">
    <skipped/>
  </testcase> <!-- @AfterMethod teardown -->
  <testcase name="@BeforeMethod setup" time="-1.589094514438E9" classname="com.quickmove.qa.testcases.Addroomsettingtest">
    <skipped/>
  </testcase> <!-- @BeforeMethod setup -->
  <testcase name="@AfterMethod teardown" time="-1.589094514438E9" classname="com.quickmove.qa.testcases.Addroomsettingtest">
    <skipped/>
  </testcase> <!-- @AfterMethod teardown -->
  <testcase name="@BeforeMethod setup" time="-1.589094514453E9" classname="com.quickmove.qa.testcases.Addroomsettingtest">
    <skipped/>
  </testcase> <!-- @BeforeMethod setup -->
  <testcase name="@AfterMethod teardown" time="-1.589094514453E9" classname="com.quickmove.qa.testcases.Addroomsettingtest">
    <skipped/>
  </testcase> <!-- @AfterMethod teardown -->
  <testcase name="@BeforeMethod setup" time="-1.589094514453E9" classname="com.quickmove.qa.testcases.Addroomsettingtest">
    <skipped/>
  </testcase> <!-- @BeforeMethod setup -->
  <testcase name="@AfterMethod teardown" time="-1.589094514453E9" classname="com.quickmove.qa.testcases.Addroomsettingtest">
    <skipped/>
  </testcase> <!-- @AfterMethod teardown -->
  <testcase name="@BeforeMethod setup" time="-1.589094514469E9" classname="com.quickmove.qa.testcases.Addroomsettingtest">
    <skipped/>
  </testcase> <!-- @BeforeMethod setup -->
  <testcase name="@AfterMethod teardown" time="-1.589094514469E9" classname="com.quickmove.qa.testcases.Addroomsettingtest">
    <skipped/>
  </testcase> <!-- @AfterMethod teardown -->
  <testcase name="@BeforeMethod setup" time="-1.589094514469E9" classname="com.quickmove.qa.testcases.Addroomsettingtest">
    <skipped/>
  </testcase> <!-- @BeforeMethod setup -->
  <testcase name="@AfterMethod teardown" time="-1.589094514484E9" classname="com.quickmove.qa.testcases.Addroomsettingtest">
    <skipped/>
  </testcase> <!-- @AfterMethod teardown -->
  <testcase name="@BeforeMethod setup" time="-1.589094514484E9" classname="com.quickmove.qa.testcases.Addroomsettingtest">
    <skipped/>
  </testcase> <!-- @BeforeMethod setup -->
  <testcase name="@AfterMethod teardown" time="-1.5890945145E9" classname="com.quickmove.qa.testcases.Addroomsettingtest">
    <skipped/>
  </testcase> <!-- @AfterMethod teardown -->
  <testcase name="@BeforeMethod setup" time="-1.5890945145E9" classname="com.quickmove.qa.testcases.Addroomsettingtest">
    <skipped/>
  </testcase> <!-- @BeforeMethod setup -->
  <testcase name="@AfterMethod teardown" time="-1.589094514516E9" classname="com.quickmove.qa.testcases.Addroomsettingtest">
    <skipped/>
  </testcase> <!-- @AfterMethod teardown -->
  <testcase name="@BeforeMethod setup" time="-1.589094514531E9" classname="com.quickmove.qa.testcases.Addroomsettingtest">
    <skipped/>
  </testcase> <!-- @BeforeMethod setup -->
  <testcase name="@AfterMethod teardown" time="-1.589094514547E9" classname="com.quickmove.qa.testcases.Addroomsettingtest">
    <skipped/>
  </testcase> <!-- @AfterMethod teardown -->
  <testcase name="@BeforeMethod setup" time="-1.589094514547E9" classname="com.quickmove.qa.testcases.Addroomsettingtest">
    <skipped/>
  </testcase> <!-- @BeforeMethod setup -->
  <testcase name="@AfterMethod teardown" time="-1.589094514547E9" classname="com.quickmove.qa.testcases.Addroomsettingtest">
    <skipped/>
  </testcase> <!-- @AfterMethod teardown -->
  <testcase name="@BeforeMethod setup" time="-1.589094514547E9" classname="com.quickmove.qa.testcases.Addroomsettingtest">
    <skipped/>
  </testcase> <!-- @BeforeMethod setup -->
  <testcase name="@AfterMethod teardown" time="-1.589094514563E9" classname="com.quickmove.qa.testcases.Addroomsettingtest">
    <skipped/>
  </testcase> <!-- @AfterMethod teardown -->
  <testcase name="@BeforeMethod setup" time="-1.589094514563E9" classname="com.quickmove.qa.testcases.Addroomsettingtest">
    <skipped/>
  </testcase> <!-- @BeforeMethod setup -->
  <testcase name="@AfterMethod teardown" time="-1.589094514578E9" classname="com.quickmove.qa.testcases.Addroomsettingtest">
    <skipped/>
  </testcase> <!-- @AfterMethod teardown -->
  <testcase name="@BeforeMethod setup" time="-1.589094514578E9" classname="com.quickmove.qa.testcases.Addroomsettingtest">
    <skipped/>
  </testcase> <!-- @BeforeMethod setup -->
  <testcase name="@AfterMethod teardown" time="-1.589094514594E9" classname="com.quickmove.qa.testcases.Addroomsettingtest">
    <skipped/>
  </testcase> <!-- @AfterMethod teardown -->
  <testcase name="@BeforeMethod setup" time="-1.589094514594E9" classname="com.quickmove.qa.testcases.Addroomsettingtest">
    <skipped/>
  </testcase> <!-- @BeforeMethod setup -->
  <testcase name="@AfterMethod teardown" time="-1.589094514594E9" classname="com.quickmove.qa.testcases.Addroomsettingtest">
    <skipped/>
  </testcase> <!-- @AfterMethod teardown -->
  <testcase name="@BeforeMethod setup" time="-1.589094514609E9" classname="com.quickmove.qa.testcases.Addroomsettingtest">
    <skipped/>
  </testcase> <!-- @BeforeMethod setup -->
  <testcase name="@AfterMethod teardown" time="-1.589094514609E9" classname="com.quickmove.qa.testcases.Addroomsettingtest">
    <skipped/>
  </testcase> <!-- @AfterMethod teardown -->
  <testcase name="@BeforeMethod setup" time="-1.589094514609E9" classname="com.quickmove.qa.testcases.Addroomsettingtest">
    <skipped/>
  </testcase> <!-- @BeforeMethod setup -->
  <testcase name="@AfterMethod teardown" time="-1.589094514609E9" classname="com.quickmove.qa.testcases.Addroomsettingtest">
    <skipped/>
  </testcase> <!-- @AfterMethod teardown -->
  <testcase name="@BeforeMethod setup" time="-1.589094514625E9" classname="com.quickmove.qa.testcases.Addroomsettingtest">
    <skipped/>
  </testcase> <!-- @BeforeMethod setup -->
  <testcase name="@AfterMethod teardown" time="-1.589094514625E9" classname="com.quickmove.qa.testcases.Addroomsettingtest">
    <skipped/>
  </testcase> <!-- @AfterMethod teardown -->
  <testcase name="@BeforeMethod setup" time="-1.589094514766E9" classname="com.quickmove.qa.testcases.Addroomsettingtest">
    <skipped/>
  </testcase> <!-- @BeforeMethod setup -->
  <testcase name="@AfterMethod teardown" time="-1.589094514766E9" classname="com.quickmove.qa.testcases.Addroomsettingtest">
    <skipped/>
  </testcase> <!-- @AfterMethod teardown -->
  <testcase name="@BeforeMethod setup" time="-1.589094514766E9" classname="com.quickmove.qa.testcases.Addroomsettingtest">
    <skipped/>
  </testcase> <!-- @BeforeMethod setup -->
  <testcase name="@AfterMethod teardown" time="-1.589094514781E9" classname="com.quickmove.qa.testcases.Addroomsettingtest">
    <skipped/>
  </testcase> <!-- @AfterMethod teardown -->
  <testcase name="@BeforeMethod setup" time="-1.589094514781E9" classname="com.quickmove.qa.testcases.Addroomsettingtest">
    <skipped/>
  </testcase> <!-- @BeforeMethod setup -->
  <testcase name="@AfterMethod teardown" time="-1.589094514781E9" classname="com.quickmove.qa.testcases.Addroomsettingtest">
    <skipped/>
  </testcase> <!-- @AfterMethod teardown -->
  <testcase name="@BeforeMethod setup" time="-1.589094514781E9" classname="com.quickmove.qa.testcases.Addroomsettingtest">
    <skipped/>
  </testcase> <!-- @BeforeMethod setup -->
  <testcase name="@AfterMethod teardown" time="-1.589094514797E9" classname="com.quickmove.qa.testcases.Addroomsettingtest">
    <skipped/>
  </testcase> <!-- @AfterMethod teardown -->
  <testcase name="@BeforeMethod setup" time="-1.589094514797E9" classname="com.quickmove.qa.testcases.Addroomsettingtest">
    <skipped/>
  </testcase> <!-- @BeforeMethod setup -->
  <testcase name="@AfterMethod teardown" time="-1.589094514797E9" classname="com.quickmove.qa.testcases.Addroomsettingtest">
    <skipped/>
  </testcase> <!-- @AfterMethod teardown -->
  <testcase name="@BeforeMethod setup" time="-1.589094514797E9" classname="com.quickmove.qa.testcases.Addroomsettingtest">
    <skipped/>
  </testcase> <!-- @BeforeMethod setup -->
  <testcase name="@AfterMethod teardown" time="-1.589094514797E9" classname="com.quickmove.qa.testcases.Addroomsettingtest">
    <skipped/>
  </testcase> <!-- @AfterMethod teardown -->
  <testcase name="@BeforeMethod setup" time="-1.589094514797E9" classname="com.quickmove.qa.testcases.Addroomsettingtest">
    <skipped/>
  </testcase> <!-- @BeforeMethod setup -->
  <testcase name="@AfterMethod teardown" time="-1.589094514828E9" classname="com.quickmove.qa.testcases.Addroomsettingtest">
    <skipped/>
  </testcase> <!-- @AfterMethod teardown -->
  <testcase name="@BeforeMethod setup" time="-1.589094514828E9" classname="com.quickmove.qa.testcases.Addroomsettingtest">
    <skipped/>
  </testcase> <!-- @BeforeMethod setup -->
  <testcase name="@AfterMethod teardown" time="-1.589094514828E9" classname="com.quickmove.qa.testcases.Addroomsettingtest">
    <skipped/>
  </testcase> <!-- @AfterMethod teardown -->
  <testcase name="@BeforeMethod setup" time="-1.589094514828E9" classname="com.quickmove.qa.testcases.Addroomsettingtest">
    <skipped/>
  </testcase> <!-- @BeforeMethod setup -->
  <testcase name="@AfterMethod teardown" time="-1.589094514844E9" classname="com.quickmove.qa.testcases.Addroomsettingtest">
    <skipped/>
  </testcase> <!-- @AfterMethod teardown -->
  <testcase name="@BeforeMethod setup" time="-1.589094514844E9" classname="com.quickmove.qa.testcases.Addroomsettingtest">
    <skipped/>
  </testcase> <!-- @BeforeMethod setup -->
  <testcase name="@AfterMethod teardown" time="-1.589094514844E9" classname="com.quickmove.qa.testcases.Addroomsettingtest">
    <skipped/>
  </testcase> <!-- @AfterMethod teardown -->
  <testcase name="@BeforeMethod setup" time="-1.589094514844E9" classname="com.quickmove.qa.testcases.Addroomsettingtest">
    <skipped/>
  </testcase> <!-- @BeforeMethod setup -->
  <testcase name="@AfterMethod teardown" time="-1.589094514844E9" classname="com.quickmove.qa.testcases.Addroomsettingtest">
    <skipped/>
  </testcase> <!-- @AfterMethod teardown -->
  <testcase name="@BeforeMethod setup" time="-1.589094514859E9" classname="com.quickmove.qa.testcases.Addroomsettingtest">
    <skipped/>
  </testcase> <!-- @BeforeMethod setup -->
  <testcase name="@AfterMethod teardown" time="-1.589094514859E9" classname="com.quickmove.qa.testcases.Addroomsettingtest">
    <skipped/>
  </testcase> <!-- @AfterMethod teardown -->
  <testcase name="@BeforeMethod setup" time="-1.589094514859E9" classname="com.quickmove.qa.testcases.Addroomsettingtest">
    <skipped/>
  </testcase> <!-- @BeforeMethod setup -->
  <testcase name="@AfterMethod teardown" time="-1.589094514859E9" classname="com.quickmove.qa.testcases.Addroomsettingtest">
    <skipped/>
  </testcase> <!-- @AfterMethod teardown -->
  <testcase name="@BeforeMethod setup" time="-1.589094514859E9" classname="com.quickmove.qa.testcases.Addroomsettingtest">
    <skipped/>
  </testcase> <!-- @BeforeMethod setup -->
  <testcase name="@AfterMethod teardown" time="-1.589094514891E9" classname="com.quickmove.qa.testcases.Addroomsettingtest">
    <skipped/>
  </testcase> <!-- @AfterMethod teardown -->
  <testcase name="@BeforeMethod setup" time="-1.589094514891E9" classname="com.quickmove.qa.testcases.Addroomsettingtest">
    <skipped/>
  </testcase> <!-- @BeforeMethod setup -->
  <testcase name="@AfterMethod teardown" time="-1.589094514891E9" classname="com.quickmove.qa.testcases.Addroomsettingtest">
    <skipped/>
  </testcase> <!-- @AfterMethod teardown -->
  <testcase name="@BeforeMethod setup" time="-1.589094514906E9" classname="com.quickmove.qa.testcases.Addroomsettingtest">
    <skipped/>
  </testcase> <!-- @BeforeMethod setup -->
  <testcase name="@AfterMethod teardown" time="-1.589094514906E9" classname="com.quickmove.qa.testcases.Addroomsettingtest">
    <skipped/>
  </testcase> <!-- @AfterMethod teardown -->
  <testcase name="@BeforeMethod setup" time="-1.589094514906E9" classname="com.quickmove.qa.testcases.Addroomsettingtest">
    <skipped/>
  </testcase> <!-- @BeforeMethod setup -->
  <testcase name="@AfterMethod teardown" time="-1.589094514906E9" classname="com.quickmove.qa.testcases.Addroomsettingtest">
    <skipped/>
  </testcase> <!-- @AfterMethod teardown -->
  <testcase name="@BeforeMethod setup" time="-1.589094514906E9" classname="com.quickmove.qa.testcases.Addroomsettingtest">
    <skipped/>
  </testcase> <!-- @BeforeMethod setup -->
  <testcase name="@AfterMethod teardown" time="-1.589094514922E9" classname="com.quickmove.qa.testcases.Addroomsettingtest">
    <skipped/>
  </testcase> <!-- @AfterMethod teardown -->
  <testcase name="@BeforeMethod setup" time="-1.589094515047E9" classname="com.quickmove.qa.testcases.Addroomsettingtest">
    <skipped/>
  </testcase> <!-- @BeforeMethod setup -->
  <testcase name="@AfterMethod teardown" time="-1.589094515047E9" classname="com.quickmove.qa.testcases.Addroomsettingtest">
    <skipped/>
  </testcase> <!-- @AfterMethod teardown -->
  <testcase name="@BeforeMethod setup" time="-1.589094515047E9" classname="com.quickmove.qa.testcases.Addroomsettingtest">
    <skipped/>
  </testcase> <!-- @BeforeMethod setup -->
  <testcase name="@AfterMethod teardown" time="-1.589094515063E9" classname="com.quickmove.qa.testcases.Addroomsettingtest">
    <skipped/>
  </testcase> <!-- @AfterMethod teardown -->
  <testcase name="@BeforeMethod setup" time="-1.589094515063E9" classname="com.quickmove.qa.testcases.Addroomsettingtest">
    <skipped/>
  </testcase> <!-- @BeforeMethod setup -->
  <testcase name="@AfterMethod teardown" time="-1.589094515063E9" classname="com.quickmove.qa.testcases.Addroomsettingtest">
    <skipped/>
  </testcase> <!-- @AfterMethod teardown -->
  <testcase name="@BeforeMethod setup" time="-1.589094515063E9" classname="com.quickmove.qa.testcases.Addroomsettingtest">
    <skipped/>
  </testcase> <!-- @BeforeMethod setup -->
  <testcase name="@AfterMethod teardown" time="-1.589094515094E9" classname="com.quickmove.qa.testcases.Addroomsettingtest">
    <skipped/>
  </testcase> <!-- @AfterMethod teardown -->
  <testcase name="@BeforeMethod setup" time="-1.589094515094E9" classname="com.quickmove.qa.testcases.Addroomsettingtest">
    <skipped/>
  </testcase> <!-- @BeforeMethod setup -->
  <testcase name="@AfterMethod teardown" time="-1.589094515109E9" classname="com.quickmove.qa.testcases.Addroomsettingtest">
    <skipped/>
  </testcase> <!-- @AfterMethod teardown -->
  <testcase name="@BeforeMethod setup" time="-1.589094515109E9" classname="com.quickmove.qa.testcases.Addroomsettingtest">
    <skipped/>
  </testcase> <!-- @BeforeMethod setup -->
  <testcase name="@AfterMethod teardown" time="-1.589094515109E9" classname="com.quickmove.qa.testcases.Addroomsettingtest">
    <skipped/>
  </testcase> <!-- @AfterMethod teardown -->
  <testcase name="@BeforeMethod setup" time="-1.589094515109E9" classname="com.quickmove.qa.testcases.Addroomsettingtest">
    <skipped/>
  </testcase> <!-- @BeforeMethod setup -->
  <testcase name="@AfterMethod teardown" time="-1.589094515125E9" classname="com.quickmove.qa.testcases.Addroomsettingtest">
    <skipped/>
  </testcase> <!-- @AfterMethod teardown -->
  <testcase name="@BeforeMethod setup" time="-1.589094515125E9" classname="com.quickmove.qa.testcases.Addroomsettingtest">
    <skipped/>
  </testcase> <!-- @BeforeMethod setup -->
  <testcase name="@AfterMethod teardown" time="-1.589094515141E9" classname="com.quickmove.qa.testcases.Addroomsettingtest">
    <skipped/>
  </testcase> <!-- @AfterMethod teardown -->
  <testcase name="@BeforeMethod setup" time="-1.589094515141E9" classname="com.quickmove.qa.testcases.Addroomsettingtest">
    <skipped/>
  </testcase> <!-- @BeforeMethod setup -->
  <testcase name="@AfterMethod teardown" time="-1.589094515141E9" classname="com.quickmove.qa.testcases.Addroomsettingtest">
    <skipped/>
  </testcase> <!-- @AfterMethod teardown -->
  <testcase name="@BeforeMethod setup" time="-1.589094515141E9" classname="com.quickmove.qa.testcases.Addroomsettingtest">
    <skipped/>
  </testcase> <!-- @BeforeMethod setup -->
  <testcase name="@AfterMethod teardown" time="-1.589094515156E9" classname="com.quickmove.qa.testcases.Addroomsettingtest">
    <skipped/>
  </testcase> <!-- @AfterMethod teardown -->
  <testcase name="@BeforeMethod setup" time="-1.589094515156E9" classname="com.quickmove.qa.testcases.Addroomsettingtest">
    <skipped/>
  </testcase> <!-- @BeforeMethod setup -->
  <testcase name="@AfterMethod teardown" time="-1.589094515203E9" classname="com.quickmove.qa.testcases.Addroomsettingtest">
    <skipped/>
  </testcase> <!-- @AfterMethod teardown -->
  <testcase name="@BeforeMethod setup" time="-1.589094515203E9" classname="com.quickmove.qa.testcases.Addroomsettingtest">
    <skipped/>
  </testcase> <!-- @BeforeMethod setup -->
  <testcase name="@AfterMethod teardown" time="-1.589094515203E9" classname="com.quickmove.qa.testcases.Addroomsettingtest">
    <skipped/>
  </testcase> <!-- @AfterMethod teardown -->
  <testcase name="@BeforeMethod setup" time="-1.589094515203E9" classname="com.quickmove.qa.testcases.Addroomsettingtest">
    <skipped/>
  </testcase> <!-- @BeforeMethod setup -->
  <testcase name="@AfterMethod teardown" time="-1.589094515203E9" classname="com.quickmove.qa.testcases.Addroomsettingtest">
    <skipped/>
  </testcase> <!-- @AfterMethod teardown -->
  <testcase name="@BeforeMethod setup" time="-1.589094515203E9" classname="com.quickmove.qa.testcases.Addroomsettingtest">
    <skipped/>
  </testcase> <!-- @BeforeMethod setup -->
  <testcase name="@AfterMethod teardown" time="-1.589094515219E9" classname="com.quickmove.qa.testcases.Addroomsettingtest">
    <skipped/>
  </testcase> <!-- @AfterMethod teardown -->
  <testcase name="@BeforeMethod setup" time="-1.589094515219E9" classname="com.quickmove.qa.testcases.Addroomsettingtest">
    <skipped/>
  </testcase> <!-- @BeforeMethod setup -->
  <testcase name="@AfterMethod teardown" time="-1.589094515219E9" classname="com.quickmove.qa.testcases.Addroomsettingtest">
    <skipped/>
  </testcase> <!-- @AfterMethod teardown -->
  <testcase name="@BeforeMethod setup" time="-1.589094515219E9" classname="com.quickmove.qa.testcases.Addroomsettingtest">
    <skipped/>
  </testcase> <!-- @BeforeMethod setup -->
  <testcase name="@AfterMethod teardown" time="-1.589094515219E9" classname="com.quickmove.qa.testcases.Addroomsettingtest">
    <skipped/>
  </testcase> <!-- @AfterMethod teardown -->
  <testcase name="@BeforeMethod setup" time="-1.589094515219E9" classname="com.quickmove.qa.testcases.Addroomsettingtest">
    <skipped/>
  </testcase> <!-- @BeforeMethod setup -->
  <testcase name="@AfterMethod teardown" time="-1.589094515234E9" classname="com.quickmove.qa.testcases.Addroomsettingtest">
    <skipped/>
  </testcase> <!-- @AfterMethod teardown -->
  <testcase name="@BeforeMethod setup" time="-1.589094515234E9" classname="com.quickmove.qa.testcases.Addroomsettingtest">
    <skipped/>
  </testcase> <!-- @BeforeMethod setup -->
  <testcase name="@AfterMethod teardown" time="-1.589094515234E9" classname="com.quickmove.qa.testcases.Addroomsettingtest">
    <skipped/>
  </testcase> <!-- @AfterMethod teardown -->
  <testcase name="@BeforeMethod setup" time="-1.589094515359E9" classname="com.quickmove.qa.testcases.Addroomsettingtest">
    <skipped/>
  </testcase> <!-- @BeforeMethod setup -->
  <testcase name="@AfterMethod teardown" time="-1.589094515375E9" classname="com.quickmove.qa.testcases.Addroomsettingtest">
    <skipped/>
  </testcase> <!-- @AfterMethod teardown -->
  <testcase name="@BeforeMethod setup" time="-1.589094515375E9" classname="com.quickmove.qa.testcases.Addroomsettingtest">
    <skipped/>
  </testcase> <!-- @BeforeMethod setup -->
  <testcase name="@AfterMethod teardown" time="-1.589094515375E9" classname="com.quickmove.qa.testcases.Addroomsettingtest">
    <skipped/>
  </testcase> <!-- @AfterMethod teardown -->
  <testcase name="@BeforeMethod setup" time="-1.589094515375E9" classname="com.quickmove.qa.testcases.Addroomsettingtest">
    <skipped/>
  </testcase> <!-- @BeforeMethod setup -->
  <testcase name="@AfterMethod teardown" time="-1.589094515391E9" classname="com.quickmove.qa.testcases.Addroomsettingtest">
    <skipped/>
  </testcase> <!-- @AfterMethod teardown -->
  <testcase name="@BeforeMethod setup" time="-1.589094515391E9" classname="com.quickmove.qa.testcases.Addroomsettingtest">
    <skipped/>
  </testcase> <!-- @BeforeMethod setup -->
  <testcase name="@AfterMethod teardown" time="-1.589094515391E9" classname="com.quickmove.qa.testcases.Addroomsettingtest">
    <skipped/>
  </testcase> <!-- @AfterMethod teardown -->
  <testcase name="@BeforeMethod setup" time="-1.589094515391E9" classname="com.quickmove.qa.testcases.Addroomsettingtest">
    <skipped/>
  </testcase> <!-- @BeforeMethod setup -->
  <testcase name="@AfterMethod teardown" time="-1.589094515391E9" classname="com.quickmove.qa.testcases.Addroomsettingtest">
    <skipped/>
  </testcase> <!-- @AfterMethod teardown -->
  <testcase name="@BeforeMethod setup" time="-1.589094515391E9" classname="com.quickmove.qa.testcases.Addroomsettingtest">
    <skipped/>
  </testcase> <!-- @BeforeMethod setup -->
  <testcase name="@AfterMethod teardown" time="-1.589094515406E9" classname="com.quickmove.qa.testcases.Addroomsettingtest">
    <skipped/>
  </testcase> <!-- @AfterMethod teardown -->
  <testcase name="@BeforeMethod setup" time="-1.589094515406E9" classname="com.quickmove.qa.testcases.Addroomsettingtest">
    <skipped/>
  </testcase> <!-- @BeforeMethod setup -->
  <testcase name="@AfterMethod teardown" time="-1.589094515406E9" classname="com.quickmove.qa.testcases.Addroomsettingtest">
    <skipped/>
  </testcase> <!-- @AfterMethod teardown -->
  <testcase name="@BeforeMethod setup" time="-1.589094515406E9" classname="com.quickmove.qa.testcases.Addroomsettingtest">
    <skipped/>
  </testcase> <!-- @BeforeMethod setup -->
  <testcase name="@AfterMethod teardown" time="-1.589094515406E9" classname="com.quickmove.qa.testcases.Addroomsettingtest">
    <skipped/>
  </testcase> <!-- @AfterMethod teardown -->
  <testcase name="@BeforeMethod setup" time="-1.589094515406E9" classname="com.quickmove.qa.testcases.Addroomsettingtest">
    <skipped/>
  </testcase> <!-- @BeforeMethod setup -->
  <testcase name="@AfterMethod teardown" time="-1.589094515406E9" classname="com.quickmove.qa.testcases.Addroomsettingtest">
    <skipped/>
  </testcase> <!-- @AfterMethod teardown -->
  <testcase name="@BeforeMethod setup" time="-1.589094515438E9" classname="com.quickmove.qa.testcases.Addroomsettingtest">
    <skipped/>
  </testcase> <!-- @BeforeMethod setup -->
  <testcase name="@AfterMethod teardown" time="-1.589094515453E9" classname="com.quickmove.qa.testcases.Addroomsettingtest">
    <skipped/>
  </testcase> <!-- @AfterMethod teardown -->
  <testcase name="@BeforeMethod setup" time="-1.589094515453E9" classname="com.quickmove.qa.testcases.Addroomsettingtest">
    <skipped/>
  </testcase> <!-- @BeforeMethod setup -->
  <testcase name="@AfterMethod teardown" time="-1.589094515469E9" classname="com.quickmove.qa.testcases.Addroomsettingtest">
    <skipped/>
  </testcase> <!-- @AfterMethod teardown -->
  <testcase name="@BeforeMethod setup" time="-1.589094515469E9" classname="com.quickmove.qa.testcases.Addroomsettingtest">
    <skipped/>
  </testcase> <!-- @BeforeMethod setup -->
  <testcase name="@AfterMethod teardown" time="-1.589094515469E9" classname="com.quickmove.qa.testcases.Addroomsettingtest">
    <skipped/>
  </testcase> <!-- @AfterMethod teardown -->
  <testcase name="@BeforeMethod setup" time="-1.589094515484E9" classname="com.quickmove.qa.testcases.Addroomsettingtest">
    <skipped/>
  </testcase> <!-- @BeforeMethod setup -->
  <testcase name="@AfterMethod teardown" time="-1.589094515484E9" classname="com.quickmove.qa.testcases.Addroomsettingtest">
    <skipped/>
  </testcase> <!-- @AfterMethod teardown -->
  <testcase name="@BeforeMethod setup" time="-1.589094515484E9" classname="com.quickmove.qa.testcases.Addroomsettingtest">
    <skipped/>
  </testcase> <!-- @BeforeMethod setup -->
  <testcase name="@AfterMethod teardown" time="-1.5890945155E9" classname="com.quickmove.qa.testcases.Addroomsettingtest">
    <skipped/>
  </testcase> <!-- @AfterMethod teardown -->
  <testcase name="@BeforeMethod setup" time="-1.5890945155E9" classname="com.quickmove.qa.testcases.Addroomsettingtest">
    <skipped/>
  </testcase> <!-- @BeforeMethod setup -->
  <testcase name="@AfterMethod teardown" time="-1.589094515516E9" classname="com.quickmove.qa.testcases.Addroomsettingtest">
    <skipped/>
  </testcase> <!-- @AfterMethod teardown -->
  <testcase name="@BeforeMethod setup" time="-1.589094515516E9" classname="com.quickmove.qa.testcases.Addroomsettingtest">
    <skipped/>
  </testcase> <!-- @BeforeMethod setup -->
  <testcase name="@AfterMethod teardown" time="-1.589094515516E9" classname="com.quickmove.qa.testcases.Addroomsettingtest">
    <skipped/>
  </testcase> <!-- @AfterMethod teardown -->
  <testcase name="@BeforeMethod setup" time="-1.589094515516E9" classname="com.quickmove.qa.testcases.Addroomsettingtest">
    <skipped/>
  </testcase> <!-- @BeforeMethod setup -->
  <testcase name="@AfterMethod teardown" time="-1.589094515531E9" classname="com.quickmove.qa.testcases.Addroomsettingtest">
    <skipped/>
  </testcase> <!-- @AfterMethod teardown -->
  <testcase name="@BeforeMethod setup" time="-1.589094515531E9" classname="com.quickmove.qa.testcases.Addroomsettingtest">
    <skipped/>
  </testcase> <!-- @BeforeMethod setup -->
  <testcase name="@AfterMethod teardown" time="-1.589094515531E9" classname="com.quickmove.qa.testcases.Addroomsettingtest">
    <skipped/>
  </testcase> <!-- @AfterMethod teardown -->
  <testcase name="@BeforeMethod setup" time="-1.589094515656E9" classname="com.quickmove.qa.testcases.Addroomsettingtest">
    <skipped/>
  </testcase> <!-- @BeforeMethod setup -->
  <testcase name="@AfterMethod teardown" time="-1.589094515656E9" classname="com.quickmove.qa.testcases.Addroomsettingtest">
    <skipped/>
  </testcase> <!-- @AfterMethod teardown -->
  <testcase name="@BeforeMethod setup" time="-1.589094515672E9" classname="com.quickmove.qa.testcases.Addroomsettingtest">
    <skipped/>
  </testcase> <!-- @BeforeMethod setup -->
  <testcase name="@AfterMethod teardown" time="-1.589094515672E9" classname="com.quickmove.qa.testcases.Addroomsettingtest">
    <skipped/>
  </testcase> <!-- @AfterMethod teardown -->
  <testcase name="@BeforeMethod setup" time="-1.589094515688E9" classname="com.quickmove.qa.testcases.Addroomsettingtest">
    <skipped/>
  </testcase> <!-- @BeforeMethod setup -->
  <testcase name="@AfterMethod teardown" time="-1.589094515688E9" classname="com.quickmove.qa.testcases.Addroomsettingtest">
    <skipped/>
  </testcase> <!-- @AfterMethod teardown -->
  <testcase name="@BeforeMethod setup" time="-1.589094515688E9" classname="com.quickmove.qa.testcases.Addroomsettingtest">
    <skipped/>
  </testcase> <!-- @BeforeMethod setup -->
  <testcase name="@AfterMethod teardown" time="-1.589094515688E9" classname="com.quickmove.qa.testcases.Addroomsettingtest">
    <skipped/>
  </testcase> <!-- @AfterMethod teardown -->
  <testcase name="@BeforeMethod setup" time="-1.589094515688E9" classname="com.quickmove.qa.testcases.Addroomsettingtest">
    <skipped/>
  </testcase> <!-- @BeforeMethod setup -->
  <testcase name="@AfterMethod teardown" time="-1.589094515703E9" classname="com.quickmove.qa.testcases.Addroomsettingtest">
    <skipped/>
  </testcase> <!-- @AfterMethod teardown -->
  <testcase name="@BeforeMethod setup" time="-1.589094515703E9" classname="com.quickmove.qa.testcases.Addroomsettingtest">
    <skipped/>
  </testcase> <!-- @BeforeMethod setup -->
  <testcase name="@AfterMethod teardown" time="-1.589094515719E9" classname="com.quickmove.qa.testcases.Addroomsettingtest">
    <skipped/>
  </testcase> <!-- @AfterMethod teardown -->
  <testcase name="@BeforeMethod setup" time="-1.589094515719E9" classname="com.quickmove.qa.testcases.Addroomsettingtest">
    <skipped/>
  </testcase> <!-- @BeforeMethod setup -->
  <testcase name="@AfterMethod teardown" time="-1.589094515734E9" classname="com.quickmove.qa.testcases.Addroomsettingtest">
    <skipped/>
  </testcase> <!-- @AfterMethod teardown -->
  <testcase name="@BeforeMethod setup" time="-1.589094515734E9" classname="com.quickmove.qa.testcases.Addroomsettingtest">
    <skipped/>
  </testcase> <!-- @BeforeMethod setup -->
  <testcase name="@AfterMethod teardown" time="-1.589094515734E9" classname="com.quickmove.qa.testcases.Addroomsettingtest">
    <skipped/>
  </testcase> <!-- @AfterMethod teardown -->
  <testcase name="@BeforeMethod setup" time="-1.589094515734E9" classname="com.quickmove.qa.testcases.Addroomsettingtest">
    <skipped/>
  </testcase> <!-- @BeforeMethod setup -->
  <testcase name="@AfterMethod teardown" time="-1.58909451575E9" classname="com.quickmove.qa.testcases.Addroomsettingtest">
    <skipped/>
  </testcase> <!-- @AfterMethod teardown -->
  <testcase name="@BeforeMethod setup" time="-1.58909451575E9" classname="com.quickmove.qa.testcases.Addroomsettingtest">
    <skipped/>
  </testcase> <!-- @BeforeMethod setup -->
  <testcase name="@AfterMethod teardown" time="-1.589094515766E9" classname="com.quickmove.qa.testcases.Addroomsettingtest">
    <skipped/>
  </testcase> <!-- @AfterMethod teardown -->
  <testcase name="@BeforeMethod setup" time="-1.589094515766E9" classname="com.quickmove.qa.testcases.Addroomsettingtest">
    <skipped/>
  </testcase> <!-- @BeforeMethod setup -->
  <testcase name="@AfterMethod teardown" time="-1.589094515766E9" classname="com.quickmove.qa.testcases.Addroomsettingtest">
    <skipped/>
  </testcase> <!-- @AfterMethod teardown -->
  <testcase name="@BeforeMethod setup" time="-1.589094515766E9" classname="com.quickmove.qa.testcases.Addroomsettingtest">
    <skipped/>
  </testcase> <!-- @BeforeMethod setup -->
  <testcase name="@AfterMethod teardown" time="-1.589094515781E9" classname="com.quickmove.qa.testcases.Addroomsettingtest">
    <skipped/>
  </testcase> <!-- @AfterMethod teardown -->
  <testcase name="@BeforeMethod setup" time="-1.589094515781E9" classname="com.quickmove.qa.testcases.Addroomsettingtest">
    <skipped/>
  </testcase> <!-- @BeforeMethod setup -->
  <testcase name="@AfterMethod teardown" time="-1.589094515781E9" classname="com.quickmove.qa.testcases.Addroomsettingtest">
    <skipped/>
  </testcase> <!-- @AfterMethod teardown -->
  <testcase name="@BeforeMethod setup" time="-1.589094515781E9" classname="com.quickmove.qa.testcases.Addroomsettingtest">
    <skipped/>
  </testcase> <!-- @BeforeMethod setup -->
  <testcase name="@AfterMethod teardown" time="-1.589094515781E9" classname="com.quickmove.qa.testcases.Addroomsettingtest">
    <skipped/>
  </testcase> <!-- @AfterMethod teardown -->
  <testcase name="@BeforeMethod setup" time="-1.589094515781E9" classname="com.quickmove.qa.testcases.Addroomsettingtest">
    <skipped/>
  </testcase> <!-- @BeforeMethod setup -->
  <testcase name="@AfterMethod teardown" time="-1.589094515797E9" classname="com.quickmove.qa.testcases.Addroomsettingtest">
    <skipped/>
  </testcase> <!-- @AfterMethod teardown -->
  <testcase name="@BeforeMethod setup" time="-1.589094515797E9" classname="com.quickmove.qa.testcases.Addroomsettingtest">
    <skipped/>
  </testcase> <!-- @BeforeMethod setup -->
  <testcase name="@AfterMethod teardown" time="-1.589094515797E9" classname="com.quickmove.qa.testcases.Addroomsettingtest">
    <skipped/>
  </testcase> <!-- @AfterMethod teardown -->
  <testcase name="@BeforeMethod setup" time="-1.589094515797E9" classname="com.quickmove.qa.testcases.Addroomsettingtest">
    <skipped/>
  </testcase> <!-- @BeforeMethod setup -->
  <testcase name="@AfterMethod teardown" time="-1.589094515797E9" classname="com.quickmove.qa.testcases.Addroomsettingtest">
    <skipped/>
  </testcase> <!-- @AfterMethod teardown -->
  <testcase name="@BeforeMethod setup" time="-1.589094515797E9" classname="com.quickmove.qa.testcases.Addroomsettingtest">
    <skipped/>
  </testcase> <!-- @BeforeMethod setup -->
  <testcase name="@AfterMethod teardown" time="-1.589094515797E9" classname="com.quickmove.qa.testcases.Addroomsettingtest">
    <skipped/>
  </testcase> <!-- @AfterMethod teardown -->
  <testcase name="@BeforeMethod setup" time="-1.589094515953E9" classname="com.quickmove.qa.testcases.Addroomsettingtest">
    <skipped/>
  </testcase> <!-- @BeforeMethod setup -->
  <testcase name="@AfterMethod teardown" time="-1.589094515969E9" classname="com.quickmove.qa.testcases.Addroomsettingtest">
    <skipped/>
  </testcase> <!-- @AfterMethod teardown -->
  <testcase name="@BeforeMethod setup" time="-1.589094515969E9" classname="com.quickmove.qa.testcases.Addroomsettingtest">
    <skipped/>
  </testcase> <!-- @BeforeMethod setup -->
  <testcase name="@AfterMethod teardown" time="-1.589094515969E9" classname="com.quickmove.qa.testcases.Addroomsettingtest">
    <skipped/>
  </testcase> <!-- @AfterMethod teardown -->
  <testcase name="@BeforeMethod setup" time="-1.589094515969E9" classname="com.quickmove.qa.testcases.Addroomsettingtest">
    <skipped/>
  </testcase> <!-- @BeforeMethod setup -->
  <testcase name="@AfterMethod teardown" time="-1.589094515984E9" classname="com.quickmove.qa.testcases.Addroomsettingtest">
    <skipped/>
  </testcase> <!-- @AfterMethod teardown -->
  <testcase name="@BeforeMethod setup" time="-1.589094515984E9" classname="com.quickmove.qa.testcases.Addroomsettingtest">
    <skipped/>
  </testcase> <!-- @BeforeMethod setup -->
  <testcase name="@AfterMethod teardown" time="-1.589094515984E9" classname="com.quickmove.qa.testcases.Addroomsettingtest">
    <skipped/>
  </testcase> <!-- @AfterMethod teardown -->
  <testcase name="@BeforeMethod setup" time="-1.589094515984E9" classname="com.quickmove.qa.testcases.Addroomsettingtest">
    <skipped/>
  </testcase> <!-- @BeforeMethod setup -->
  <testcase name="@AfterMethod teardown" time="-1.589094515984E9" classname="com.quickmove.qa.testcases.Addroomsettingtest">
    <skipped/>
  </testcase> <!-- @AfterMethod teardown -->
  <testcase name="@BeforeMethod setup" time="-1.589094515984E9" classname="com.quickmove.qa.testcases.Addroomsettingtest">
    <skipped/>
  </testcase> <!-- @BeforeMethod setup -->
  <testcase name="@AfterMethod teardown" time="-1.589094516E9" classname="com.quickmove.qa.testcases.Addroomsettingtest">
    <skipped/>
  </testcase> <!-- @AfterMethod teardown -->
  <testcase name="@BeforeMethod setup" time="-1.589094516E9" classname="com.quickmove.qa.testcases.Addroomsettingtest">
    <skipped/>
  </testcase> <!-- @BeforeMethod setup -->
  <testcase name="@AfterMethod teardown" time="-1.589094516031E9" classname="com.quickmove.qa.testcases.Addroomsettingtest">
    <skipped/>
  </testcase> <!-- @AfterMethod teardown -->
  <testcase name="@BeforeMethod setup" time="-1.589094516031E9" classname="com.quickmove.qa.testcases.Addroomsettingtest">
    <skipped/>
  </testcase> <!-- @BeforeMethod setup -->
  <testcase name="@AfterMethod teardown" time="-1.589094516031E9" classname="com.quickmove.qa.testcases.Addroomsettingtest">
    <skipped/>
  </testcase> <!-- @AfterMethod teardown -->
  <testcase name="@BeforeMethod setup" time="-1.589094516031E9" classname="com.quickmove.qa.testcases.Addroomsettingtest">
    <skipped/>
  </testcase> <!-- @BeforeMethod setup -->
  <testcase name="@AfterMethod teardown" time="-1.589094516047E9" classname="com.quickmove.qa.testcases.Addroomsettingtest">
    <skipped/>
  </testcase> <!-- @AfterMethod teardown -->
  <testcase name="@BeforeMethod setup" time="-1.589094516047E9" classname="com.quickmove.qa.testcases.Addroomsettingtest">
    <skipped/>
  </testcase> <!-- @BeforeMethod setup -->
  <testcase name="@AfterMethod teardown" time="-1.589094516047E9" classname="com.quickmove.qa.testcases.Addroomsettingtest">
    <skipped/>
  </testcase> <!-- @AfterMethod teardown -->
  <testcase name="@BeforeMethod setup" time="-1.589094516047E9" classname="com.quickmove.qa.testcases.Addroomsettingtest">
    <skipped/>
  </testcase> <!-- @BeforeMethod setup -->
  <testcase name="@AfterMethod teardown" time="-1.589094516047E9" classname="com.quickmove.qa.testcases.Addroomsettingtest">
    <skipped/>
  </testcase> <!-- @AfterMethod teardown -->
  <testcase name="@BeforeMethod setup" time="-1.589094516047E9" classname="com.quickmove.qa.testcases.Addroomsettingtest">
    <skipped/>
  </testcase> <!-- @BeforeMethod setup -->
  <testcase name="@AfterMethod teardown" time="-1.589094516063E9" classname="com.quickmove.qa.testcases.Addroomsettingtest">
    <skipped/>
  </testcase> <!-- @AfterMethod teardown -->
  <testcase name="@BeforeMethod setup" time="-1.589094516063E9" classname="com.quickmove.qa.testcases.Addroomsettingtest">
    <skipped/>
  </testcase> <!-- @BeforeMethod setup -->
  <testcase name="@AfterMethod teardown" time="-1.589094516063E9" classname="com.quickmove.qa.testcases.Addroomsettingtest">
    <skipped/>
  </testcase> <!-- @AfterMethod teardown -->
  <testcase name="@BeforeMethod setup" time="-1.589094516063E9" classname="com.quickmove.qa.testcases.Addroomsettingtest">
    <skipped/>
  </testcase> <!-- @BeforeMethod setup -->
  <testcase name="@AfterMethod teardown" time="-1.589094516063E9" classname="com.quickmove.qa.testcases.Addroomsettingtest">
    <skipped/>
  </testcase> <!-- @AfterMethod teardown -->
  <testcase name="@BeforeMethod setup" time="-1.589094516063E9" classname="com.quickmove.qa.testcases.Addroomsettingtest">
    <skipped/>
  </testcase> <!-- @BeforeMethod setup -->
  <testcase name="@AfterMethod teardown" time="-1.589094516078E9" classname="com.quickmove.qa.testcases.Addroomsettingtest">
    <skipped/>
  </testcase> <!-- @AfterMethod teardown -->
  <testcase name="@BeforeMethod setup" time="-1.589094516078E9" classname="com.quickmove.qa.testcases.Addroomsettingtest">
    <skipped/>
  </testcase> <!-- @BeforeMethod setup -->
  <testcase name="@AfterMethod teardown" time="-1.589094516109E9" classname="com.quickmove.qa.testcases.Addroomsettingtest">
    <skipped/>
  </testcase> <!-- @AfterMethod teardown -->
  <testcase name="@BeforeMethod setup" time="-1.589094516109E9" classname="com.quickmove.qa.testcases.Addroomsettingtest">
    <skipped/>
  </testcase> <!-- @BeforeMethod setup -->
  <testcase name="@AfterMethod teardown" time="-1.589094516109E9" classname="com.quickmove.qa.testcases.Addroomsettingtest">
    <skipped/>
  </testcase> <!-- @AfterMethod teardown -->
  <testcase name="@BeforeMethod setup" time="-1.589094516109E9" classname="com.quickmove.qa.testcases.Addroomsettingtest">
    <skipped/>
  </testcase> <!-- @BeforeMethod setup -->
  <testcase name="@AfterMethod teardown" time="-1.589094516125E9" classname="com.quickmove.qa.testcases.Addroomsettingtest">
    <skipped/>
  </testcase> <!-- @AfterMethod teardown -->
  <testcase name="varifyaddroom" time="927.96" classname="com.quickmove.qa.testcases.Addroomsettingtest"/>
  <testcase name="varifyaddroom" time="751.503" classname="com.quickmove.qa.testcases.Addroomsettingtest">
    <failure type="org.openqa.selenium.NoSuchElementException" message="no such element: Unable to locate element: {&amp;quot;method&amp;quot;:&amp;quot;xpath&amp;quot;,&amp;quot;selector&amp;quot;:&amp;quot;//select[@id=&amp;apos;ctl00_ContentPlaceHolder1_lstItem&amp;apos;]//option[1]&amp;quot;}
  (Session info: chrome=72.0.3626.121)
  (Driver info: chromedriver=73.0.3683.68 (47787ec04b6e38e22703e856e101e840b65afe72),platform=Windows NT 10.0.10240 x86_64) (WARNING: The server did not provide any stacktrace information)
Command duration or timeout: 0 milliseconds
For documentation on this error, please visit: https://www.seleniumhq.org/exceptions/no_such_element.html
Build info: version: &amp;apos;3.141.59&amp;apos;, revision: &amp;apos;e82be7d358&amp;apos;, time: &amp;apos;2018-11-14T08:17:03&amp;apos;
System info: host: &amp;apos;DESKTOP-HTSMLT5&amp;apos;, ip: &amp;apos;192.168.0.111&amp;apos;, os.name: &amp;apos;Windows 10&amp;apos;, os.arch: &amp;apos;amd64&amp;apos;, os.version: &amp;apos;10.0&amp;apos;, java.version: &amp;apos;1.8.0_171&amp;apos;
Driver info: org.openqa.selenium.chrome.ChromeDriver
Capabilities {acceptInsecureCerts: false, acceptSslCerts: false, applicationCacheEnabled: false, browserConnectionEnabled: false, browserName: chrome, chrome: {chromedriverVersion: 73.0.3683.68 (47787ec04b6e3..., userDataDir: C:\Users\Admin\AppData\Loca...}, cssSelectorsEnabled: true, databaseEnabled: false, goog:chromeOptions: {debuggerAddress: localhost:62463}, handlesAlerts: true, hasTouchScreen: false, javascriptEnabled: true, locationContextEnabled: true, mobileEmulationEnabled: false, nativeEvents: true, networkConnectionEnabled: false, pageLoadStrategy: normal, platform: XP, platformName: XP, proxy: Proxy(), rotatable: false, setWindowRect: true, strictFileInteractability: false, takesHeapSnapshot: true, takesScreenshot: true, timeouts: {implicit: 0, pageLoad: 300000, script: 30000}, unexpectedAlertBehaviour: ignore, unhandledPromptBehavior: ignore, version: 72.0.3626.121, webStorageEnabled: true}
Session ID: 151c0a7c81198656032ebbf2f3421fc5
*** Element info: {Using=xpath, value=//select[@id=&amp;apos;ctl00_ContentPlaceHolder1_lstItem&amp;apos;]//option[1]}">
      <![CDATA[org.openqa.selenium.NoSuchElementException: no such element: Unable to locate element: {"method":"xpath","selector":"//select[@id='ctl00_ContentPlaceHolder1_lstItem']//option[1]"}
  (Session info: chrome=72.0.3626.121)
  (Driver info: chromedriver=73.0.3683.68 (47787ec04b6e38e22703e856e101e840b65afe72),platform=Windows NT 10.0.10240 x86_64) (WARNING: The server did not provide any stacktrace information)
Command duration or timeout: 0 milliseconds
For documentation on this error, please visit: https://www.seleniumhq.org/exceptions/no_such_element.html
Build info: version: '3.141.59', revision: 'e82be7d358', time: '2018-11-14T08:17:03'
System info: host: 'DESKTOP-HTSMLT5', ip: '192.168.0.111', os.name: 'Windows 10', os.arch: 'amd64', os.version: '10.0', java.version: '1.8.0_171'
Driver info: org.openqa.selenium.chrome.ChromeDriver
Capabilities {acceptInsecureCerts: false, acceptSslCerts: false, applicationCacheEnabled: false, browserConnectionEnabled: false, browserName: chrome, chrome: {chromedriverVersion: 73.0.3683.68 (47787ec04b6e3..., userDataDir: C:\Users\Admin\AppData\Loca...}, cssSelectorsEnabled: true, databaseEnabled: false, goog:chromeOptions: {debuggerAddress: localhost:62463}, handlesAlerts: true, hasTouchScreen: false, javascriptEnabled: true, locationContextEnabled: true, mobileEmulationEnabled: false, nativeEvents: true, networkConnectionEnabled: false, pageLoadStrategy: normal, platform: XP, platformName: XP, proxy: Proxy(), rotatable: false, setWindowRect: true, strictFileInteractability: false, takesHeapSnapshot: true, takesScreenshot: true, timeouts: {implicit: 0, pageLoad: 300000, script: 30000}, unexpectedAlertBehaviour: ignore, unhandledPromptBehavior: ignore, version: 72.0.3626.121, webStorageEnabled: true}
Session ID: 151c0a7c81198656032ebbf2f3421fc5
*** Element info: {Using=xpath, value=//select[@id='ctl00_ContentPlaceHolder1_lstItem']//option[1]}
at sun.reflect.NativeConstructorAccessorImpl.newInstance0(Native Method)
at sun.reflect.NativeConstructorAccessorImpl.newInstance(Unknown Source)
at sun.reflect.DelegatingConstructorAccessorImpl.newInstance(Unknown Source)
at java.lang.reflect.Constructor.newInstance(Unknown Source)
at org.openqa.selenium.remote.ErrorHandler.createThrowable(ErrorHandler.java:214)
at org.openqa.selenium.remote.ErrorHandler.throwIfResponseFailed(ErrorHandler.java:166)
at org.openqa.selenium.remote.http.JsonHttpResponseCodec.reconstructValue(JsonHttpResponseCodec.java:40)
at org.openqa.selenium.remote.http.AbstractHttpResponseCodec.decode(AbstractHttpResponseCodec.java:80)
at org.openqa.selenium.remote.http.AbstractHttpResponseCodec.decode(AbstractHttpResponseCodec.java:44)
at org.openqa.selenium.remote.HttpCommandExecutor.execute(HttpCommandExecutor.java:158)
at org.openqa.selenium.remote.service.DriverCommandExecutor.execute(DriverCommandExecutor.java:83)
at org.openqa.selenium.remote.RemoteWebDriver.execute(RemoteWebDriver.java:552)
at org.openqa.selenium.remote.RemoteWebDriver.findElement(RemoteWebDriver.java:323)
at org.openqa.selenium.remote.RemoteWebDriver.findElementByXPath(RemoteWebDriver.java:428)
at org.openqa.selenium.By$ByXPath.findElement(By.java:353)
at org.openqa.selenium.remote.RemoteWebDriver.findElement(RemoteWebDriver.java:315)
at org.openqa.selenium.support.pagefactory.DefaultElementLocator.findElement(DefaultElementLocator.java:69)
at org.openqa.selenium.support.pagefactory.internal.LocatingElementHandler.invoke(LocatingElementHandler.java:38)
at com.sun.proxy.$Proxy10.click(Unknown Source)
at com.quickmove.qa.pages.AddRoomSettingpage.clickonfirstelement(AddRoomSettingpage.java:239)
at com.quickmove.qa.pages.AddRoomSettingpage.selectelement(AddRoomSettingpage.java:109)
at com.quickmove.qa.testcases.Addroomsettingtest.varifyaddroom(Addroomsettingtest.java:66)
at sun.reflect.NativeMethodAccessorImpl.invoke0(Native Method)
at sun.reflect.NativeMethodAccessorImpl.invoke(Unknown Source)
at sun.reflect.DelegatingMethodAccessorImpl.invoke(Unknown Source)
at java.lang.reflect.Method.invoke(Unknown Source)
at org.testng.internal.MethodInvocationHelper.invokeMethod(MethodInvocationHelper.java:133)
at org.testng.internal.TestInvoker.invokeMethod(TestInvoker.java:584)
at org.testng.internal.TestInvoker.invokeTestMethod(TestInvoker.java:172)
at org.testng.internal.MethodRunner.runInSequence(MethodRunner.java:46)
at org.testng.internal.TestInvoker$MethodInvocationAgent.invoke(TestInvoker.java:804)
at org.testng.internal.TestInvoker.invokeTestMethods(TestInvoker.java:145)
at org.testng.internal.TestMethodWorker.invokeTestMethods(TestMethodWorker.java:146)
at org.testng.internal.TestMethodWorker.run(TestMethodWorker.java:128)
at java.util.ArrayList.forEach(Unknown Source)
at org.testng.TestRunner.privateRun(TestRunner.java:770)
at org.testng.TestRunner.run(TestRunner.java:591)
at org.testng.SuiteRunner.runTest(SuiteRunner.java:402)
at org.testng.SuiteRunner.runSequentially(SuiteRunner.java:396)
at org.testng.SuiteRunner.privateRun(SuiteRunner.java:355)
at org.testng.SuiteRunner.run(SuiteRunner.java:304)
at org.testng.SuiteRunnerWorker.runSuite(SuiteRunnerWorker.java:53)
at org.testng.SuiteRunnerWorker.run(SuiteRunnerWorker.java:96)
at org.testng.TestNG.runSuitesSequentially(TestNG.java:1180)
at org.testng.TestNG.runSuitesLocally(TestNG.java:1102)
at org.testng.TestNG.runSuites(TestNG.java:1032)
at org.testng.TestNG.run(TestNG.java:1000)
at org.testng.remote.AbstractRemoteTestNG.run(AbstractRemoteTestNG.java:115)
at org.testng.remote.RemoteTestNG.initAndRun(RemoteTestNG.java:251)
at org.testng.remote.RemoteTestNG.main(RemoteTestNG.java:77)
]]>
    </failure>
  </testcase> <!-- varifyaddroom -->
  <testcase name="varifyaddroom" time="23.704" classname="com.quickmove.qa.testcases.Addroomsettingtest">
    <failure type="org.openqa.selenium.NoSuchElementException" message="no such element: Unable to locate element: {&amp;quot;method&amp;quot;:&amp;quot;xpath&amp;quot;,&amp;quot;selector&amp;quot;:&amp;quot;//select[@id=&amp;apos;ctl00_ContentPlaceHolder1_lstItem&amp;apos;]//option[1]&amp;quot;}
  (Session info: chrome=72.0.3626.121)
  (Driver info: chromedriver=73.0.3683.68 (47787ec04b6e38e22703e856e101e840b65afe72),platform=Windows NT 10.0.10240 x86_64) (WARNING: The server did not provide any stacktrace information)
Command duration or timeout: 0 milliseconds
For documentation on this error, please visit: https://www.seleniumhq.org/exceptions/no_such_element.html
Build info: version: &amp;apos;3.141.59&amp;apos;, revision: &amp;apos;e82be7d358&amp;apos;, time: &amp;apos;2018-11-14T08:17:03&amp;apos;
System info: host: &amp;apos;DESKTOP-HTSMLT5&amp;apos;, ip: &amp;apos;192.168.0.111&amp;apos;, os.name: &amp;apos;Windows 10&amp;apos;, os.arch: &amp;apos;amd64&amp;apos;, os.version: &amp;apos;10.0&amp;apos;, java.version: &amp;apos;1.8.0_171&amp;apos;
Driver info: org.openqa.selenium.chrome.ChromeDriver
Capabilities {acceptInsecureCerts: false, acceptSslCerts: false, applicationCacheEnabled: false, browserConnectionEnabled: false, browserName: chrome, chrome: {chromedriverVersion: 73.0.3683.68 (47787ec04b6e3..., userDataDir: C:\Users\Admin\AppData\Loca...}, cssSelectorsEnabled: true, databaseEnabled: false, goog:chromeOptions: {debuggerAddress: localhost:62638}, handlesAlerts: true, hasTouchScreen: false, javascriptEnabled: true, locationContextEnabled: true, mobileEmulationEnabled: false, nativeEvents: true, networkConnectionEnabled: false, pageLoadStrategy: normal, platform: XP, platformName: XP, proxy: Proxy(), rotatable: false, setWindowRect: true, strictFileInteractability: false, takesHeapSnapshot: true, takesScreenshot: true, timeouts: {implicit: 0, pageLoad: 300000, script: 30000}, unexpectedAlertBehaviour: ignore, unhandledPromptBehavior: ignore, version: 72.0.3626.121, webStorageEnabled: true}
Session ID: e66abb3e01bb84b518eee402615ce2b6
*** Element info: {Using=xpath, value=//select[@id=&amp;apos;ctl00_ContentPlaceHolder1_lstItem&amp;apos;]//option[1]}">
      <![CDATA[org.openqa.selenium.NoSuchElementException: no such element: Unable to locate element: {"method":"xpath","selector":"//select[@id='ctl00_ContentPlaceHolder1_lstItem']//option[1]"}
  (Session info: chrome=72.0.3626.121)
  (Driver info: chromedriver=73.0.3683.68 (47787ec04b6e38e22703e856e101e840b65afe72),platform=Windows NT 10.0.10240 x86_64) (WARNING: The server did not provide any stacktrace information)
Command duration or timeout: 0 milliseconds
For documentation on this error, please visit: https://www.seleniumhq.org/exceptions/no_such_element.html
Build info: version: '3.141.59', revision: 'e82be7d358', time: '2018-11-14T08:17:03'
System info: host: 'DESKTOP-HTSMLT5', ip: '192.168.0.111', os.name: 'Windows 10', os.arch: 'amd64', os.version: '10.0', java.version: '1.8.0_171'
Driver info: org.openqa.selenium.chrome.ChromeDriver
Capabilities {acceptInsecureCerts: false, acceptSslCerts: false, applicationCacheEnabled: false, browserConnectionEnabled: false, browserName: chrome, chrome: {chromedriverVersion: 73.0.3683.68 (47787ec04b6e3..., userDataDir: C:\Users\Admin\AppData\Loca...}, cssSelectorsEnabled: true, databaseEnabled: false, goog:chromeOptions: {debuggerAddress: localhost:62638}, handlesAlerts: true, hasTouchScreen: false, javascriptEnabled: true, locationContextEnabled: true, mobileEmulationEnabled: false, nativeEvents: true, networkConnectionEnabled: false, pageLoadStrategy: normal, platform: XP, platformName: XP, proxy: Proxy(), rotatable: false, setWindowRect: true, strictFileInteractability: false, takesHeapSnapshot: true, takesScreenshot: true, timeouts: {implicit: 0, pageLoad: 300000, script: 30000}, unexpectedAlertBehaviour: ignore, unhandledPromptBehavior: ignore, version: 72.0.3626.121, webStorageEnabled: true}
Session ID: e66abb3e01bb84b518eee402615ce2b6
*** Element info: {Using=xpath, value=//select[@id='ctl00_ContentPlaceHolder1_lstItem']//option[1]}
at sun.reflect.NativeConstructorAccessorImpl.newInstance0(Native Method)
at sun.reflect.NativeConstructorAccessorImpl.newInstance(Unknown Source)
at sun.reflect.DelegatingConstructorAccessorImpl.newInstance(Unknown Source)
at java.lang.reflect.Constructor.newInstance(Unknown Source)
at org.openqa.selenium.remote.ErrorHandler.createThrowable(ErrorHandler.java:214)
at org.openqa.selenium.remote.ErrorHandler.throwIfResponseFailed(ErrorHandler.java:166)
at org.openqa.selenium.remote.http.JsonHttpResponseCodec.reconstructValue(JsonHttpResponseCodec.java:40)
at org.openqa.selenium.remote.http.AbstractHttpResponseCodec.decode(AbstractHttpResponseCodec.java:80)
at org.openqa.selenium.remote.http.AbstractHttpResponseCodec.decode(AbstractHttpResponseCodec.java:44)
at org.openqa.selenium.remote.HttpCommandExecutor.execute(HttpCommandExecutor.java:158)
at org.openqa.selenium.remote.service.DriverCommandExecutor.execute(DriverCommandExecutor.java:83)
at org.openqa.selenium.remote.RemoteWebDriver.execute(RemoteWebDriver.java:552)
at org.openqa.selenium.remote.RemoteWebDriver.findElement(RemoteWebDriver.java:323)
at org.openqa.selenium.remote.RemoteWebDriver.findElementByXPath(RemoteWebDriver.java:428)
at org.openqa.selenium.By$ByXPath.findElement(By.java:353)
at org.openqa.selenium.remote.RemoteWebDriver.findElement(RemoteWebDriver.java:315)
at org.openqa.selenium.support.pagefactory.DefaultElementLocator.findElement(DefaultElementLocator.java:69)
at org.openqa.selenium.support.pagefactory.internal.LocatingElementHandler.invoke(LocatingElementHandler.java:38)
at com.sun.proxy.$Proxy10.click(Unknown Source)
at com.quickmove.qa.pages.AddRoomSettingpage.clickonfirstelement(AddRoomSettingpage.java:239)
at com.quickmove.qa.pages.AddRoomSettingpage.selectelement(AddRoomSettingpage.java:109)
at com.quickmove.qa.testcases.Addroomsettingtest.varifyaddroom(Addroomsettingtest.java:66)
at sun.reflect.NativeMethodAccessorImpl.invoke0(Native Method)
at sun.reflect.NativeMethodAccessorImpl.invoke(Unknown Source)
at sun.reflect.DelegatingMethodAccessorImpl.invoke(Unknown Source)
at java.lang.reflect.Method.invoke(Unknown Source)
at org.testng.internal.MethodInvocationHelper.invokeMethod(MethodInvocationHelper.java:133)
at org.testng.internal.TestInvoker.invokeMethod(TestInvoker.java:584)
at org.testng.internal.TestInvoker.invokeTestMethod(TestInvoker.java:172)
at org.testng.internal.MethodRunner.runInSequence(MethodRunner.java:46)
at org.testng.internal.TestInvoker$MethodInvocationAgent.invoke(TestInvoker.java:804)
at org.testng.internal.TestInvoker.invokeTestMethods(TestInvoker.java:145)
at org.testng.internal.TestMethodWorker.invokeTestMethods(TestMethodWorker.java:146)
at org.testng.internal.TestMethodWorker.run(TestMethodWorker.java:128)
at java.util.ArrayList.forEach(Unknown Source)
at org.testng.TestRunner.privateRun(TestRunner.java:770)
at org.testng.TestRunner.run(TestRunner.java:591)
at org.testng.SuiteRunner.runTest(SuiteRunner.java:402)
at org.testng.SuiteRunner.runSequentially(SuiteRunner.java:396)
at org.testng.SuiteRunner.privateRun(SuiteRunner.java:355)
at org.testng.SuiteRunner.run(SuiteRunner.java:304)
at org.testng.SuiteRunnerWorker.runSuite(SuiteRunnerWorker.java:53)
at org.testng.SuiteRunnerWorker.run(SuiteRunnerWorker.java:96)
at org.testng.TestNG.runSuitesSequentially(TestNG.java:1180)
at org.testng.TestNG.runSuitesLocally(TestNG.java:1102)
at org.testng.TestNG.runSuites(TestNG.java:1032)
at org.testng.TestNG.run(TestNG.java:1000)
at org.testng.remote.AbstractRemoteTestNG.run(AbstractRemoteTestNG.java:115)
at org.testng.remote.RemoteTestNG.initAndRun(RemoteTestNG.java:251)
at org.testng.remote.RemoteTestNG.main(RemoteTestNG.java:77)
]]>
    </failure>
  </testcase> <!-- varifyaddroom -->
  <testcase name="varifyaddroom" time="31.681" classname="com.quickmove.qa.testcases.Addroomsettingtest">
    <failure type="org.openqa.selenium.NoSuchElementException" message="no such element: Unable to locate element: {&amp;quot;method&amp;quot;:&amp;quot;xpath&amp;quot;,&amp;quot;selector&amp;quot;:&amp;quot;//select[@id=&amp;apos;ctl00_ContentPlaceHolder1_lstItem&amp;apos;]//option[1]&amp;quot;}
  (Session info: chrome=72.0.3626.121)
  (Driver info: chromedriver=73.0.3683.68 (47787ec04b6e38e22703e856e101e840b65afe72),platform=Windows NT 10.0.10240 x86_64) (WARNING: The server did not provide any stacktrace information)
Command duration or timeout: 0 milliseconds
For documentation on this error, please visit: https://www.seleniumhq.org/exceptions/no_such_element.html
Build info: version: &amp;apos;3.141.59&amp;apos;, revision: &amp;apos;e82be7d358&amp;apos;, time: &amp;apos;2018-11-14T08:17:03&amp;apos;
System info: host: &amp;apos;DESKTOP-HTSMLT5&amp;apos;, ip: &amp;apos;192.168.0.111&amp;apos;, os.name: &amp;apos;Windows 10&amp;apos;, os.arch: &amp;apos;amd64&amp;apos;, os.version: &amp;apos;10.0&amp;apos;, java.version: &amp;apos;1.8.0_171&amp;apos;
Driver info: org.openqa.selenium.chrome.ChromeDriver
Capabilities {acceptInsecureCerts: false, acceptSslCerts: false, applicationCacheEnabled: false, browserConnectionEnabled: false, browserName: chrome, chrome: {chromedriverVersion: 73.0.3683.68 (47787ec04b6e3..., userDataDir: C:\Users\Admin\AppData\Loca...}, cssSelectorsEnabled: true, databaseEnabled: false, goog:chromeOptions: {debuggerAddress: localhost:62787}, handlesAlerts: true, hasTouchScreen: false, javascriptEnabled: true, locationContextEnabled: true, mobileEmulationEnabled: false, nativeEvents: true, networkConnectionEnabled: false, pageLoadStrategy: normal, platform: XP, platformName: XP, proxy: Proxy(), rotatable: false, setWindowRect: true, strictFileInteractability: false, takesHeapSnapshot: true, takesScreenshot: true, timeouts: {implicit: 0, pageLoad: 300000, script: 30000}, unexpectedAlertBehaviour: ignore, unhandledPromptBehavior: ignore, version: 72.0.3626.121, webStorageEnabled: true}
Session ID: 2a1a6e4bc94915443288c5ab76c72c46
*** Element info: {Using=xpath, value=//select[@id=&amp;apos;ctl00_ContentPlaceHolder1_lstItem&amp;apos;]//option[1]}">
      <![CDATA[org.openqa.selenium.NoSuchElementException: no such element: Unable to locate element: {"method":"xpath","selector":"//select[@id='ctl00_ContentPlaceHolder1_lstItem']//option[1]"}
  (Session info: chrome=72.0.3626.121)
  (Driver info: chromedriver=73.0.3683.68 (47787ec04b6e38e22703e856e101e840b65afe72),platform=Windows NT 10.0.10240 x86_64) (WARNING: The server did not provide any stacktrace information)
Command duration or timeout: 0 milliseconds
For documentation on this error, please visit: https://www.seleniumhq.org/exceptions/no_such_element.html
Build info: version: '3.141.59', revision: 'e82be7d358', time: '2018-11-14T08:17:03'
System info: host: 'DESKTOP-HTSMLT5', ip: '192.168.0.111', os.name: 'Windows 10', os.arch: 'amd64', os.version: '10.0', java.version: '1.8.0_171'
Driver info: org.openqa.selenium.chrome.ChromeDriver
Capabilities {acceptInsecureCerts: false, acceptSslCerts: false, applicationCacheEnabled: false, browserConnectionEnabled: false, browserName: chrome, chrome: {chromedriverVersion: 73.0.3683.68 (47787ec04b6e3..., userDataDir: C:\Users\Admin\AppData\Loca...}, cssSelectorsEnabled: true, databaseEnabled: false, goog:chromeOptions: {debuggerAddress: localhost:62787}, handlesAlerts: true, hasTouchScreen: false, javascriptEnabled: true, locationContextEnabled: true, mobileEmulationEnabled: false, nativeEvents: true, networkConnectionEnabled: false, pageLoadStrategy: normal, platform: XP, platformName: XP, proxy: Proxy(), rotatable: false, setWindowRect: true, strictFileInteractability: false, takesHeapSnapshot: true, takesScreenshot: true, timeouts: {implicit: 0, pageLoad: 300000, script: 30000}, unexpectedAlertBehaviour: ignore, unhandledPromptBehavior: ignore, version: 72.0.3626.121, webStorageEnabled: true}
Session ID: 2a1a6e4bc94915443288c5ab76c72c46
*** Element info: {Using=xpath, value=//select[@id='ctl00_ContentPlaceHolder1_lstItem']//option[1]}
at sun.reflect.NativeConstructorAccessorImpl.newInstance0(Native Method)
at sun.reflect.NativeConstructorAccessorImpl.newInstance(Unknown Source)
at sun.reflect.DelegatingConstructorAccessorImpl.newInstance(Unknown Source)
at java.lang.reflect.Constructor.newInstance(Unknown Source)
at org.openqa.selenium.remote.ErrorHandler.createThrowable(ErrorHandler.java:214)
at org.openqa.selenium.remote.ErrorHandler.throwIfResponseFailed(ErrorHandler.java:166)
at org.openqa.selenium.remote.http.JsonHttpResponseCodec.reconstructValue(JsonHttpResponseCodec.java:40)
at org.openqa.selenium.remote.http.AbstractHttpResponseCodec.decode(AbstractHttpResponseCodec.java:80)
at org.openqa.selenium.remote.http.AbstractHttpResponseCodec.decode(AbstractHttpResponseCodec.java:44)
at org.openqa.selenium.remote.HttpCommandExecutor.execute(HttpCommandExecutor.java:158)
at org.openqa.selenium.remote.service.DriverCommandExecutor.execute(DriverCommandExecutor.java:83)
at org.openqa.selenium.remote.RemoteWebDriver.execute(RemoteWebDriver.java:552)
at org.openqa.selenium.remote.RemoteWebDriver.findElement(RemoteWebDriver.java:323)
at org.openqa.selenium.remote.RemoteWebDriver.findElementByXPath(RemoteWebDriver.java:428)
at org.openqa.selenium.By$ByXPath.findElement(By.java:353)
at org.openqa.selenium.remote.RemoteWebDriver.findElement(RemoteWebDriver.java:315)
at org.openqa.selenium.support.pagefactory.DefaultElementLocator.findElement(DefaultElementLocator.java:69)
at org.openqa.selenium.support.pagefactory.internal.LocatingElementHandler.invoke(LocatingElementHandler.java:38)
at com.sun.proxy.$Proxy10.click(Unknown Source)
at com.quickmove.qa.pages.AddRoomSettingpage.clickonfirstelement(AddRoomSettingpage.java:239)
at com.quickmove.qa.pages.AddRoomSettingpage.selectelement(AddRoomSettingpage.java:109)
at com.quickmove.qa.testcases.Addroomsettingtest.varifyaddroom(Addroomsettingtest.java:66)
at sun.reflect.NativeMethodAccessorImpl.invoke0(Native Method)
at sun.reflect.NativeMethodAccessorImpl.invoke(Unknown Source)
at sun.reflect.DelegatingMethodAccessorImpl.invoke(Unknown Source)
at java.lang.reflect.Method.invoke(Unknown Source)
at org.testng.internal.MethodInvocationHelper.invokeMethod(MethodInvocationHelper.java:133)
at org.testng.internal.TestInvoker.invokeMethod(TestInvoker.java:584)
at org.testng.internal.TestInvoker.invokeTestMethod(TestInvoker.java:172)
at org.testng.internal.MethodRunner.runInSequence(MethodRunner.java:46)
at org.testng.internal.TestInvoker$MethodInvocationAgent.invoke(TestInvoker.java:804)
at org.testng.internal.TestInvoker.invokeTestMethods(TestInvoker.java:145)
at org.testng.internal.TestMethodWorker.invokeTestMethods(TestMethodWorker.java:146)
at org.testng.internal.TestMethodWorker.run(TestMethodWorker.java:128)
at java.util.ArrayList.forEach(Unknown Source)
at org.testng.TestRunner.privateRun(TestRunner.java:770)
at org.testng.TestRunner.run(TestRunner.java:591)
at org.testng.SuiteRunner.runTest(SuiteRunner.java:402)
at org.testng.SuiteRunner.runSequentially(SuiteRunner.java:396)
at org.testng.SuiteRunner.privateRun(SuiteRunner.java:355)
at org.testng.SuiteRunner.run(SuiteRunner.java:304)
at org.testng.SuiteRunnerWorker.runSuite(SuiteRunnerWorker.java:53)
at org.testng.SuiteRunnerWorker.run(SuiteRunnerWorker.java:96)
at org.testng.TestNG.runSuitesSequentially(TestNG.java:1180)
at org.testng.TestNG.runSuitesLocally(TestNG.java:1102)
at org.testng.TestNG.runSuites(TestNG.java:1032)
at org.testng.TestNG.run(TestNG.java:1000)
at org.testng.remote.AbstractRemoteTestNG.run(AbstractRemoteTestNG.java:115)
at org.testng.remote.RemoteTestNG.initAndRun(RemoteTestNG.java:251)
at org.testng.remote.RemoteTestNG.main(RemoteTestNG.java:77)
]]>
    </failure>
  </testcase> <!-- varifyaddroom -->
  <testcase name="varifyaddroom" time="23.538" classname="com.quickmove.qa.testcases.Addroomsettingtest">
    <failure type="org.openqa.selenium.NoSuchElementException" message="no such element: Unable to locate element: {&amp;quot;method&amp;quot;:&amp;quot;xpath&amp;quot;,&amp;quot;selector&amp;quot;:&amp;quot;//select[@id=&amp;apos;ctl00_ContentPlaceHolder1_lstItem&amp;apos;]//option[1]&amp;quot;}
  (Session info: chrome=72.0.3626.121)
  (Driver info: chromedriver=73.0.3683.68 (47787ec04b6e38e22703e856e101e840b65afe72),platform=Windows NT 10.0.10240 x86_64) (WARNING: The server did not provide any stacktrace information)
Command duration or timeout: 0 milliseconds
For documentation on this error, please visit: https://www.seleniumhq.org/exceptions/no_such_element.html
Build info: version: &amp;apos;3.141.59&amp;apos;, revision: &amp;apos;e82be7d358&amp;apos;, time: &amp;apos;2018-11-14T08:17:03&amp;apos;
System info: host: &amp;apos;DESKTOP-HTSMLT5&amp;apos;, ip: &amp;apos;192.168.0.111&amp;apos;, os.name: &amp;apos;Windows 10&amp;apos;, os.arch: &amp;apos;amd64&amp;apos;, os.version: &amp;apos;10.0&amp;apos;, java.version: &amp;apos;1.8.0_171&amp;apos;
Driver info: org.openqa.selenium.chrome.ChromeDriver
Capabilities {acceptInsecureCerts: false, acceptSslCerts: false, applicationCacheEnabled: false, browserConnectionEnabled: false, browserName: chrome, chrome: {chromedriverVersion: 73.0.3683.68 (47787ec04b6e3..., userDataDir: C:\Users\Admin\AppData\Loca...}, cssSelectorsEnabled: true, databaseEnabled: false, goog:chromeOptions: {debuggerAddress: localhost:62821}, handlesAlerts: true, hasTouchScreen: false, javascriptEnabled: true, locationContextEnabled: true, mobileEmulationEnabled: false, nativeEvents: true, networkConnectionEnabled: false, pageLoadStrategy: normal, platform: XP, platformName: XP, proxy: Proxy(), rotatable: false, setWindowRect: true, strictFileInteractability: false, takesHeapSnapshot: true, takesScreenshot: true, timeouts: {implicit: 0, pageLoad: 300000, script: 30000}, unexpectedAlertBehaviour: ignore, unhandledPromptBehavior: ignore, version: 72.0.3626.121, webStorageEnabled: true}
Session ID: f9db6d1473d3670cc9e353a845302c20
*** Element info: {Using=xpath, value=//select[@id=&amp;apos;ctl00_ContentPlaceHolder1_lstItem&amp;apos;]//option[1]}">
      <![CDATA[org.openqa.selenium.NoSuchElementException: no such element: Unable to locate element: {"method":"xpath","selector":"//select[@id='ctl00_ContentPlaceHolder1_lstItem']//option[1]"}
  (Session info: chrome=72.0.3626.121)
  (Driver info: chromedriver=73.0.3683.68 (47787ec04b6e38e22703e856e101e840b65afe72),platform=Windows NT 10.0.10240 x86_64) (WARNING: The server did not provide any stacktrace information)
Command duration or timeout: 0 milliseconds
For documentation on this error, please visit: https://www.seleniumhq.org/exceptions/no_such_element.html
Build info: version: '3.141.59', revision: 'e82be7d358', time: '2018-11-14T08:17:03'
System info: host: 'DESKTOP-HTSMLT5', ip: '192.168.0.111', os.name: 'Windows 10', os.arch: 'amd64', os.version: '10.0', java.version: '1.8.0_171'
Driver info: org.openqa.selenium.chrome.ChromeDriver
Capabilities {acceptInsecureCerts: false, acceptSslCerts: false, applicationCacheEnabled: false, browserConnectionEnabled: false, browserName: chrome, chrome: {chromedriverVersion: 73.0.3683.68 (47787ec04b6e3..., userDataDir: C:\Users\Admin\AppData\Loca...}, cssSelectorsEnabled: true, databaseEnabled: false, goog:chromeOptions: {debuggerAddress: localhost:62821}, handlesAlerts: true, hasTouchScreen: false, javascriptEnabled: true, locationContextEnabled: true, mobileEmulationEnabled: false, nativeEvents: true, networkConnectionEnabled: false, pageLoadStrategy: normal, platform: XP, platformName: XP, proxy: Proxy(), rotatable: false, setWindowRect: true, strictFileInteractability: false, takesHeapSnapshot: true, takesScreenshot: true, timeouts: {implicit: 0, pageLoad: 300000, script: 30000}, unexpectedAlertBehaviour: ignore, unhandledPromptBehavior: ignore, version: 72.0.3626.121, webStorageEnabled: true}
Session ID: f9db6d1473d3670cc9e353a845302c20
*** Element info: {Using=xpath, value=//select[@id='ctl00_ContentPlaceHolder1_lstItem']//option[1]}
at sun.reflect.NativeConstructorAccessorImpl.newInstance0(Native Method)
at sun.reflect.NativeConstructorAccessorImpl.newInstance(Unknown Source)
at sun.reflect.DelegatingConstructorAccessorImpl.newInstance(Unknown Source)
at java.lang.reflect.Constructor.newInstance(Unknown Source)
at org.openqa.selenium.remote.ErrorHandler.createThrowable(ErrorHandler.java:214)
at org.openqa.selenium.remote.ErrorHandler.throwIfResponseFailed(ErrorHandler.java:166)
at org.openqa.selenium.remote.http.JsonHttpResponseCodec.reconstructValue(JsonHttpResponseCodec.java:40)
at org.openqa.selenium.remote.http.AbstractHttpResponseCodec.decode(AbstractHttpResponseCodec.java:80)
at org.openqa.selenium.remote.http.AbstractHttpResponseCodec.decode(AbstractHttpResponseCodec.java:44)
at org.openqa.selenium.remote.HttpCommandExecutor.execute(HttpCommandExecutor.java:158)
at org.openqa.selenium.remote.service.DriverCommandExecutor.execute(DriverCommandExecutor.java:83)
at org.openqa.selenium.remote.RemoteWebDriver.execute(RemoteWebDriver.java:552)
at org.openqa.selenium.remote.RemoteWebDriver.findElement(RemoteWebDriver.java:323)
at org.openqa.selenium.remote.RemoteWebDriver.findElementByXPath(RemoteWebDriver.java:428)
at org.openqa.selenium.By$ByXPath.findElement(By.java:353)
at org.openqa.selenium.remote.RemoteWebDriver.findElement(RemoteWebDriver.java:315)
at org.openqa.selenium.support.pagefactory.DefaultElementLocator.findElement(DefaultElementLocator.java:69)
at org.openqa.selenium.support.pagefactory.internal.LocatingElementHandler.invoke(LocatingElementHandler.java:38)
at com.sun.proxy.$Proxy10.click(Unknown Source)
at com.quickmove.qa.pages.AddRoomSettingpage.clickonfirstelement(AddRoomSettingpage.java:239)
at com.quickmove.qa.pages.AddRoomSettingpage.selectelement(AddRoomSettingpage.java:109)
at com.quickmove.qa.testcases.Addroomsettingtest.varifyaddroom(Addroomsettingtest.java:66)
at sun.reflect.NativeMethodAccessorImpl.invoke0(Native Method)
at sun.reflect.NativeMethodAccessorImpl.invoke(Unknown Source)
at sun.reflect.DelegatingMethodAccessorImpl.invoke(Unknown Source)
at java.lang.reflect.Method.invoke(Unknown Source)
at org.testng.internal.MethodInvocationHelper.invokeMethod(MethodInvocationHelper.java:133)
at org.testng.internal.TestInvoker.invokeMethod(TestInvoker.java:584)
at org.testng.internal.TestInvoker.invokeTestMethod(TestInvoker.java:172)
at org.testng.internal.MethodRunner.runInSequence(MethodRunner.java:46)
at org.testng.internal.TestInvoker$MethodInvocationAgent.invoke(TestInvoker.java:804)
at org.testng.internal.TestInvoker.invokeTestMethods(TestInvoker.java:145)
at org.testng.internal.TestMethodWorker.invokeTestMethods(TestMethodWorker.java:146)
at org.testng.internal.TestMethodWorker.run(TestMethodWorker.java:128)
at java.util.ArrayList.forEach(Unknown Source)
at org.testng.TestRunner.privateRun(TestRunner.java:770)
at org.testng.TestRunner.run(TestRunner.java:591)
at org.testng.SuiteRunner.runTest(SuiteRunner.java:402)
at org.testng.SuiteRunner.runSequentially(SuiteRunner.java:396)
at org.testng.SuiteRunner.privateRun(SuiteRunner.java:355)
at org.testng.SuiteRunner.run(SuiteRunner.java:304)
at org.testng.SuiteRunnerWorker.runSuite(SuiteRunnerWorker.java:53)
at org.testng.SuiteRunnerWorker.run(SuiteRunnerWorker.java:96)
at org.testng.TestNG.runSuitesSequentially(TestNG.java:1180)
at org.testng.TestNG.runSuitesLocally(TestNG.java:1102)
at org.testng.TestNG.runSuites(TestNG.java:1032)
at org.testng.TestNG.run(TestNG.java:1000)
at org.testng.remote.AbstractRemoteTestNG.run(AbstractRemoteTestNG.java:115)
at org.testng.remote.RemoteTestNG.initAndRun(RemoteTestNG.java:251)
at org.testng.remote.RemoteTestNG.main(RemoteTestNG.java:77)
]]>
    </failure>
  </testcase> <!-- varifyaddroom -->
  <testcase name="varifyaddroom" time="902.232" classname="com.quickmove.qa.testcases.Addroomsettingtest">
    <failure type="org.openqa.selenium.NoSuchElementException" message="no such element: Unable to locate element: {&amp;quot;method&amp;quot;:&amp;quot;xpath&amp;quot;,&amp;quot;selector&amp;quot;:&amp;quot;//div[@id=&amp;apos;ctl00_ContentPlaceHolder1_divCategoryClose&amp;apos;]&amp;quot;}
  (Session info: chrome=72.0.3626.121)
  (Driver info: chromedriver=73.0.3683.68 (47787ec04b6e38e22703e856e101e840b65afe72),platform=Windows NT 10.0.10240 x86_64) (WARNING: The server did not provide any stacktrace information)
Command duration or timeout: 0 milliseconds
For documentation on this error, please visit: https://www.seleniumhq.org/exceptions/no_such_element.html
Build info: version: &amp;apos;3.141.59&amp;apos;, revision: &amp;apos;e82be7d358&amp;apos;, time: &amp;apos;2018-11-14T08:17:03&amp;apos;
System info: host: &amp;apos;DESKTOP-HTSMLT5&amp;apos;, ip: &amp;apos;192.168.0.111&amp;apos;, os.name: &amp;apos;Windows 10&amp;apos;, os.arch: &amp;apos;amd64&amp;apos;, os.version: &amp;apos;10.0&amp;apos;, java.version: &amp;apos;1.8.0_171&amp;apos;
Driver info: org.openqa.selenium.chrome.ChromeDriver
Capabilities {acceptInsecureCerts: false, acceptSslCerts: false, applicationCacheEnabled: false, browserConnectionEnabled: false, browserName: chrome, chrome: {chromedriverVersion: 73.0.3683.68 (47787ec04b6e3..., userDataDir: C:\Users\Admin\AppData\Loca...}, cssSelectorsEnabled: true, databaseEnabled: false, goog:chromeOptions: {debuggerAddress: localhost:62847}, handlesAlerts: true, hasTouchScreen: false, javascriptEnabled: true, locationContextEnabled: true, mobileEmulationEnabled: false, nativeEvents: true, networkConnectionEnabled: false, pageLoadStrategy: normal, platform: XP, platformName: XP, proxy: Proxy(), rotatable: false, setWindowRect: true, strictFileInteractability: false, takesHeapSnapshot: true, takesScreenshot: true, timeouts: {implicit: 0, pageLoad: 300000, script: 30000}, unexpectedAlertBehaviour: ignore, unhandledPromptBehavior: ignore, version: 72.0.3626.121, webStorageEnabled: true}
Session ID: 0a369a6c6856af5f1a9cea35b7df5bdd
*** Element info: {Using=xpath, value=//div[@id=&amp;apos;ctl00_ContentPlaceHolder1_divCategoryClose&amp;apos;]}">
      <![CDATA[org.openqa.selenium.NoSuchElementException: no such element: Unable to locate element: {"method":"xpath","selector":"//div[@id='ctl00_ContentPlaceHolder1_divCategoryClose']"}
  (Session info: chrome=72.0.3626.121)
  (Driver info: chromedriver=73.0.3683.68 (47787ec04b6e38e22703e856e101e840b65afe72),platform=Windows NT 10.0.10240 x86_64) (WARNING: The server did not provide any stacktrace information)
Command duration or timeout: 0 milliseconds
For documentation on this error, please visit: https://www.seleniumhq.org/exceptions/no_such_element.html
Build info: version: '3.141.59', revision: 'e82be7d358', time: '2018-11-14T08:17:03'
System info: host: 'DESKTOP-HTSMLT5', ip: '192.168.0.111', os.name: 'Windows 10', os.arch: 'amd64', os.version: '10.0', java.version: '1.8.0_171'
Driver info: org.openqa.selenium.chrome.ChromeDriver
Capabilities {acceptInsecureCerts: false, acceptSslCerts: false, applicationCacheEnabled: false, browserConnectionEnabled: false, browserName: chrome, chrome: {chromedriverVersion: 73.0.3683.68 (47787ec04b6e3..., userDataDir: C:\Users\Admin\AppData\Loca...}, cssSelectorsEnabled: true, databaseEnabled: false, goog:chromeOptions: {debuggerAddress: localhost:62847}, handlesAlerts: true, hasTouchScreen: false, javascriptEnabled: true, locationContextEnabled: true, mobileEmulationEnabled: false, nativeEvents: true, networkConnectionEnabled: false, pageLoadStrategy: normal, platform: XP, platformName: XP, proxy: Proxy(), rotatable: false, setWindowRect: true, strictFileInteractability: false, takesHeapSnapshot: true, takesScreenshot: true, timeouts: {implicit: 0, pageLoad: 300000, script: 30000}, unexpectedAlertBehaviour: ignore, unhandledPromptBehavior: ignore, version: 72.0.3626.121, webStorageEnabled: true}
Session ID: 0a369a6c6856af5f1a9cea35b7df5bdd
*** Element info: {Using=xpath, value=//div[@id='ctl00_ContentPlaceHolder1_divCategoryClose']}
at sun.reflect.NativeConstructorAccessorImpl.newInstance0(Native Method)
at sun.reflect.NativeConstructorAccessorImpl.newInstance(Unknown Source)
at sun.reflect.DelegatingConstructorAccessorImpl.newInstance(Unknown Source)
at java.lang.reflect.Constructor.newInstance(Unknown Source)
at org.openqa.selenium.remote.ErrorHandler.createThrowable(ErrorHandler.java:214)
at org.openqa.selenium.remote.ErrorHandler.throwIfResponseFailed(ErrorHandler.java:166)
at org.openqa.selenium.remote.http.JsonHttpResponseCodec.reconstructValue(JsonHttpResponseCodec.java:40)
at org.openqa.selenium.remote.http.AbstractHttpResponseCodec.decode(AbstractHttpResponseCodec.java:80)
at org.openqa.selenium.remote.http.AbstractHttpResponseCodec.decode(AbstractHttpResponseCodec.java:44)
at org.openqa.selenium.remote.HttpCommandExecutor.execute(HttpCommandExecutor.java:158)
at org.openqa.selenium.remote.service.DriverCommandExecutor.execute(DriverCommandExecutor.java:83)
at org.openqa.selenium.remote.RemoteWebDriver.execute(RemoteWebDriver.java:552)
at org.openqa.selenium.remote.RemoteWebDriver.findElement(RemoteWebDriver.java:323)
at org.openqa.selenium.remote.RemoteWebDriver.findElementByXPath(RemoteWebDriver.java:428)
at org.openqa.selenium.By$ByXPath.findElement(By.java:353)
at org.openqa.selenium.remote.RemoteWebDriver.findElement(RemoteWebDriver.java:315)
at org.openqa.selenium.support.pagefactory.DefaultElementLocator.findElement(DefaultElementLocator.java:69)
at org.openqa.selenium.support.pagefactory.internal.LocatingElementHandler.invoke(LocatingElementHandler.java:38)
at com.sun.proxy.$Proxy10.click(Unknown Source)
at com.quickmove.qa.pages.AddRoomSettingpage.clickoncategryicon(AddRoomSettingpage.java:48)
at com.quickmove.qa.testcases.Addroomsettingtest.varifyaddroom(Addroomsettingtest.java:60)
at sun.reflect.NativeMethodAccessorImpl.invoke0(Native Method)
at sun.reflect.NativeMethodAccessorImpl.invoke(Unknown Source)
at sun.reflect.DelegatingMethodAccessorImpl.invoke(Unknown Source)
at java.lang.reflect.Method.invoke(Unknown Source)
at org.testng.internal.MethodInvocationHelper.invokeMethod(MethodInvocationHelper.java:133)
at org.testng.internal.TestInvoker.invokeMethod(TestInvoker.java:584)
at org.testng.internal.TestInvoker.invokeTestMethod(TestInvoker.java:172)
at org.testng.internal.MethodRunner.runInSequence(MethodRunner.java:46)
at org.testng.internal.TestInvoker$MethodInvocationAgent.invoke(TestInvoker.java:804)
at org.testng.internal.TestInvoker.invokeTestMethods(TestInvoker.java:145)
at org.testng.internal.TestMethodWorker.invokeTestMethods(TestMethodWorker.java:146)
at org.testng.internal.TestMethodWorker.run(TestMethodWorker.java:128)
at java.util.ArrayList.forEach(Unknown Source)
at org.testng.TestRunner.privateRun(TestRunner.java:770)
at org.testng.TestRunner.run(TestRunner.java:591)
at org.testng.SuiteRunner.runTest(SuiteRunner.java:402)
at org.testng.SuiteRunner.runSequentially(SuiteRunner.java:396)
at org.testng.SuiteRunner.privateRun(SuiteRunner.java:355)
at org.testng.SuiteRunner.run(SuiteRunner.java:304)
at org.testng.SuiteRunnerWorker.runSuite(SuiteRunnerWorker.java:53)
at org.testng.SuiteRunnerWorker.run(SuiteRunnerWorker.java:96)
at org.testng.TestNG.runSuitesSequentially(TestNG.java:1180)
at org.testng.TestNG.runSuitesLocally(TestNG.java:1102)
at org.testng.TestNG.runSuites(TestNG.java:1032)
at org.testng.TestNG.run(TestNG.java:1000)
at org.testng.remote.AbstractRemoteTestNG.run(AbstractRemoteTestNG.java:115)
at org.testng.remote.RemoteTestNG.initAndRun(RemoteTestNG.java:251)
at org.testng.remote.RemoteTestNG.main(RemoteTestNG.java:77)
]]>
    </failure>
  </testcase> <!-- varifyaddroom -->
  <testcase name="varifyaddroom" time="23.587" classname="com.quickmove.qa.testcases.Addroomsettingtest">
    <failure type="org.openqa.selenium.NoSuchElementException" message="no such element: Unable to locate element: {&amp;quot;method&amp;quot;:&amp;quot;xpath&amp;quot;,&amp;quot;selector&amp;quot;:&amp;quot;//select[@id=&amp;apos;ctl00_ContentPlaceHolder1_lstItem&amp;apos;]//option[1]&amp;quot;}
  (Session info: chrome=72.0.3626.121)
  (Driver info: chromedriver=73.0.3683.68 (47787ec04b6e38e22703e856e101e840b65afe72),platform=Windows NT 10.0.10240 x86_64) (WARNING: The server did not provide any stacktrace information)
Command duration or timeout: 0 milliseconds
For documentation on this error, please visit: https://www.seleniumhq.org/exceptions/no_such_element.html
Build info: version: &amp;apos;3.141.59&amp;apos;, revision: &amp;apos;e82be7d358&amp;apos;, time: &amp;apos;2018-11-14T08:17:03&amp;apos;
System info: host: &amp;apos;DESKTOP-HTSMLT5&amp;apos;, ip: &amp;apos;192.168.0.111&amp;apos;, os.name: &amp;apos;Windows 10&amp;apos;, os.arch: &amp;apos;amd64&amp;apos;, os.version: &amp;apos;10.0&amp;apos;, java.version: &amp;apos;1.8.0_171&amp;apos;
Driver info: org.openqa.selenium.chrome.ChromeDriver
Capabilities {acceptInsecureCerts: false, acceptSslCerts: false, applicationCacheEnabled: false, browserConnectionEnabled: false, browserName: chrome, chrome: {chromedriverVersion: 73.0.3683.68 (47787ec04b6e3..., userDataDir: C:\Users\Admin\AppData\Loca...}, cssSelectorsEnabled: true, databaseEnabled: false, goog:chromeOptions: {debuggerAddress: localhost:62880}, handlesAlerts: true, hasTouchScreen: false, javascriptEnabled: true, locationContextEnabled: true, mobileEmulationEnabled: false, nativeEvents: true, networkConnectionEnabled: false, pageLoadStrategy: normal, platform: XP, platformName: XP, proxy: Proxy(), rotatable: false, setWindowRect: true, strictFileInteractability: false, takesHeapSnapshot: true, takesScreenshot: true, timeouts: {implicit: 0, pageLoad: 300000, script: 30000}, unexpectedAlertBehaviour: ignore, unhandledPromptBehavior: ignore, version: 72.0.3626.121, webStorageEnabled: true}
Session ID: b7f6f69823606aed9b854d71ebd7ae14
*** Element info: {Using=xpath, value=//select[@id=&amp;apos;ctl00_ContentPlaceHolder1_lstItem&amp;apos;]//option[1]}">
      <![CDATA[org.openqa.selenium.NoSuchElementException: no such element: Unable to locate element: {"method":"xpath","selector":"//select[@id='ctl00_ContentPlaceHolder1_lstItem']//option[1]"}
  (Session info: chrome=72.0.3626.121)
  (Driver info: chromedriver=73.0.3683.68 (47787ec04b6e38e22703e856e101e840b65afe72),platform=Windows NT 10.0.10240 x86_64) (WARNING: The server did not provide any stacktrace information)
Command duration or timeout: 0 milliseconds
For documentation on this error, please visit: https://www.seleniumhq.org/exceptions/no_such_element.html
Build info: version: '3.141.59', revision: 'e82be7d358', time: '2018-11-14T08:17:03'
System info: host: 'DESKTOP-HTSMLT5', ip: '192.168.0.111', os.name: 'Windows 10', os.arch: 'amd64', os.version: '10.0', java.version: '1.8.0_171'
Driver info: org.openqa.selenium.chrome.ChromeDriver
Capabilities {acceptInsecureCerts: false, acceptSslCerts: false, applicationCacheEnabled: false, browserConnectionEnabled: false, browserName: chrome, chrome: {chromedriverVersion: 73.0.3683.68 (47787ec04b6e3..., userDataDir: C:\Users\Admin\AppData\Loca...}, cssSelectorsEnabled: true, databaseEnabled: false, goog:chromeOptions: {debuggerAddress: localhost:62880}, handlesAlerts: true, hasTouchScreen: false, javascriptEnabled: true, locationContextEnabled: true, mobileEmulationEnabled: false, nativeEvents: true, networkConnectionEnabled: false, pageLoadStrategy: normal, platform: XP, platformName: XP, proxy: Proxy(), rotatable: false, setWindowRect: true, strictFileInteractability: false, takesHeapSnapshot: true, takesScreenshot: true, timeouts: {implicit: 0, pageLoad: 300000, script: 30000}, unexpectedAlertBehaviour: ignore, unhandledPromptBehavior: ignore, version: 72.0.3626.121, webStorageEnabled: true}
Session ID: b7f6f69823606aed9b854d71ebd7ae14
*** Element info: {Using=xpath, value=//select[@id='ctl00_ContentPlaceHolder1_lstItem']//option[1]}
at sun.reflect.NativeConstructorAccessorImpl.newInstance0(Native Method)
at sun.reflect.NativeConstructorAccessorImpl.newInstance(Unknown Source)
at sun.reflect.DelegatingConstructorAccessorImpl.newInstance(Unknown Source)
at java.lang.reflect.Constructor.newInstance(Unknown Source)
at org.openqa.selenium.remote.ErrorHandler.createThrowable(ErrorHandler.java:214)
at org.openqa.selenium.remote.ErrorHandler.throwIfResponseFailed(ErrorHandler.java:166)
at org.openqa.selenium.remote.http.JsonHttpResponseCodec.reconstructValue(JsonHttpResponseCodec.java:40)
at org.openqa.selenium.remote.http.AbstractHttpResponseCodec.decode(AbstractHttpResponseCodec.java:80)
at org.openqa.selenium.remote.http.AbstractHttpResponseCodec.decode(AbstractHttpResponseCodec.java:44)
at org.openqa.selenium.remote.HttpCommandExecutor.execute(HttpCommandExecutor.java:158)
at org.openqa.selenium.remote.service.DriverCommandExecutor.execute(DriverCommandExecutor.java:83)
at org.openqa.selenium.remote.RemoteWebDriver.execute(RemoteWebDriver.java:552)
at org.openqa.selenium.remote.RemoteWebDriver.findElement(RemoteWebDriver.java:323)
at org.openqa.selenium.remote.RemoteWebDriver.findElementByXPath(RemoteWebDriver.java:428)
at org.openqa.selenium.By$ByXPath.findElement(By.java:353)
at org.openqa.selenium.remote.RemoteWebDriver.findElement(RemoteWebDriver.java:315)
at org.openqa.selenium.support.pagefactory.DefaultElementLocator.findElement(DefaultElementLocator.java:69)
at org.openqa.selenium.support.pagefactory.internal.LocatingElementHandler.invoke(LocatingElementHandler.java:38)
at com.sun.proxy.$Proxy10.click(Unknown Source)
at com.quickmove.qa.pages.AddRoomSettingpage.clickonfirstelement(AddRoomSettingpage.java:239)
at com.quickmove.qa.pages.AddRoomSettingpage.selectelement(AddRoomSettingpage.java:109)
at com.quickmove.qa.testcases.Addroomsettingtest.varifyaddroom(Addroomsettingtest.java:66)
at sun.reflect.NativeMethodAccessorImpl.invoke0(Native Method)
at sun.reflect.NativeMethodAccessorImpl.invoke(Unknown Source)
at sun.reflect.DelegatingMethodAccessorImpl.invoke(Unknown Source)
at java.lang.reflect.Method.invoke(Unknown Source)
at org.testng.internal.MethodInvocationHelper.invokeMethod(MethodInvocationHelper.java:133)
at org.testng.internal.TestInvoker.invokeMethod(TestInvoker.java:584)
at org.testng.internal.TestInvoker.invokeTestMethod(TestInvoker.java:172)
at org.testng.internal.MethodRunner.runInSequence(MethodRunner.java:46)
at org.testng.internal.TestInvoker$MethodInvocationAgent.invoke(TestInvoker.java:804)
at org.testng.internal.TestInvoker.invokeTestMethods(TestInvoker.java:145)
at org.testng.internal.TestMethodWorker.invokeTestMethods(TestMethodWorker.java:146)
at org.testng.internal.TestMethodWorker.run(TestMethodWorker.java:128)
at java.util.ArrayList.forEach(Unknown Source)
at org.testng.TestRunner.privateRun(TestRunner.java:770)
at org.testng.TestRunner.run(TestRunner.java:591)
at org.testng.SuiteRunner.runTest(SuiteRunner.java:402)
at org.testng.SuiteRunner.runSequentially(SuiteRunner.java:396)
at org.testng.SuiteRunner.privateRun(SuiteRunner.java:355)
at org.testng.SuiteRunner.run(SuiteRunner.java:304)
at org.testng.SuiteRunnerWorker.runSuite(SuiteRunnerWorker.java:53)
at org.testng.SuiteRunnerWorker.run(SuiteRunnerWorker.java:96)
at org.testng.TestNG.runSuitesSequentially(TestNG.java:1180)
at org.testng.TestNG.runSuitesLocally(TestNG.java:1102)
at org.testng.TestNG.runSuites(TestNG.java:1032)
at org.testng.TestNG.run(TestNG.java:1000)
at org.testng.remote.AbstractRemoteTestNG.run(AbstractRemoteTestNG.java:115)
at org.testng.remote.RemoteTestNG.initAndRun(RemoteTestNG.java:251)
at org.testng.remote.RemoteTestNG.main(RemoteTestNG.java:77)
]]>
    </failure>
  </testcase> <!-- varifyaddroom -->
  <testcase name="varifyaddroom" time="19.282" classname="com.quickmove.qa.testcases.Addroomsettingtest">
    <failure type="org.openqa.selenium.WebDriverException" message="chrome not reachable
  (Session info: chrome=72.0.3626.121)
  (Driver info: chromedriver=73.0.3683.68 (47787ec04b6e38e22703e856e101e840b65afe72),platform=Windows NT 10.0.10240 x86_64) (WARNING: The server did not provide any stacktrace information)
Command duration or timeout: 0 milliseconds
Build info: version: &amp;apos;3.141.59&amp;apos;, revision: &amp;apos;e82be7d358&amp;apos;, time: &amp;apos;2018-11-14T08:17:03&amp;apos;
System info: host: &amp;apos;DESKTOP-HTSMLT5&amp;apos;, ip: &amp;apos;192.168.0.111&amp;apos;, os.name: &amp;apos;Windows 10&amp;apos;, os.arch: &amp;apos;amd64&amp;apos;, os.version: &amp;apos;10.0&amp;apos;, java.version: &amp;apos;1.8.0_171&amp;apos;
Driver info: org.openqa.selenium.chrome.ChromeDriver
Capabilities {acceptInsecureCerts: false, acceptSslCerts: false, applicationCacheEnabled: false, browserConnectionEnabled: false, browserName: chrome, chrome: {chromedriverVersion: 73.0.3683.68 (47787ec04b6e3..., userDataDir: C:\Users\Admin\AppData\Loca...}, cssSelectorsEnabled: true, databaseEnabled: false, goog:chromeOptions: {debuggerAddress: localhost:62909}, handlesAlerts: true, hasTouchScreen: false, javascriptEnabled: true, locationContextEnabled: true, mobileEmulationEnabled: false, nativeEvents: true, networkConnectionEnabled: false, pageLoadStrategy: normal, platform: XP, platformName: XP, proxy: Proxy(), rotatable: false, setWindowRect: true, strictFileInteractability: false, takesHeapSnapshot: true, takesScreenshot: true, timeouts: {implicit: 0, pageLoad: 300000, script: 30000}, unexpectedAlertBehaviour: ignore, unhandledPromptBehavior: ignore, version: 72.0.3626.121, webStorageEnabled: true}
Session ID: a6f47db68bb7266de59532e55b0f6e12
*** Element info: {Using=xpath, value=//select[@id=&amp;apos;ctl00_ContentPlaceHolder1_lstItem&amp;apos;]//option[1]}">
      <![CDATA[org.openqa.selenium.WebDriverException: chrome not reachable
  (Session info: chrome=72.0.3626.121)
  (Driver info: chromedriver=73.0.3683.68 (47787ec04b6e38e22703e856e101e840b65afe72),platform=Windows NT 10.0.10240 x86_64) (WARNING: The server did not provide any stacktrace information)
Command duration or timeout: 0 milliseconds
Build info: version: '3.141.59', revision: 'e82be7d358', time: '2018-11-14T08:17:03'
System info: host: 'DESKTOP-HTSMLT5', ip: '192.168.0.111', os.name: 'Windows 10', os.arch: 'amd64', os.version: '10.0', java.version: '1.8.0_171'
Driver info: org.openqa.selenium.chrome.ChromeDriver
Capabilities {acceptInsecureCerts: false, acceptSslCerts: false, applicationCacheEnabled: false, browserConnectionEnabled: false, browserName: chrome, chrome: {chromedriverVersion: 73.0.3683.68 (47787ec04b6e3..., userDataDir: C:\Users\Admin\AppData\Loca...}, cssSelectorsEnabled: true, databaseEnabled: false, goog:chromeOptions: {debuggerAddress: localhost:62909}, handlesAlerts: true, hasTouchScreen: false, javascriptEnabled: true, locationContextEnabled: true, mobileEmulationEnabled: false, nativeEvents: true, networkConnectionEnabled: false, pageLoadStrategy: normal, platform: XP, platformName: XP, proxy: Proxy(), rotatable: false, setWindowRect: true, strictFileInteractability: false, takesHeapSnapshot: true, takesScreenshot: true, timeouts: {implicit: 0, pageLoad: 300000, script: 30000}, unexpectedAlertBehaviour: ignore, unhandledPromptBehavior: ignore, version: 72.0.3626.121, webStorageEnabled: true}
Session ID: a6f47db68bb7266de59532e55b0f6e12
*** Element info: {Using=xpath, value=//select[@id='ctl00_ContentPlaceHolder1_lstItem']//option[1]}
at sun.reflect.NativeConstructorAccessorImpl.newInstance0(Native Method)
at sun.reflect.NativeConstructorAccessorImpl.newInstance(Unknown Source)
at sun.reflect.DelegatingConstructorAccessorImpl.newInstance(Unknown Source)
at java.lang.reflect.Constructor.newInstance(Unknown Source)
at org.openqa.selenium.remote.ErrorHandler.createThrowable(ErrorHandler.java:214)
at org.openqa.selenium.remote.ErrorHandler.throwIfResponseFailed(ErrorHandler.java:166)
at org.openqa.selenium.remote.http.JsonHttpResponseCodec.reconstructValue(JsonHttpResponseCodec.java:40)
at org.openqa.selenium.remote.http.AbstractHttpResponseCodec.decode(AbstractHttpResponseCodec.java:80)
at org.openqa.selenium.remote.http.AbstractHttpResponseCodec.decode(AbstractHttpResponseCodec.java:44)
at org.openqa.selenium.remote.HttpCommandExecutor.execute(HttpCommandExecutor.java:158)
at org.openqa.selenium.remote.service.DriverCommandExecutor.execute(DriverCommandExecutor.java:83)
at org.openqa.selenium.remote.RemoteWebDriver.execute(RemoteWebDriver.java:552)
at org.openqa.selenium.remote.RemoteWebDriver.findElement(RemoteWebDriver.java:323)
at org.openqa.selenium.remote.RemoteWebDriver.findElementByXPath(RemoteWebDriver.java:428)
at org.openqa.selenium.By$ByXPath.findElement(By.java:353)
at org.openqa.selenium.remote.RemoteWebDriver.findElement(RemoteWebDriver.java:315)
at org.openqa.selenium.support.pagefactory.DefaultElementLocator.findElement(DefaultElementLocator.java:69)
at org.openqa.selenium.support.pagefactory.internal.LocatingElementHandler.invoke(LocatingElementHandler.java:38)
at com.sun.proxy.$Proxy10.click(Unknown Source)
at com.quickmove.qa.pages.AddRoomSettingpage.clickonfirstelement(AddRoomSettingpage.java:239)
at com.quickmove.qa.pages.AddRoomSettingpage.selectelement(AddRoomSettingpage.java:109)
at com.quickmove.qa.testcases.Addroomsettingtest.varifyaddroom(Addroomsettingtest.java:66)
at sun.reflect.NativeMethodAccessorImpl.invoke0(Native Method)
at sun.reflect.NativeMethodAccessorImpl.invoke(Unknown Source)
at sun.reflect.DelegatingMethodAccessorImpl.invoke(Unknown Source)
at java.lang.reflect.Method.invoke(Unknown Source)
at org.testng.internal.MethodInvocationHelper.invokeMethod(MethodInvocationHelper.java:133)
at org.testng.internal.TestInvoker.invokeMethod(TestInvoker.java:584)
at org.testng.internal.TestInvoker.invokeTestMethod(TestInvoker.java:172)
at org.testng.internal.MethodRunner.runInSequence(MethodRunner.java:46)
at org.testng.internal.TestInvoker$MethodInvocationAgent.invoke(TestInvoker.java:804)
at org.testng.internal.TestInvoker.invokeTestMethods(TestInvoker.java:145)
at org.testng.internal.TestMethodWorker.invokeTestMethods(TestMethodWorker.java:146)
at org.testng.internal.TestMethodWorker.run(TestMethodWorker.java:128)
at java.util.ArrayList.forEach(Unknown Source)
at org.testng.TestRunner.privateRun(TestRunner.java:770)
at org.testng.TestRunner.run(TestRunner.java:591)
at org.testng.SuiteRunner.runTest(SuiteRunner.java:402)
at org.testng.SuiteRunner.runSequentially(SuiteRunner.java:396)
at org.testng.SuiteRunner.privateRun(SuiteRunner.java:355)
at org.testng.SuiteRunner.run(SuiteRunner.java:304)
at org.testng.SuiteRunnerWorker.runSuite(SuiteRunnerWorker.java:53)
at org.testng.SuiteRunnerWorker.run(SuiteRunnerWorker.java:96)
at org.testng.TestNG.runSuitesSequentially(TestNG.java:1180)
at org.testng.TestNG.runSuitesLocally(TestNG.java:1102)
at org.testng.TestNG.runSuites(TestNG.java:1032)
at org.testng.TestNG.run(TestNG.java:1000)
at org.testng.remote.AbstractRemoteTestNG.run(AbstractRemoteTestNG.java:115)
at org.testng.remote.RemoteTestNG.initAndRun(RemoteTestNG.java:251)
at org.testng.remote.RemoteTestNG.main(RemoteTestNG.java:77)
]]>
    </failure>
  </testcase> <!-- varifyaddroom -->
  <testcase name="varifyaddroom" time="10.031" classname="com.quickmove.qa.testcases.Addroomsettingtest">
    <failure type="org.openqa.selenium.NoSuchElementException" message="no such element: Unable to locate element: {&amp;quot;method&amp;quot;:&amp;quot;xpath&amp;quot;,&amp;quot;selector&amp;quot;:&amp;quot;//div[@id=&amp;apos;ctl00_ContentPlaceHolder1_divCategoryClose&amp;apos;]&amp;quot;}
  (Session info: chrome=72.0.3626.121)
  (Driver info: chromedriver=73.0.3683.68 (47787ec04b6e38e22703e856e101e840b65afe72),platform=Windows NT 10.0.10240 x86_64) (WARNING: The server did not provide any stacktrace information)
Command duration or timeout: 0 milliseconds
For documentation on this error, please visit: https://www.seleniumhq.org/exceptions/no_such_element.html
Build info: version: &amp;apos;3.141.59&amp;apos;, revision: &amp;apos;e82be7d358&amp;apos;, time: &amp;apos;2018-11-14T08:17:03&amp;apos;
System info: host: &amp;apos;DESKTOP-HTSMLT5&amp;apos;, ip: &amp;apos;192.168.0.111&amp;apos;, os.name: &amp;apos;Windows 10&amp;apos;, os.arch: &amp;apos;amd64&amp;apos;, os.version: &amp;apos;10.0&amp;apos;, java.version: &amp;apos;1.8.0_171&amp;apos;
Driver info: org.openqa.selenium.chrome.ChromeDriver
Capabilities {acceptInsecureCerts: false, acceptSslCerts: false, applicationCacheEnabled: false, browserConnectionEnabled: false, browserName: chrome, chrome: {chromedriverVersion: 73.0.3683.68 (47787ec04b6e3..., userDataDir: C:\Users\Admin\AppData\Loca...}, cssSelectorsEnabled: true, databaseEnabled: false, goog:chromeOptions: {debuggerAddress: localhost:62949}, handlesAlerts: true, hasTouchScreen: false, javascriptEnabled: true, locationContextEnabled: true, mobileEmulationEnabled: false, nativeEvents: true, networkConnectionEnabled: false, pageLoadStrategy: normal, platform: XP, platformName: XP, proxy: Proxy(), rotatable: false, setWindowRect: true, strictFileInteractability: false, takesHeapSnapshot: true, takesScreenshot: true, timeouts: {implicit: 0, pageLoad: 300000, script: 30000}, unexpectedAlertBehaviour: ignore, unhandledPromptBehavior: ignore, version: 72.0.3626.121, webStorageEnabled: true}
Session ID: d0712a8c77b6d4f63cc3120b68b426ec
*** Element info: {Using=xpath, value=//div[@id=&amp;apos;ctl00_ContentPlaceHolder1_divCategoryClose&amp;apos;]}">
      <![CDATA[org.openqa.selenium.NoSuchElementException: no such element: Unable to locate element: {"method":"xpath","selector":"//div[@id='ctl00_ContentPlaceHolder1_divCategoryClose']"}
  (Session info: chrome=72.0.3626.121)
  (Driver info: chromedriver=73.0.3683.68 (47787ec04b6e38e22703e856e101e840b65afe72),platform=Windows NT 10.0.10240 x86_64) (WARNING: The server did not provide any stacktrace information)
Command duration or timeout: 0 milliseconds
For documentation on this error, please visit: https://www.seleniumhq.org/exceptions/no_such_element.html
Build info: version: '3.141.59', revision: 'e82be7d358', time: '2018-11-14T08:17:03'
System info: host: 'DESKTOP-HTSMLT5', ip: '192.168.0.111', os.name: 'Windows 10', os.arch: 'amd64', os.version: '10.0', java.version: '1.8.0_171'
Driver info: org.openqa.selenium.chrome.ChromeDriver
Capabilities {acceptInsecureCerts: false, acceptSslCerts: false, applicationCacheEnabled: false, browserConnectionEnabled: false, browserName: chrome, chrome: {chromedriverVersion: 73.0.3683.68 (47787ec04b6e3..., userDataDir: C:\Users\Admin\AppData\Loca...}, cssSelectorsEnabled: true, databaseEnabled: false, goog:chromeOptions: {debuggerAddress: localhost:62949}, handlesAlerts: true, hasTouchScreen: false, javascriptEnabled: true, locationContextEnabled: true, mobileEmulationEnabled: false, nativeEvents: true, networkConnectionEnabled: false, pageLoadStrategy: normal, platform: XP, platformName: XP, proxy: Proxy(), rotatable: false, setWindowRect: true, strictFileInteractability: false, takesHeapSnapshot: true, takesScreenshot: true, timeouts: {implicit: 0, pageLoad: 300000, script: 30000}, unexpectedAlertBehaviour: ignore, unhandledPromptBehavior: ignore, version: 72.0.3626.121, webStorageEnabled: true}
Session ID: d0712a8c77b6d4f63cc3120b68b426ec
*** Element info: {Using=xpath, value=//div[@id='ctl00_ContentPlaceHolder1_divCategoryClose']}
at sun.reflect.NativeConstructorAccessorImpl.newInstance0(Native Method)
at sun.reflect.NativeConstructorAccessorImpl.newInstance(Unknown Source)
at sun.reflect.DelegatingConstructorAccessorImpl.newInstance(Unknown Source)
at java.lang.reflect.Constructor.newInstance(Unknown Source)
at org.openqa.selenium.remote.ErrorHandler.createThrowable(ErrorHandler.java:214)
at org.openqa.selenium.remote.ErrorHandler.throwIfResponseFailed(ErrorHandler.java:166)
at org.openqa.selenium.remote.http.JsonHttpResponseCodec.reconstructValue(JsonHttpResponseCodec.java:40)
at org.openqa.selenium.remote.http.AbstractHttpResponseCodec.decode(AbstractHttpResponseCodec.java:80)
at org.openqa.selenium.remote.http.AbstractHttpResponseCodec.decode(AbstractHttpResponseCodec.java:44)
at org.openqa.selenium.remote.HttpCommandExecutor.execute(HttpCommandExecutor.java:158)
at org.openqa.selenium.remote.service.DriverCommandExecutor.execute(DriverCommandExecutor.java:83)
at org.openqa.selenium.remote.RemoteWebDriver.execute(RemoteWebDriver.java:552)
at org.openqa.selenium.remote.RemoteWebDriver.findElement(RemoteWebDriver.java:323)
at org.openqa.selenium.remote.RemoteWebDriver.findElementByXPath(RemoteWebDriver.java:428)
at org.openqa.selenium.By$ByXPath.findElement(By.java:353)
at org.openqa.selenium.remote.RemoteWebDriver.findElement(RemoteWebDriver.java:315)
at org.openqa.selenium.support.pagefactory.DefaultElementLocator.findElement(DefaultElementLocator.java:69)
at org.openqa.selenium.support.pagefactory.internal.LocatingElementHandler.invoke(LocatingElementHandler.java:38)
at com.sun.proxy.$Proxy10.click(Unknown Source)
at com.quickmove.qa.pages.AddRoomSettingpage.clickoncategryicon(AddRoomSettingpage.java:48)
at com.quickmove.qa.testcases.Addroomsettingtest.varifyaddroom(Addroomsettingtest.java:60)
at sun.reflect.NativeMethodAccessorImpl.invoke0(Native Method)
at sun.reflect.NativeMethodAccessorImpl.invoke(Unknown Source)
at sun.reflect.DelegatingMethodAccessorImpl.invoke(Unknown Source)
at java.lang.reflect.Method.invoke(Unknown Source)
at org.testng.internal.MethodInvocationHelper.invokeMethod(MethodInvocationHelper.java:133)
at org.testng.internal.TestInvoker.invokeMethod(TestInvoker.java:584)
at org.testng.internal.TestInvoker.invokeTestMethod(TestInvoker.java:172)
at org.testng.internal.MethodRunner.runInSequence(MethodRunner.java:46)
at org.testng.internal.TestInvoker$MethodInvocationAgent.invoke(TestInvoker.java:804)
at org.testng.internal.TestInvoker.invokeTestMethods(TestInvoker.java:145)
at org.testng.internal.TestMethodWorker.invokeTestMethods(TestMethodWorker.java:146)
at org.testng.internal.TestMethodWorker.run(TestMethodWorker.java:128)
at java.util.ArrayList.forEach(Unknown Source)
at org.testng.TestRunner.privateRun(TestRunner.java:770)
at org.testng.TestRunner.run(TestRunner.java:591)
at org.testng.SuiteRunner.runTest(SuiteRunner.java:402)
at org.testng.SuiteRunner.runSequentially(SuiteRunner.java:396)
at org.testng.SuiteRunner.privateRun(SuiteRunner.java:355)
at org.testng.SuiteRunner.run(SuiteRunner.java:304)
at org.testng.SuiteRunnerWorker.runSuite(SuiteRunnerWorker.java:53)
at org.testng.SuiteRunnerWorker.run(SuiteRunnerWorker.java:96)
at org.testng.TestNG.runSuitesSequentially(TestNG.java:1180)
at org.testng.TestNG.runSuitesLocally(TestNG.java:1102)
at org.testng.TestNG.runSuites(TestNG.java:1032)
at org.testng.TestNG.run(TestNG.java:1000)
at org.testng.remote.AbstractRemoteTestNG.run(AbstractRemoteTestNG.java:115)
at org.testng.remote.RemoteTestNG.initAndRun(RemoteTestNG.java:251)
at org.testng.remote.RemoteTestNG.main(RemoteTestNG.java:77)
]]>
    </failure>
  </testcase> <!-- varifyaddroom -->
  <testcase name="varifyaddroom" time="0.0" classname="com.quickmove.qa.testcases.Addroomsettingtest">
    <skipped/>
  </testcase> <!-- varifyaddroom -->
  <testcase name="varifyaddroom" time="0.0" classname="com.quickmove.qa.testcases.Addroomsettingtest">
    <skipped/>
  </testcase> <!-- varifyaddroom -->
  <testcase name="varifyaddroom" time="0.0" classname="com.quickmove.qa.testcases.Addroomsettingtest">
    <skipped/>
  </testcase> <!-- varifyaddroom -->
  <testcase name="varifyaddroom" time="0.0" classname="com.quickmove.qa.testcases.Addroomsettingtest">
    <skipped/>
  </testcase> <!-- varifyaddroom -->
  <testcase name="varifyaddroom" time="0.0" classname="com.quickmove.qa.testcases.Addroomsettingtest">
    <skipped/>
  </testcase> <!-- varifyaddroom -->
  <testcase name="varifyaddroom" time="0.0" classname="com.quickmove.qa.testcases.Addroomsettingtest">
    <skipped/>
  </testcase> <!-- varifyaddroom -->
  <testcase name="varifyaddroom" time="0.0" classname="com.quickmove.qa.testcases.Addroomsettingtest">
    <skipped/>
  </testcase> <!-- varifyaddroom -->
  <testcase name="varifyaddroom" time="0.0" classname="com.quickmove.qa.testcases.Addroomsettingtest">
    <skipped/>
  </testcase> <!-- varifyaddroom -->
  <testcase name="varifyaddroom" time="0.0" classname="com.quickmove.qa.testcases.Addroomsettingtest">
    <skipped/>
  </testcase> <!-- varifyaddroom -->
  <testcase name="varifyaddOffficeRoom" time="0.0" classname="com.quickmove.qa.testcases.Addroomsettingtest">
    <skipped/>
  </testcase> <!-- varifyaddOffficeRoom -->
  <testcase name="varifyaddOffficeRoom" time="0.0" classname="com.quickmove.qa.testcases.Addroomsettingtest">
    <skipped/>
  </testcase> <!-- varifyaddOffficeRoom -->
  <testcase name="varifyaddOffficeRoom" time="0.0" classname="com.quickmove.qa.testcases.Addroomsettingtest">
    <skipped/>
  </testcase> <!-- varifyaddOffficeRoom -->
  <testcase name="varifyaddOffficeRoom" time="0.0" classname="com.quickmove.qa.testcases.Addroomsettingtest">
    <skipped/>
  </testcase> <!-- varifyaddOffficeRoom -->
  <testcase name="varifyaddOffficeRoom" time="0.0" classname="com.quickmove.qa.testcases.Addroomsettingtest">
    <skipped/>
  </testcase> <!-- varifyaddOffficeRoom -->
  <testcase name="varifyaddOffficeRoom" time="0.0" classname="com.quickmove.qa.testcases.Addroomsettingtest">
    <skipped/>
  </testcase> <!-- varifyaddOffficeRoom -->
  <testcase name="varifyaddOffficeRoom" time="0.0" classname="com.quickmove.qa.testcases.Addroomsettingtest">
    <skipped/>
  </testcase> <!-- varifyaddOffficeRoom -->
  <testcase name="varifyaddOffficeRoom" time="0.0" classname="com.quickmove.qa.testcases.Addroomsettingtest">
    <skipped/>
  </testcase> <!-- varifyaddOffficeRoom -->
  <testcase name="varifyaddOffficeRoom" time="0.0" classname="com.quickmove.qa.testcases.Addroomsettingtest">
    <skipped/>
  </testcase> <!-- varifyaddOffficeRoom -->
  <testcase name="varifyaddOffficeRoom" time="0.0" classname="com.quickmove.qa.testcases.Addroomsettingtest">
    <skipped/>
  </testcase> <!-- varifyaddOffficeRoom -->
  <testcase name="varifyaddOffficeRoom" time="0.0" classname="com.quickmove.qa.testcases.Addroomsettingtest">
    <skipped/>
  </testcase> <!-- varifyaddOffficeRoom -->
  <testcase name="varifyaddOffficeRoom" time="0.0" classname="com.quickmove.qa.testcases.Addroomsettingtest">
    <skipped/>
  </testcase> <!-- varifyaddOffficeRoom -->
  <testcase name="varifyaddOffficeRoom" time="0.0" classname="com.quickmove.qa.testcases.Addroomsettingtest">
    <skipped/>
  </testcase> <!-- varifyaddOffficeRoom -->
  <testcase name="varifyaddOffficeRoom" time="0.0" classname="com.quickmove.qa.testcases.Addroomsettingtest">
    <skipped/>
  </testcase> <!-- varifyaddOffficeRoom -->
  <testcase name="varifyaddOffficeRoom" time="0.0" classname="com.quickmove.qa.testcases.Addroomsettingtest">
    <skipped/>
  </testcase> <!-- varifyaddOffficeRoom -->
  <testcase name="varifyaddOffficeRoom" time="0.0" classname="com.quickmove.qa.testcases.Addroomsettingtest">
    <skipped/>
  </testcase> <!-- varifyaddOffficeRoom -->
  <testcase name="varifyaddOffficeRoom" time="0.0" classname="com.quickmove.qa.testcases.Addroomsettingtest">
    <skipped/>
  </testcase> <!-- varifyaddOffficeRoom -->
  <testcase name="varifyaddOffficeRoom" time="0.0" classname="com.quickmove.qa.testcases.Addroomsettingtest">
    <skipped/>
  </testcase> <!-- varifyaddOffficeRoom -->
  <testcase name="varifyaddCommerciaGoodsroom" time="0.0" classname="com.quickmove.qa.testcases.Addroomsettingtest">
    <skipped/>
  </testcase> <!-- varifyaddCommerciaGoodsroom -->
  <testcase name="varifyaddCommerciaGoodsroom" time="0.0" classname="com.quickmove.qa.testcases.Addroomsettingtest">
    <skipped/>
  </testcase> <!-- varifyaddCommerciaGoodsroom -->
  <testcase name="varifyaddCommerciaGoodsroom" time="0.0" classname="com.quickmove.qa.testcases.Addroomsettingtest">
    <skipped/>
  </testcase> <!-- varifyaddCommerciaGoodsroom -->
  <testcase name="varifyaddCommerciaGoodsroom" time="0.0" classname="com.quickmove.qa.testcases.Addroomsettingtest">
    <skipped/>
  </testcase> <!-- varifyaddCommerciaGoodsroom -->
  <testcase name="varifyaddCommerciaGoodsroom" time="0.0" classname="com.quickmove.qa.testcases.Addroomsettingtest">
    <skipped/>
  </testcase> <!-- varifyaddCommerciaGoodsroom -->
  <testcase name="varifyaddCommerciaGoodsroom" time="0.0" classname="com.quickmove.qa.testcases.Addroomsettingtest">
    <skipped/>
  </testcase> <!-- varifyaddCommerciaGoodsroom -->
  <testcase name="varifyaddCommerciaGoodsroom" time="0.0" classname="com.quickmove.qa.testcases.Addroomsettingtest">
    <skipped/>
  </testcase> <!-- varifyaddCommerciaGoodsroom -->
  <testcase name="varifyaddCommerciaGoodsroom" time="0.0" classname="com.quickmove.qa.testcases.Addroomsettingtest">
    <skipped/>
  </testcase> <!-- varifyaddCommerciaGoodsroom -->
  <testcase name="varifyaddCommerciaGoodsroom" time="0.0" classname="com.quickmove.qa.testcases.Addroomsettingtest">
    <skipped/>
  </testcase> <!-- varifyaddCommerciaGoodsroom -->
  <testcase name="varifyaddCommerciaGoodsroom" time="0.0" classname="com.quickmove.qa.testcases.Addroomsettingtest">
    <skipped/>
  </testcase> <!-- varifyaddCommerciaGoodsroom -->
  <testcase name="varifyaddCommerciaGoodsroom" time="0.0" classname="com.quickmove.qa.testcases.Addroomsettingtest">
    <skipped/>
  </testcase> <!-- varifyaddCommerciaGoodsroom -->
  <testcase name="varifyaddCommerciaGoodsroom" time="0.0" classname="com.quickmove.qa.testcases.Addroomsettingtest">
    <skipped/>
  </testcase> <!-- varifyaddCommerciaGoodsroom -->
  <testcase name="varifyaddCommerciaGoodsroom" time="0.0" classname="com.quickmove.qa.testcases.Addroomsettingtest">
    <skipped/>
  </testcase> <!-- varifyaddCommerciaGoodsroom -->
  <testcase name="varifyaddCommerciaGoodsroom" time="0.0" classname="com.quickmove.qa.testcases.Addroomsettingtest">
    <skipped/>
  </testcase> <!-- varifyaddCommerciaGoodsroom -->
  <testcase name="varifyaddCommerciaGoodsroom" time="0.0" classname="com.quickmove.qa.testcases.Addroomsettingtest">
    <skipped/>
  </testcase> <!-- varifyaddCommerciaGoodsroom -->
  <testcase name="varifyaddCommerciaGoodsroom" time="0.0" classname="com.quickmove.qa.testcases.Addroomsettingtest">
    <skipped/>
  </testcase> <!-- varifyaddCommerciaGoodsroom -->
  <testcase name="varifyaddCommerciaGoodsroom" time="0.0" classname="com.quickmove.qa.testcases.Addroomsettingtest">
    <skipped/>
  </testcase> <!-- varifyaddCommerciaGoodsroom -->
  <testcase name="varifyaddCommerciaGoodsroom" time="0.0" classname="com.quickmove.qa.testcases.Addroomsettingtest">
    <skipped/>
  </testcase> <!-- varifyaddCommerciaGoodsroom -->
  <testcase name="varifyaddIndustrialGoodsRoom" time="0.0" classname="com.quickmove.qa.testcases.Addroomsettingtest">
    <skipped/>
  </testcase> <!-- varifyaddIndustrialGoodsRoom -->
  <testcase name="varifyaddIndustrialGoodsRoom" time="0.0" classname="com.quickmove.qa.testcases.Addroomsettingtest">
    <skipped/>
  </testcase> <!-- varifyaddIndustrialGoodsRoom -->
  <testcase name="varifyaddIndustrialGoodsRoom" time="0.0" classname="com.quickmove.qa.testcases.Addroomsettingtest">
    <skipped/>
  </testcase> <!-- varifyaddIndustrialGoodsRoom -->
  <testcase name="varifyaddIndustrialGoodsRoom" time="0.0" classname="com.quickmove.qa.testcases.Addroomsettingtest">
    <skipped/>
  </testcase> <!-- varifyaddIndustrialGoodsRoom -->
  <testcase name="varifyaddIndustrialGoodsRoom" time="0.0" classname="com.quickmove.qa.testcases.Addroomsettingtest">
    <skipped/>
  </testcase> <!-- varifyaddIndustrialGoodsRoom -->
  <testcase name="varifyaddIndustrialGoodsRoom" time="0.0" classname="com.quickmove.qa.testcases.Addroomsettingtest">
    <skipped/>
  </testcase> <!-- varifyaddIndustrialGoodsRoom -->
  <testcase name="varifyaddIndustrialGoodsRoom" time="0.0" classname="com.quickmove.qa.testcases.Addroomsettingtest">
    <skipped/>
  </testcase> <!-- varifyaddIndustrialGoodsRoom -->
  <testcase name="varifyaddIndustrialGoodsRoom" time="0.0" classname="com.quickmove.qa.testcases.Addroomsettingtest">
    <skipped/>
  </testcase> <!-- varifyaddIndustrialGoodsRoom -->
  <testcase name="varifyaddIndustrialGoodsRoom" time="0.0" classname="com.quickmove.qa.testcases.Addroomsettingtest">
    <skipped/>
  </testcase> <!-- varifyaddIndustrialGoodsRoom -->
  <testcase name="varifyaddIndustrialGoodsRoom" time="0.0" classname="com.quickmove.qa.testcases.Addroomsettingtest">
    <skipped/>
  </testcase> <!-- varifyaddIndustrialGoodsRoom -->
  <testcase name="varifyaddIndustrialGoodsRoom" time="0.0" classname="com.quickmove.qa.testcases.Addroomsettingtest">
    <skipped/>
  </testcase> <!-- varifyaddIndustrialGoodsRoom -->
  <testcase name="varifyaddIndustrialGoodsRoom" time="0.0" classname="com.quickmove.qa.testcases.Addroomsettingtest">
    <skipped/>
  </testcase> <!-- varifyaddIndustrialGoodsRoom -->
  <testcase name="varifyaddIndustrialGoodsRoom" time="0.0" classname="com.quickmove.qa.testcases.Addroomsettingtest">
    <skipped/>
  </testcase> <!-- varifyaddIndustrialGoodsRoom -->
  <testcase name="varifyaddIndustrialGoodsRoom" time="0.0" classname="com.quickmove.qa.testcases.Addroomsettingtest">
    <skipped/>
  </testcase> <!-- varifyaddIndustrialGoodsRoom -->
  <testcase name="varifyaddIndustrialGoodsRoom" time="0.0" classname="com.quickmove.qa.testcases.Addroomsettingtest">
    <skipped/>
  </testcase> <!-- varifyaddIndustrialGoodsRoom -->
  <testcase name="varifyaddIndustrialGoodsRoom" time="0.0" classname="com.quickmove.qa.testcases.Addroomsettingtest">
    <skipped/>
  </testcase> <!-- varifyaddIndustrialGoodsRoom -->
  <testcase name="varifyaddIndustrialGoodsRoom" time="0.0" classname="com.quickmove.qa.testcases.Addroomsettingtest">
    <skipped/>
  </testcase> <!-- varifyaddIndustrialGoodsRoom -->
  <testcase name="varifyaddIndustrialGoodsRoom" time="0.0" classname="com.quickmove.qa.testcases.Addroomsettingtest">
    <skipped/>
  </testcase> <!-- varifyaddIndustrialGoodsRoom -->
  <testcase name="varifyaddFIneArtsRoom" time="0.0" classname="com.quickmove.qa.testcases.Addroomsettingtest">
    <skipped/>
  </testcase> <!-- varifyaddFIneArtsRoom -->
  <testcase name="varifyaddFIneArtsRoom" time="0.0" classname="com.quickmove.qa.testcases.Addroomsettingtest">
    <skipped/>
  </testcase> <!-- varifyaddFIneArtsRoom -->
  <testcase name="varifyaddFIneArtsRoom" time="0.0" classname="com.quickmove.qa.testcases.Addroomsettingtest">
    <skipped/>
  </testcase> <!-- varifyaddFIneArtsRoom -->
  <testcase name="varifyaddFIneArtsRoom" time="0.0" classname="com.quickmove.qa.testcases.Addroomsettingtest">
    <skipped/>
  </testcase> <!-- varifyaddFIneArtsRoom -->
  <testcase name="varifyaddFIneArtsRoom" time="0.0" classname="com.quickmove.qa.testcases.Addroomsettingtest">
    <skipped/>
  </testcase> <!-- varifyaddFIneArtsRoom -->
  <testcase name="varifyaddFIneArtsRoom" time="0.0" classname="com.quickmove.qa.testcases.Addroomsettingtest">
    <skipped/>
  </testcase> <!-- varifyaddFIneArtsRoom -->
  <testcase name="varifyaddFIneArtsRoom" time="0.0" classname="com.quickmove.qa.testcases.Addroomsettingtest">
    <skipped/>
  </testcase> <!-- varifyaddFIneArtsRoom -->
  <testcase name="varifyaddFIneArtsRoom" time="0.0" classname="com.quickmove.qa.testcases.Addroomsettingtest">
    <skipped/>
  </testcase> <!-- varifyaddFIneArtsRoom -->
  <testcase name="varifyaddFIneArtsRoom" time="0.0" classname="com.quickmove.qa.testcases.Addroomsettingtest">
    <skipped/>
  </testcase> <!-- varifyaddFIneArtsRoom -->
  <testcase name="varifyaddFIneArtsRoom" time="0.0" classname="com.quickmove.qa.testcases.Addroomsettingtest">
    <skipped/>
  </testcase> <!-- varifyaddFIneArtsRoom -->
  <testcase name="varifyaddFIneArtsRoom" time="0.0" classname="com.quickmove.qa.testcases.Addroomsettingtest">
    <skipped/>
  </testcase> <!-- varifyaddFIneArtsRoom -->
  <testcase name="varifyaddFIneArtsRoom" time="0.0" classname="com.quickmove.qa.testcases.Addroomsettingtest">
    <skipped/>
  </testcase> <!-- varifyaddFIneArtsRoom -->
  <testcase name="varifyaddFIneArtsRoom" time="0.0" classname="com.quickmove.qa.testcases.Addroomsettingtest">
    <skipped/>
  </testcase> <!-- varifyaddFIneArtsRoom -->
  <testcase name="varifyaddFIneArtsRoom" time="0.0" classname="com.quickmove.qa.testcases.Addroomsettingtest">
    <skipped/>
  </testcase> <!-- varifyaddFIneArtsRoom -->
  <testcase name="varifyaddFIneArtsRoom" time="0.0" classname="com.quickmove.qa.testcases.Addroomsettingtest">
    <skipped/>
  </testcase> <!-- varifyaddFIneArtsRoom -->
  <testcase name="varifyaddFIneArtsRoom" time="0.0" classname="com.quickmove.qa.testcases.Addroomsettingtest">
    <skipped/>
  </testcase> <!-- varifyaddFIneArtsRoom -->
  <testcase name="varifyaddFIneArtsRoom" time="0.0" classname="com.quickmove.qa.testcases.Addroomsettingtest">
    <skipped/>
  </testcase> <!-- varifyaddFIneArtsRoom -->
  <testcase name="varifyaddFIneArtsRoom" time="0.0" classname="com.quickmove.qa.testcases.Addroomsettingtest">
    <skipped/>
  </testcase> <!-- varifyaddFIneArtsRoom -->
  <testcase name="varifyaddDataCentreRoom" time="0.0" classname="com.quickmove.qa.testcases.Addroomsettingtest">
    <skipped/>
  </testcase> <!-- varifyaddDataCentreRoom -->
  <testcase name="varifyaddDataCentreRoom" time="0.0" classname="com.quickmove.qa.testcases.Addroomsettingtest">
    <skipped/>
  </testcase> <!-- varifyaddDataCentreRoom -->
  <testcase name="varifyaddDataCentreRoom" time="0.0" classname="com.quickmove.qa.testcases.Addroomsettingtest">
    <skipped/>
  </testcase> <!-- varifyaddDataCentreRoom -->
  <testcase name="varifyaddDataCentreRoom" time="0.0" classname="com.quickmove.qa.testcases.Addroomsettingtest">
    <skipped/>
  </testcase> <!-- varifyaddDataCentreRoom -->
  <testcase name="varifyaddDataCentreRoom" time="0.0" classname="com.quickmove.qa.testcases.Addroomsettingtest">
    <skipped/>
  </testcase> <!-- varifyaddDataCentreRoom -->
  <testcase name="varifyaddDataCentreRoom" time="0.0" classname="com.quickmove.qa.testcases.Addroomsettingtest">
    <skipped/>
  </testcase> <!-- varifyaddDataCentreRoom -->
  <testcase name="varifyaddDataCentreRoom" time="0.0" classname="com.quickmove.qa.testcases.Addroomsettingtest">
    <skipped/>
  </testcase> <!-- varifyaddDataCentreRoom -->
  <testcase name="varifyaddDataCentreRoom" time="0.0" classname="com.quickmove.qa.testcases.Addroomsettingtest">
    <skipped/>
  </testcase> <!-- varifyaddDataCentreRoom -->
  <testcase name="varifyaddDataCentreRoom" time="0.0" classname="com.quickmove.qa.testcases.Addroomsettingtest">
    <skipped/>
  </testcase> <!-- varifyaddDataCentreRoom -->
  <testcase name="varifyaddDataCentreRoom" time="0.0" classname="com.quickmove.qa.testcases.Addroomsettingtest">
    <skipped/>
  </testcase> <!-- varifyaddDataCentreRoom -->
  <testcase name="varifyaddDataCentreRoom" time="0.0" classname="com.quickmove.qa.testcases.Addroomsettingtest">
    <skipped/>
  </testcase> <!-- varifyaddDataCentreRoom -->
  <testcase name="varifyaddDataCentreRoom" time="0.0" classname="com.quickmove.qa.testcases.Addroomsettingtest">
    <skipped/>
  </testcase> <!-- varifyaddDataCentreRoom -->
  <testcase name="varifyaddDataCentreRoom" time="0.0" classname="com.quickmove.qa.testcases.Addroomsettingtest">
    <skipped/>
  </testcase> <!-- varifyaddDataCentreRoom -->
  <testcase name="varifyaddDataCentreRoom" time="0.0" classname="com.quickmove.qa.testcases.Addroomsettingtest">
    <skipped/>
  </testcase> <!-- varifyaddDataCentreRoom -->
  <testcase name="varifyaddDataCentreRoom" time="0.0" classname="com.quickmove.qa.testcases.Addroomsettingtest">
    <skipped/>
  </testcase> <!-- varifyaddDataCentreRoom -->
  <testcase name="varifyaddDataCentreRoom" time="0.0" classname="com.quickmove.qa.testcases.Addroomsettingtest">
    <skipped/>
  </testcase> <!-- varifyaddDataCentreRoom -->
  <testcase name="varifyaddDataCentreRoom" time="0.0" classname="com.quickmove.qa.testcases.Addroomsettingtest">
    <skipped/>
  </testcase> <!-- varifyaddDataCentreRoom -->
  <testcase name="varifyaddDataCentreRoom" time="0.0" classname="com.quickmove.qa.testcases.Addroomsettingtest">
    <skipped/>
  </testcase> <!-- varifyaddDataCentreRoom -->
  <testcase name="varifyaddITGoodsRoom" time="0.0" classname="com.quickmove.qa.testcases.Addroomsettingtest">
    <skipped/>
  </testcase> <!-- varifyaddITGoodsRoom -->
  <testcase name="varifyaddITGoodsRoom" time="0.0" classname="com.quickmove.qa.testcases.Addroomsettingtest">
    <skipped/>
  </testcase> <!-- varifyaddITGoodsRoom -->
  <testcase name="varifyaddITGoodsRoom" time="0.0" classname="com.quickmove.qa.testcases.Addroomsettingtest">
    <skipped/>
  </testcase> <!-- varifyaddITGoodsRoom -->
  <testcase name="varifyaddITGoodsRoom" time="0.0" classname="com.quickmove.qa.testcases.Addroomsettingtest">
    <skipped/>
  </testcase> <!-- varifyaddITGoodsRoom -->
  <testcase name="varifyaddITGoodsRoom" time="0.0" classname="com.quickmove.qa.testcases.Addroomsettingtest">
    <skipped/>
  </testcase> <!-- varifyaddITGoodsRoom -->
  <testcase name="varifyaddITGoodsRoom" time="0.0" classname="com.quickmove.qa.testcases.Addroomsettingtest">
    <skipped/>
  </testcase> <!-- varifyaddITGoodsRoom -->
  <testcase name="varifyaddITGoodsRoom" time="0.0" classname="com.quickmove.qa.testcases.Addroomsettingtest">
    <skipped/>
  </testcase> <!-- varifyaddITGoodsRoom -->
  <testcase name="varifyaddITGoodsRoom" time="0.0" classname="com.quickmove.qa.testcases.Addroomsettingtest">
    <skipped/>
  </testcase> <!-- varifyaddITGoodsRoom -->
  <testcase name="varifyaddITGoodsRoom" time="0.0" classname="com.quickmove.qa.testcases.Addroomsettingtest">
    <skipped/>
  </testcase> <!-- varifyaddITGoodsRoom -->
  <testcase name="varifyaddITGoodsRoom" time="0.0" classname="com.quickmove.qa.testcases.Addroomsettingtest">
    <skipped/>
  </testcase> <!-- varifyaddITGoodsRoom -->
  <testcase name="varifyaddITGoodsRoom" time="0.0" classname="com.quickmove.qa.testcases.Addroomsettingtest">
    <skipped/>
  </testcase> <!-- varifyaddITGoodsRoom -->
  <testcase name="varifyaddITGoodsRoom" time="0.0" classname="com.quickmove.qa.testcases.Addroomsettingtest">
    <skipped/>
  </testcase> <!-- varifyaddITGoodsRoom -->
  <testcase name="varifyaddITGoodsRoom" time="0.0" classname="com.quickmove.qa.testcases.Addroomsettingtest">
    <skipped/>
  </testcase> <!-- varifyaddITGoodsRoom -->
  <testcase name="varifyaddITGoodsRoom" time="0.0" classname="com.quickmove.qa.testcases.Addroomsettingtest">
    <skipped/>
  </testcase> <!-- varifyaddITGoodsRoom -->
  <testcase name="varifyaddITGoodsRoom" time="0.0" classname="com.quickmove.qa.testcases.Addroomsettingtest">
    <skipped/>
  </testcase> <!-- varifyaddITGoodsRoom -->
  <testcase name="varifyaddITGoodsRoom" time="0.0" classname="com.quickmove.qa.testcases.Addroomsettingtest">
    <skipped/>
  </testcase> <!-- varifyaddITGoodsRoom -->
  <testcase name="varifyaddITGoodsRoom" time="0.0" classname="com.quickmove.qa.testcases.Addroomsettingtest">
    <skipped/>
  </testcase> <!-- varifyaddITGoodsRoom -->
  <testcase name="varifyaddITGoodsRoom" time="0.0" classname="com.quickmove.qa.testcases.Addroomsettingtest">
    <skipped/>
  </testcase> <!-- varifyaddITGoodsRoom -->
  <testcase name="varifyaddPersonalEffctsRoom" time="0.0" classname="com.quickmove.qa.testcases.Addroomsettingtest">
    <skipped/>
  </testcase> <!-- varifyaddPersonalEffctsRoom -->
  <testcase name="varifyaddPersonalEffctsRoom" time="0.0" classname="com.quickmove.qa.testcases.Addroomsettingtest">
    <skipped/>
  </testcase> <!-- varifyaddPersonalEffctsRoom -->
  <testcase name="varifyaddPersonalEffctsRoom" time="0.0" classname="com.quickmove.qa.testcases.Addroomsettingtest">
    <skipped/>
  </testcase> <!-- varifyaddPersonalEffctsRoom -->
  <testcase name="varifyaddPersonalEffctsRoom" time="0.0" classname="com.quickmove.qa.testcases.Addroomsettingtest">
    <skipped/>
  </testcase> <!-- varifyaddPersonalEffctsRoom -->
  <testcase name="varifyaddPersonalEffctsRoom" time="0.0" classname="com.quickmove.qa.testcases.Addroomsettingtest">
    <skipped/>
  </testcase> <!-- varifyaddPersonalEffctsRoom -->
  <testcase name="varifyaddPersonalEffctsRoom" time="0.0" classname="com.quickmove.qa.testcases.Addroomsettingtest">
    <skipped/>
  </testcase> <!-- varifyaddPersonalEffctsRoom -->
  <testcase name="varifyaddPersonalEffctsRoom" time="0.0" classname="com.quickmove.qa.testcases.Addroomsettingtest">
    <skipped/>
  </testcase> <!-- varifyaddPersonalEffctsRoom -->
  <testcase name="varifyaddPersonalEffctsRoom" time="0.0" classname="com.quickmove.qa.testcases.Addroomsettingtest">
    <skipped/>
  </testcase> <!-- varifyaddPersonalEffctsRoom -->
  <testcase name="varifyaddPersonalEffctsRoom" time="0.0" classname="com.quickmove.qa.testcases.Addroomsettingtest">
    <skipped/>
  </testcase> <!-- varifyaddPersonalEffctsRoom -->
  <testcase name="varifyaddPersonalEffctsRoom" time="0.0" classname="com.quickmove.qa.testcases.Addroomsettingtest">
    <skipped/>
  </testcase> <!-- varifyaddPersonalEffctsRoom -->
  <testcase name="varifyaddPersonalEffctsRoom" time="0.0" classname="com.quickmove.qa.testcases.Addroomsettingtest">
    <skipped/>
  </testcase> <!-- varifyaddPersonalEffctsRoom -->
  <testcase name="varifyaddPersonalEffctsRoom" time="0.0" classname="com.quickmove.qa.testcases.Addroomsettingtest">
    <skipped/>
  </testcase> <!-- varifyaddPersonalEffctsRoom -->
  <testcase name="varifyaddPersonalEffctsRoom" time="0.0" classname="com.quickmove.qa.testcases.Addroomsettingtest">
    <skipped/>
  </testcase> <!-- varifyaddPersonalEffctsRoom -->
  <testcase name="varifyaddPersonalEffctsRoom" time="0.0" classname="com.quickmove.qa.testcases.Addroomsettingtest">
    <skipped/>
  </testcase> <!-- varifyaddPersonalEffctsRoom -->
  <testcase name="varifyaddPersonalEffctsRoom" time="0.0" classname="com.quickmove.qa.testcases.Addroomsettingtest">
    <skipped/>
  </testcase> <!-- varifyaddPersonalEffctsRoom -->
  <testcase name="varifyaddPersonalEffctsRoom" time="0.0" classname="com.quickmove.qa.testcases.Addroomsettingtest">
    <skipped/>
  </testcase> <!-- varifyaddPersonalEffctsRoom -->
  <testcase name="varifyaddPersonalEffctsRoom" time="0.0" classname="com.quickmove.qa.testcases.Addroomsettingtest">
    <skipped/>
  </testcase> <!-- varifyaddPersonalEffctsRoom -->
  <testcase name="varifyaddPersonalEffctsRoom" time="0.0" classname="com.quickmove.qa.testcases.Addroomsettingtest">
    <skipped/>
  </testcase> <!-- varifyaddPersonalEffctsRoom -->
  <testcase name="varifyaddPershiableGoodsRoom" time="0.0" classname="com.quickmove.qa.testcases.Addroomsettingtest">
    <skipped/>
  </testcase> <!-- varifyaddPershiableGoodsRoom -->
  <testcase name="varifyaddPershiableGoodsRoom" time="0.0" classname="com.quickmove.qa.testcases.Addroomsettingtest">
    <skipped/>
  </testcase> <!-- varifyaddPershiableGoodsRoom -->
  <testcase name="varifyaddPershiableGoodsRoom" time="0.0" classname="com.quickmove.qa.testcases.Addroomsettingtest">
    <skipped/>
  </testcase> <!-- varifyaddPershiableGoodsRoom -->
  <testcase name="varifyaddPershiableGoodsRoom" time="0.0" classname="com.quickmove.qa.testcases.Addroomsettingtest">
    <skipped/>
  </testcase> <!-- varifyaddPershiableGoodsRoom -->
  <testcase name="varifyaddPershiableGoodsRoom" time="0.0" classname="com.quickmove.qa.testcases.Addroomsettingtest">
    <skipped/>
  </testcase> <!-- varifyaddPershiableGoodsRoom -->
  <testcase name="varifyaddPershiableGoodsRoom" time="0.0" classname="com.quickmove.qa.testcases.Addroomsettingtest">
    <skipped/>
  </testcase> <!-- varifyaddPershiableGoodsRoom -->
  <testcase name="varifyaddPershiableGoodsRoom" time="0.0" classname="com.quickmove.qa.testcases.Addroomsettingtest">
    <skipped/>
  </testcase> <!-- varifyaddPershiableGoodsRoom -->
  <testcase name="varifyaddPershiableGoodsRoom" time="0.0" classname="com.quickmove.qa.testcases.Addroomsettingtest">
    <skipped/>
  </testcase> <!-- varifyaddPershiableGoodsRoom -->
  <testcase name="varifyaddPershiableGoodsRoom" time="0.0" classname="com.quickmove.qa.testcases.Addroomsettingtest">
    <skipped/>
  </testcase> <!-- varifyaddPershiableGoodsRoom -->
  <testcase name="varifyaddPershiableGoodsRoom" time="0.0" classname="com.quickmove.qa.testcases.Addroomsettingtest">
    <skipped/>
  </testcase> <!-- varifyaddPershiableGoodsRoom -->
  <testcase name="varifyaddPershiableGoodsRoom" time="0.0" classname="com.quickmove.qa.testcases.Addroomsettingtest">
    <skipped/>
  </testcase> <!-- varifyaddPershiableGoodsRoom -->
  <testcase name="varifyaddPershiableGoodsRoom" time="0.0" classname="com.quickmove.qa.testcases.Addroomsettingtest">
    <skipped/>
  </testcase> <!-- varifyaddPershiableGoodsRoom -->
  <testcase name="varifyaddPershiableGoodsRoom" time="0.0" classname="com.quickmove.qa.testcases.Addroomsettingtest">
    <skipped/>
  </testcase> <!-- varifyaddPershiableGoodsRoom -->
  <testcase name="varifyaddPershiableGoodsRoom" time="0.0" classname="com.quickmove.qa.testcases.Addroomsettingtest">
    <skipped/>
  </testcase> <!-- varifyaddPershiableGoodsRoom -->
  <testcase name="varifyaddPershiableGoodsRoom" time="0.0" classname="com.quickmove.qa.testcases.Addroomsettingtest">
    <skipped/>
  </testcase> <!-- varifyaddPershiableGoodsRoom -->
  <testcase name="varifyaddPershiableGoodsRoom" time="0.0" classname="com.quickmove.qa.testcases.Addroomsettingtest">
    <skipped/>
  </testcase> <!-- varifyaddPershiableGoodsRoom -->
  <testcase name="varifyaddPershiableGoodsRoom" time="0.0" classname="com.quickmove.qa.testcases.Addroomsettingtest">
    <skipped/>
  </testcase> <!-- varifyaddPershiableGoodsRoom -->
  <testcase name="varifyaddPershiableGoodsRoom" time="0.0" classname="com.quickmove.qa.testcases.Addroomsettingtest">
    <skipped/>
  </testcase> <!-- varifyaddPershiableGoodsRoom -->
</testsuite> <!-- Default test -->
